Feb 29 00:09:19 mail-0 systemd[1]: Starting Clean php session files...
Feb 29 00:09:19 mail-0 systemd[1]: Started Clean php session files.
Feb 29 00:39:19 mail-0 systemd[1]: Starting Clean php session files...
Feb 29 00:39:19 mail-0 systemd[1]: Started Clean php session files.
Feb 29 01:09:18 mail-0 systemd[1]: Starting Clean php session files...
Feb 29 01:09:19 mail-0 systemd[1]: Started Clean php session files.
Feb 29 01:39:18 mail-0 systemd[1]: Starting Clean php session files...
Feb 29 01:39:19 mail-0 systemd[1]: Started Clean php session files.
Feb 29 02:09:19 mail-0 systemd[1]: Starting Clean php session files...
Feb 29 02:09:19 mail-0 systemd[1]: Started Clean php session files.
Feb 29 02:39:18 mail-0 systemd[1]: Starting Clean php session files...
Feb 29 02:39:19 mail-0 systemd[1]: Started Clean php session files.
Feb 29 03:09:18 mail-0 systemd[1]: Starting Clean php session files...
Feb 29 03:09:19 mail-0 systemd[1]: Started Clean php session files.
Feb 29 03:39:18 mail-0 systemd[1]: Starting Clean php session files...
Feb 29 03:39:19 mail-0 systemd[1]: Started Clean php session files.
Feb 29 03:52:26 mail-0 dhclient[375]: DHCPREQUEST of 192.168.10.154 on eth0 to 192.168.10.2 port 67
Feb 29 03:52:26 mail-0 dhclient[375]: DHCPACK of 192.168.10.154 from 192.168.10.2
Feb 29 03:52:26 mail-0 dhclient[375]: bound to 192.168.10.154 -- renewal in 30244 seconds.
Feb 29 04:09:19 mail-0 systemd[1]: Starting Clean php session files...
Feb 29 04:09:19 mail-0 systemd[1]: Started Clean php session files.
Feb 29 04:26:27 mail-0 dhclient[406]: DHCPREQUEST of 192.168.10.154 on eth0 to 192.168.10.2 port 67
Feb 29 04:26:27 mail-0 dhclient[406]: DHCPACK of 192.168.10.154 from 192.168.10.2
Feb 29 04:26:28 mail-0 dhclient[406]: bound to 192.168.10.154 -- renewal in 32023 seconds.
Feb 29 04:39:19 mail-0 systemd[1]: Starting Clean php session files...
Feb 29 04:39:19 mail-0 systemd[1]: Started Clean php session files.
Feb 29 05:09:18 mail-0 systemd[1]: Starting Clean php session files...
Feb 29 05:09:19 mail-0 systemd[1]: Started Clean php session files.
Feb 29 05:39:19 mail-0 systemd[1]: Starting Clean php session files...
Feb 29 05:39:19 mail-0 systemd[1]: Started Clean php session files.
Feb 29 06:08:18 mail-0 systemd[1]: Starting Daily apt upgrade and clean activities...
Feb 29 06:08:19 mail-0 systemd[1]: Started Daily apt upgrade and clean activities.
Feb 29 06:08:19 mail-0 systemd[1]: apt-daily-upgrade.timer: Adding 31min 32.151359s random time.
Feb 29 06:08:19 mail-0 systemd[1]: apt-daily-upgrade.timer: Adding 8min 10.683417s random time.
Feb 29 06:09:51 mail-0 systemd[1]: Starting Clean php session files...
Feb 29 06:09:51 mail-0 systemd[1]: Started Clean php session files.
Feb 29 06:39:08 mail-0 systemd[1]: Starting Clean php session files...
Feb 29 06:39:08 mail-0 systemd[1]: Started Clean php session files.
Feb 29 07:09:18 mail-0 systemd[1]: Starting Clean php session files...
Feb 29 07:09:19 mail-0 systemd[1]: Started Clean php session files.
Feb 29 07:39:18 mail-0 systemd[1]: Starting Clean php session files...
Feb 29 07:39:19 mail-0 systemd[1]: Started Clean php session files.
Feb 29 08:09:18 mail-0 systemd[1]: Starting Clean php session files...
Feb 29 08:09:19 mail-0 systemd[1]: Started Clean php session files.
Feb 29 08:39:18 mail-0 systemd[1]: Starting Clean php session files...
Feb 29 08:39:19 mail-0 systemd[1]: Started Clean php session files.
Feb 29 09:09:18 mail-0 systemd[1]: Starting Clean php session files...
Feb 29 09:09:19 mail-0 systemd[1]: Started Clean php session files.
Feb 29 09:39:07 mail-0 systemd[1]: Starting Clean php session files...
Feb 29 09:39:08 mail-0 systemd[1]: Started Clean php session files.
Feb 29 10:09:18 mail-0 systemd[1]: Starting Clean php session files...
Feb 29 10:09:19 mail-0 systemd[1]: Started Clean php session files.
Feb 29 10:39:18 mail-0 systemd[1]: Starting Clean php session files...
Feb 29 10:39:19 mail-0 systemd[1]: Started Clean php session files.
Feb 29 11:09:18 mail-0 systemd[1]: Starting Clean php session files...
Feb 29 11:09:19 mail-0 systemd[1]: Started Clean php session files.
Feb 29 11:39:25 mail-0 systemd[1]: Starting Clean php session files...
Feb 29 11:39:46 mail-0 systemd[1]: Started Clean php session files.
Feb 29 12:09:19 mail-0 systemd[1]: Starting Clean php session files...
Feb 29 12:09:19 mail-0 systemd[1]: Started Clean php session files.
Feb 29 12:16:30 mail-0 dhclient[375]: DHCPREQUEST of 192.168.10.154 on eth0 to 192.168.10.2 port 67
Feb 29 12:16:30 mail-0 dhclient[375]: DHCPACK of 192.168.10.154 from 192.168.10.2
Feb 29 12:16:30 mail-0 dhclient[375]: bound to 192.168.10.154 -- renewal in 31216 seconds.
Feb 29 12:39:19 mail-0 systemd[1]: Starting Clean php session files...
Feb 29 12:39:19 mail-0 systemd[1]: Started Clean php session files.
Feb 29 13:09:18 mail-0 systemd[1]: Starting Clean php session files...
Feb 29 13:09:19 mail-0 systemd[1]: Started Clean php session files.
Feb 29 13:20:12 mail-0 dhclient[406]: DHCPREQUEST of 192.168.10.154 on eth0 to 192.168.10.2 port 67
Feb 29 13:20:12 mail-0 dhclient[406]: DHCPACK of 192.168.10.154 from 192.168.10.2
Feb 29 13:20:12 mail-0 dhclient[406]: bound to 192.168.10.154 -- renewal in 35935 seconds.
Feb 29 13:39:19 mail-0 systemd[1]: Starting Clean php session files...
Feb 29 13:39:19 mail-0 systemd[1]: Started Clean php session files.
Feb 29 14:09:19 mail-0 systemd[1]: Starting Clean php session files...
Feb 29 14:09:19 mail-0 systemd[1]: Started Clean php session files.
Feb 29 14:39:19 mail-0 systemd[1]: Starting Clean php session files...
Feb 29 14:39:19 mail-0 systemd[1]: Started Clean php session files.
Feb 29 15:09:18 mail-0 systemd[1]: Starting Clean php session files...
Feb 29 15:09:19 mail-0 systemd[1]: Started Clean php session files.
Feb 29 15:39:19 mail-0 systemd[1]: Starting Clean php session files...
Feb 29 15:39:19 mail-0 systemd[1]: Started Clean php session files.
Feb 29 16:09:18 mail-0 systemd[1]: Starting Clean php session files...
Feb 29 16:09:19 mail-0 systemd[1]: Started Clean php session files.
Feb 29 16:35:53 mail-0 systemd[1]: Starting Daily apt download activities...
Feb 29 16:35:53 mail-0 systemd[1]: Started Daily apt download activities.
Feb 29 16:35:53 mail-0 systemd[1]: apt-daily.timer: Adding 4h 19min 45.148422s random time.
Feb 29 16:35:53 mail-0 systemd[1]: apt-daily.timer: Adding 7h 5min 39.446431s random time.
Feb 29 16:39:18 mail-0 systemd[1]: Starting Clean php session files...
Feb 29 16:39:19 mail-0 systemd[1]: Started Clean php session files.
Feb 29 17:09:18 mail-0 systemd[1]: Starting Clean php session files...
Feb 29 17:09:19 mail-0 systemd[1]: Started Clean php session files.
Feb 29 17:39:19 mail-0 systemd[1]: Starting Clean php session files...
Feb 29 17:39:19 mail-0 systemd[1]: Started Clean php session files.
Feb 29 18:09:19 mail-0 systemd[1]: Starting Clean php session files...
Feb 29 18:09:19 mail-0 systemd[1]: Started Clean php session files.
Feb 29 18:26:18 mail-0 systemd[1]: Starting Cleanup of Temporary Directories...
Feb 29 18:26:18 mail-0 systemd[1]: Started Cleanup of Temporary Directories.
Feb 29 18:39:48 mail-0 systemd[1]: Starting Clean php session files...
Feb 29 18:39:48 mail-0 systemd[1]: Started Clean php session files.
Feb 29 19:09:19 mail-0 systemd[1]: Starting Clean php session files...
Feb 29 19:09:19 mail-0 systemd[1]: Started Clean php session files.
Feb 29 19:39:18 mail-0 systemd[1]: Starting Clean php session files...
Feb 29 19:39:19 mail-0 systemd[1]: Started Clean php session files.
Feb 29 20:09:19 mail-0 systemd[1]: Starting Clean php session files...
Feb 29 20:09:19 mail-0 systemd[1]: Started Clean php session files.
Feb 29 20:39:11 mail-0 systemd[1]: Starting Clean php session files...
Feb 29 20:39:11 mail-0 systemd[1]: Started Clean php session files.
Feb 29 20:56:46 mail-0 dhclient[375]: DHCPREQUEST of 192.168.10.154 on eth0 to 192.168.10.2 port 67
Feb 29 20:56:46 mail-0 dhclient[375]: DHCPACK of 192.168.10.154 from 192.168.10.2
Feb 29 20:56:46 mail-0 dhclient[375]: bound to 192.168.10.154 -- renewal in 39444 seconds.
Feb 29 21:09:18 mail-0 systemd[1]: Starting Clean php session files...
Feb 29 21:09:19 mail-0 systemd[1]: Started Clean php session files.
Feb 29 21:39:19 mail-0 systemd[1]: Starting Clean php session files...
Feb 29 21:39:19 mail-0 systemd[1]: Started Clean php session files.
Feb 29 22:09:18 mail-0 systemd[1]: Starting Clean php session files...
Feb 29 22:09:19 mail-0 systemd[1]: Started Clean php session files.
Feb 29 22:39:18 mail-0 systemd[1]: Starting Clean php session files...
Feb 29 22:39:19 mail-0 systemd[1]: Started Clean php session files.
Feb 29 23:09:18 mail-0 systemd[1]: Starting Clean php session files...
Feb 29 23:09:19 mail-0 systemd[1]: Started Clean php session files.
Feb 29 23:19:07 mail-0 dhclient[406]: DHCPREQUEST of 192.168.10.154 on eth0 to 192.168.10.2 port 67
Feb 29 23:19:07 mail-0 dhclient[406]: DHCPACK of 192.168.10.154 from 192.168.10.2
Feb 29 23:19:07 mail-0 dhclient[406]: bound to 192.168.10.154 -- renewal in 31283 seconds.
Feb 29 23:39:19 mail-0 systemd[1]: Starting Clean php session files...
Feb 29 23:39:19 mail-0 systemd[1]: Started Clean php session files.
Mar  1 00:09:18 mail-0 systemd[1]: Starting Clean php session files...
Mar  1 00:09:19 mail-0 systemd[1]: Started Clean php session files.
Mar  1 00:39:07 mail-0 systemd[1]: Starting Clean php session files...
Mar  1 00:39:07 mail-0 systemd[1]: Started Clean php session files.
Mar  1 01:05:52 mail-0 systemd[1]: Starting Daily apt download activities...
Mar  1 01:05:53 mail-0 systemd[1]: Started Daily apt download activities.
Mar  1 01:05:53 mail-0 systemd[1]: apt-daily.timer: Adding 8h 42min 28.796304s random time.
Mar  1 01:05:53 mail-0 systemd[1]: apt-daily.timer: Adding 7h 16min 36.033803s random time.
Mar  1 01:09:18 mail-0 systemd[1]: Starting Clean php session files...
Mar  1 01:09:19 mail-0 systemd[1]: Started Clean php session files.
Mar  1 01:39:18 mail-0 systemd[1]: Starting Clean php session files...
Mar  1 01:39:19 mail-0 systemd[1]: Started Clean php session files.
Mar  1 02:09:19 mail-0 systemd[1]: Starting Clean php session files...
Mar  1 02:09:19 mail-0 systemd[1]: Started Clean php session files.
Mar  1 02:39:19 mail-0 systemd[1]: Starting Clean php session files...
Mar  1 02:39:19 mail-0 systemd[1]: Started Clean php session files.
Mar  1 03:09:18 mail-0 systemd[1]: Starting Clean php session files...
Mar  1 03:09:19 mail-0 systemd[1]: Started Clean php session files.
Mar  1 03:39:18 mail-0 systemd[1]: Starting Clean php session files...
Mar  1 03:39:19 mail-0 systemd[1]: Started Clean php session files.
Mar  1 04:09:18 mail-0 systemd[1]: Starting Clean php session files...
Mar  1 04:09:19 mail-0 systemd[1]: Started Clean php session files.
Mar  1 04:39:18 mail-0 systemd[1]: Starting Clean php session files...
Mar  1 04:39:19 mail-0 systemd[1]: Started Clean php session files.
Mar  1 05:09:18 mail-0 systemd[1]: Starting Clean php session files...
Mar  1 05:09:19 mail-0 systemd[1]: Started Clean php session files.
Mar  1 05:39:19 mail-0 systemd[1]: Starting Clean php session files...
Mar  1 05:39:19 mail-0 systemd[1]: Started Clean php session files.
Mar  1 06:08:18 mail-0 systemd[1]: Starting Daily apt upgrade and clean activities...
Mar  1 06:08:19 mail-0 systemd[1]: Started Daily apt upgrade and clean activities.
Mar  1 06:08:19 mail-0 systemd[1]: apt-daily-upgrade.timer: Adding 8min 17.221532s random time.
Mar  1 06:08:19 mail-0 systemd[1]: apt-daily-upgrade.timer: Adding 37min 41.324556s random time.
Mar  1 06:09:48 mail-0 systemd[1]: Starting Clean php session files...
Mar  1 06:09:48 mail-0 systemd[1]: Started Clean php session files.
Mar  1 06:25:15 mail-0 systemd[1]: Reloading The Apache HTTP Server.
Mar  1 06:25:22 mail systemd[1]: Reloaded The Apache HTTP Server.
Mar  1 06:25:22 mail auditd[22486]: The audit daemon is exiting.
Mar  1 06:25:22 mail systemd[1]: Stopping Security Auditing Service...
Mar  1 06:25:22 mail systemd[1]: Stopped Security Auditing Service.
Mar  1 06:25:22 mail auditd[32572]: Started dispatcher: /sbin/audispd pid: 32575
Mar  1 06:25:22 mail augenrules[32573]: /sbin/augenrules: No change
Mar  1 06:25:22 mail systemd[1]: Starting Security Auditing Service...
Mar  1 06:25:22 mail auditd[32572]: Init complete, auditd 2.6.7 listening for events (startup state enable)
Mar  1 06:25:22 mail augenrules[32573]: No rules
Mar  1 06:25:22 mail augenrules[32573]: enabled 1
Mar  1 06:25:22 mail augenrules[32573]: failure 1
Mar  1 06:25:22 mail augenrules[32573]: pid 32572
Mar  1 06:25:22 mail augenrules[32573]: rate_limit 0
Mar  1 06:25:22 mail augenrules[32573]: backlog_limit 81920
Mar  1 06:25:22 mail augenrules[32573]: lost 487
Mar  1 06:25:22 mail augenrules[32573]: backlog 0
Mar  1 06:25:22 mail augenrules[32573]: backlog_wait_time 0
Mar  1 06:25:22 mail augenrules[32573]: enabled 1
Mar  1 06:25:22 mail augenrules[32573]: failure 1
Mar  1 06:25:22 mail augenrules[32573]: pid 32572
Mar  1 06:25:22 mail augenrules[32573]: rate_limit 0
Mar  1 06:25:22 mail augenrules[32573]: backlog_limit 81920
Mar  1 06:25:22 mail augenrules[32573]: lost 487
Mar  1 06:25:22 mail augenrules[32573]: backlog 1
Mar  1 06:25:22 mail augenrules[32573]: backlog_wait_time 0
Mar  1 06:25:22 mail systemd[1]: Started Security Auditing Service.
Mar  1 06:39:18 mail systemd[1]: Starting Clean php session files...
Mar  1 06:39:19 mail systemd[1]: Started Clean php session files.
Mar  1 07:09:18 mail systemd[1]: Starting Clean php session files...
Mar  1 07:09:19 mail systemd[1]: Started Clean php session files.
Mar  1 07:39:18 mail systemd[1]: Starting Clean php session files...
Mar  1 07:39:19 mail systemd[1]: Started Clean php session files.
Mar  1 07:54:10 mail dhclient[375]: DHCPREQUEST of 192.168.10.154 on eth0 to 192.168.10.2 port 67
Mar  1 07:54:10 mail dhclient[375]: DHCPACK of 192.168.10.154 from 192.168.10.2
Mar  1 07:54:10 mail dhclient[375]: bound to 192.168.10.154 -- renewal in 33460 seconds.
Mar  1 08:00:30 mail dhclient[406]: DHCPREQUEST of 192.168.10.154 on eth0 to 192.168.10.2 port 67
Mar  1 08:00:30 mail dhclient[406]: DHCPACK of 192.168.10.154 from 192.168.10.2
Mar  1 08:00:30 mail dhclient[406]: bound to 192.168.10.154 -- renewal in 35292 seconds.
Mar  1 08:09:18 mail systemd[1]: Starting Clean php session files...
Mar  1 08:09:19 mail systemd[1]: Started Clean php session files.
Mar  1 08:39:18 mail systemd[1]: Starting Clean php session files...
Mar  1 08:39:19 mail systemd[1]: Started Clean php session files.
Mar  1 09:09:13 mail systemd[1]: Starting Clean php session files...
Mar  1 09:09:13 mail systemd[1]: Started Clean php session files.
Mar  1 09:39:19 mail systemd[1]: Starting Clean php session files...
Mar  1 09:39:19 mail systemd[1]: Started Clean php session files.
Mar  1 10:09:18 mail systemd[1]: Starting Clean php session files...
Mar  1 10:09:19 mail systemd[1]: Started Clean php session files.
Mar  1 10:39:18 mail systemd[1]: Starting Clean php session files...
Mar  1 10:39:19 mail systemd[1]: Started Clean php session files.
Mar  1 11:09:19 mail systemd[1]: Starting Clean php session files...
Mar  1 11:09:19 mail systemd[1]: Started Clean php session files.
Mar  1 11:39:18 mail systemd[1]: Starting Clean php session files...
Mar  1 11:39:19 mail systemd[1]: Started Clean php session files.
Mar  1 12:09:16 mail systemd[1]: Starting Clean php session files...
Mar  1 12:09:16 mail systemd[1]: Started Clean php session files.
Mar  1 12:39:18 mail systemd[1]: Starting Clean php session files...
Mar  1 12:39:19 mail systemd[1]: Started Clean php session files.
Mar  1 13:09:19 mail systemd[1]: Starting Clean php session files...
Mar  1 13:09:19 mail systemd[1]: Started Clean php session files.
Mar  1 13:16:52 mail systemd[1]: Starting Daily apt download activities...
Mar  1 13:16:53 mail systemd[1]: Started Daily apt download activities.
Mar  1 13:16:53 mail systemd[1]: apt-daily.timer: Adding 6h 43min 10.220361s random time.
Mar  1 13:16:53 mail systemd[1]: apt-daily.timer: Adding 4h 38min 19.151021s random time.
Mar  1 13:39:19 mail systemd[1]: Starting Clean php session files...
Mar  1 13:39:19 mail systemd[1]: Started Clean php session files.
Mar  1 14:09:18 mail systemd[1]: Starting Clean php session files...
Mar  1 14:09:19 mail systemd[1]: Started Clean php session files.
Mar  1 14:39:18 mail systemd[1]: Starting Clean php session files...
Mar  1 14:39:19 mail systemd[1]: Started Clean php session files.
Mar  1 15:09:19 mail systemd[1]: Starting Clean php session files...
Mar  1 15:09:19 mail systemd[1]: Started Clean php session files.
Mar  1 15:39:18 mail systemd[1]: Starting Clean php session files...
Mar  1 15:39:19 mail systemd[1]: Started Clean php session files.
Mar  1 16:09:19 mail systemd[1]: Starting Clean php session files...
Mar  1 16:09:19 mail systemd[1]: Started Clean php session files.
Mar  1 16:39:19 mail systemd[1]: Starting Clean php session files...
Mar  1 16:39:19 mail systemd[1]: Started Clean php session files.
Mar  1 17:09:18 mail systemd[1]: Starting Clean php session files...
Mar  1 17:09:19 mail systemd[1]: Started Clean php session files.
Mar  1 17:11:50 mail dhclient[375]: DHCPREQUEST of 192.168.10.154 on eth0 to 192.168.10.2 port 67
Mar  1 17:11:50 mail dhclient[375]: DHCPACK of 192.168.10.154 from 192.168.10.2
Mar  1 17:11:50 mail dhclient[375]: bound to 192.168.10.154 -- renewal in 37985 seconds.
Mar  1 17:39:18 mail systemd[1]: Starting Clean php session files...
Mar  1 17:39:19 mail systemd[1]: Started Clean php session files.
Mar  1 17:48:42 mail dhclient[406]: DHCPREQUEST of 192.168.10.154 on eth0 to 192.168.10.2 port 67
Mar  1 17:48:42 mail dhclient[406]: DHCPACK of 192.168.10.154 from 192.168.10.2
Mar  1 17:48:42 mail dhclient[406]: bound to 192.168.10.154 -- renewal in 34744 seconds.
Mar  1 18:09:18 mail systemd[1]: Starting Clean php session files...
Mar  1 18:09:19 mail systemd[1]: Started Clean php session files.
Mar  1 18:26:18 mail systemd[1]: Starting Cleanup of Temporary Directories...
Mar  1 18:26:18 mail systemd[1]: Started Cleanup of Temporary Directories.
Mar  1 18:39:49 mail systemd[1]: Starting Clean php session files...
Mar  1 18:39:49 mail systemd[1]: Started Clean php session files.
Mar  1 19:09:48 mail systemd[1]: Starting Clean php session files...
Mar  1 19:09:48 mail systemd[1]: Started Clean php session files.
Mar  1 19:39:10 mail systemd[1]: Starting Clean php session files...
Mar  1 19:39:10 mail systemd[1]: Started Clean php session files.
Mar  1 20:09:19 mail systemd[1]: Starting Clean php session files...
Mar  1 20:09:19 mail systemd[1]: Started Clean php session files.
Mar  1 20:39:18 mail systemd[1]: Starting Clean php session files...
Mar  1 20:39:19 mail systemd[1]: Started Clean php session files.
Mar  1 21:09:11 mail systemd[1]: Starting Clean php session files...
Mar  1 21:09:11 mail systemd[1]: Started Clean php session files.
Mar  1 21:39:19 mail systemd[1]: Starting Clean php session files...
Mar  1 21:39:19 mail systemd[1]: Started Clean php session files.
Mar  1 22:09:19 mail systemd[1]: Starting Clean php session files...
Mar  1 22:09:19 mail systemd[1]: Started Clean php session files.
Mar  1 22:38:52 mail systemd[1]: Starting Daily apt download activities...
Mar  1 22:38:53 mail systemd[1]: Started Daily apt download activities.
Mar  1 22:38:53 mail systemd[1]: apt-daily.timer: Adding 3h 28min 22.384009s random time.
Mar  1 22:38:53 mail systemd[1]: apt-daily.timer: Adding 6h 29min 53.433088s random time.
Mar  1 22:39:49 mail systemd[1]: Starting Clean php session files...
Mar  1 22:39:49 mail systemd[1]: Started Clean php session files.
Mar  1 23:09:48 mail systemd[1]: Starting Clean php session files...
Mar  1 23:09:49 mail systemd[1]: Started Clean php session files.
Mar  1 23:39:48 mail systemd[1]: Starting Clean php session files...
Mar  1 23:39:48 mail systemd[1]: Started Clean php session files.
Mar  2 00:09:19 mail systemd[1]: Starting Clean php session files...
Mar  2 00:09:19 mail systemd[1]: Started Clean php session files.
Mar  2 00:39:19 mail systemd[1]: Starting Clean php session files...
Mar  2 00:39:19 mail systemd[1]: Started Clean php session files.
Mar  2 01:09:18 mail systemd[1]: Starting Clean php session files...
Mar  2 01:09:19 mail systemd[1]: Started Clean php session files.
Mar  2 01:39:18 mail systemd[1]: Starting Clean php session files...
Mar  2 01:39:19 mail systemd[1]: Started Clean php session files.
Mar  2 02:09:18 mail systemd[1]: Starting Clean php session files...
Mar  2 02:09:19 mail systemd[1]: Started Clean php session files.
Mar  2 02:39:18 mail systemd[1]: Starting Clean php session files...
Mar  2 02:39:19 mail systemd[1]: Started Clean php session files.
Mar  2 03:09:18 mail systemd[1]: Starting Clean php session files...
Mar  2 03:09:19 mail systemd[1]: Started Clean php session files.
Mar  2 03:27:46 mail dhclient[406]: DHCPREQUEST of 192.168.10.154 on eth0 to 192.168.10.2 port 67
Mar  2 03:27:46 mail dhclient[406]: DHCPACK of 192.168.10.154 from 192.168.10.2
Mar  2 03:27:46 mail dhclient[406]: bound to 192.168.10.154 -- renewal in 37897 seconds.
Mar  2 03:39:18 mail systemd[1]: Starting Clean php session files...
Mar  2 03:39:19 mail systemd[1]: Started Clean php session files.
Mar  2 03:44:56 mail dhclient[375]: DHCPREQUEST of 192.168.10.154 on eth0 to 192.168.10.2 port 67
Mar  2 03:44:56 mail dhclient[375]: DHCPACK of 192.168.10.154 from 192.168.10.2
Mar  2 03:44:56 mail dhclient[375]: bound to 192.168.10.154 -- renewal in 31305 seconds.
Mar  2 04:09:18 mail systemd[1]: Starting Clean php session files...
Mar  2 04:09:19 mail systemd[1]: Started Clean php session files.
Mar  2 04:39:18 mail systemd[1]: Starting Clean php session files...
Mar  2 04:39:19 mail systemd[1]: Started Clean php session files.
Mar  2 05:09:18 mail systemd[1]: Starting Clean php session files...
Mar  2 05:09:19 mail systemd[1]: Started Clean php session files.
Mar  2 05:39:18 mail systemd[1]: Starting Clean php session files...
Mar  2 05:39:19 mail systemd[1]: Started Clean php session files.
Mar  2 06:09:19 mail systemd[1]: Starting Clean php session files...
Mar  2 06:09:19 mail systemd[1]: Started Clean php session files.
Mar  2 06:25:43 mail systemd[1]: Reloading The Apache HTTP Server.
Mar  2 06:25:43 mail systemd[1]: Reloaded The Apache HTTP Server.
Mar  2 06:29:35 mail systemd[1]: Stopping Security Auditing Service...
Mar  2 06:29:35 mail auditd[32572]: The audit daemon is exiting.
Mar  2 06:29:35 mail systemd[1]: Stopped Security Auditing Service.
Mar  2 06:29:35 mail systemd[1]: Starting Security Auditing Service...
Mar  2 06:29:35 mail auditd[26519]: Started dispatcher: /sbin/audispd pid: 26522
Mar  2 06:29:35 mail auditd[26519]: Init complete, auditd 2.6.7 listening for events (startup state enable)
Mar  2 06:29:36 mail augenrules[26520]: /sbin/augenrules: No change
Mar  2 06:29:36 mail augenrules[26520]: No rules
Mar  2 06:29:36 mail augenrules[26520]: enabled 1
Mar  2 06:29:36 mail augenrules[26520]: failure 1
Mar  2 06:29:36 mail augenrules[26520]: pid 26519
Mar  2 06:29:36 mail augenrules[26520]: rate_limit 0
Mar  2 06:29:36 mail augenrules[26520]: backlog_limit 81920
Mar  2 06:29:36 mail augenrules[26520]: lost 878
Mar  2 06:29:36 mail augenrules[26520]: backlog 1
Mar  2 06:29:36 mail augenrules[26520]: backlog_wait_time 0
Mar  2 06:29:36 mail augenrules[26520]: enabled 1
Mar  2 06:29:36 mail augenrules[26520]: failure 1
Mar  2 06:29:36 mail augenrules[26520]: pid 26519
Mar  2 06:29:36 mail augenrules[26520]: rate_limit 0
Mar  2 06:29:36 mail augenrules[26520]: backlog_limit 81920
Mar  2 06:29:36 mail augenrules[26520]: lost 878
Mar  2 06:29:36 mail augenrules[26520]: backlog 1
Mar  2 06:29:36 mail augenrules[26520]: backlog_wait_time 0
Mar  2 06:29:36 mail systemd[1]: Started Security Auditing Service.
Mar  2 06:37:52 mail systemd[1]: Starting Daily apt upgrade and clean activities...
Mar  2 06:37:53 mail systemd[1]: Started Daily apt upgrade and clean activities.
Mar  2 06:37:53 mail systemd[1]: apt-daily-upgrade.timer: Adding 35min 42.089682s random time.
Mar  2 06:37:53 mail systemd[1]: apt-daily-upgrade.timer: Adding 39min 52.948791s random time.
Mar  2 06:39:18 mail systemd[1]: Starting Clean php session files...
Mar  2 06:39:19 mail systemd[1]: Started Clean php session files.
Mar  2 07:09:18 mail systemd[1]: Starting Clean php session files...
Mar  2 07:09:19 mail systemd[1]: Started Clean php session files.
Mar  2 07:39:18 mail systemd[1]: Starting Clean php session files...
Mar  2 07:39:19 mail systemd[1]: Started Clean php session files.
Mar  2 08:09:18 mail systemd[1]: Starting Clean php session files...
Mar  2 08:09:19 mail systemd[1]: Started Clean php session files.
Mar  2 08:39:19 mail systemd[1]: Starting Clean php session files...
Mar  2 08:39:19 mail systemd[1]: Started Clean php session files.
Mar  2 09:09:19 mail systemd[1]: Starting Clean php session files...
Mar  2 09:09:19 mail systemd[1]: Started Clean php session files.
Mar  2 09:39:19 mail systemd[1]: Starting Clean php session files...
Mar  2 09:39:19 mail systemd[1]: Started Clean php session files.
Mar  2 10:09:19 mail systemd[1]: Starting Clean php session files...
Mar  2 10:09:19 mail systemd[1]: Started Clean php session files.
Mar  2 10:39:19 mail systemd[1]: Starting Clean php session files...
Mar  2 10:39:19 mail systemd[1]: Started Clean php session files.
Mar  2 11:09:19 mail systemd[1]: Starting Clean php session files...
Mar  2 11:09:19 mail systemd[1]: Started Clean php session files.
Mar  2 11:39:19 mail systemd[1]: Starting Clean php session files...
Mar  2 11:39:19 mail systemd[1]: Started Clean php session files.
Mar  2 12:09:19 mail systemd[1]: Starting Clean php session files...
Mar  2 12:09:19 mail systemd[1]: Started Clean php session files.
Mar  2 12:26:41 mail dhclient[375]: DHCPREQUEST of 192.168.10.154 on eth0 to 192.168.10.2 port 67
Mar  2 12:26:41 mail dhclient[375]: DHCPACK of 192.168.10.154 from 192.168.10.2
Mar  2 12:26:41 mail dhclient[375]: bound to 192.168.10.154 -- renewal in 39568 seconds.
Mar  2 12:30:18 mail systemd[1]: Starting Daily apt download activities...
Mar  2 12:30:19 mail systemd[1]: Started Daily apt download activities.
Mar  2 12:30:19 mail systemd[1]: apt-daily.timer: Adding 3h 44min 45.498229s random time.
Mar  2 12:30:19 mail systemd[1]: apt-daily.timer: Adding 11h 37.753829s random time.
Mar  2 12:39:48 mail systemd[1]: Starting Clean php session files...
Mar  2 12:39:48 mail systemd[1]: Started Clean php session files.
Mar  2 13:09:18 mail systemd[1]: Starting Clean php session files...
Mar  2 13:09:19 mail systemd[1]: Started Clean php session files.
Mar  2 13:39:18 mail systemd[1]: Starting Clean php session files...
Mar  2 13:39:19 mail systemd[1]: Started Clean php session files.
Mar  2 13:59:23 mail dhclient[406]: DHCPREQUEST of 192.168.10.154 on eth0 to 192.168.10.2 port 67
Mar  2 13:59:23 mail dhclient[406]: DHCPACK of 192.168.10.154 from 192.168.10.2
Mar  2 13:59:23 mail dhclient[406]: bound to 192.168.10.154 -- renewal in 34805 seconds.
Mar  2 14:09:18 mail systemd[1]: Starting Clean php session files...
Mar  2 14:09:19 mail systemd[1]: Started Clean php session files.
Mar  2 14:39:18 mail systemd[1]: Starting Clean php session files...
Mar  2 14:39:19 mail systemd[1]: Started Clean php session files.
Mar  2 15:09:19 mail systemd[1]: Starting Clean php session files...
Mar  2 15:09:19 mail systemd[1]: Started Clean php session files.
Mar  2 15:39:19 mail systemd[1]: Starting Clean php session files...
Mar  2 15:39:19 mail systemd[1]: Started Clean php session files.
Mar  2 16:09:19 mail systemd[1]: Starting Clean php session files...
Mar  2 16:09:19 mail systemd[1]: Started Clean php session files.
Mar  2 16:39:19 mail systemd[1]: Starting Clean php session files...
Mar  2 16:39:19 mail systemd[1]: Started Clean php session files.
Mar  2 17:09:06 mail systemd[1]: Starting Clean php session files...
Mar  2 17:09:06 mail systemd[1]: Started Clean php session files.
Mar  2 17:39:18 mail systemd[1]: Starting Clean php session files...
Mar  2 17:39:19 mail systemd[1]: Started Clean php session files.
Mar  2 18:09:18 mail systemd[1]: Starting Clean php session files...
Mar  2 18:09:19 mail systemd[1]: Started Clean php session files.
Mar  2 18:27:18 mail systemd[1]: Starting Cleanup of Temporary Directories...
Mar  2 18:27:18 mail systemd[1]: Started Cleanup of Temporary Directories.
Mar  2 18:39:18 mail systemd[1]: Starting Clean php session files...
Mar  2 18:39:19 mail systemd[1]: Started Clean php session files.
Mar  2 19:09:19 mail systemd[1]: Starting Clean php session files...
Mar  2 19:09:19 mail systemd[1]: Started Clean php session files.
Mar  2 19:39:19 mail systemd[1]: Starting Clean php session files...
Mar  2 19:39:19 mail systemd[1]: Started Clean php session files.
Mar  2 20:09:18 mail systemd[1]: Starting Clean php session files...
Mar  2 20:09:19 mail systemd[1]: Started Clean php session files.
Mar  2 20:39:18 mail systemd[1]: Starting Clean php session files...
Mar  2 20:39:19 mail systemd[1]: Started Clean php session files.
Mar  2 21:09:19 mail systemd[1]: Starting Clean php session files...
Mar  2 21:09:19 mail systemd[1]: Started Clean php session files.
Mar  2 21:39:08 mail systemd[1]: Starting Clean php session files...
Mar  2 21:39:08 mail systemd[1]: Started Clean php session files.
Mar  2 22:09:18 mail systemd[1]: Starting Clean php session files...
Mar  2 22:09:19 mail systemd[1]: Started Clean php session files.
Mar  2 22:39:19 mail systemd[1]: Starting Clean php session files...
Mar  2 22:39:19 mail systemd[1]: Started Clean php session files.
Mar  2 23:09:19 mail systemd[1]: Starting Clean php session files...
Mar  2 23:09:19 mail systemd[1]: Started Clean php session files.
Mar  2 23:26:09 mail dhclient[375]: DHCPREQUEST of 192.168.10.154 on eth0 to 192.168.10.2 port 67
Mar  2 23:26:09 mail dhclient[375]: DHCPACK of 192.168.10.154 from 192.168.10.2
Mar  2 23:26:09 mail dhclient[375]: bound to 192.168.10.154 -- renewal in 30310 seconds.
Mar  2 23:39:18 mail systemd[1]: Starting Clean php session files...
Mar  2 23:39:19 mail systemd[1]: Started Clean php session files.
Mar  2 23:39:28 mail dhclient[406]: DHCPREQUEST of 192.168.10.154 on eth0 to 192.168.10.2 port 67
Mar  2 23:39:28 mail dhclient[406]: DHCPACK of 192.168.10.154 from 192.168.10.2
Mar  2 23:39:28 mail dhclient[406]: bound to 192.168.10.154 -- renewal in 34954 seconds.
Mar  3 00:09:18 mail systemd[1]: Starting Clean php session files...
Mar  3 00:09:19 mail systemd[1]: Started Clean php session files.
Mar  3 00:39:18 mail systemd[1]: Starting Clean php session files...
Mar  3 00:39:19 mail systemd[1]: Started Clean php session files.
Mar  3 01:09:19 mail systemd[1]: Starting Clean php session files...
Mar  3 01:09:19 mail systemd[1]: Started Clean php session files.
Mar  3 01:39:18 mail systemd[1]: Starting Clean php session files...
Mar  3 01:39:19 mail systemd[1]: Started Clean php session files.
Mar  3 02:09:19 mail systemd[1]: Starting Clean php session files...
Mar  3 02:09:19 mail systemd[1]: Started Clean php session files.
Mar  3 02:39:18 mail systemd[1]: Starting Clean php session files...
Mar  3 02:39:19 mail systemd[1]: Started Clean php session files.
Mar  3 03:09:18 mail systemd[1]: Starting Clean php session files...
Mar  3 03:09:19 mail systemd[1]: Started Clean php session files.
Mar  3 03:39:18 mail systemd[1]: Starting Clean php session files...
Mar  3 03:39:19 mail systemd[1]: Started Clean php session files.
Mar  3 04:09:19 mail systemd[1]: Starting Clean php session files...
Mar  3 04:09:19 mail systemd[1]: Started Clean php session files.
Mar  3 04:39:18 mail systemd[1]: Starting Clean php session files...
Mar  3 04:39:19 mail systemd[1]: Started Clean php session files.
Mar  3 05:00:48 mail systemd[1]: Starting Daily apt download activities...
Mar  3 05:00:49 mail systemd[1]: Started Daily apt download activities.
Mar  3 05:00:49 mail systemd[1]: apt-daily.timer: Adding 11h 10min 37.139522s random time.
Mar  3 05:00:49 mail systemd[1]: apt-daily.timer: Adding 3h 43min 128.616ms random time.
Mar  3 05:09:18 mail systemd[1]: Starting Clean php session files...
Mar  3 05:09:19 mail systemd[1]: Started Clean php session files.
Mar  3 05:39:18 mail systemd[1]: Starting Clean php session files...
Mar  3 05:39:19 mail systemd[1]: Started Clean php session files.
Mar  3 06:09:18 mail systemd[1]: Starting Clean php session files...
Mar  3 06:09:19 mail systemd[1]: Started Clean php session files.
Mar  3 06:25:35 mail systemd[1]: Reloading The Apache HTTP Server.
Mar  3 06:25:35 mail systemd[1]: Reloaded The Apache HTTP Server.
Mar  3 06:29:00 mail systemd[1]: Stopping Security Auditing Service...
Mar  3 06:29:00 mail auditd[26519]: The audit daemon is exiting.
Mar  3 06:29:00 mail systemd[1]: Stopped Security Auditing Service.
Mar  3 06:29:00 mail systemd[1]: Starting Security Auditing Service...
Mar  3 06:29:00 mail auditd[25454]: Started dispatcher: /sbin/audispd pid: 25458
Mar  3 06:29:00 mail augenrules[25455]: /sbin/augenrules: No change
Mar  3 06:29:00 mail systemd[1]: Started Security Auditing Service.
Mar  3 06:29:00 mail auditd[25454]: Init complete, auditd 2.6.7 listening for events (startup state enable)
Mar  3 06:29:00 mail augenrules[25455]: No rules
Mar  3 06:29:00 mail augenrules[25455]: enabled 1
Mar  3 06:29:00 mail augenrules[25455]: failure 1
Mar  3 06:29:00 mail augenrules[25455]: pid 25454
Mar  3 06:29:00 mail augenrules[25455]: rate_limit 0
Mar  3 06:29:00 mail augenrules[25455]: backlog_limit 81920
Mar  3 06:29:00 mail augenrules[25455]: lost 1365
Mar  3 06:29:00 mail augenrules[25455]: backlog 0
Mar  3 06:29:00 mail augenrules[25455]: backlog_wait_time 0
Mar  3 06:29:00 mail augenrules[25455]: enabled 1
Mar  3 06:29:00 mail augenrules[25455]: failure 1
Mar  3 06:29:00 mail augenrules[25455]: pid 25454
Mar  3 06:29:00 mail augenrules[25455]: rate_limit 0
Mar  3 06:29:00 mail augenrules[25455]: backlog_limit 81920
Mar  3 06:29:00 mail augenrules[25455]: lost 1365
Mar  3 06:29:00 mail augenrules[25455]: backlog 0
Mar  3 06:29:00 mail augenrules[25455]: backlog_wait_time 0
Mar  3 06:39:19 mail systemd[1]: Starting Clean php session files...
Mar  3 06:39:19 mail systemd[1]: Started Clean php session files.
Mar  3 06:39:53 mail systemd[1]: Starting Daily apt upgrade and clean activities...
Mar  3 06:39:53 mail systemd[1]: Started Daily apt upgrade and clean activities.
Mar  3 06:39:53 mail systemd[1]: apt-daily-upgrade.timer: Adding 57min 26.416111s random time.
Mar  3 06:39:53 mail systemd[1]: apt-daily-upgrade.timer: Adding 34min 4.374957s random time.
Mar  3 07:09:18 mail systemd[1]: Starting Clean php session files...
Mar  3 07:09:19 mail systemd[1]: Started Clean php session files.
Mar  3 07:39:18 mail systemd[1]: Starting Clean php session files...
Mar  3 07:39:19 mail systemd[1]: Started Clean php session files.
Mar  3 07:51:19 mail dhclient[375]: DHCPREQUEST of 192.168.10.154 on eth0 to 192.168.10.2 port 67
Mar  3 07:51:19 mail dhclient[375]: DHCPACK of 192.168.10.154 from 192.168.10.2
Mar  3 07:51:19 mail dhclient[375]: bound to 192.168.10.154 -- renewal in 38862 seconds.
Mar  3 08:09:19 mail systemd[1]: Starting Clean php session files...
Mar  3 08:09:19 mail systemd[1]: Started Clean php session files.
Mar  3 08:39:19 mail systemd[1]: Starting Clean php session files...
Mar  3 08:39:19 mail systemd[1]: Started Clean php session files.
Mar  3 09:09:19 mail systemd[1]: Starting Clean php session files...
Mar  3 09:09:19 mail systemd[1]: Started Clean php session files.
Mar  3 09:22:02 mail dhclient[406]: DHCPREQUEST of 192.168.10.154 on eth0 to 192.168.10.2 port 67
Mar  3 09:22:02 mail dhclient[406]: DHCPACK of 192.168.10.154 from 192.168.10.2
Mar  3 09:22:02 mail dhclient[406]: bound to 192.168.10.154 -- renewal in 32190 seconds.
Mar  3 09:39:18 mail systemd[1]: Starting Clean php session files...
Mar  3 09:39:19 mail systemd[1]: Started Clean php session files.
Mar  3 09:43:18 mail systemd[1]: Starting Daily apt download activities...
Mar  3 09:43:19 mail systemd[1]: Started Daily apt download activities.
Mar  3 09:43:19 mail systemd[1]: apt-daily.timer: Adding 2h 18min 24.936527s random time.
Mar  3 09:43:19 mail systemd[1]: apt-daily.timer: Adding 10h 30min 12.862993s random time.
Mar  3 10:09:19 mail systemd[1]: Starting Clean php session files...
Mar  3 10:09:19 mail systemd[1]: Started Clean php session files.
Mar  3 10:39:18 mail systemd[1]: Starting Clean php session files...
Mar  3 10:39:19 mail systemd[1]: Started Clean php session files.
Mar  3 11:09:18 mail systemd[1]: Starting Clean php session files...
Mar  3 11:09:19 mail systemd[1]: Started Clean php session files.
Mar  3 11:39:19 mail systemd[1]: Starting Clean php session files...
Mar  3 11:39:19 mail systemd[1]: Started Clean php session files.
Mar  3 12:09:19 mail systemd[1]: Starting Clean php session files...
Mar  3 12:09:19 mail systemd[1]: Started Clean php session files.
Mar  3 12:39:19 mail systemd[1]: Starting Clean php session files...
Mar  3 12:39:19 mail systemd[1]: Started Clean php session files.
Mar  3 13:09:18 mail systemd[1]: Starting Clean php session files...
Mar  3 13:09:19 mail systemd[1]: Started Clean php session files.
Mar  3 13:39:18 mail systemd[1]: Starting Clean php session files...
Mar  3 13:39:19 mail systemd[1]: Started Clean php session files.
Mar  3 14:09:07 mail systemd[1]: Starting Clean php session files...
Mar  3 14:09:07 mail systemd[1]: Started Clean php session files.
Mar  3 14:39:18 mail systemd[1]: Starting Clean php session files...
Mar  3 14:39:19 mail systemd[1]: Started Clean php session files.
Mar  3 15:09:18 mail systemd[1]: Starting Clean php session files...
Mar  3 15:09:19 mail systemd[1]: Started Clean php session files.
Mar  3 15:39:19 mail systemd[1]: Starting Clean php session files...
Mar  3 15:39:19 mail systemd[1]: Started Clean php session files.
Mar  3 16:09:18 mail systemd[1]: Starting Clean php session files...
Mar  3 16:09:19 mail systemd[1]: Started Clean php session files.
Mar  3 16:39:18 mail systemd[1]: Starting Clean php session files...
Mar  3 16:39:19 mail systemd[1]: Started Clean php session files.
Mar  3 17:09:18 mail systemd[1]: Starting Clean php session files...
Mar  3 17:09:19 mail systemd[1]: Started Clean php session files.
Mar  3 17:39:18 mail systemd[1]: Starting Clean php session files...
Mar  3 17:39:19 mail systemd[1]: Started Clean php session files.
Mar  3 18:09:19 mail systemd[1]: Starting Clean php session files...
Mar  3 18:09:19 mail systemd[1]: Started Clean php session files.
Mar  3 18:18:32 mail dhclient[406]: DHCPREQUEST of 192.168.10.154 on eth0 to 192.168.10.2 port 67
Mar  3 18:18:32 mail dhclient[406]: DHCPACK of 192.168.10.154 from 192.168.10.2
Mar  3 18:18:32 mail dhclient[406]: bound to 192.168.10.154 -- renewal in 37576 seconds.
Mar  3 18:27:48 mail systemd[1]: Starting Cleanup of Temporary Directories...
Mar  3 18:27:48 mail systemd[1]: Started Cleanup of Temporary Directories.
Mar  3 18:39:01 mail dhclient[375]: DHCPREQUEST of 192.168.10.154 on eth0 to 192.168.10.2 port 67
Mar  3 18:39:01 mail dhclient[375]: DHCPACK of 192.168.10.154 from 192.168.10.2
Mar  3 18:39:01 mail dhclient[375]: bound to 192.168.10.154 -- renewal in 31639 seconds.
Mar  3 18:39:19 mail systemd[1]: Starting Clean php session files...
Mar  3 18:39:19 mail systemd[1]: Started Clean php session files.
Mar  3 19:09:19 mail systemd[1]: Starting Clean php session files...
Mar  3 19:09:19 mail systemd[1]: Started Clean php session files.
Mar  3 19:39:18 mail systemd[1]: Starting Clean php session files...
Mar  3 19:39:19 mail systemd[1]: Started Clean php session files.
Mar  3 20:09:18 mail systemd[1]: Starting Clean php session files...
Mar  3 20:09:19 mail systemd[1]: Started Clean php session files.
Mar  3 20:39:18 mail systemd[1]: Starting Clean php session files...
Mar  3 20:39:19 mail systemd[1]: Started Clean php session files.
Mar  3 21:09:19 mail systemd[1]: Starting Clean php session files...
Mar  3 21:09:19 mail systemd[1]: Started Clean php session files.
Mar  3 21:39:19 mail systemd[1]: Starting Clean php session files...
Mar  3 21:39:19 mail systemd[1]: Started Clean php session files.
Mar  3 22:09:19 mail systemd[1]: Starting Clean php session files...
Mar  3 22:09:19 mail systemd[1]: Started Clean php session files.
Mar  3 22:39:18 mail systemd[1]: Starting Clean php session files...
Mar  3 22:39:19 mail systemd[1]: Started Clean php session files.
Mar  3 23:09:19 mail systemd[1]: Starting Clean php session files...
Mar  3 23:09:19 mail systemd[1]: Started Clean php session files.
Mar  3 23:39:18 mail systemd[1]: Starting Clean php session files...
Mar  3 23:39:19 mail systemd[1]: Started Clean php session files.
Mar  4 00:09:19 mail systemd[1]: Starting Clean php session files...
Mar  4 00:09:19 mail systemd[1]: Started Clean php session files.
Mar  4 00:39:18 mail systemd[1]: Starting Clean php session files...
Mar  4 00:39:19 mail systemd[1]: Started Clean php session files.
Mar  4 01:09:18 mail systemd[1]: Starting Clean php session files...
Mar  4 01:09:19 mail systemd[1]: Started Clean php session files.
Mar  4 01:39:18 mail systemd[1]: Starting Clean php session files...
Mar  4 01:39:19 mail systemd[1]: Started Clean php session files.
Mar  4 02:09:18 mail systemd[1]: Starting Clean php session files...
Mar  4 02:09:19 mail systemd[1]: Started Clean php session files.
Mar  4 02:39:04 mail systemd[1]: Starting Clean php session files...
Mar  4 02:39:04 mail systemd[1]: Started Clean php session files.
Mar  4 03:09:18 mail systemd[1]: Starting Clean php session files...
Mar  4 03:09:19 mail systemd[1]: Started Clean php session files.
Mar  4 03:26:20 mail dhclient[375]: DHCPREQUEST of 192.168.10.154 on eth0 to 192.168.10.2 port 67
Mar  4 03:26:20 mail dhclient[375]: DHCPACK of 192.168.10.154 from 192.168.10.2
Mar  4 03:26:20 mail dhclient[375]: bound to 192.168.10.154 -- renewal in 38635 seconds.
Mar  4 03:39:18 mail systemd[1]: Starting Clean php session files...
Mar  4 03:39:19 mail systemd[1]: Started Clean php session files.
Mar  4 04:09:19 mail systemd[1]: Starting Clean php session files...
Mar  4 04:09:19 mail systemd[1]: Started Clean php session files.
Mar  4 04:30:18 mail systemd[1]: Starting Daily apt download activities...
Mar  4 04:30:19 mail systemd[1]: Started Daily apt download activities.
Mar  4 04:30:19 mail systemd[1]: apt-daily.timer: Adding 3h 10min 29.117316s random time.
Mar  4 04:30:19 mail systemd[1]: apt-daily.timer: Adding 4h 2min 30.537388s random time.
Mar  4 04:39:49 mail systemd[1]: Starting Clean php session files...
Mar  4 04:39:49 mail systemd[1]: Started Clean php session files.
Mar  4 04:44:48 mail dhclient[406]: DHCPREQUEST of 192.168.10.154 on eth0 to 192.168.10.2 port 67
Mar  4 04:44:48 mail dhclient[406]: DHCPACK of 192.168.10.154 from 192.168.10.2
Mar  4 04:44:48 mail dhclient[406]: bound to 192.168.10.154 -- renewal in 34831 seconds.
Mar  4 05:09:50 mail systemd[1]: Starting Clean php session files...
Mar  4 05:09:50 mail systemd[1]: Started Clean php session files.
Mar  4 05:39:52 mail systemd[1]: Starting Clean php session files...
Mar  4 05:39:52 mail systemd[1]: Started Clean php session files.
Mar  4 06:09:48 mail systemd[1]: Starting Clean php session files...
Mar  4 06:09:49 mail systemd[1]: Started Clean php session files.
Mar  4 06:25:32 mail systemd[1]: Reloading The Apache HTTP Server.
Mar  4 06:25:32 mail systemd[1]: Reloaded The Apache HTTP Server.
Mar  4 06:29:05 mail systemd[1]: Stopping Security Auditing Service...
Mar  4 06:29:05 mail auditd[25454]: The audit daemon is exiting.
Mar  4 06:29:05 mail systemd[1]: Stopped Security Auditing Service.
Mar  4 06:29:05 mail systemd[1]: Starting Security Auditing Service...
Mar  4 06:29:05 mail auditd[22161]: Started dispatcher: /sbin/audispd pid: 22164
Mar  4 06:29:05 mail auditd[22161]: Init complete, auditd 2.6.7 listening for events (startup state enable)
Mar  4 06:29:05 mail auditd[22161]: dispatch err (pipe full) event lost
Mar  4 06:29:05 mail auditd[22161]: dispatch err (pipe full) event lost
Mar  4 06:29:05 mail auditd[22161]: dispatch err (pipe full) event lost
Mar  4 06:29:05 mail auditd[22161]: dispatch err (pipe full) event lost
Mar  4 06:29:05 mail augenrules[22162]: /sbin/augenrules: No change
Mar  4 06:29:05 mail auditd[22161]: dispatch err (pipe full) event lost
Mar  4 06:29:05 mail augenrules[22162]: No rules
Mar  4 06:29:05 mail augenrules[22162]: enabled 1
Mar  4 06:29:05 mail augenrules[22162]: failure 1
Mar  4 06:29:05 mail augenrules[22162]: pid 22161
Mar  4 06:29:05 mail augenrules[22162]: rate_limit 0
Mar  4 06:29:05 mail augenrules[22162]: backlog_limit 81920
Mar  4 06:29:05 mail augenrules[22162]: lost 1723
Mar  4 06:29:05 mail augenrules[22162]: backlog 1
Mar  4 06:29:05 mail augenrules[22162]: backlog_wait_time 0
Mar  4 06:29:05 mail augenrules[22162]: enabled 1
Mar  4 06:29:05 mail augenrules[22162]: failure 1
Mar  4 06:29:05 mail augenrules[22162]: pid 22161
Mar  4 06:29:05 mail augenrules[22162]: rate_limit 0
Mar  4 06:29:05 mail augenrules[22162]: backlog_limit 81920
Mar  4 06:29:05 mail augenrules[22162]: lost 1723
Mar  4 06:29:05 mail augenrules[22162]: backlog 1
Mar  4 06:29:05 mail augenrules[22162]: backlog_wait_time 0
Mar  4 06:29:05 mail systemd[1]: Started Security Auditing Service.
Mar  4 06:29:05 mail auditd[22161]: dispatch err (pipe full) event lost
Mar  4 06:29:05 mail auditd[22161]: dispatch err (pipe full) event lost
Mar  4 06:29:05 mail auditd[22161]: dispatch err (pipe full) event lost
Mar  4 06:29:05 mail auditd[22161]: dispatch err (pipe full) event lost
Mar  4 06:29:05 mail auditd[22161]: dispatch err (pipe full) event lost
Mar  4 06:29:05 mail auditd[22161]: dispatch error reporting limit reached - ending report notification.
Mar  4 06:34:18 mail systemd[1]: Starting Daily apt upgrade and clean activities...
Mar  4 06:34:19 mail systemd[1]: Started Daily apt upgrade and clean activities.
Mar  4 06:34:19 mail systemd[1]: apt-daily-upgrade.timer: Adding 53min 40.186408s random time.
Mar  4 06:34:19 mail systemd[1]: apt-daily-upgrade.timer: Adding 42min 2.160203s random time.
Mar  4 06:39:48 mail systemd[1]: Starting Clean php session files...
Mar  4 06:39:48 mail systemd[1]: Started Clean php session files.
Mar  4 07:09:19 mail systemd[1]: Starting Clean php session files...
Mar  4 07:09:19 mail systemd[1]: Started Clean php session files.
Mar  4 07:39:18 mail systemd[1]: Starting Clean php session files...
Mar  4 07:39:19 mail systemd[1]: Started Clean php session files.
Mar  4 08:09:18 mail systemd[1]: Starting Clean php session files...
Mar  4 08:09:19 mail systemd[1]: Started Clean php session files.
Mar  4 08:39:19 mail systemd[1]: Starting Clean php session files...
Mar  4 08:39:19 mail systemd[1]: Started Clean php session files.
Mar  4 09:09:19 mail systemd[1]: Starting Clean php session files...
Mar  4 09:09:19 mail systemd[1]: Started Clean php session files.
Mar  4 09:39:18 mail systemd[1]: Starting Clean php session files...
Mar  4 09:39:19 mail systemd[1]: Started Clean php session files.
Mar  4 10:02:42 mail systemd[1]: Starting Daily apt download activities...
Mar  4 10:02:43 mail systemd[1]: Started Daily apt download activities.
Mar  4 10:02:43 mail systemd[1]: apt-daily.timer: Adding 1h 24min 53.414906s random time.
Mar  4 10:02:43 mail systemd[1]: apt-daily.timer: Adding 11h 21min 3.574987s random time.
Mar  4 10:09:48 mail systemd[1]: Starting Clean php session files...
Mar  4 10:09:48 mail systemd[1]: Started Clean php session files.
Mar  4 10:39:18 mail systemd[1]: Starting Clean php session files...
Mar  4 10:39:19 mail systemd[1]: Started Clean php session files.
Mar  4 11:09:18 mail systemd[1]: Starting Clean php session files...
Mar  4 11:09:19 mail systemd[1]: Started Clean php session files.
Mar  4 11:39:18 mail systemd[1]: Starting Clean php session files...
Mar  4 11:39:19 mail systemd[1]: Started Clean php session files.
Mar  4 12:09:18 mail systemd[1]: Starting Clean php session files...
Mar  4 12:09:19 mail systemd[1]: Started Clean php session files.
Mar  4 12:39:19 mail systemd[1]: Starting Clean php session files...
Mar  4 12:39:19 mail systemd[1]: Started Clean php session files.
Mar  4 13:09:04 mail systemd[1]: Starting Clean php session files...
Mar  4 13:09:04 mail systemd[1]: Started Clean php session files.
Mar  4 13:39:19 mail systemd[1]: Starting Clean php session files...
Mar  4 13:39:19 mail systemd[1]: Started Clean php session files.
Mar  4 14:09:19 mail systemd[1]: Starting Clean php session files...
Mar  4 14:09:19 mail systemd[1]: Started Clean php session files.
Mar  4 14:10:15 mail dhclient[375]: DHCPREQUEST of 192.168.10.154 on eth0 to 192.168.10.2 port 67
Mar  4 14:10:15 mail dhclient[375]: DHCPACK of 192.168.10.154 from 192.168.10.2
Mar  4 14:10:15 mail dhclient[375]: bound to 192.168.10.154 -- renewal in 36132 seconds.
Mar  4 14:25:19 mail dhclient[406]: DHCPREQUEST of 192.168.10.154 on eth0 to 192.168.10.2 port 67
Mar  4 14:25:19 mail dhclient[406]: DHCPACK of 192.168.10.154 from 192.168.10.2
Mar  4 14:25:19 mail dhclient[406]: bound to 192.168.10.154 -- renewal in 38936 seconds.
Mar  4 14:39:19 mail systemd[1]: Starting Clean php session files...
Mar  4 14:39:19 mail systemd[1]: Started Clean php session files.
Mar  4 15:09:18 mail systemd[1]: Starting Clean php session files...
Mar  4 15:09:19 mail systemd[1]: Started Clean php session files.
Mar  4 15:39:18 mail systemd[1]: Starting Clean php session files...
Mar  4 15:39:19 mail systemd[1]: Started Clean php session files.
Mar  4 16:09:19 mail systemd[1]: Starting Clean php session files...
Mar  4 16:09:19 mail systemd[1]: Started Clean php session files.
Mar  4 16:39:19 mail systemd[1]: Starting Clean php session files...
Mar  4 16:39:19 mail systemd[1]: Started Clean php session files.
Mar  4 17:09:18 mail systemd[1]: Starting Clean php session files...
Mar  4 17:09:19 mail systemd[1]: Started Clean php session files.
Mar  4 17:39:18 mail systemd[1]: Starting Clean php session files...
Mar  4 17:39:19 mail systemd[1]: Started Clean php session files.
Mar  4 18:09:18 mail systemd[1]: Starting Clean php session files...
Mar  4 18:09:19 mail systemd[1]: Started Clean php session files.
Mar  4 18:28:18 mail systemd[1]: Starting Cleanup of Temporary Directories...
Mar  4 18:28:18 mail systemd[1]: Started Cleanup of Temporary Directories.
Mar  4 18:39:50 mail systemd[1]: Starting Clean php session files...
Mar  4 18:39:50 mail systemd[1]: Started Clean php session files.
Mar  4 19:09:50 mail systemd[1]: Starting Clean php session files...
Mar  4 19:09:51 mail systemd[1]: Started Clean php session files.
Mar  4 19:39:01 mail systemd[1]: Starting Clean php session files...
Mar  4 19:39:01 mail systemd[1]: Started Clean php session files.
Mar  4 20:09:48 mail systemd[1]: Starting Clean php session files...
Mar  4 20:09:48 mail systemd[1]: Started Clean php session files.
Mar  4 20:39:18 mail systemd[1]: Starting Clean php session files...
Mar  4 20:39:19 mail systemd[1]: Started Clean php session files.
Mar  4 21:09:18 mail systemd[1]: Starting Clean php session files...
Mar  4 21:09:19 mail systemd[1]: Started Clean php session files.
Mar  4 21:39:18 mail systemd[1]: Starting Clean php session files...
Mar  4 21:39:19 mail systemd[1]: Started Clean php session files.
Mar  4 22:09:18 mail systemd[1]: Starting Clean php session files...
Mar  4 22:09:19 mail systemd[1]: Started Clean php session files.
Mar  4 22:39:19 mail systemd[1]: Starting Clean php session files...
Mar  4 22:39:19 mail systemd[1]: Started Clean php session files.
Mar  4 23:09:18 mail systemd[1]: Starting Clean php session files...
Mar  4 23:09:19 mail systemd[1]: Started Clean php session files.
Mar  4 23:39:19 mail systemd[1]: Starting Clean php session files...
Mar  4 23:39:19 mail systemd[1]: Started Clean php session files.
Mar  5 00:09:18 mail systemd[1]: Starting Clean php session files...
Mar  5 00:09:19 mail systemd[1]: Started Clean php session files.
Mar  5 00:12:27 mail dhclient[375]: DHCPREQUEST of 192.168.10.154 on eth0 to 192.168.10.2 port 67
Mar  5 00:12:27 mail dhclient[375]: DHCPACK of 192.168.10.154 from 192.168.10.2
Mar  5 00:12:27 mail dhclient[375]: bound to 192.168.10.154 -- renewal in 30740 seconds.
Mar  5 00:39:18 mail systemd[1]: Starting Clean php session files...
Mar  5 00:39:19 mail systemd[1]: Started Clean php session files.
Mar  5 01:09:19 mail systemd[1]: Starting Clean php session files...
Mar  5 01:09:19 mail systemd[1]: Started Clean php session files.
Mar  5 01:14:15 mail dhclient[406]: DHCPREQUEST of 192.168.10.154 on eth0 to 192.168.10.2 port 67
Mar  5 01:14:15 mail dhclient[406]: DHCPACK of 192.168.10.154 from 192.168.10.2
Mar  5 01:14:15 mail dhclient[406]: bound to 192.168.10.154 -- renewal in 38693 seconds.
Mar  5 01:39:18 mail systemd[1]: Starting Clean php session files...
Mar  5 01:39:19 mail systemd[1]: Started Clean php session files.
Mar  5 02:09:18 mail systemd[1]: Starting Clean php session files...
Mar  5 02:09:19 mail systemd[1]: Started Clean php session files.
Mar  5 02:39:18 mail systemd[1]: Starting Clean php session files...
Mar  5 02:39:19 mail systemd[1]: Started Clean php session files.
Mar  5 03:09:18 mail systemd[1]: Starting Clean php session files...
Mar  5 03:09:19 mail systemd[1]: Started Clean php session files.
Mar  5 03:39:19 mail systemd[1]: Starting Clean php session files...
Mar  5 03:39:19 mail systemd[1]: Started Clean php session files.
Mar  5 04:09:19 mail systemd[1]: Starting Clean php session files...
Mar  5 04:09:19 mail systemd[1]: Started Clean php session files.
Mar  5 04:39:18 mail systemd[1]: Starting Clean php session files...
Mar  5 04:39:19 mail systemd[1]: Started Clean php session files.
Mar  5 05:09:18 mail systemd[1]: Starting Clean php session files...
Mar  5 05:09:19 mail systemd[1]: Started Clean php session files.
Mar  5 05:21:18 mail systemd[1]: Starting Daily apt download activities...
Mar  5 05:21:19 mail systemd[1]: Started Daily apt download activities.
Mar  5 05:21:19 mail systemd[1]: apt-daily.timer: Adding 11h 10min 4.970085s random time.
Mar  5 05:21:19 mail systemd[1]: apt-daily.timer: Adding 10h 45min 21.413047s random time.
Mar  5 05:39:18 mail systemd[1]: Starting Clean php session files...
Mar  5 05:39:19 mail systemd[1]: Started Clean php session files.
Mar  5 06:09:18 mail systemd[1]: Starting Clean php session files...
Mar  5 06:09:19 mail systemd[1]: Started Clean php session files.
Mar  5 06:25:35 mail systemd[1]: Reloading The Apache HTTP Server.
Mar  5 06:25:35 mail systemd[1]: Reloaded The Apache HTTP Server.
Mar  5 06:29:07 mail systemd[1]: Stopping Security Auditing Service...
Mar  5 06:29:07 mail auditd[22161]: The audit daemon is exiting.
Mar  5 06:29:07 mail systemd[1]: Stopped Security Auditing Service.
Mar  5 06:29:07 mail augenrules[17378]: /sbin/augenrules: No change
Mar  5 06:29:07 mail systemd[1]: Starting Security Auditing Service...
Mar  5 06:29:07 mail auditd[17377]: Started dispatcher: /sbin/audispd pid: 17381
Mar  5 06:29:07 mail auditd[17377]: Init complete, auditd 2.6.7 listening for events (startup state enable)
Mar  5 06:29:07 mail auditd[17377]: dispatch err (pipe full) event lost
Mar  5 06:29:07 mail auditd[17377]: dispatch err (pipe full) event lost
Mar  5 06:29:07 mail auditd[17377]: dispatch err (pipe full) event lost
Mar  5 06:29:07 mail auditd[17377]: dispatch err (pipe full) event lost
Mar  5 06:29:07 mail auditd[17377]: dispatch err (pipe full) event lost
Mar  5 06:29:07 mail auditd[17377]: dispatch err (pipe full) event lost
Mar  5 06:29:07 mail auditd[17377]: dispatch err (pipe full) event lost
Mar  5 06:29:07 mail auditd[17377]: dispatch err (pipe full) event lost
Mar  5 06:29:07 mail auditd[17377]: dispatch err (pipe full) event lost
Mar  5 06:29:07 mail auditd[17377]: dispatch err (pipe full) event lost
Mar  5 06:29:07 mail auditd[17377]: dispatch error reporting limit reached - ending report notification.
Mar  5 06:29:07 mail augenrules[17378]: No rules
Mar  5 06:29:07 mail augenrules[17378]: enabled 1
Mar  5 06:29:07 mail augenrules[17378]: failure 1
Mar  5 06:29:07 mail augenrules[17378]: pid 17377
Mar  5 06:29:07 mail augenrules[17378]: rate_limit 0
Mar  5 06:29:07 mail augenrules[17378]: backlog_limit 81920
Mar  5 06:29:07 mail augenrules[17378]: lost 2122
Mar  5 06:29:07 mail augenrules[17378]: backlog 1
Mar  5 06:29:07 mail augenrules[17378]: backlog_wait_time 0
Mar  5 06:29:07 mail augenrules[17378]: enabled 1
Mar  5 06:29:07 mail augenrules[17378]: failure 1
Mar  5 06:29:07 mail augenrules[17378]: pid 17377
Mar  5 06:29:07 mail augenrules[17378]: rate_limit 0
Mar  5 06:29:07 mail augenrules[17378]: backlog_limit 81920
Mar  5 06:29:07 mail augenrules[17378]: lost 2122
Mar  5 06:29:07 mail augenrules[17378]: backlog 1
Mar  5 06:29:07 mail augenrules[17378]: backlog_wait_time 0
Mar  5 06:29:07 mail systemd[1]: Started Security Auditing Service.
Mar  5 06:39:19 mail systemd[1]: Starting Clean php session files...
Mar  5 06:39:19 mail systemd[1]: Started Clean php session files.
Mar  5 06:42:18 mail systemd[1]: Starting Daily apt upgrade and clean activities...
Mar  5 06:42:19 mail systemd[1]: Started Daily apt upgrade and clean activities.
Mar  5 06:42:19 mail systemd[1]: apt-daily-upgrade.timer: Adding 5min 19.322323s random time.
Mar  5 06:42:19 mail systemd[1]: apt-daily-upgrade.timer: Adding 43min 31.258505s random time.
Mar  5 07:09:50 mail systemd[1]: Starting Clean php session files...
Mar  5 07:09:50 mail systemd[1]: Started Clean php session files.
Mar  5 07:39:50 mail systemd[1]: Starting Clean php session files...
Mar  5 07:39:50 mail systemd[1]: Started Clean php session files.
Mar  5 08:09:48 mail systemd[1]: Starting Clean php session files...
Mar  5 08:09:48 mail systemd[1]: Started Clean php session files.
Mar  5 08:39:18 mail systemd[1]: Starting Clean php session files...
Mar  5 08:39:19 mail systemd[1]: Started Clean php session files.
Mar  5 08:44:47 mail dhclient[375]: DHCPREQUEST of 192.168.10.154 on eth0 to 192.168.10.2 port 67
Mar  5 08:44:47 mail dhclient[375]: DHCPACK of 192.168.10.154 from 192.168.10.2
Mar  5 08:44:47 mail dhclient[375]: bound to 192.168.10.154 -- renewal in 36495 seconds.
Mar  5 09:09:18 mail systemd[1]: Starting Clean php session files...
Mar  5 09:09:19 mail systemd[1]: Started Clean php session files.
Mar  5 09:39:18 mail systemd[1]: Starting Clean php session files...
Mar  5 09:39:19 mail systemd[1]: Started Clean php session files.
Mar  5 10:09:18 mail systemd[1]: Starting Clean php session files...
Mar  5 10:09:19 mail systemd[1]: Started Clean php session files.
Mar  5 10:39:18 mail systemd[1]: Starting Clean php session files...
Mar  5 10:39:19 mail systemd[1]: Started Clean php session files.
Mar  5 11:09:18 mail systemd[1]: Starting Clean php session files...
Mar  5 11:09:19 mail systemd[1]: Started Clean php session files.
Mar  5 11:39:10 mail systemd[1]: Starting Clean php session files...
Mar  5 11:39:10 mail systemd[1]: Started Clean php session files.
Mar  5 11:59:08 mail dhclient[406]: DHCPREQUEST of 192.168.10.154 on eth0 to 192.168.10.2 port 67
Mar  5 11:59:08 mail dhclient[406]: DHCPACK of 192.168.10.154 from 192.168.10.2
Mar  5 11:59:08 mail dhclient[406]: bound to 192.168.10.154 -- renewal in 38436 seconds.
Mar  5 12:09:19 mail systemd[1]: Starting Clean php session files...
Mar  5 12:09:19 mail systemd[1]: Started Clean php session files.
Mar  5 12:39:18 mail systemd[1]: Starting Clean php session files...
Mar  5 12:39:19 mail systemd[1]: Started Clean php session files.
Mar  5 13:09:19 mail systemd[1]: Starting Clean php session files...
Mar  5 13:09:19 mail systemd[1]: Started Clean php session files.
Mar  5 13:39:18 mail systemd[1]: Starting Clean php session files...
Mar  5 13:39:19 mail systemd[1]: Started Clean php session files.
Mar  5 14:09:18 mail systemd[1]: Starting Clean php session files...
Mar  5 14:09:19 mail systemd[1]: Started Clean php session files.
Mar  5 14:39:18 mail systemd[1]: Starting Clean php session files...
Mar  5 14:39:19 mail systemd[1]: Started Clean php session files.
Mar  5 15:09:19 mail systemd[1]: Starting Clean php session files...
Mar  5 15:09:19 mail systemd[1]: Started Clean php session files.
Mar  5 15:39:18 mail systemd[1]: Starting Clean php session files...
Mar  5 15:39:19 mail systemd[1]: Started Clean php session files.
Mar  5 16:09:19 mail systemd[1]: Starting Clean php session files...
Mar  5 16:09:19 mail systemd[1]: Started Clean php session files.
Mar  5 16:39:18 mail systemd[1]: Starting Clean php session files...
Mar  5 16:39:19 mail systemd[1]: Started Clean php session files.
Mar  5 16:45:43 mail systemd[1]: Starting Daily apt download activities...
Mar  5 16:45:43 mail systemd[1]: Started Daily apt download activities.
Mar  5 16:45:43 mail systemd[1]: apt-daily.timer: Adding 10h 53min 35.565018s random time.
Mar  5 16:45:43 mail systemd[1]: apt-daily.timer: Adding 3h 55min 53.375919s random time.
Mar  5 17:09:18 mail systemd[1]: Starting Clean php session files...
Mar  5 17:09:19 mail systemd[1]: Started Clean php session files.
Mar  5 17:39:18 mail systemd[1]: Starting Clean php session files...
Mar  5 17:39:19 mail systemd[1]: Started Clean php session files.
Mar  5 18:09:19 mail systemd[1]: Starting Clean php session files...
Mar  5 18:09:19 mail systemd[1]: Started Clean php session files.
Mar  5 18:29:18 mail systemd[1]: Starting Cleanup of Temporary Directories...
Mar  5 18:29:18 mail systemd[1]: Started Cleanup of Temporary Directories.
Mar  5 18:39:18 mail systemd[1]: Starting Clean php session files...
Mar  5 18:39:19 mail systemd[1]: Started Clean php session files.
Mar  5 18:53:02 mail dhclient[375]: DHCPREQUEST of 192.168.10.154 on eth0 to 192.168.10.2 port 67
Mar  5 18:53:02 mail dhclient[375]: DHCPACK of 192.168.10.154 from 192.168.10.2
Mar  5 18:53:02 mail dhclient[375]: bound to 192.168.10.154 -- renewal in 30740 seconds.
Mar  5 19:09:18 mail systemd[1]: Starting Clean php session files...
Mar  5 19:09:19 mail systemd[1]: Started Clean php session files.
Mar  5 19:39:18 mail systemd[1]: Starting Clean php session files...
Mar  5 19:39:19 mail systemd[1]: Started Clean php session files.
Mar  5 20:09:19 mail systemd[1]: Starting Clean php session files...
Mar  5 20:09:19 mail systemd[1]: Started Clean php session files.
Mar  5 20:39:18 mail systemd[1]: Starting Clean php session files...
Mar  5 20:39:19 mail systemd[1]: Started Clean php session files.
Mar  5 21:09:18 mail systemd[1]: Starting Clean php session files...
Mar  5 21:09:19 mail systemd[1]: Started Clean php session files.
Mar  5 21:39:19 mail systemd[1]: Starting Clean php session files...
Mar  5 21:39:19 mail systemd[1]: Started Clean php session files.
Mar  5 21:56:18 mail systemd[1]: Starting Daily apt download activities...
Mar  5 21:56:19 mail systemd[1]: Started Daily apt download activities.
Mar  5 21:56:19 mail systemd[1]: apt-daily.timer: Adding 3h 24min 48.922896s random time.
Mar  5 21:56:19 mail systemd[1]: apt-daily.timer: Adding 2h 34min 42.382799s random time.
Mar  5 22:09:48 mail systemd[1]: Starting Clean php session files...
Mar  5 22:09:48 mail systemd[1]: Started Clean php session files.
Mar  5 22:39:19 mail systemd[1]: Starting Clean php session files...
Mar  5 22:39:19 mail systemd[1]: Started Clean php session files.
Mar  5 22:39:44 mail dhclient[406]: DHCPREQUEST of 192.168.10.154 on eth0 to 192.168.10.2 port 67
Mar  5 22:39:44 mail dhclient[406]: DHCPACK of 192.168.10.154 from 192.168.10.2
Mar  5 22:39:44 mail dhclient[406]: bound to 192.168.10.154 -- renewal in 37985 seconds.
Mar  5 23:09:18 mail systemd[1]: Starting Clean php session files...
Mar  5 23:09:19 mail systemd[1]: Started Clean php session files.
Mar  5 23:39:18 mail systemd[1]: Starting Clean php session files...
Mar  5 23:39:19 mail systemd[1]: Started Clean php session files.
Mar  6 00:09:19 mail systemd[1]: Starting Clean php session files...
Mar  6 00:09:19 mail systemd[1]: Started Clean php session files.
Mar  6 00:39:18 mail systemd[1]: Starting Clean php session files...
Mar  6 00:39:19 mail systemd[1]: Started Clean php session files.
Mar  6 01:09:19 mail systemd[1]: Starting Clean php session files...
Mar  6 01:09:19 mail systemd[1]: Started Clean php session files.
Mar  6 01:39:19 mail systemd[1]: Starting Clean php session files...
Mar  6 01:39:19 mail systemd[1]: Started Clean php session files.
Mar  6 02:09:18 mail systemd[1]: Starting Clean php session files...
Mar  6 02:09:19 mail systemd[1]: Started Clean php session files.
Mar  6 02:39:19 mail systemd[1]: Starting Clean php session files...
Mar  6 02:39:19 mail systemd[1]: Started Clean php session files.
Mar  6 03:09:18 mail systemd[1]: Starting Clean php session files...
Mar  6 03:09:19 mail systemd[1]: Started Clean php session files.
Mar  6 03:25:22 mail dhclient[375]: DHCPREQUEST of 192.168.10.154 on eth0 to 192.168.10.2 port 67
Mar  6 03:25:22 mail dhclient[375]: DHCPACK of 192.168.10.154 from 192.168.10.2
Mar  6 03:25:22 mail dhclient[375]: bound to 192.168.10.154 -- renewal in 33125 seconds.
Mar  6 03:39:18 mail systemd[1]: Starting Clean php session files...
Mar  6 03:39:19 mail systemd[1]: Started Clean php session files.
Mar  6 04:09:18 mail systemd[1]: Starting Clean php session files...
Mar  6 04:09:19 mail systemd[1]: Started Clean php session files.
Mar  6 04:39:18 mail systemd[1]: Starting Clean php session files...
Mar  6 04:39:19 mail systemd[1]: Started Clean php session files.
