Mar  3 00:09:17 mail systemd[1]: Starting Clean php session files...
Mar  3 00:09:18 mail systemd[1]: Started Clean php session files.
Mar  3 00:21:55 mail systemd[1]: Starting Daily apt download activities...
Mar  3 00:21:56 mail systemd[1]: Started Daily apt download activities.
Mar  3 00:21:56 mail systemd[1]: apt-daily.timer: Adding 11h 19min 15.464837s random time.
Mar  3 00:21:56 mail systemd[1]: apt-daily.timer: Adding 3h 5min 53.999742s random time.
Mar  3 00:39:18 mail systemd[1]: Starting Clean php session files...
Mar  3 00:39:18 mail systemd[1]: Started Clean php session files.
Mar  3 01:09:17 mail systemd[1]: Starting Clean php session files...
Mar  3 01:09:18 mail systemd[1]: Started Clean php session files.
Mar  3 01:39:18 mail systemd[1]: Starting Clean php session files...
Mar  3 01:39:18 mail systemd[1]: Started Clean php session files.
Mar  3 02:09:17 mail systemd[1]: Starting Clean php session files...
Mar  3 02:09:18 mail systemd[1]: Started Clean php session files.
Mar  3 02:39:17 mail systemd[1]: Starting Clean php session files...
Mar  3 02:39:18 mail systemd[1]: Started Clean php session files.
Mar  3 03:08:14 mail dhclient[376]: DHCPREQUEST of 192.168.10.122 on eth0 to 192.168.10.2 port 67
Mar  3 03:08:14 mail dhclient[376]: DHCPACK of 192.168.10.122 from 192.168.10.2
Mar  3 03:08:14 mail dhclient[376]: bound to 192.168.10.122 -- renewal in 32799 seconds.
Mar  3 03:09:17 mail systemd[1]: Starting Clean php session files...
Mar  3 03:09:18 mail systemd[1]: Started Clean php session files.
Mar  3 03:39:17 mail systemd[1]: Starting Clean php session files...
Mar  3 03:39:18 mail systemd[1]: Started Clean php session files.
Mar  3 04:09:18 mail systemd[1]: Starting Clean php session files...
Mar  3 04:09:18 mail systemd[1]: Started Clean php session files.
Mar  3 04:39:18 mail systemd[1]: Starting Clean php session files...
Mar  3 04:39:18 mail systemd[1]: Started Clean php session files.
Mar  3 05:09:17 mail systemd[1]: Starting Clean php session files...
Mar  3 05:09:18 mail systemd[1]: Started Clean php session files.
Mar  3 05:39:17 mail systemd[1]: Starting Clean php session files...
Mar  3 05:39:18 mail systemd[1]: Started Clean php session files.
Mar  3 06:09:17 mail systemd[1]: Starting Clean php session files...
Mar  3 06:09:18 mail systemd[1]: Started Clean php session files.
Mar  3 06:18:17 mail systemd[1]: Starting Daily apt upgrade and clean activities...
Mar  3 06:18:18 mail systemd[1]: Started Daily apt upgrade and clean activities.
Mar  3 06:18:18 mail systemd[1]: apt-daily-upgrade.timer: Adding 26min 33.210855s random time.
Mar  3 06:18:18 mail systemd[1]: apt-daily-upgrade.timer: Adding 4min 41.311621s random time.
Mar  3 06:25:23 mail systemd[1]: Reloading The Apache HTTP Server.
Mar  3 06:25:23 mail systemd[1]: Reloaded The Apache HTTP Server.
Mar  3 06:27:02 mail systemd[1]: Stopping Security Auditing Service...
Mar  3 06:27:02 mail auditd[27095]: The audit daemon is exiting.
Mar  3 06:27:02 mail systemd[1]: Stopped Security Auditing Service.
Mar  3 06:27:02 mail systemd[1]: Starting Security Auditing Service...
Mar  3 06:27:02 mail auditd[12447]: Started dispatcher: /sbin/audispd pid: 12451
Mar  3 06:27:02 mail augenrules[12448]: /sbin/augenrules: No change
Mar  3 06:27:02 mail systemd[1]: Started Security Auditing Service.
Mar  3 06:27:02 mail augenrules[12448]: No rules
Mar  3 06:27:02 mail augenrules[12448]: enabled 1
Mar  3 06:27:02 mail augenrules[12448]: failure 1
Mar  3 06:27:02 mail augenrules[12448]: pid 12447
Mar  3 06:27:02 mail augenrules[12448]: rate_limit 0
Mar  3 06:27:02 mail augenrules[12448]: backlog_limit 81920
Mar  3 06:27:02 mail augenrules[12448]: lost 1565
Mar  3 06:27:02 mail augenrules[12448]: backlog 1
Mar  3 06:27:02 mail augenrules[12448]: backlog_wait_time 0
Mar  3 06:27:02 mail augenrules[12448]: enabled 1
Mar  3 06:27:02 mail augenrules[12448]: failure 1
Mar  3 06:27:02 mail augenrules[12448]: pid 12447
Mar  3 06:27:02 mail augenrules[12448]: rate_limit 0
Mar  3 06:27:02 mail augenrules[12448]: backlog_limit 81920
Mar  3 06:27:02 mail augenrules[12448]: lost 1565
Mar  3 06:27:02 mail augenrules[12448]: backlog 0
Mar  3 06:27:02 mail augenrules[12448]: backlog_wait_time 0
Mar  3 06:27:02 mail auditd[12447]: Init complete, auditd 2.6.7 listening for events (startup state enable)
Mar  3 06:39:18 mail systemd[1]: Starting Clean php session files...
Mar  3 06:39:18 mail systemd[1]: Started Clean php session files.
Mar  3 07:09:17 mail systemd[1]: Starting Clean php session files...
Mar  3 07:09:18 mail systemd[1]: Started Clean php session files.
Mar  3 07:39:18 mail systemd[1]: Starting Clean php session files...
Mar  3 07:39:18 mail systemd[1]: Started Clean php session files.
Mar  3 07:41:26 mail dhclient[407]: DHCPREQUEST of 192.168.10.122 on eth0 to 192.168.10.2 port 67
Mar  3 07:41:26 mail dhclient[407]: DHCPACK of 192.168.10.122 from 192.168.10.2
Mar  3 07:41:26 mail dhclient[407]: bound to 192.168.10.122 -- renewal in 36826 seconds.
Mar  3 08:09:17 mail systemd[1]: Starting Clean php session files...
Mar  3 08:09:18 mail systemd[1]: Started Clean php session files.
Mar  3 08:39:18 mail systemd[1]: Starting Clean php session files...
Mar  3 08:39:18 mail systemd[1]: Started Clean php session files.
Mar  3 09:06:17 mail systemd[1]: Starting Daily apt download activities...
Mar  3 09:06:18 mail systemd[1]: Started Daily apt download activities.
Mar  3 09:06:18 mail systemd[1]: apt-daily.timer: Adding 9h 3min 37.594339s random time.
Mar  3 09:06:18 mail systemd[1]: apt-daily.timer: Adding 2h 16min 24.706690s random time.
Mar  3 09:09:37 mail systemd[1]: Starting Clean php session files...
Mar  3 09:09:38 mail systemd[1]: Started Clean php session files.
Mar  3 09:39:17 mail systemd[1]: Starting Clean php session files...
Mar  3 09:39:18 mail systemd[1]: Started Clean php session files.
Mar  3 10:09:17 mail systemd[1]: Starting Clean php session files...
Mar  3 10:09:18 mail systemd[1]: Started Clean php session files.
Mar  3 10:39:17 mail systemd[1]: Starting Clean php session files...
Mar  3 10:39:18 mail systemd[1]: Started Clean php session files.
Mar  3 11:09:18 mail systemd[1]: Starting Clean php session files...
Mar  3 11:09:18 mail systemd[1]: Started Clean php session files.
Mar  3 11:39:17 mail systemd[1]: Starting Clean php session files...
Mar  3 11:39:18 mail systemd[1]: Started Clean php session files.
Mar  3 12:09:17 mail systemd[1]: Starting Clean php session files...
Mar  3 12:09:18 mail systemd[1]: Started Clean php session files.
Mar  3 12:14:54 mail dhclient[376]: DHCPREQUEST of 192.168.10.122 on eth0 to 192.168.10.2 port 67
Mar  3 12:14:54 mail dhclient[376]: DHCPACK of 192.168.10.122 from 192.168.10.2
Mar  3 12:14:54 mail dhclient[376]: bound to 192.168.10.122 -- renewal in 32186 seconds.
Mar  3 12:39:03 mail systemd[1]: Starting Clean php session files...
Mar  3 12:39:03 mail systemd[1]: Started Clean php session files.
Mar  3 13:09:17 mail systemd[1]: Starting Clean php session files...
Mar  3 13:09:18 mail systemd[1]: Started Clean php session files.
Mar  3 13:39:17 mail systemd[1]: Starting Clean php session files...
Mar  3 13:39:18 mail systemd[1]: Started Clean php session files.
Mar  3 14:09:17 mail systemd[1]: Starting Clean php session files...
Mar  3 14:09:18 mail systemd[1]: Started Clean php session files.
Mar  3 14:39:17 mail systemd[1]: Starting Clean php session files...
Mar  3 14:39:18 mail systemd[1]: Started Clean php session files.
Mar  3 15:09:18 mail systemd[1]: Starting Clean php session files...
Mar  3 15:09:18 mail systemd[1]: Started Clean php session files.
Mar  3 15:39:17 mail systemd[1]: Starting Clean php session files...
Mar  3 15:39:18 mail systemd[1]: Started Clean php session files.
Mar  3 16:09:17 mail systemd[1]: Starting Clean php session files...
Mar  3 16:09:18 mail systemd[1]: Started Clean php session files.
Mar  3 16:39:17 mail systemd[1]: Starting Clean php session files...
Mar  3 16:39:18 mail systemd[1]: Started Clean php session files.
Mar  3 17:09:17 mail systemd[1]: Starting Clean php session files...
Mar  3 17:09:18 mail systemd[1]: Started Clean php session files.
Mar  3 17:39:18 mail systemd[1]: Starting Clean php session files...
Mar  3 17:39:18 mail systemd[1]: Started Clean php session files.
Mar  3 17:55:12 mail dhclient[407]: DHCPREQUEST of 192.168.10.122 on eth0 to 192.168.10.2 port 67
Mar  3 17:55:12 mail dhclient[407]: DHCPACK of 192.168.10.122 from 192.168.10.2
Mar  3 17:55:12 mail dhclient[407]: bound to 192.168.10.122 -- renewal in 37069 seconds.
Mar  3 18:09:17 mail systemd[1]: Starting Clean php session files...
Mar  3 18:09:18 mail systemd[1]: Started Clean php session files.
Mar  3 18:27:52 mail systemd[1]: Starting Cleanup of Temporary Directories...
Mar  3 18:27:52 mail systemd[1]: Started Cleanup of Temporary Directories.
Mar  3 18:39:17 mail systemd[1]: Starting Clean php session files...
Mar  3 18:39:18 mail systemd[1]: Started Clean php session files.
Mar  3 19:09:17 mail systemd[1]: Starting Clean php session files...
Mar  3 19:09:18 mail systemd[1]: Started Clean php session files.
Mar  3 19:39:06 mail systemd[1]: Starting Clean php session files...
Mar  3 19:39:06 mail systemd[1]: Started Clean php session files.
Mar  3 20:09:17 mail systemd[1]: Starting Clean php session files...
Mar  3 20:09:18 mail systemd[1]: Started Clean php session files.
Mar  3 20:16:37 mail systemd[1]: Starting Daily apt download activities...
Mar  3 20:16:38 mail systemd[1]: Started Daily apt download activities.
Mar  3 20:16:38 mail systemd[1]: apt-daily.timer: Adding 8h 55min 43.206579s random time.
Mar  3 20:16:38 mail systemd[1]: apt-daily.timer: Adding 10h 35min 46.208331s random time.
Mar  3 20:39:37 mail systemd[1]: Starting Clean php session files...
Mar  3 20:39:38 mail systemd[1]: Started Clean php session files.
Mar  3 21:09:17 mail systemd[1]: Starting Clean php session files...
Mar  3 21:09:18 mail systemd[1]: Started Clean php session files.
Mar  3 21:11:20 mail dhclient[376]: DHCPREQUEST of 192.168.10.122 on eth0 to 192.168.10.2 port 67
Mar  3 21:11:20 mail dhclient[376]: DHCPACK of 192.168.10.122 from 192.168.10.2
Mar  3 21:11:20 mail dhclient[376]: bound to 192.168.10.122 -- renewal in 36924 seconds.
Mar  3 21:39:17 mail systemd[1]: Starting Clean php session files...
Mar  3 21:39:18 mail systemd[1]: Started Clean php session files.
Mar  3 22:09:17 mail systemd[1]: Starting Clean php session files...
Mar  3 22:09:18 mail systemd[1]: Started Clean php session files.
Mar  3 22:39:18 mail systemd[1]: Starting Clean php session files...
Mar  3 22:39:18 mail systemd[1]: Started Clean php session files.
Mar  3 23:09:18 mail systemd[1]: Starting Clean php session files...
Mar  3 23:09:18 mail systemd[1]: Started Clean php session files.
Mar  3 23:39:18 mail systemd[1]: Starting Clean php session files...
Mar  3 23:39:18 mail systemd[1]: Started Clean php session files.
Mar  4 00:09:18 mail systemd[1]: Starting Clean php session files...
Mar  4 00:09:18 mail systemd[1]: Started Clean php session files.
Mar  4 00:39:18 mail systemd[1]: Starting Clean php session files...
Mar  4 00:39:18 mail systemd[1]: Started Clean php session files.
Mar  4 01:09:18 mail systemd[1]: Starting Clean php session files...
Mar  4 01:09:18 mail systemd[1]: Started Clean php session files.
Mar  4 01:39:17 mail systemd[1]: Starting Clean php session files...
Mar  4 01:39:18 mail systemd[1]: Started Clean php session files.
Mar  4 02:09:09 mail systemd[1]: Starting Clean php session files...
Mar  4 02:09:09 mail systemd[1]: Started Clean php session files.
Mar  4 02:39:17 mail systemd[1]: Starting Clean php session files...
Mar  4 02:39:18 mail systemd[1]: Started Clean php session files.
Mar  4 03:09:17 mail systemd[1]: Starting Clean php session files...
Mar  4 03:09:18 mail systemd[1]: Started Clean php session files.
Mar  4 03:39:17 mail systemd[1]: Starting Clean php session files...
Mar  4 03:39:18 mail systemd[1]: Started Clean php session files.
Mar  4 04:09:17 mail systemd[1]: Starting Clean php session files...
Mar  4 04:09:18 mail systemd[1]: Started Clean php session files.
Mar  4 04:13:01 mail dhclient[407]: DHCPREQUEST of 192.168.10.122 on eth0 to 192.168.10.2 port 67
Mar  4 04:13:01 mail dhclient[407]: DHCPACK of 192.168.10.122 from 192.168.10.2
Mar  4 04:13:01 mail dhclient[407]: bound to 192.168.10.122 -- renewal in 33151 seconds.
Mar  4 04:39:17 mail systemd[1]: Starting Clean php session files...
Mar  4 04:39:18 mail systemd[1]: Started Clean php session files.
Mar  4 05:09:18 mail systemd[1]: Starting Clean php session files...
Mar  4 05:09:18 mail systemd[1]: Started Clean php session files.
Mar  4 05:39:17 mail systemd[1]: Starting Clean php session files...
Mar  4 05:39:18 mail systemd[1]: Started Clean php session files.
Mar  4 06:05:17 mail systemd[1]: Starting Daily apt upgrade and clean activities...
Mar  4 06:05:18 mail systemd[1]: Started Daily apt upgrade and clean activities.
Mar  4 06:05:18 mail systemd[1]: apt-daily-upgrade.timer: Adding 5min 500.809ms random time.
Mar  4 06:05:18 mail systemd[1]: apt-daily-upgrade.timer: Adding 17min 9.238277s random time.
Mar  4 06:09:18 mail systemd[1]: Starting Clean php session files...
Mar  4 06:09:18 mail systemd[1]: Started Clean php session files.
Mar  4 06:25:22 mail systemd[1]: Reloading The Apache HTTP Server.
Mar  4 06:25:22 mail systemd[1]: Reloaded The Apache HTTP Server.
Mar  4 06:27:21 mail systemd[1]: Stopping Security Auditing Service...
Mar  4 06:27:21 mail auditd[12447]: The audit daemon is exiting.
Mar  4 06:27:21 mail systemd[1]: Stopped Security Auditing Service.
Mar  4 06:27:21 mail systemd[1]: Starting Security Auditing Service...
Mar  4 06:27:21 mail auditd[29464]: Started dispatcher: /sbin/audispd pid: 29471
Mar  4 06:27:21 mail augenrules[29465]: /sbin/augenrules: No change
Mar  4 06:27:21 mail systemd[1]: Started Security Auditing Service.
Mar  4 06:27:21 mail augenrules[29465]: No rules
Mar  4 06:27:21 mail augenrules[29465]: enabled 1
Mar  4 06:27:21 mail augenrules[29465]: failure 1
Mar  4 06:27:21 mail augenrules[29465]: pid 29464
Mar  4 06:27:21 mail augenrules[29465]: rate_limit 0
Mar  4 06:27:21 mail augenrules[29465]: backlog_limit 81920
Mar  4 06:27:21 mail augenrules[29465]: lost 2265
Mar  4 06:27:21 mail augenrules[29465]: backlog 1
Mar  4 06:27:21 mail augenrules[29465]: backlog_wait_time 0
Mar  4 06:27:21 mail augenrules[29465]: enabled 1
Mar  4 06:27:21 mail augenrules[29465]: failure 1
Mar  4 06:27:21 mail augenrules[29465]: pid 29464
Mar  4 06:27:21 mail augenrules[29465]: rate_limit 0
Mar  4 06:27:21 mail augenrules[29465]: backlog_limit 81920
Mar  4 06:27:21 mail augenrules[29465]: lost 2265
Mar  4 06:27:21 mail augenrules[29465]: backlog 1
Mar  4 06:27:21 mail augenrules[29465]: backlog_wait_time 0
Mar  4 06:27:21 mail auditd[29464]: Init complete, auditd 2.6.7 listening for events (startup state enable)
Mar  4 06:39:17 mail systemd[1]: Starting Clean php session files...
Mar  4 06:39:18 mail systemd[1]: Started Clean php session files.
Mar  4 07:09:17 mail systemd[1]: Starting Clean php session files...
Mar  4 07:09:18 mail systemd[1]: Started Clean php session files.
Mar  4 07:26:44 mail dhclient[376]: DHCPREQUEST of 192.168.10.122 on eth0 to 192.168.10.2 port 67
Mar  4 07:26:45 mail dhclient[376]: DHCPACK of 192.168.10.122 from 192.168.10.2
Mar  4 07:26:45 mail dhclient[376]: bound to 192.168.10.122 -- renewal in 37083 seconds.
Mar  4 07:39:18 mail systemd[1]: Starting Clean php session files...
Mar  4 07:39:18 mail systemd[1]: Started Clean php session files.
Mar  4 08:09:17 mail systemd[1]: Starting Clean php session files...
Mar  4 08:09:18 mail systemd[1]: Started Clean php session files.
Mar  4 08:39:17 mail systemd[1]: Starting Clean php session files...
Mar  4 08:39:18 mail systemd[1]: Started Clean php session files.
Mar  4 09:09:17 mail systemd[1]: Starting Clean php session files...
Mar  4 09:09:18 mail systemd[1]: Started Clean php session files.
Mar  4 09:39:17 mail systemd[1]: Starting Clean php session files...
Mar  4 09:39:18 mail systemd[1]: Started Clean php session files.
Mar  4 10:09:18 mail systemd[1]: Starting Clean php session files...
Mar  4 10:09:18 mail systemd[1]: Started Clean php session files.
Mar  4 10:39:17 mail systemd[1]: Starting Clean php session files...
Mar  4 10:39:18 mail systemd[1]: Started Clean php session files.
Mar  4 11:09:17 mail systemd[1]: Starting Clean php session files...
Mar  4 11:09:18 mail systemd[1]: Started Clean php session files.
Mar  4 11:39:17 mail systemd[1]: Starting Clean php session files...
Mar  4 11:39:18 mail systemd[1]: Started Clean php session files.
Mar  4 12:09:17 mail systemd[1]: Starting Clean php session files...
Mar  4 12:09:18 mail systemd[1]: Started Clean php session files.
Mar  4 12:39:18 mail systemd[1]: Starting Clean php session files...
Mar  4 12:39:18 mail systemd[1]: Started Clean php session files.
Mar  4 13:09:18 mail systemd[1]: Starting Clean php session files...
Mar  4 13:09:18 mail systemd[1]: Started Clean php session files.
Mar  4 13:25:32 mail dhclient[407]: DHCPREQUEST of 192.168.10.122 on eth0 to 192.168.10.2 port 67
Mar  4 13:25:32 mail dhclient[407]: DHCPACK of 192.168.10.122 from 192.168.10.2
Mar  4 13:25:32 mail dhclient[407]: bound to 192.168.10.122 -- renewal in 38122 seconds.
Mar  4 13:39:17 mail systemd[1]: Starting Clean php session files...
Mar  4 13:39:18 mail systemd[1]: Started Clean php session files.
Mar  4 14:09:17 mail systemd[1]: Starting Clean php session files...
Mar  4 14:09:18 mail systemd[1]: Started Clean php session files.
Mar  4 14:39:17 mail systemd[1]: Starting Clean php session files...
Mar  4 14:39:18 mail systemd[1]: Started Clean php session files.
Mar  4 15:09:17 mail systemd[1]: Starting Clean php session files...
Mar  4 15:09:18 mail systemd[1]: Started Clean php session files.
Mar  4 15:39:17 mail systemd[1]: Starting Clean php session files...
Mar  4 15:39:18 mail systemd[1]: Started Clean php session files.
Mar  4 16:09:18 mail systemd[1]: Starting Clean php session files...
Mar  4 16:09:18 mail systemd[1]: Started Clean php session files.
Mar  4 16:36:17 mail systemd[1]: Starting Daily apt download activities...
Mar  4 16:36:18 mail systemd[1]: Started Daily apt download activities.
Mar  4 16:36:18 mail systemd[1]: apt-daily.timer: Adding 9h 7min 54.150402s random time.
Mar  4 16:36:18 mail systemd[1]: apt-daily.timer: Adding 11h 9min 53.199001s random time.
Mar  4 16:39:02 mail systemd[1]: Starting Clean php session files...
Mar  4 16:39:02 mail systemd[1]: Started Clean php session files.
Mar  4 17:09:38 mail systemd[1]: Starting Clean php session files...
Mar  4 17:09:38 mail systemd[1]: Started Clean php session files.
Mar  4 17:39:17 mail systemd[1]: Starting Clean php session files...
Mar  4 17:39:18 mail systemd[1]: Started Clean php session files.
Mar  4 17:44:48 mail dhclient[376]: DHCPREQUEST of 192.168.10.122 on eth0 to 192.168.10.2 port 67
Mar  4 17:44:48 mail dhclient[376]: DHCPACK of 192.168.10.122 from 192.168.10.2
Mar  4 17:44:48 mail dhclient[376]: bound to 192.168.10.122 -- renewal in 35505 seconds.
Mar  4 18:09:18 mail systemd[1]: Starting Clean php session files...
Mar  4 18:09:18 mail systemd[1]: Started Clean php session files.
Mar  4 18:28:17 mail systemd[1]: Starting Cleanup of Temporary Directories...
Mar  4 18:28:17 mail systemd[1]: Started Cleanup of Temporary Directories.
Mar  4 18:39:37 mail systemd[1]: Starting Clean php session files...
Mar  4 18:39:38 mail systemd[1]: Started Clean php session files.
Mar  4 19:09:18 mail systemd[1]: Starting Clean php session files...
Mar  4 19:09:18 mail systemd[1]: Started Clean php session files.
Mar  4 19:39:18 mail systemd[1]: Starting Clean php session files...
Mar  4 19:39:18 mail systemd[1]: Started Clean php session files.
Mar  4 20:09:18 mail systemd[1]: Starting Clean php session files...
Mar  4 20:09:18 mail systemd[1]: Started Clean php session files.
Mar  4 20:39:18 mail systemd[1]: Starting Clean php session files...
Mar  4 20:39:18 mail systemd[1]: Started Clean php session files.
Mar  4 21:09:17 mail systemd[1]: Starting Clean php session files...
Mar  4 21:09:18 mail systemd[1]: Started Clean php session files.
Mar  4 21:39:18 mail systemd[1]: Starting Clean php session files...
Mar  4 21:39:18 mail systemd[1]: Started Clean php session files.
Mar  4 22:09:17 mail systemd[1]: Starting Clean php session files...
Mar  4 22:09:18 mail systemd[1]: Started Clean php session files.
Mar  4 22:39:17 mail systemd[1]: Starting Clean php session files...
Mar  4 22:39:18 mail systemd[1]: Started Clean php session files.
Mar  4 23:09:17 mail systemd[1]: Starting Clean php session files...
Mar  4 23:09:18 mail systemd[1]: Started Clean php session files.
Mar  4 23:39:17 mail systemd[1]: Starting Clean php session files...
Mar  4 23:39:18 mail systemd[1]: Started Clean php session files.
