Mar  3 00:09:01 mail systemd[1]: Starting Clean php session files...
Mar  3 00:09:02 mail systemd[1]: Started Clean php session files.
Mar  3 00:28:23 mail freshclam[24880]: Tue Mar  3 00:28:23 2020 -> Received signal: wake up
Mar  3 00:28:23 mail freshclam[24880]: Tue Mar  3 00:28:23 2020 -> ClamAV update process started at Tue Mar  3 00:28:23 2020
Mar  3 00:28:23 mail freshclam[24880]: Tue Mar  3 00:28:23 2020 -> ^Your ClamAV installation is OUTDATED!
Mar  3 00:28:23 mail freshclam[24880]: Tue Mar  3 00:28:23 2020 -> ^Local version: 0.100.2 Recommended version: 0.102.2
Mar  3 00:28:23 mail freshclam[24880]: Tue Mar  3 00:28:23 2020 -> DON'T PANIC! Read https://www.clamav.net/documents/upgrading-clamav
Mar  3 00:28:23 mail freshclam[24880]: Tue Mar  3 00:28:23 2020 -> main.cvd is up to date (version: 59, sigs: 4564902, f-level: 60, builder: sigmgr)
Mar  3 00:28:23 mail freshclam[24880]: Tue Mar  3 00:28:23 2020 -> daily.cld is up to date (version: 25739, sigs: 2203033, f-level: 63, builder: raynman)
Mar  3 00:28:23 mail freshclam[24880]: Tue Mar  3 00:28:23 2020 -> bytecode.cvd is up to date (version: 331, sigs: 94, f-level: 63, builder: anvilleg)
Mar  3 00:39:01 mail systemd[1]: Starting Clean php session files...
Mar  3 00:39:02 mail systemd[1]: Started Clean php session files.
Mar  3 01:09:02 mail systemd[1]: Starting Clean php session files...
Mar  3 01:09:02 mail systemd[1]: Started Clean php session files.
Mar  3 01:28:23 mail freshclam[24880]: Tue Mar  3 01:28:23 2020 -> Received signal: wake up
Mar  3 01:28:23 mail freshclam[24880]: Tue Mar  3 01:28:23 2020 -> ClamAV update process started at Tue Mar  3 01:28:23 2020
Mar  3 01:28:23 mail freshclam[24880]: Tue Mar  3 01:28:23 2020 -> ^Your ClamAV installation is OUTDATED!
Mar  3 01:28:23 mail freshclam[24880]: Tue Mar  3 01:28:23 2020 -> ^Local version: 0.100.2 Recommended version: 0.102.2
Mar  3 01:28:23 mail freshclam[24880]: Tue Mar  3 01:28:23 2020 -> DON'T PANIC! Read https://www.clamav.net/documents/upgrading-clamav
Mar  3 01:28:23 mail freshclam[24880]: Tue Mar  3 01:28:23 2020 -> main.cvd is up to date (version: 59, sigs: 4564902, f-level: 60, builder: sigmgr)
Mar  3 01:28:23 mail freshclam[24880]: Tue Mar  3 01:28:23 2020 -> daily.cld is up to date (version: 25739, sigs: 2203033, f-level: 63, builder: raynman)
Mar  3 01:28:23 mail freshclam[24880]: Tue Mar  3 01:28:23 2020 -> bytecode.cvd is up to date (version: 331, sigs: 94, f-level: 63, builder: anvilleg)
Mar  3 01:39:02 mail systemd[1]: Starting Clean php session files...
Mar  3 01:39:02 mail systemd[1]: Started Clean php session files.
Mar  3 02:09:02 mail systemd[1]: Starting Clean php session files...
Mar  3 02:09:02 mail systemd[1]: Started Clean php session files.
Mar  3 02:27:56 mail dhclient[373]: DHCPREQUEST of 192.168.10.177 on eth0 to 192.168.10.2 port 67
Mar  3 02:27:56 mail dhclient[373]: DHCPACK of 192.168.10.177 from 192.168.10.2
Mar  3 02:27:56 mail dhclient[373]: bound to 192.168.10.177 -- renewal in 32465 seconds.
Mar  3 02:28:23 mail freshclam[24880]: Tue Mar  3 02:28:23 2020 -> Received signal: wake up
Mar  3 02:28:23 mail freshclam[24880]: Tue Mar  3 02:28:23 2020 -> ClamAV update process started at Tue Mar  3 02:28:23 2020
Mar  3 02:28:23 mail freshclam[24880]: Tue Mar  3 02:28:23 2020 -> ^Your ClamAV installation is OUTDATED!
Mar  3 02:28:23 mail freshclam[24880]: Tue Mar  3 02:28:23 2020 -> ^Local version: 0.100.2 Recommended version: 0.102.2
Mar  3 02:28:23 mail freshclam[24880]: Tue Mar  3 02:28:23 2020 -> DON'T PANIC! Read https://www.clamav.net/documents/upgrading-clamav
Mar  3 02:28:23 mail freshclam[24880]: Tue Mar  3 02:28:23 2020 -> main.cvd is up to date (version: 59, sigs: 4564902, f-level: 60, builder: sigmgr)
Mar  3 02:28:23 mail freshclam[24880]: Tue Mar  3 02:28:23 2020 -> daily.cld is up to date (version: 25739, sigs: 2203033, f-level: 63, builder: raynman)
Mar  3 02:28:23 mail freshclam[24880]: Tue Mar  3 02:28:23 2020 -> bytecode.cvd is up to date (version: 331, sigs: 94, f-level: 63, builder: anvilleg)
Mar  3 02:39:02 mail systemd[1]: Starting Clean php session files...
Mar  3 02:39:02 mail systemd[1]: Started Clean php session files.
Mar  3 03:09:02 mail systemd[1]: Starting Clean php session files...
Mar  3 03:09:02 mail systemd[1]: Started Clean php session files.
Mar  3 03:28:23 mail freshclam[24880]: Tue Mar  3 03:28:23 2020 -> Received signal: wake up
Mar  3 03:28:23 mail freshclam[24880]: Tue Mar  3 03:28:23 2020 -> ClamAV update process started at Tue Mar  3 03:28:23 2020
Mar  3 03:28:23 mail freshclam[24880]: Tue Mar  3 03:28:23 2020 -> ^Your ClamAV installation is OUTDATED!
Mar  3 03:28:23 mail freshclam[24880]: Tue Mar  3 03:28:23 2020 -> ^Local version: 0.100.2 Recommended version: 0.102.2
Mar  3 03:28:23 mail freshclam[24880]: Tue Mar  3 03:28:23 2020 -> DON'T PANIC! Read https://www.clamav.net/documents/upgrading-clamav
Mar  3 03:28:23 mail freshclam[24880]: Tue Mar  3 03:28:23 2020 -> main.cvd is up to date (version: 59, sigs: 4564902, f-level: 60, builder: sigmgr)
Mar  3 03:28:23 mail freshclam[24880]: Tue Mar  3 03:28:23 2020 -> daily.cld is up to date (version: 25739, sigs: 2203033, f-level: 63, builder: raynman)
Mar  3 03:28:23 mail freshclam[24880]: Tue Mar  3 03:28:23 2020 -> bytecode.cvd is up to date (version: 331, sigs: 94, f-level: 63, builder: anvilleg)
Mar  3 03:39:01 mail systemd[1]: Starting Clean php session files...
Mar  3 03:39:02 mail systemd[1]: Started Clean php session files.
Mar  3 04:09:01 mail systemd[1]: Starting Clean php session files...
Mar  3 04:09:02 mail systemd[1]: Started Clean php session files.
Mar  3 04:14:36 mail dhclient[404]: DHCPREQUEST of 192.168.10.177 on eth0 to 192.168.10.2 port 67
Mar  3 04:14:36 mail dhclient[404]: DHCPACK of 192.168.10.177 from 192.168.10.2
Mar  3 04:14:36 mail dhclient[404]: bound to 192.168.10.177 -- renewal in 35419 seconds.
Mar  3 04:28:23 mail freshclam[24880]: Tue Mar  3 04:28:23 2020 -> Received signal: wake up
Mar  3 04:28:23 mail freshclam[24880]: Tue Mar  3 04:28:23 2020 -> ClamAV update process started at Tue Mar  3 04:28:23 2020
Mar  3 04:28:23 mail freshclam[24880]: Tue Mar  3 04:28:23 2020 -> ^Your ClamAV installation is OUTDATED!
Mar  3 04:28:23 mail freshclam[24880]: Tue Mar  3 04:28:23 2020 -> ^Local version: 0.100.2 Recommended version: 0.102.2
Mar  3 04:28:23 mail freshclam[24880]: Tue Mar  3 04:28:23 2020 -> DON'T PANIC! Read https://www.clamav.net/documents/upgrading-clamav
Mar  3 04:28:23 mail freshclam[24880]: Tue Mar  3 04:28:23 2020 -> main.cvd is up to date (version: 59, sigs: 4564902, f-level: 60, builder: sigmgr)
Mar  3 04:28:23 mail freshclam[24880]: Tue Mar  3 04:28:23 2020 -> daily.cld is up to date (version: 25739, sigs: 2203033, f-level: 63, builder: raynman)
Mar  3 04:28:23 mail freshclam[24880]: Tue Mar  3 04:28:23 2020 -> bytecode.cvd is up to date (version: 331, sigs: 94, f-level: 63, builder: anvilleg)
Mar  3 04:39:02 mail systemd[1]: Starting Clean php session files...
Mar  3 04:39:02 mail systemd[1]: Started Clean php session files.
Mar  3 05:09:01 mail systemd[1]: Starting Clean php session files...
Mar  3 05:09:02 mail systemd[1]: Started Clean php session files.
Mar  3 05:16:34 mail systemd[1]: Starting Daily apt download activities...
Mar  3 05:16:35 mail systemd[1]: Started Daily apt download activities.
Mar  3 05:16:35 mail systemd[1]: apt-daily.timer: Adding 9h 34min 46.291322s random time.
Mar  3 05:16:35 mail systemd[1]: apt-daily.timer: Adding 7h 5min 57.279719s random time.
Mar  3 05:28:23 mail freshclam[24880]: Tue Mar  3 05:28:23 2020 -> Received signal: wake up
Mar  3 05:28:23 mail freshclam[24880]: Tue Mar  3 05:28:23 2020 -> ClamAV update process started at Tue Mar  3 05:28:23 2020
Mar  3 05:28:23 mail freshclam[24880]: Tue Mar  3 05:28:23 2020 -> ^Your ClamAV installation is OUTDATED!
Mar  3 05:28:23 mail freshclam[24880]: Tue Mar  3 05:28:23 2020 -> ^Local version: 0.100.2 Recommended version: 0.102.2
Mar  3 05:28:23 mail freshclam[24880]: Tue Mar  3 05:28:23 2020 -> DON'T PANIC! Read https://www.clamav.net/documents/upgrading-clamav
Mar  3 05:28:23 mail freshclam[24880]: Tue Mar  3 05:28:23 2020 -> main.cvd is up to date (version: 59, sigs: 4564902, f-level: 60, builder: sigmgr)
Mar  3 05:28:23 mail freshclam[24880]: Tue Mar  3 05:28:23 2020 -> daily.cld is up to date (version: 25739, sigs: 2203033, f-level: 63, builder: raynman)
Mar  3 05:28:23 mail freshclam[24880]: Tue Mar  3 05:28:23 2020 -> bytecode.cvd is up to date (version: 331, sigs: 94, f-level: 63, builder: anvilleg)
Mar  3 05:39:01 mail systemd[1]: Starting Clean php session files...
Mar  3 05:39:02 mail systemd[1]: Started Clean php session files.
Mar  3 06:09:01 mail systemd[1]: Starting Clean php session files...
Mar  3 06:09:02 mail systemd[1]: Started Clean php session files.
Mar  3 06:25:10 mail systemd[1]: Reloading The Apache HTTP Server.
Mar  3 06:25:16 mail systemd[1]: Reloaded The Apache HTTP Server.
Mar  3 06:28:08 mail systemd[1]: Stopping Security Auditing Service...
Mar  3 06:28:08 mail auditd[22688]: The audit daemon is exiting.
Mar  3 06:28:08 mail systemd[1]: Stopped Security Auditing Service.
Mar  3 06:28:08 mail augenrules[10035]: /sbin/augenrules: No change
Mar  3 06:28:08 mail systemd[1]: Starting Security Auditing Service...
Mar  3 06:28:08 mail auditd[10034]: Started dispatcher: /sbin/audispd pid: 10046
Mar  3 06:28:08 mail augenrules[10035]: No rules
Mar  3 06:28:08 mail augenrules[10035]: enabled 1
Mar  3 06:28:08 mail augenrules[10035]: failure 1
Mar  3 06:28:08 mail augenrules[10035]: pid 10034
Mar  3 06:28:08 mail augenrules[10035]: rate_limit 0
Mar  3 06:28:08 mail augenrules[10035]: backlog_limit 81920
Mar  3 06:28:08 mail augenrules[10035]: lost 1310
Mar  3 06:28:08 mail augenrules[10035]: backlog 0
Mar  3 06:28:08 mail augenrules[10035]: backlog_wait_time 0
Mar  3 06:28:08 mail augenrules[10035]: enabled 1
Mar  3 06:28:08 mail augenrules[10035]: failure 1
Mar  3 06:28:08 mail augenrules[10035]: pid 10034
Mar  3 06:28:08 mail augenrules[10035]: rate_limit 0
Mar  3 06:28:08 mail augenrules[10035]: backlog_limit 81920
Mar  3 06:28:08 mail augenrules[10035]: lost 1310
Mar  3 06:28:08 mail augenrules[10035]: backlog 0
Mar  3 06:28:08 mail augenrules[10035]: backlog_wait_time 0
Mar  3 06:28:08 mail systemd[1]: Started Security Auditing Service.
Mar  3 06:28:08 mail auditd[10034]: Init complete, auditd 2.6.7 listening for events (startup state enable)
Mar  3 06:28:23 mail freshclam[24880]: Tue Mar  3 06:28:23 2020 -> Received signal: wake up
Mar  3 06:28:24 mail freshclam[24880]: Tue Mar  3 06:28:23 2020 -> ClamAV update process started at Tue Mar  3 06:28:23 2020
Mar  3 06:28:24 mail freshclam[24880]: Tue Mar  3 06:28:24 2020 -> ^Your ClamAV installation is OUTDATED!
Mar  3 06:28:24 mail freshclam[24880]: Tue Mar  3 06:28:24 2020 -> ^Local version: 0.100.2 Recommended version: 0.102.2
Mar  3 06:28:24 mail freshclam[24880]: Tue Mar  3 06:28:24 2020 -> DON'T PANIC! Read https://www.clamav.net/documents/upgrading-clamav
Mar  3 06:28:24 mail freshclam[24880]: Tue Mar  3 06:28:24 2020 -> main.cvd is up to date (version: 59, sigs: 4564902, f-level: 60, builder: sigmgr)
Mar  3 06:28:24 mail freshclam[24880]: Tue Mar  3 06:28:24 2020 -> daily.cld is up to date (version: 25739, sigs: 2203033, f-level: 63, builder: raynman)
Mar  3 06:28:24 mail freshclam[24880]: Tue Mar  3 06:28:24 2020 -> bytecode.cvd is up to date (version: 331, sigs: 94, f-level: 63, builder: anvilleg)
Mar  3 06:31:01 mail systemd[1]: Starting Daily apt upgrade and clean activities...
Mar  3 06:31:02 mail systemd[1]: Started Daily apt upgrade and clean activities.
Mar  3 06:31:02 mail systemd[1]: apt-daily-upgrade.timer: Adding 31min 10.720986s random time.
Mar  3 06:31:02 mail systemd[1]: apt-daily-upgrade.timer: Adding 31min 35.111530s random time.
Mar  3 06:39:01 mail systemd[1]: Starting Clean php session files...
Mar  3 06:39:02 mail systemd[1]: Started Clean php session files.
Mar  3 07:09:01 mail systemd[1]: Starting Clean php session files...
Mar  3 07:09:02 mail systemd[1]: Started Clean php session files.
Mar  3 07:28:24 mail freshclam[24880]: Tue Mar  3 07:28:24 2020 -> Received signal: wake up
Mar  3 07:28:24 mail freshclam[24880]: Tue Mar  3 07:28:24 2020 -> ClamAV update process started at Tue Mar  3 07:28:24 2020
Mar  3 07:28:24 mail freshclam[24880]: Tue Mar  3 07:28:24 2020 -> ^Your ClamAV installation is OUTDATED!
Mar  3 07:28:24 mail freshclam[24880]: Tue Mar  3 07:28:24 2020 -> ^Local version: 0.100.2 Recommended version: 0.102.2
Mar  3 07:28:24 mail freshclam[24880]: Tue Mar  3 07:28:24 2020 -> DON'T PANIC! Read https://www.clamav.net/documents/upgrading-clamav
Mar  3 07:28:24 mail freshclam[24880]: Tue Mar  3 07:28:24 2020 -> main.cvd is up to date (version: 59, sigs: 4564902, f-level: 60, builder: sigmgr)
Mar  3 07:28:24 mail freshclam[24880]: Tue Mar  3 07:28:24 2020 -> daily.cld is up to date (version: 25739, sigs: 2203033, f-level: 63, builder: raynman)
Mar  3 07:28:24 mail freshclam[24880]: Tue Mar  3 07:28:24 2020 -> bytecode.cvd is up to date (version: 331, sigs: 94, f-level: 63, builder: anvilleg)
Mar  3 07:39:02 mail systemd[1]: Starting Clean php session files...
Mar  3 07:39:02 mail systemd[1]: Started Clean php session files.
Mar  3 08:09:01 mail systemd[1]: Starting Clean php session files...
Mar  3 08:09:02 mail systemd[1]: Started Clean php session files.
Mar  3 08:28:24 mail freshclam[24880]: Tue Mar  3 08:28:24 2020 -> Received signal: wake up
Mar  3 08:28:24 mail freshclam[24880]: Tue Mar  3 08:28:24 2020 -> ClamAV update process started at Tue Mar  3 08:28:24 2020
Mar  3 08:28:24 mail freshclam[24880]: Tue Mar  3 08:28:24 2020 -> ^Your ClamAV installation is OUTDATED!
Mar  3 08:28:24 mail freshclam[24880]: Tue Mar  3 08:28:24 2020 -> ^Local version: 0.100.2 Recommended version: 0.102.2
Mar  3 08:28:24 mail freshclam[24880]: Tue Mar  3 08:28:24 2020 -> DON'T PANIC! Read https://www.clamav.net/documents/upgrading-clamav
Mar  3 08:28:24 mail freshclam[24880]: Tue Mar  3 08:28:24 2020 -> main.cvd is up to date (version: 59, sigs: 4564902, f-level: 60, builder: sigmgr)
Mar  3 08:28:24 mail freshclam[24880]: Tue Mar  3 08:28:24 2020 -> daily.cld is up to date (version: 25739, sigs: 2203033, f-level: 63, builder: raynman)
Mar  3 08:28:24 mail freshclam[24880]: Tue Mar  3 08:28:24 2020 -> bytecode.cvd is up to date (version: 331, sigs: 94, f-level: 63, builder: anvilleg)
Mar  3 08:39:01 mail systemd[1]: Starting Clean php session files...
Mar  3 08:39:02 mail systemd[1]: Started Clean php session files.
Mar  3 09:09:02 mail systemd[1]: Starting Clean php session files...
Mar  3 09:09:02 mail systemd[1]: Started Clean php session files.
Mar  3 09:28:24 mail freshclam[24880]: Tue Mar  3 09:28:24 2020 -> Received signal: wake up
Mar  3 09:28:24 mail freshclam[24880]: Tue Mar  3 09:28:24 2020 -> ClamAV update process started at Tue Mar  3 09:28:24 2020
Mar  3 09:28:24 mail freshclam[24880]: Tue Mar  3 09:28:24 2020 -> ^Your ClamAV installation is OUTDATED!
Mar  3 09:28:24 mail freshclam[24880]: Tue Mar  3 09:28:24 2020 -> ^Local version: 0.100.2 Recommended version: 0.102.2
Mar  3 09:28:24 mail freshclam[24880]: Tue Mar  3 09:28:24 2020 -> DON'T PANIC! Read https://www.clamav.net/documents/upgrading-clamav
Mar  3 09:28:24 mail freshclam[24880]: Tue Mar  3 09:28:24 2020 -> main.cvd is up to date (version: 59, sigs: 4564902, f-level: 60, builder: sigmgr)
Mar  3 09:28:24 mail freshclam[24880]: Tue Mar  3 09:28:24 2020 -> daily.cld is up to date (version: 25739, sigs: 2203033, f-level: 63, builder: raynman)
Mar  3 09:28:24 mail freshclam[24880]: Tue Mar  3 09:28:24 2020 -> bytecode.cvd is up to date (version: 331, sigs: 94, f-level: 63, builder: anvilleg)
Mar  3 09:39:02 mail systemd[1]: Starting Clean php session files...
Mar  3 09:39:02 mail systemd[1]: Started Clean php session files.
Mar  3 10:09:01 mail systemd[1]: Starting Clean php session files...
Mar  3 10:09:02 mail systemd[1]: Started Clean php session files.
Mar  3 10:28:24 mail freshclam[24880]: Tue Mar  3 10:28:24 2020 -> Received signal: wake up
Mar  3 10:28:24 mail freshclam[24880]: Tue Mar  3 10:28:24 2020 -> ClamAV update process started at Tue Mar  3 10:28:24 2020
Mar  3 10:28:24 mail freshclam[24880]: Tue Mar  3 10:28:24 2020 -> ^Your ClamAV installation is OUTDATED!
Mar  3 10:28:24 mail freshclam[24880]: Tue Mar  3 10:28:24 2020 -> ^Local version: 0.100.2 Recommended version: 0.102.2
Mar  3 10:28:24 mail freshclam[24880]: Tue Mar  3 10:28:24 2020 -> DON'T PANIC! Read https://www.clamav.net/documents/upgrading-clamav
Mar  3 10:28:24 mail freshclam[24880]: Tue Mar  3 10:28:24 2020 -> main.cvd is up to date (version: 59, sigs: 4564902, f-level: 60, builder: sigmgr)
Mar  3 10:28:24 mail freshclam[24880]: Tue Mar  3 10:28:24 2020 -> daily.cld is up to date (version: 25739, sigs: 2203033, f-level: 63, builder: raynman)
Mar  3 10:28:24 mail freshclam[24880]: Tue Mar  3 10:28:24 2020 -> bytecode.cvd is up to date (version: 331, sigs: 94, f-level: 63, builder: anvilleg)
Mar  3 10:39:01 mail systemd[1]: Starting Clean php session files...
Mar  3 10:39:02 mail systemd[1]: Started Clean php session files.
Mar  3 11:09:02 mail systemd[1]: Starting Clean php session files...
Mar  3 11:09:02 mail systemd[1]: Started Clean php session files.
Mar  3 11:28:24 mail freshclam[24880]: Tue Mar  3 11:28:24 2020 -> Received signal: wake up
Mar  3 11:28:24 mail freshclam[24880]: Tue Mar  3 11:28:24 2020 -> ClamAV update process started at Tue Mar  3 11:28:24 2020
Mar  3 11:28:24 mail freshclam[24880]: Tue Mar  3 11:28:24 2020 -> ^Your ClamAV installation is OUTDATED!
Mar  3 11:28:24 mail freshclam[24880]: Tue Mar  3 11:28:24 2020 -> ^Local version: 0.100.2 Recommended version: 0.102.2
Mar  3 11:28:24 mail freshclam[24880]: Tue Mar  3 11:28:24 2020 -> DON'T PANIC! Read https://www.clamav.net/documents/upgrading-clamav
Mar  3 11:28:24 mail freshclam[24880]: Tue Mar  3 11:28:24 2020 -> main.cvd is up to date (version: 59, sigs: 4564902, f-level: 60, builder: sigmgr)
Mar  3 11:28:24 mail freshclam[24880]: Tue Mar  3 11:28:24 2020 -> daily.cld is up to date (version: 25739, sigs: 2203033, f-level: 63, builder: raynman)
Mar  3 11:28:24 mail freshclam[24880]: Tue Mar  3 11:28:24 2020 -> bytecode.cvd is up to date (version: 331, sigs: 94, f-level: 63, builder: anvilleg)
Mar  3 11:29:02 mail dhclient[373]: DHCPREQUEST of 192.168.10.177 on eth0 to 192.168.10.2 port 67
Mar  3 11:29:02 mail dhclient[373]: DHCPACK of 192.168.10.177 from 192.168.10.2
Mar  3 11:29:02 mail dhclient[373]: bound to 192.168.10.177 -- renewal in 32903 seconds.
Mar  3 11:39:01 mail systemd[1]: Starting Clean php session files...
Mar  3 11:39:02 mail systemd[1]: Started Clean php session files.
Mar  3 12:09:01 mail systemd[1]: Starting Clean php session files...
Mar  3 12:09:02 mail systemd[1]: Started Clean php session files.
Mar  3 12:28:24 mail freshclam[24880]: Tue Mar  3 12:28:24 2020 -> Received signal: wake up
Mar  3 12:28:24 mail freshclam[24880]: Tue Mar  3 12:28:24 2020 -> ClamAV update process started at Tue Mar  3 12:28:24 2020
Mar  3 12:28:24 mail freshclam[24880]: Tue Mar  3 12:28:24 2020 -> ^Your ClamAV installation is OUTDATED!
Mar  3 12:28:24 mail freshclam[24880]: Tue Mar  3 12:28:24 2020 -> ^Local version: 0.100.2 Recommended version: 0.102.2
Mar  3 12:28:24 mail freshclam[24880]: Tue Mar  3 12:28:24 2020 -> DON'T PANIC! Read https://www.clamav.net/documents/upgrading-clamav
Mar  3 12:28:24 mail freshclam[24880]: Tue Mar  3 12:28:24 2020 -> main.cvd is up to date (version: 59, sigs: 4564902, f-level: 60, builder: sigmgr)
Mar  3 12:28:26 mail freshclam[24880]: Tue Mar  3 12:28:26 2020 -> Downloading daily-25740.cdiff [100%]
Mar  3 12:29:37 mail freshclam[24880]: Tue Mar  3 12:29:37 2020 -> daily.cld updated (version: 25740, sigs: 2204413, f-level: 63, builder: raynman)
Mar  3 12:30:07 mail freshclam[24880]: Tue Mar  3 12:30:07 2020 -> *Can't query daily.25740.93.1.0.6810DB54.ping.clamav.net
Mar  3 12:30:07 mail freshclam[24880]: Tue Mar  3 12:30:07 2020 -> bytecode.cvd is up to date (version: 331, sigs: 94, f-level: 63, builder: anvilleg)
Mar  3 12:30:12 mail freshclam[24880]: Tue Mar  3 12:30:12 2020 -> Database updated (6769409 signatures) from db.local.clamav.net (IP: 104.16.219.84)
Mar  3 12:30:12 mail freshclam[24880]: Tue Mar  3 12:30:12 2020 -> !NotifyClamd: Can't find or parse configuration file /etc/clamav/clamd.conf
Mar  3 12:39:01 mail systemd[1]: Starting Clean php session files...
Mar  3 12:39:02 mail systemd[1]: Started Clean php session files.
Mar  3 13:06:01 mail systemd[1]: Starting Daily apt download activities...
Mar  3 13:06:02 mail systemd[1]: Started Daily apt download activities.
Mar  3 13:06:02 mail systemd[1]: apt-daily.timer: Adding 9h 53min 34.945779s random time.
Mar  3 13:06:02 mail systemd[1]: apt-daily.timer: Adding 10h 22min 3.762966s random time.
Mar  3 13:09:01 mail systemd[1]: Starting Clean php session files...
Mar  3 13:09:02 mail systemd[1]: Started Clean php session files.
Mar  3 13:30:12 mail freshclam[24880]: Tue Mar  3 13:30:12 2020 -> Received signal: wake up
Mar  3 13:30:13 mail freshclam[24880]: Tue Mar  3 13:30:12 2020 -> ClamAV update process started at Tue Mar  3 13:30:12 2020
Mar  3 13:30:13 mail freshclam[24880]: Tue Mar  3 13:30:12 2020 -> ^Your ClamAV installation is OUTDATED!
Mar  3 13:30:13 mail freshclam[24880]: Tue Mar  3 13:30:12 2020 -> ^Local version: 0.100.2 Recommended version: 0.102.2
Mar  3 13:30:13 mail freshclam[24880]: Tue Mar  3 13:30:12 2020 -> DON'T PANIC! Read https://www.clamav.net/documents/upgrading-clamav
Mar  3 13:30:13 mail freshclam[24880]: Tue Mar  3 13:30:12 2020 -> main.cvd is up to date (version: 59, sigs: 4564902, f-level: 60, builder: sigmgr)
Mar  3 13:30:13 mail freshclam[24880]: Tue Mar  3 13:30:12 2020 -> daily.cld is up to date (version: 25740, sigs: 2204413, f-level: 63, builder: raynman)
Mar  3 13:30:13 mail freshclam[24880]: Tue Mar  3 13:30:12 2020 -> bytecode.cvd is up to date (version: 331, sigs: 94, f-level: 63, builder: anvilleg)
Mar  3 13:39:02 mail systemd[1]: Starting Clean php session files...
Mar  3 13:39:02 mail systemd[1]: Started Clean php session files.
Mar  3 14:04:55 mail dhclient[404]: DHCPREQUEST of 192.168.10.177 on eth0 to 192.168.10.2 port 67
Mar  3 14:04:55 mail dhclient[404]: DHCPACK of 192.168.10.177 from 192.168.10.2
Mar  3 14:04:55 mail dhclient[404]: bound to 192.168.10.177 -- renewal in 39219 seconds.
Mar  3 14:09:02 mail systemd[1]: Starting Clean php session files...
Mar  3 14:09:02 mail systemd[1]: Started Clean php session files.
Mar  3 14:30:12 mail freshclam[24880]: Tue Mar  3 14:30:12 2020 -> Received signal: wake up
Mar  3 14:30:13 mail freshclam[24880]: Tue Mar  3 14:30:12 2020 -> ClamAV update process started at Tue Mar  3 14:30:12 2020
Mar  3 14:30:13 mail freshclam[24880]: Tue Mar  3 14:30:12 2020 -> ^Your ClamAV installation is OUTDATED!
Mar  3 14:30:13 mail freshclam[24880]: Tue Mar  3 14:30:12 2020 -> ^Local version: 0.100.2 Recommended version: 0.102.2
Mar  3 14:30:13 mail freshclam[24880]: Tue Mar  3 14:30:12 2020 -> DON'T PANIC! Read https://www.clamav.net/documents/upgrading-clamav
Mar  3 14:30:13 mail freshclam[24880]: Tue Mar  3 14:30:12 2020 -> main.cvd is up to date (version: 59, sigs: 4564902, f-level: 60, builder: sigmgr)
Mar  3 14:30:13 mail freshclam[24880]: Tue Mar  3 14:30:12 2020 -> daily.cld is up to date (version: 25740, sigs: 2204413, f-level: 63, builder: raynman)
Mar  3 14:30:13 mail freshclam[24880]: Tue Mar  3 14:30:12 2020 -> bytecode.cvd is up to date (version: 331, sigs: 94, f-level: 63, builder: anvilleg)
Mar  3 14:39:02 mail systemd[1]: Starting Clean php session files...
Mar  3 14:39:02 mail systemd[1]: Started Clean php session files.
Mar  3 15:09:01 mail systemd[1]: Starting Clean php session files...
Mar  3 15:09:02 mail systemd[1]: Started Clean php session files.
Mar  3 15:30:13 mail freshclam[24880]: Tue Mar  3 15:30:12 2020 -> Received signal: wake up
Mar  3 15:30:13 mail freshclam[24880]: Tue Mar  3 15:30:12 2020 -> ClamAV update process started at Tue Mar  3 15:30:12 2020
Mar  3 15:30:13 mail freshclam[24880]: Tue Mar  3 15:30:13 2020 -> ^Your ClamAV installation is OUTDATED!
Mar  3 15:30:13 mail freshclam[24880]: Tue Mar  3 15:30:13 2020 -> ^Local version: 0.100.2 Recommended version: 0.102.2
Mar  3 15:30:13 mail freshclam[24880]: Tue Mar  3 15:30:13 2020 -> DON'T PANIC! Read https://www.clamav.net/documents/upgrading-clamav
Mar  3 15:30:13 mail freshclam[24880]: Tue Mar  3 15:30:13 2020 -> main.cvd is up to date (version: 59, sigs: 4564902, f-level: 60, builder: sigmgr)
Mar  3 15:30:13 mail freshclam[24880]: Tue Mar  3 15:30:13 2020 -> daily.cld is up to date (version: 25740, sigs: 2204413, f-level: 63, builder: raynman)
Mar  3 15:30:13 mail freshclam[24880]: Tue Mar  3 15:30:13 2020 -> bytecode.cvd is up to date (version: 331, sigs: 94, f-level: 63, builder: anvilleg)
Mar  3 15:39:01 mail systemd[1]: Starting Clean php session files...
Mar  3 15:39:02 mail systemd[1]: Started Clean php session files.
Mar  3 16:09:01 mail systemd[1]: Starting Clean php session files...
Mar  3 16:09:02 mail systemd[1]: Started Clean php session files.
Mar  3 16:30:13 mail freshclam[24880]: Tue Mar  3 16:30:13 2020 -> Received signal: wake up
Mar  3 16:30:13 mail freshclam[24880]: Tue Mar  3 16:30:13 2020 -> ClamAV update process started at Tue Mar  3 16:30:13 2020
Mar  3 16:30:13 mail freshclam[24880]: Tue Mar  3 16:30:13 2020 -> ^Your ClamAV installation is OUTDATED!
Mar  3 16:30:13 mail freshclam[24880]: Tue Mar  3 16:30:13 2020 -> ^Local version: 0.100.2 Recommended version: 0.102.2
Mar  3 16:30:13 mail freshclam[24880]: Tue Mar  3 16:30:13 2020 -> DON'T PANIC! Read https://www.clamav.net/documents/upgrading-clamav
Mar  3 16:30:13 mail freshclam[24880]: Tue Mar  3 16:30:13 2020 -> main.cvd is up to date (version: 59, sigs: 4564902, f-level: 60, builder: sigmgr)
Mar  3 16:30:13 mail freshclam[24880]: Tue Mar  3 16:30:13 2020 -> daily.cld is up to date (version: 25740, sigs: 2204413, f-level: 63, builder: raynman)
Mar  3 16:30:13 mail freshclam[24880]: Tue Mar  3 16:30:13 2020 -> bytecode.cvd is up to date (version: 331, sigs: 94, f-level: 63, builder: anvilleg)
Mar  3 16:39:01 mail systemd[1]: Starting Clean php session files...
Mar  3 16:39:02 mail systemd[1]: Started Clean php session files.
Mar  3 17:09:01 mail systemd[1]: Starting Clean php session files...
Mar  3 17:09:02 mail systemd[1]: Started Clean php session files.
Mar  3 17:30:13 mail freshclam[24880]: Tue Mar  3 17:30:13 2020 -> Received signal: wake up
Mar  3 17:30:13 mail freshclam[24880]: Tue Mar  3 17:30:13 2020 -> ClamAV update process started at Tue Mar  3 17:30:13 2020
Mar  3 17:30:13 mail freshclam[24880]: Tue Mar  3 17:30:13 2020 -> ^Your ClamAV installation is OUTDATED!
Mar  3 17:30:13 mail freshclam[24880]: Tue Mar  3 17:30:13 2020 -> ^Local version: 0.100.2 Recommended version: 0.102.2
Mar  3 17:30:13 mail freshclam[24880]: Tue Mar  3 17:30:13 2020 -> DON'T PANIC! Read https://www.clamav.net/documents/upgrading-clamav
Mar  3 17:30:13 mail freshclam[24880]: Tue Mar  3 17:30:13 2020 -> main.cvd is up to date (version: 59, sigs: 4564902, f-level: 60, builder: sigmgr)
Mar  3 17:30:13 mail freshclam[24880]: Tue Mar  3 17:30:13 2020 -> daily.cld is up to date (version: 25740, sigs: 2204413, f-level: 63, builder: raynman)
Mar  3 17:30:13 mail freshclam[24880]: Tue Mar  3 17:30:13 2020 -> bytecode.cvd is up to date (version: 331, sigs: 94, f-level: 63, builder: anvilleg)
Mar  3 17:39:01 mail systemd[1]: Starting Clean php session files...
Mar  3 17:39:02 mail systemd[1]: Started Clean php session files.
Mar  3 18:09:01 mail systemd[1]: Starting Clean php session files...
Mar  3 18:09:02 mail systemd[1]: Started Clean php session files.
Mar  3 18:26:18 mail systemd[1]: Starting Cleanup of Temporary Directories...
Mar  3 18:26:18 mail systemd[1]: Started Cleanup of Temporary Directories.
Mar  3 18:30:13 mail freshclam[24880]: Tue Mar  3 18:30:13 2020 -> Received signal: wake up
Mar  3 18:30:13 mail freshclam[24880]: Tue Mar  3 18:30:13 2020 -> ClamAV update process started at Tue Mar  3 18:30:13 2020
Mar  3 18:30:13 mail freshclam[24880]: Tue Mar  3 18:30:13 2020 -> ^Your ClamAV installation is OUTDATED!
Mar  3 18:30:13 mail freshclam[24880]: Tue Mar  3 18:30:13 2020 -> ^Local version: 0.100.2 Recommended version: 0.102.2
Mar  3 18:30:13 mail freshclam[24880]: Tue Mar  3 18:30:13 2020 -> DON'T PANIC! Read https://www.clamav.net/documents/upgrading-clamav
Mar  3 18:30:13 mail freshclam[24880]: Tue Mar  3 18:30:13 2020 -> main.cvd is up to date (version: 59, sigs: 4564902, f-level: 60, builder: sigmgr)
Mar  3 18:30:13 mail freshclam[24880]: Tue Mar  3 18:30:13 2020 -> daily.cld is up to date (version: 25740, sigs: 2204413, f-level: 63, builder: raynman)
Mar  3 18:30:13 mail freshclam[24880]: Tue Mar  3 18:30:13 2020 -> bytecode.cvd is up to date (version: 331, sigs: 94, f-level: 63, builder: anvilleg)
Mar  3 18:39:02 mail systemd[1]: Starting Clean php session files...
Mar  3 18:39:02 mail systemd[1]: Started Clean php session files.
Mar  3 19:09:01 mail systemd[1]: Starting Clean php session files...
Mar  3 19:09:02 mail systemd[1]: Started Clean php session files.
Mar  3 19:30:13 mail freshclam[24880]: Tue Mar  3 19:30:13 2020 -> Received signal: wake up
Mar  3 19:30:13 mail freshclam[24880]: Tue Mar  3 19:30:13 2020 -> ClamAV update process started at Tue Mar  3 19:30:13 2020
Mar  3 19:30:13 mail freshclam[24880]: Tue Mar  3 19:30:13 2020 -> ^Your ClamAV installation is OUTDATED!
Mar  3 19:30:13 mail freshclam[24880]: Tue Mar  3 19:30:13 2020 -> ^Local version: 0.100.2 Recommended version: 0.102.2
Mar  3 19:30:13 mail freshclam[24880]: Tue Mar  3 19:30:13 2020 -> DON'T PANIC! Read https://www.clamav.net/documents/upgrading-clamav
Mar  3 19:30:13 mail freshclam[24880]: Tue Mar  3 19:30:13 2020 -> main.cvd is up to date (version: 59, sigs: 4564902, f-level: 60, builder: sigmgr)
Mar  3 19:30:13 mail freshclam[24880]: Tue Mar  3 19:30:13 2020 -> daily.cld is up to date (version: 25740, sigs: 2204413, f-level: 63, builder: raynman)
Mar  3 19:30:13 mail freshclam[24880]: Tue Mar  3 19:30:13 2020 -> bytecode.cvd is up to date (version: 331, sigs: 94, f-level: 63, builder: anvilleg)
Mar  3 19:39:02 mail systemd[1]: Starting Clean php session files...
Mar  3 19:39:02 mail systemd[1]: Started Clean php session files.
Mar  3 20:09:02 mail systemd[1]: Starting Clean php session files...
Mar  3 20:09:02 mail systemd[1]: Started Clean php session files.
Mar  3 20:30:13 mail freshclam[24880]: Tue Mar  3 20:30:13 2020 -> Received signal: wake up
Mar  3 20:30:13 mail freshclam[24880]: Tue Mar  3 20:30:13 2020 -> ClamAV update process started at Tue Mar  3 20:30:13 2020
Mar  3 20:30:13 mail freshclam[24880]: Tue Mar  3 20:30:13 2020 -> ^Your ClamAV installation is OUTDATED!
Mar  3 20:30:13 mail freshclam[24880]: Tue Mar  3 20:30:13 2020 -> ^Local version: 0.100.2 Recommended version: 0.102.2
Mar  3 20:30:13 mail freshclam[24880]: Tue Mar  3 20:30:13 2020 -> DON'T PANIC! Read https://www.clamav.net/documents/upgrading-clamav
Mar  3 20:30:13 mail freshclam[24880]: Tue Mar  3 20:30:13 2020 -> main.cvd is up to date (version: 59, sigs: 4564902, f-level: 60, builder: sigmgr)
Mar  3 20:30:13 mail freshclam[24880]: Tue Mar  3 20:30:13 2020 -> daily.cld is up to date (version: 25740, sigs: 2204413, f-level: 63, builder: raynman)
Mar  3 20:30:13 mail freshclam[24880]: Tue Mar  3 20:30:13 2020 -> bytecode.cvd is up to date (version: 331, sigs: 94, f-level: 63, builder: anvilleg)
Mar  3 20:37:25 mail dhclient[373]: DHCPREQUEST of 192.168.10.177 on eth0 to 192.168.10.2 port 67
Mar  3 20:37:25 mail dhclient[373]: DHCPACK of 192.168.10.177 from 192.168.10.2
Mar  3 20:37:26 mail dhclient[373]: bound to 192.168.10.177 -- renewal in 31116 seconds.
Mar  3 20:39:02 mail systemd[1]: Starting Clean php session files...
Mar  3 20:39:02 mail systemd[1]: Started Clean php session files.
Mar  3 21:09:01 mail systemd[1]: Starting Clean php session files...
Mar  3 21:09:02 mail systemd[1]: Started Clean php session files.
Mar  3 21:30:13 mail freshclam[24880]: Tue Mar  3 21:30:13 2020 -> Received signal: wake up
Mar  3 21:30:13 mail freshclam[24880]: Tue Mar  3 21:30:13 2020 -> ClamAV update process started at Tue Mar  3 21:30:13 2020
Mar  3 21:30:13 mail freshclam[24880]: Tue Mar  3 21:30:13 2020 -> ^Your ClamAV installation is OUTDATED!
Mar  3 21:30:13 mail freshclam[24880]: Tue Mar  3 21:30:13 2020 -> ^Local version: 0.100.2 Recommended version: 0.102.2
Mar  3 21:30:13 mail freshclam[24880]: Tue Mar  3 21:30:13 2020 -> DON'T PANIC! Read https://www.clamav.net/documents/upgrading-clamav
Mar  3 21:30:13 mail freshclam[24880]: Tue Mar  3 21:30:13 2020 -> main.cvd is up to date (version: 59, sigs: 4564902, f-level: 60, builder: sigmgr)
Mar  3 21:30:13 mail freshclam[24880]: Tue Mar  3 21:30:13 2020 -> daily.cld is up to date (version: 25740, sigs: 2204413, f-level: 63, builder: raynman)
Mar  3 21:30:13 mail freshclam[24880]: Tue Mar  3 21:30:13 2020 -> bytecode.cvd is up to date (version: 331, sigs: 94, f-level: 63, builder: anvilleg)
Mar  3 21:39:01 mail systemd[1]: Starting Clean php session files...
Mar  3 21:39:02 mail systemd[1]: Started Clean php session files.
Mar  3 22:09:01 mail systemd[1]: Starting Clean php session files...
Mar  3 22:09:02 mail systemd[1]: Started Clean php session files.
Mar  3 22:30:13 mail freshclam[24880]: Tue Mar  3 22:30:13 2020 -> Received signal: wake up
Mar  3 22:30:13 mail freshclam[24880]: Tue Mar  3 22:30:13 2020 -> ClamAV update process started at Tue Mar  3 22:30:13 2020
Mar  3 22:30:13 mail freshclam[24880]: Tue Mar  3 22:30:13 2020 -> ^Your ClamAV installation is OUTDATED!
Mar  3 22:30:13 mail freshclam[24880]: Tue Mar  3 22:30:13 2020 -> ^Local version: 0.100.2 Recommended version: 0.102.2
Mar  3 22:30:13 mail freshclam[24880]: Tue Mar  3 22:30:13 2020 -> DON'T PANIC! Read https://www.clamav.net/documents/upgrading-clamav
Mar  3 22:30:13 mail freshclam[24880]: Tue Mar  3 22:30:13 2020 -> main.cvd is up to date (version: 59, sigs: 4564902, f-level: 60, builder: sigmgr)
Mar  3 22:30:13 mail freshclam[24880]: Tue Mar  3 22:30:13 2020 -> daily.cld is up to date (version: 25740, sigs: 2204413, f-level: 63, builder: raynman)
Mar  3 22:30:13 mail freshclam[24880]: Tue Mar  3 22:30:13 2020 -> bytecode.cvd is up to date (version: 331, sigs: 94, f-level: 63, builder: anvilleg)
Mar  3 22:39:01 mail systemd[1]: Starting Clean php session files...
Mar  3 22:39:02 mail systemd[1]: Started Clean php session files.
Mar  3 23:09:01 mail systemd[1]: Starting Clean php session files...
Mar  3 23:09:02 mail systemd[1]: Started Clean php session files.
Mar  3 23:30:13 mail freshclam[24880]: Tue Mar  3 23:30:13 2020 -> Received signal: wake up
Mar  3 23:30:13 mail freshclam[24880]: Tue Mar  3 23:30:13 2020 -> ClamAV update process started at Tue Mar  3 23:30:13 2020
Mar  3 23:30:13 mail freshclam[24880]: Tue Mar  3 23:30:13 2020 -> ^Your ClamAV installation is OUTDATED!
Mar  3 23:30:13 mail freshclam[24880]: Tue Mar  3 23:30:13 2020 -> ^Local version: 0.100.2 Recommended version: 0.102.2
Mar  3 23:30:13 mail freshclam[24880]: Tue Mar  3 23:30:13 2020 -> DON'T PANIC! Read https://www.clamav.net/documents/upgrading-clamav
Mar  3 23:30:13 mail freshclam[24880]: Tue Mar  3 23:30:13 2020 -> main.cvd is up to date (version: 59, sigs: 4564902, f-level: 60, builder: sigmgr)
Mar  3 23:30:13 mail freshclam[24880]: Tue Mar  3 23:30:13 2020 -> daily.cld is up to date (version: 25740, sigs: 2204413, f-level: 63, builder: raynman)
Mar  3 23:30:13 mail freshclam[24880]: Tue Mar  3 23:30:13 2020 -> bytecode.cvd is up to date (version: 331, sigs: 94, f-level: 63, builder: anvilleg)
Mar  3 23:39:02 mail systemd[1]: Starting Clean php session files...
Mar  3 23:39:02 mail systemd[1]: Started Clean php session files.
Mar  4 00:09:01 mail systemd[1]: Starting Clean php session files...
Mar  4 00:09:02 mail systemd[1]: Started Clean php session files.
Mar  4 00:30:13 mail freshclam[24880]: Wed Mar  4 00:30:13 2020 -> Received signal: wake up
Mar  4 00:30:13 mail freshclam[24880]: Wed Mar  4 00:30:13 2020 -> ClamAV update process started at Wed Mar  4 00:30:13 2020
Mar  4 00:30:13 mail freshclam[24880]: Wed Mar  4 00:30:13 2020 -> ^Your ClamAV installation is OUTDATED!
Mar  4 00:30:13 mail freshclam[24880]: Wed Mar  4 00:30:13 2020 -> ^Local version: 0.100.2 Recommended version: 0.102.2
Mar  4 00:30:13 mail freshclam[24880]: Wed Mar  4 00:30:13 2020 -> DON'T PANIC! Read https://www.clamav.net/documents/upgrading-clamav
Mar  4 00:30:13 mail freshclam[24880]: Wed Mar  4 00:30:13 2020 -> main.cvd is up to date (version: 59, sigs: 4564902, f-level: 60, builder: sigmgr)
Mar  4 00:30:13 mail freshclam[24880]: Wed Mar  4 00:30:13 2020 -> daily.cld is up to date (version: 25740, sigs: 2204413, f-level: 63, builder: raynman)
Mar  4 00:30:13 mail freshclam[24880]: Wed Mar  4 00:30:13 2020 -> bytecode.cvd is up to date (version: 331, sigs: 94, f-level: 63, builder: anvilleg)
Mar  4 00:39:01 mail systemd[1]: Starting Clean php session files...
Mar  4 00:39:02 mail systemd[1]: Started Clean php session files.
Mar  4 00:58:34 mail dhclient[404]: DHCPREQUEST of 192.168.10.177 on eth0 to 192.168.10.2 port 67
Mar  4 00:58:34 mail dhclient[404]: DHCPACK of 192.168.10.177 from 192.168.10.2
Mar  4 00:58:34 mail dhclient[404]: bound to 192.168.10.177 -- renewal in 31407 seconds.
Mar  4 01:09:02 mail systemd[1]: Starting Clean php session files...
Mar  4 01:09:02 mail systemd[1]: Started Clean php session files.
Mar  4 01:30:13 mail freshclam[24880]: Wed Mar  4 01:30:13 2020 -> Received signal: wake up
Mar  4 01:30:13 mail freshclam[24880]: Wed Mar  4 01:30:13 2020 -> ClamAV update process started at Wed Mar  4 01:30:13 2020
Mar  4 01:30:13 mail freshclam[24880]: Wed Mar  4 01:30:13 2020 -> ^Your ClamAV installation is OUTDATED!
Mar  4 01:30:13 mail freshclam[24880]: Wed Mar  4 01:30:13 2020 -> ^Local version: 0.100.2 Recommended version: 0.102.2
Mar  4 01:30:13 mail freshclam[24880]: Wed Mar  4 01:30:13 2020 -> DON'T PANIC! Read https://www.clamav.net/documents/upgrading-clamav
Mar  4 01:30:13 mail freshclam[24880]: Wed Mar  4 01:30:13 2020 -> main.cvd is up to date (version: 59, sigs: 4564902, f-level: 60, builder: sigmgr)
Mar  4 01:30:13 mail freshclam[24880]: Wed Mar  4 01:30:13 2020 -> daily.cld is up to date (version: 25740, sigs: 2204413, f-level: 63, builder: raynman)
Mar  4 01:30:13 mail freshclam[24880]: Wed Mar  4 01:30:13 2020 -> bytecode.cvd is up to date (version: 331, sigs: 94, f-level: 63, builder: anvilleg)
Mar  4 01:39:01 mail systemd[1]: Starting Clean php session files...
Mar  4 01:39:02 mail systemd[1]: Started Clean php session files.
Mar  4 02:09:01 mail systemd[1]: Starting Clean php session files...
Mar  4 02:09:02 mail systemd[1]: Started Clean php session files.
Mar  4 02:30:13 mail freshclam[24880]: Wed Mar  4 02:30:13 2020 -> Received signal: wake up
Mar  4 02:30:13 mail freshclam[24880]: Wed Mar  4 02:30:13 2020 -> ClamAV update process started at Wed Mar  4 02:30:13 2020
Mar  4 02:30:13 mail freshclam[24880]: Wed Mar  4 02:30:13 2020 -> ^Your ClamAV installation is OUTDATED!
Mar  4 02:30:13 mail freshclam[24880]: Wed Mar  4 02:30:13 2020 -> ^Local version: 0.100.2 Recommended version: 0.102.2
Mar  4 02:30:13 mail freshclam[24880]: Wed Mar  4 02:30:13 2020 -> DON'T PANIC! Read https://www.clamav.net/documents/upgrading-clamav
Mar  4 02:30:13 mail freshclam[24880]: Wed Mar  4 02:30:13 2020 -> main.cvd is up to date (version: 59, sigs: 4564902, f-level: 60, builder: sigmgr)
Mar  4 02:30:13 mail freshclam[24880]: Wed Mar  4 02:30:13 2020 -> daily.cld is up to date (version: 25740, sigs: 2204413, f-level: 63, builder: raynman)
Mar  4 02:30:13 mail freshclam[24880]: Wed Mar  4 02:30:13 2020 -> bytecode.cvd is up to date (version: 331, sigs: 94, f-level: 63, builder: anvilleg)
Mar  4 02:39:01 mail systemd[1]: Starting Clean php session files...
Mar  4 02:39:02 mail systemd[1]: Started Clean php session files.
Mar  4 03:09:01 mail systemd[1]: Starting Clean php session files...
Mar  4 03:09:02 mail systemd[1]: Started Clean php session files.
Mar  4 03:30:13 mail freshclam[24880]: Wed Mar  4 03:30:13 2020 -> Received signal: wake up
Mar  4 03:30:13 mail freshclam[24880]: Wed Mar  4 03:30:13 2020 -> ClamAV update process started at Wed Mar  4 03:30:13 2020
Mar  4 03:30:13 mail freshclam[24880]: Wed Mar  4 03:30:13 2020 -> ^Your ClamAV installation is OUTDATED!
Mar  4 03:30:13 mail freshclam[24880]: Wed Mar  4 03:30:13 2020 -> ^Local version: 0.100.2 Recommended version: 0.102.2
Mar  4 03:30:13 mail freshclam[24880]: Wed Mar  4 03:30:13 2020 -> DON'T PANIC! Read https://www.clamav.net/documents/upgrading-clamav
Mar  4 03:30:13 mail freshclam[24880]: Wed Mar  4 03:30:13 2020 -> main.cvd is up to date (version: 59, sigs: 4564902, f-level: 60, builder: sigmgr)
Mar  4 03:30:13 mail freshclam[24880]: Wed Mar  4 03:30:13 2020 -> daily.cld is up to date (version: 25740, sigs: 2204413, f-level: 63, builder: raynman)
Mar  4 03:30:13 mail freshclam[24880]: Wed Mar  4 03:30:13 2020 -> bytecode.cvd is up to date (version: 331, sigs: 94, f-level: 63, builder: anvilleg)
Mar  4 03:39:02 mail systemd[1]: Starting Clean php session files...
Mar  4 03:39:02 mail systemd[1]: Started Clean php session files.
Mar  4 04:09:02 mail systemd[1]: Starting Clean php session files...
Mar  4 04:09:02 mail systemd[1]: Started Clean php session files.
Mar  4 04:22:34 mail systemd[1]: Starting Daily apt download activities...
Mar  4 04:22:35 mail systemd[1]: Started Daily apt download activities.
Mar  4 04:22:35 mail systemd[1]: apt-daily.timer: Adding 39min 54.707046s random time.
Mar  4 04:22:35 mail systemd[1]: apt-daily.timer: Adding 5h 13min 5.973223s random time.
Mar  4 04:30:13 mail freshclam[24880]: Wed Mar  4 04:30:13 2020 -> Received signal: wake up
Mar  4 04:30:13 mail freshclam[24880]: Wed Mar  4 04:30:13 2020 -> ClamAV update process started at Wed Mar  4 04:30:13 2020
Mar  4 04:30:13 mail freshclam[24880]: Wed Mar  4 04:30:13 2020 -> ^Your ClamAV installation is OUTDATED!
Mar  4 04:30:13 mail freshclam[24880]: Wed Mar  4 04:30:13 2020 -> ^Local version: 0.100.2 Recommended version: 0.102.2
Mar  4 04:30:13 mail freshclam[24880]: Wed Mar  4 04:30:13 2020 -> DON'T PANIC! Read https://www.clamav.net/documents/upgrading-clamav
Mar  4 04:30:13 mail freshclam[24880]: Wed Mar  4 04:30:13 2020 -> main.cvd is up to date (version: 59, sigs: 4564902, f-level: 60, builder: sigmgr)
Mar  4 04:30:13 mail freshclam[24880]: Wed Mar  4 04:30:13 2020 -> daily.cld is up to date (version: 25740, sigs: 2204413, f-level: 63, builder: raynman)
Mar  4 04:30:13 mail freshclam[24880]: Wed Mar  4 04:30:13 2020 -> bytecode.cvd is up to date (version: 331, sigs: 94, f-level: 63, builder: anvilleg)
Mar  4 04:39:02 mail systemd[1]: Starting Clean php session files...
Mar  4 04:39:02 mail systemd[1]: Started Clean php session files.
Mar  4 05:09:01 mail systemd[1]: Starting Clean php session files...
Mar  4 05:09:02 mail systemd[1]: Started Clean php session files.
Mar  4 05:16:01 mail dhclient[373]: DHCPREQUEST of 192.168.10.177 on eth0 to 192.168.10.2 port 67
Mar  4 05:16:01 mail dhclient[373]: DHCPACK of 192.168.10.177 from 192.168.10.2
Mar  4 05:16:01 mail dhclient[373]: bound to 192.168.10.177 -- renewal in 38273 seconds.
Mar  4 05:30:13 mail freshclam[24880]: Wed Mar  4 05:30:13 2020 -> Received signal: wake up
Mar  4 05:30:13 mail freshclam[24880]: Wed Mar  4 05:30:13 2020 -> ClamAV update process started at Wed Mar  4 05:30:13 2020
Mar  4 05:30:13 mail freshclam[24880]: Wed Mar  4 05:30:13 2020 -> ^Your ClamAV installation is OUTDATED!
Mar  4 05:30:13 mail freshclam[24880]: Wed Mar  4 05:30:13 2020 -> ^Local version: 0.100.2 Recommended version: 0.102.2
Mar  4 05:30:13 mail freshclam[24880]: Wed Mar  4 05:30:13 2020 -> DON'T PANIC! Read https://www.clamav.net/documents/upgrading-clamav
Mar  4 05:30:13 mail freshclam[24880]: Wed Mar  4 05:30:13 2020 -> main.cvd is up to date (version: 59, sigs: 4564902, f-level: 60, builder: sigmgr)
Mar  4 05:30:13 mail freshclam[24880]: Wed Mar  4 05:30:13 2020 -> daily.cld is up to date (version: 25740, sigs: 2204413, f-level: 63, builder: raynman)
Mar  4 05:30:13 mail freshclam[24880]: Wed Mar  4 05:30:13 2020 -> bytecode.cvd is up to date (version: 331, sigs: 94, f-level: 63, builder: anvilleg)
Mar  4 05:39:01 mail systemd[1]: Starting Clean php session files...
Mar  4 05:39:02 mail systemd[1]: Started Clean php session files.
Mar  4 06:09:02 mail systemd[1]: Starting Clean php session files...
Mar  4 06:09:02 mail systemd[1]: Started Clean php session files.
Mar  4 06:25:33 mail systemd[1]: Reloading The Apache HTTP Server.
Mar  4 06:25:40 mail systemd[1]: Reloaded The Apache HTTP Server.
Mar  4 06:27:54 mail systemd[1]: Stopping Security Auditing Service...
Mar  4 06:27:54 mail auditd[10034]: The audit daemon is exiting.
Mar  4 06:27:54 mail systemd[1]: Stopped Security Auditing Service.
Mar  4 06:27:54 mail systemd[1]: Starting Security Auditing Service...
Mar  4 06:27:54 mail auditd[31198]: Started dispatcher: /sbin/audispd pid: 31201
Mar  4 06:27:54 mail auditd[31198]: Init complete, auditd 2.6.7 listening for events (startup state enable)
Mar  4 06:27:54 mail augenrules[31199]: /sbin/augenrules: No change
Mar  4 06:27:54 mail augenrules[31199]: No rules
Mar  4 06:27:54 mail augenrules[31199]: enabled 1
Mar  4 06:27:54 mail augenrules[31199]: failure 1
Mar  4 06:27:54 mail augenrules[31199]: pid 31198
Mar  4 06:27:54 mail augenrules[31199]: rate_limit 0
Mar  4 06:27:54 mail augenrules[31199]: backlog_limit 81920
Mar  4 06:27:54 mail augenrules[31199]: lost 1702
Mar  4 06:27:54 mail augenrules[31199]: backlog 1
Mar  4 06:27:54 mail augenrules[31199]: backlog_wait_time 0
Mar  4 06:27:54 mail augenrules[31199]: enabled 1
Mar  4 06:27:54 mail augenrules[31199]: failure 1
Mar  4 06:27:54 mail augenrules[31199]: pid 31198
Mar  4 06:27:54 mail augenrules[31199]: rate_limit 0
Mar  4 06:27:54 mail augenrules[31199]: backlog_limit 81920
Mar  4 06:27:54 mail augenrules[31199]: lost 1702
Mar  4 06:27:54 mail augenrules[31199]: backlog 1
Mar  4 06:27:54 mail augenrules[31199]: backlog_wait_time 0
Mar  4 06:27:54 mail systemd[1]: Started Security Auditing Service.
Mar  4 06:30:13 mail freshclam[24880]: Wed Mar  4 06:30:13 2020 -> Received signal: wake up
Mar  4 06:30:13 mail freshclam[24880]: Wed Mar  4 06:30:13 2020 -> ClamAV update process started at Wed Mar  4 06:30:13 2020
Mar  4 06:30:13 mail freshclam[24880]: Wed Mar  4 06:30:13 2020 -> ^Your ClamAV installation is OUTDATED!
Mar  4 06:30:13 mail freshclam[24880]: Wed Mar  4 06:30:13 2020 -> ^Local version: 0.100.2 Recommended version: 0.102.2
Mar  4 06:30:13 mail freshclam[24880]: Wed Mar  4 06:30:13 2020 -> DON'T PANIC! Read https://www.clamav.net/documents/upgrading-clamav
Mar  4 06:30:13 mail freshclam[24880]: Wed Mar  4 06:30:13 2020 -> main.cvd is up to date (version: 59, sigs: 4564902, f-level: 60, builder: sigmgr)
Mar  4 06:30:13 mail freshclam[24880]: Wed Mar  4 06:30:13 2020 -> daily.cld is up to date (version: 25740, sigs: 2204413, f-level: 63, builder: raynman)
Mar  4 06:30:13 mail freshclam[24880]: Wed Mar  4 06:30:13 2020 -> bytecode.cvd is up to date (version: 331, sigs: 94, f-level: 63, builder: anvilleg)
Mar  4 06:32:01 mail systemd[1]: Starting Daily apt upgrade and clean activities...
Mar  4 06:32:02 mail systemd[1]: Started Daily apt upgrade and clean activities.
Mar  4 06:32:02 mail systemd[1]: apt-daily-upgrade.timer: Adding 42min 7.589359s random time.
Mar  4 06:32:02 mail systemd[1]: apt-daily-upgrade.timer: Adding 47min 12.922738s random time.
Mar  4 06:39:01 mail systemd[1]: Starting Clean php session files...
Mar  4 06:39:02 mail systemd[1]: Started Clean php session files.
Mar  4 07:09:02 mail systemd[1]: Starting Clean php session files...
Mar  4 07:09:02 mail systemd[1]: Started Clean php session files.
Mar  4 07:30:13 mail freshclam[24880]: Wed Mar  4 07:30:13 2020 -> Received signal: wake up
Mar  4 07:30:13 mail freshclam[24880]: Wed Mar  4 07:30:13 2020 -> ClamAV update process started at Wed Mar  4 07:30:13 2020
Mar  4 07:30:13 mail freshclam[24880]: Wed Mar  4 07:30:13 2020 -> ^Your ClamAV installation is OUTDATED!
Mar  4 07:30:13 mail freshclam[24880]: Wed Mar  4 07:30:13 2020 -> ^Local version: 0.100.2 Recommended version: 0.102.2
Mar  4 07:30:13 mail freshclam[24880]: Wed Mar  4 07:30:13 2020 -> DON'T PANIC! Read https://www.clamav.net/documents/upgrading-clamav
Mar  4 07:30:13 mail freshclam[24880]: Wed Mar  4 07:30:13 2020 -> main.cvd is up to date (version: 59, sigs: 4564902, f-level: 60, builder: sigmgr)
Mar  4 07:30:13 mail freshclam[24880]: Wed Mar  4 07:30:13 2020 -> daily.cld is up to date (version: 25740, sigs: 2204413, f-level: 63, builder: raynman)
Mar  4 07:30:13 mail freshclam[24880]: Wed Mar  4 07:30:13 2020 -> bytecode.cvd is up to date (version: 331, sigs: 94, f-level: 63, builder: anvilleg)
Mar  4 07:39:02 mail systemd[1]: Starting Clean php session files...
Mar  4 07:39:02 mail systemd[1]: Started Clean php session files.
Mar  4 08:09:01 mail systemd[1]: Starting Clean php session files...
Mar  4 08:09:02 mail systemd[1]: Started Clean php session files.
Mar  4 08:30:13 mail freshclam[24880]: Wed Mar  4 08:30:13 2020 -> Received signal: wake up
Mar  4 08:30:13 mail freshclam[24880]: Wed Mar  4 08:30:13 2020 -> ClamAV update process started at Wed Mar  4 08:30:13 2020
Mar  4 08:30:13 mail freshclam[24880]: Wed Mar  4 08:30:13 2020 -> ^Your ClamAV installation is OUTDATED!
Mar  4 08:30:13 mail freshclam[24880]: Wed Mar  4 08:30:13 2020 -> ^Local version: 0.100.2 Recommended version: 0.102.2
Mar  4 08:30:13 mail freshclam[24880]: Wed Mar  4 08:30:13 2020 -> DON'T PANIC! Read https://www.clamav.net/documents/upgrading-clamav
Mar  4 08:30:13 mail freshclam[24880]: Wed Mar  4 08:30:13 2020 -> main.cvd is up to date (version: 59, sigs: 4564902, f-level: 60, builder: sigmgr)
Mar  4 08:30:13 mail freshclam[24880]: Wed Mar  4 08:30:13 2020 -> daily.cld is up to date (version: 25740, sigs: 2204413, f-level: 63, builder: raynman)
Mar  4 08:30:13 mail freshclam[24880]: Wed Mar  4 08:30:13 2020 -> bytecode.cvd is up to date (version: 331, sigs: 94, f-level: 63, builder: anvilleg)
Mar  4 08:39:01 mail systemd[1]: Starting Clean php session files...
Mar  4 08:39:02 mail systemd[1]: Started Clean php session files.
Mar  4 09:09:01 mail systemd[1]: Starting Clean php session files...
Mar  4 09:09:02 mail systemd[1]: Started Clean php session files.
Mar  4 09:30:13 mail freshclam[24880]: Wed Mar  4 09:30:13 2020 -> Received signal: wake up
Mar  4 09:30:13 mail freshclam[24880]: Wed Mar  4 09:30:13 2020 -> ClamAV update process started at Wed Mar  4 09:30:13 2020
Mar  4 09:30:13 mail freshclam[24880]: Wed Mar  4 09:30:13 2020 -> ^Your ClamAV installation is OUTDATED!
Mar  4 09:30:13 mail freshclam[24880]: Wed Mar  4 09:30:13 2020 -> ^Local version: 0.100.2 Recommended version: 0.102.2
Mar  4 09:30:13 mail freshclam[24880]: Wed Mar  4 09:30:13 2020 -> DON'T PANIC! Read https://www.clamav.net/documents/upgrading-clamav
Mar  4 09:30:13 mail freshclam[24880]: Wed Mar  4 09:30:13 2020 -> main.cvd is up to date (version: 59, sigs: 4564902, f-level: 60, builder: sigmgr)
Mar  4 09:30:13 mail freshclam[24880]: Wed Mar  4 09:30:13 2020 -> daily.cld is up to date (version: 25740, sigs: 2204413, f-level: 63, builder: raynman)
Mar  4 09:30:13 mail freshclam[24880]: Wed Mar  4 09:30:13 2020 -> bytecode.cvd is up to date (version: 331, sigs: 94, f-level: 63, builder: anvilleg)
Mar  4 09:39:02 mail systemd[1]: Starting Clean php session files...
Mar  4 09:39:02 mail systemd[1]: Started Clean php session files.
Mar  4 09:42:01 mail dhclient[404]: DHCPREQUEST of 192.168.10.177 on eth0 to 192.168.10.2 port 67
Mar  4 09:42:01 mail dhclient[404]: DHCPACK of 192.168.10.177 from 192.168.10.2
Mar  4 09:42:01 mail dhclient[404]: bound to 192.168.10.177 -- renewal in 32791 seconds.
Mar  4 10:09:01 mail systemd[1]: Starting Clean php session files...
Mar  4 10:09:02 mail systemd[1]: Started Clean php session files.
Mar  4 10:30:13 mail freshclam[24880]: Wed Mar  4 10:30:13 2020 -> Received signal: wake up
Mar  4 10:30:13 mail freshclam[24880]: Wed Mar  4 10:30:13 2020 -> ClamAV update process started at Wed Mar  4 10:30:13 2020
Mar  4 10:30:13 mail freshclam[24880]: Wed Mar  4 10:30:13 2020 -> ^Your ClamAV installation is OUTDATED!
Mar  4 10:30:13 mail freshclam[24880]: Wed Mar  4 10:30:13 2020 -> ^Local version: 0.100.2 Recommended version: 0.102.2
Mar  4 10:30:13 mail freshclam[24880]: Wed Mar  4 10:30:13 2020 -> DON'T PANIC! Read https://www.clamav.net/documents/upgrading-clamav
Mar  4 10:30:13 mail freshclam[24880]: Wed Mar  4 10:30:13 2020 -> main.cvd is up to date (version: 59, sigs: 4564902, f-level: 60, builder: sigmgr)
Mar  4 10:30:13 mail freshclam[24880]: Wed Mar  4 10:30:13 2020 -> daily.cld is up to date (version: 25740, sigs: 2204413, f-level: 63, builder: raynman)
Mar  4 10:30:13 mail freshclam[24880]: Wed Mar  4 10:30:13 2020 -> bytecode.cvd is up to date (version: 331, sigs: 94, f-level: 63, builder: anvilleg)
Mar  4 10:39:01 mail systemd[1]: Starting Clean php session files...
Mar  4 10:39:02 mail systemd[1]: Started Clean php session files.
Mar  4 11:09:02 mail systemd[1]: Starting Clean php session files...
Mar  4 11:09:02 mail systemd[1]: Started Clean php session files.
Mar  4 11:13:34 mail systemd[1]: Starting Daily apt download activities...
Mar  4 11:13:35 mail systemd[1]: Started Daily apt download activities.
Mar  4 11:13:35 mail systemd[1]: apt-daily.timer: Adding 7h 21min 31.890593s random time.
Mar  4 11:13:35 mail systemd[1]: apt-daily.timer: Adding 56min 20.962465s random time.
Mar  4 11:30:13 mail freshclam[24880]: Wed Mar  4 11:30:13 2020 -> Received signal: wake up
Mar  4 11:30:13 mail freshclam[24880]: Wed Mar  4 11:30:13 2020 -> ClamAV update process started at Wed Mar  4 11:30:13 2020
Mar  4 11:30:13 mail freshclam[24880]: Wed Mar  4 11:30:13 2020 -> ^Your ClamAV installation is OUTDATED!
Mar  4 11:30:13 mail freshclam[24880]: Wed Mar  4 11:30:13 2020 -> ^Local version: 0.100.2 Recommended version: 0.102.2
Mar  4 11:30:13 mail freshclam[24880]: Wed Mar  4 11:30:13 2020 -> DON'T PANIC! Read https://www.clamav.net/documents/upgrading-clamav
Mar  4 11:30:13 mail freshclam[24880]: Wed Mar  4 11:30:13 2020 -> main.cvd is up to date (version: 59, sigs: 4564902, f-level: 60, builder: sigmgr)
Mar  4 11:30:13 mail freshclam[24880]: Wed Mar  4 11:30:13 2020 -> daily.cld is up to date (version: 25740, sigs: 2204413, f-level: 63, builder: raynman)
Mar  4 11:30:13 mail freshclam[24880]: Wed Mar  4 11:30:13 2020 -> bytecode.cvd is up to date (version: 331, sigs: 94, f-level: 63, builder: anvilleg)
Mar  4 11:39:01 mail systemd[1]: Starting Clean php session files...
Mar  4 11:39:02 mail systemd[1]: Started Clean php session files.
Mar  4 12:09:02 mail systemd[1]: Starting Clean php session files...
Mar  4 12:09:02 mail systemd[1]: Started Clean php session files.
Mar  4 12:30:13 mail freshclam[24880]: Wed Mar  4 12:30:13 2020 -> Received signal: wake up
Mar  4 12:30:13 mail freshclam[24880]: Wed Mar  4 12:30:13 2020 -> ClamAV update process started at Wed Mar  4 12:30:13 2020
Mar  4 12:30:13 mail freshclam[24880]: Wed Mar  4 12:30:13 2020 -> ^Your ClamAV installation is OUTDATED!
Mar  4 12:30:13 mail freshclam[24880]: Wed Mar  4 12:30:13 2020 -> ^Local version: 0.100.2 Recommended version: 0.102.2
Mar  4 12:30:13 mail freshclam[24880]: Wed Mar  4 12:30:13 2020 -> DON'T PANIC! Read https://www.clamav.net/documents/upgrading-clamav
Mar  4 12:30:13 mail freshclam[24880]: Wed Mar  4 12:30:13 2020 -> main.cvd is up to date (version: 59, sigs: 4564902, f-level: 60, builder: sigmgr)
Mar  4 12:30:13 mail freshclam[24880]: Wed Mar  4 12:30:13 2020 -> daily.cld is up to date (version: 25740, sigs: 2204413, f-level: 63, builder: raynman)
Mar  4 12:30:13 mail freshclam[24880]: Wed Mar  4 12:30:13 2020 -> bytecode.cvd is up to date (version: 331, sigs: 94, f-level: 63, builder: anvilleg)
Mar  4 12:39:02 mail systemd[1]: Starting Clean php session files...
Mar  4 12:39:02 mail systemd[1]: Started Clean php session files.
Mar  4 13:09:02 mail systemd[1]: Starting Clean php session files...
Mar  4 13:09:02 mail systemd[1]: Started Clean php session files.
Mar  4 13:30:13 mail freshclam[24880]: Wed Mar  4 13:30:13 2020 -> Received signal: wake up
Mar  4 13:30:13 mail freshclam[24880]: Wed Mar  4 13:30:13 2020 -> ClamAV update process started at Wed Mar  4 13:30:13 2020
Mar  4 13:30:13 mail freshclam[24880]: Wed Mar  4 13:30:13 2020 -> ^Your ClamAV installation is OUTDATED!
Mar  4 13:30:13 mail freshclam[24880]: Wed Mar  4 13:30:13 2020 -> ^Local version: 0.100.2 Recommended version: 0.102.2
Mar  4 13:30:13 mail freshclam[24880]: Wed Mar  4 13:30:13 2020 -> DON'T PANIC! Read https://www.clamav.net/documents/upgrading-clamav
Mar  4 13:30:13 mail freshclam[24880]: Wed Mar  4 13:30:13 2020 -> main.cvd is up to date (version: 59, sigs: 4564902, f-level: 60, builder: sigmgr)
Mar  4 13:30:13 mail freshclam[24880]: Wed Mar  4 13:30:13 2020 -> daily.cld is up to date (version: 25740, sigs: 2204413, f-level: 63, builder: raynman)
Mar  4 13:30:13 mail freshclam[24880]: Wed Mar  4 13:30:13 2020 -> bytecode.cvd is up to date (version: 331, sigs: 94, f-level: 63, builder: anvilleg)
Mar  4 13:39:02 mail systemd[1]: Starting Clean php session files...
Mar  4 13:39:02 mail systemd[1]: Started Clean php session files.
Mar  4 14:09:02 mail systemd[1]: Starting Clean php session files...
Mar  4 14:09:02 mail systemd[1]: Started Clean php session files.
Mar  4 14:30:13 mail freshclam[24880]: Wed Mar  4 14:30:13 2020 -> Received signal: wake up
Mar  4 14:30:13 mail freshclam[24880]: Wed Mar  4 14:30:13 2020 -> ClamAV update process started at Wed Mar  4 14:30:13 2020
Mar  4 14:30:13 mail freshclam[24880]: Wed Mar  4 14:30:13 2020 -> ^Your ClamAV installation is OUTDATED!
Mar  4 14:30:13 mail freshclam[24880]: Wed Mar  4 14:30:13 2020 -> ^Local version: 0.100.2 Recommended version: 0.102.2
Mar  4 14:30:13 mail freshclam[24880]: Wed Mar  4 14:30:13 2020 -> DON'T PANIC! Read https://www.clamav.net/documents/upgrading-clamav
Mar  4 14:30:13 mail freshclam[24880]: Wed Mar  4 14:30:13 2020 -> main.cvd is up to date (version: 59, sigs: 4564902, f-level: 60, builder: sigmgr)
Mar  4 14:30:13 mail freshclam[24880]: Wed Mar  4 14:30:13 2020 -> daily.cld is up to date (version: 25740, sigs: 2204413, f-level: 63, builder: raynman)
Mar  4 14:30:13 mail freshclam[24880]: Wed Mar  4 14:30:13 2020 -> bytecode.cvd is up to date (version: 331, sigs: 94, f-level: 63, builder: anvilleg)
Mar  4 14:39:01 mail systemd[1]: Starting Clean php session files...
Mar  4 14:39:02 mail systemd[1]: Started Clean php session files.
Mar  4 15:09:01 mail systemd[1]: Starting Clean php session files...
Mar  4 15:09:02 mail systemd[1]: Started Clean php session files.
Mar  4 15:30:13 mail freshclam[24880]: Wed Mar  4 15:30:13 2020 -> Received signal: wake up
Mar  4 15:30:13 mail freshclam[24880]: Wed Mar  4 15:30:13 2020 -> ClamAV update process started at Wed Mar  4 15:30:13 2020
Mar  4 15:30:13 mail freshclam[24880]: Wed Mar  4 15:30:13 2020 -> ^Your ClamAV installation is OUTDATED!
Mar  4 15:30:13 mail freshclam[24880]: Wed Mar  4 15:30:13 2020 -> ^Local version: 0.100.2 Recommended version: 0.102.2
Mar  4 15:30:13 mail freshclam[24880]: Wed Mar  4 15:30:13 2020 -> DON'T PANIC! Read https://www.clamav.net/documents/upgrading-clamav
Mar  4 15:30:13 mail freshclam[24880]: Wed Mar  4 15:30:13 2020 -> main.cvd is up to date (version: 59, sigs: 4564902, f-level: 60, builder: sigmgr)
Mar  4 15:30:14 mail freshclam[24880]: Wed Mar  4 15:30:14 2020 -> Downloading daily-25741.cdiff [100%]
Mar  4 15:31:33 mail freshclam[24880]: Wed Mar  4 15:31:33 2020 -> daily.cld updated (version: 25741, sigs: 2206366, f-level: 63, builder: raynman)
Mar  4 15:31:49 mail freshclam[24880]: Wed Mar  4 15:31:49 2020 -> *Can't query daily.25741.93.1.0.6810DA54.ping.clamav.net
Mar  4 15:31:49 mail freshclam[24880]: Wed Mar  4 15:31:49 2020 -> bytecode.cvd is up to date (version: 331, sigs: 94, f-level: 63, builder: anvilleg)
Mar  4 15:31:55 mail freshclam[24880]: Wed Mar  4 15:31:55 2020 -> Database updated (6771362 signatures) from db.local.clamav.net (IP: 104.16.218.84)
Mar  4 15:31:55 mail freshclam[24880]: Wed Mar  4 15:31:55 2020 -> !NotifyClamd: Can't find or parse configuration file /etc/clamav/clamd.conf
Mar  4 15:39:01 mail systemd[1]: Starting Clean php session files...
Mar  4 15:39:02 mail systemd[1]: Started Clean php session files.
Mar  4 15:53:54 mail dhclient[373]: DHCPREQUEST of 192.168.10.177 on eth0 to 192.168.10.2 port 67
Mar  4 15:53:54 mail dhclient[373]: DHCPACK of 192.168.10.177 from 192.168.10.2
Mar  4 15:53:55 mail dhclient[373]: bound to 192.168.10.177 -- renewal in 30322 seconds.
Mar  4 16:09:01 mail systemd[1]: Starting Clean php session files...
Mar  4 16:09:02 mail systemd[1]: Started Clean php session files.
Mar  4 16:31:55 mail freshclam[24880]: Wed Mar  4 16:31:55 2020 -> Received signal: wake up
Mar  4 16:31:55 mail freshclam[24880]: Wed Mar  4 16:31:55 2020 -> ClamAV update process started at Wed Mar  4 16:31:55 2020
Mar  4 16:31:55 mail freshclam[24880]: Wed Mar  4 16:31:55 2020 -> ^Your ClamAV installation is OUTDATED!
Mar  4 16:31:55 mail freshclam[24880]: Wed Mar  4 16:31:55 2020 -> ^Local version: 0.100.2 Recommended version: 0.102.2
Mar  4 16:31:55 mail freshclam[24880]: Wed Mar  4 16:31:55 2020 -> DON'T PANIC! Read https://www.clamav.net/documents/upgrading-clamav
Mar  4 16:31:55 mail freshclam[24880]: Wed Mar  4 16:31:55 2020 -> main.cvd is up to date (version: 59, sigs: 4564902, f-level: 60, builder: sigmgr)
Mar  4 16:31:55 mail freshclam[24880]: Wed Mar  4 16:31:55 2020 -> daily.cld is up to date (version: 25741, sigs: 2206366, f-level: 63, builder: raynman)
Mar  4 16:31:55 mail freshclam[24880]: Wed Mar  4 16:31:55 2020 -> bytecode.cvd is up to date (version: 331, sigs: 94, f-level: 63, builder: anvilleg)
Mar  4 16:39:01 mail systemd[1]: Starting Clean php session files...
Mar  4 16:39:02 mail systemd[1]: Started Clean php session files.
Mar  4 17:09:02 mail systemd[1]: Starting Clean php session files...
Mar  4 17:09:02 mail systemd[1]: Started Clean php session files.
Mar  4 17:31:55 mail freshclam[24880]: Wed Mar  4 17:31:55 2020 -> Received signal: wake up
Mar  4 17:31:55 mail freshclam[24880]: Wed Mar  4 17:31:55 2020 -> ClamAV update process started at Wed Mar  4 17:31:55 2020
Mar  4 17:31:55 mail freshclam[24880]: Wed Mar  4 17:31:55 2020 -> ^Your ClamAV installation is OUTDATED!
Mar  4 17:31:55 mail freshclam[24880]: Wed Mar  4 17:31:55 2020 -> ^Local version: 0.100.2 Recommended version: 0.102.2
Mar  4 17:31:55 mail freshclam[24880]: Wed Mar  4 17:31:55 2020 -> DON'T PANIC! Read https://www.clamav.net/documents/upgrading-clamav
Mar  4 17:31:55 mail freshclam[24880]: Wed Mar  4 17:31:55 2020 -> main.cvd is up to date (version: 59, sigs: 4564902, f-level: 60, builder: sigmgr)
Mar  4 17:31:55 mail freshclam[24880]: Wed Mar  4 17:31:55 2020 -> daily.cld is up to date (version: 25741, sigs: 2206366, f-level: 63, builder: raynman)
Mar  4 17:31:55 mail freshclam[24880]: Wed Mar  4 17:31:55 2020 -> bytecode.cvd is up to date (version: 331, sigs: 94, f-level: 63, builder: anvilleg)
Mar  4 17:39:02 mail systemd[1]: Starting Clean php session files...
Mar  4 17:39:02 mail systemd[1]: Started Clean php session files.
Mar  4 18:09:02 mail systemd[1]: Starting Clean php session files...
Mar  4 18:09:02 mail systemd[1]: Started Clean php session files.
Mar  4 18:26:34 mail systemd[1]: Starting Cleanup of Temporary Directories...
Mar  4 18:26:34 mail systemd[1]: Started Cleanup of Temporary Directories.
Mar  4 18:31:55 mail freshclam[24880]: Wed Mar  4 18:31:55 2020 -> Received signal: wake up
Mar  4 18:31:55 mail freshclam[24880]: Wed Mar  4 18:31:55 2020 -> ClamAV update process started at Wed Mar  4 18:31:55 2020
Mar  4 18:31:55 mail freshclam[24880]: Wed Mar  4 18:31:55 2020 -> ^Your ClamAV installation is OUTDATED!
Mar  4 18:31:55 mail freshclam[24880]: Wed Mar  4 18:31:55 2020 -> ^Local version: 0.100.2 Recommended version: 0.102.2
Mar  4 18:31:55 mail freshclam[24880]: Wed Mar  4 18:31:55 2020 -> DON'T PANIC! Read https://www.clamav.net/documents/upgrading-clamav
Mar  4 18:31:55 mail freshclam[24880]: Wed Mar  4 18:31:55 2020 -> main.cvd is up to date (version: 59, sigs: 4564902, f-level: 60, builder: sigmgr)
Mar  4 18:31:55 mail freshclam[24880]: Wed Mar  4 18:31:55 2020 -> daily.cld is up to date (version: 25741, sigs: 2206366, f-level: 63, builder: raynman)
Mar  4 18:31:55 mail freshclam[24880]: Wed Mar  4 18:31:55 2020 -> bytecode.cvd is up to date (version: 331, sigs: 94, f-level: 63, builder: anvilleg)
Mar  4 18:39:01 mail systemd[1]: Starting Clean php session files...
Mar  4 18:39:02 mail systemd[1]: Started Clean php session files.
Mar  4 18:48:32 mail dhclient[404]: DHCPREQUEST of 192.168.10.177 on eth0 to 192.168.10.2 port 67
Mar  4 18:48:32 mail dhclient[404]: DHCPACK of 192.168.10.177 from 192.168.10.2
Mar  4 18:48:32 mail dhclient[404]: bound to 192.168.10.177 -- renewal in 37696 seconds.
Mar  4 18:56:34 mail systemd[1]: Starting Daily apt download activities...
Mar  4 18:56:35 mail systemd[1]: Started Daily apt download activities.
Mar  4 18:56:35 mail systemd[1]: apt-daily.timer: Adding 6h 47min 5.589577s random time.
Mar  4 18:56:35 mail systemd[1]: apt-daily.timer: Adding 10h 58min 18.362747s random time.
Mar  4 19:09:02 mail systemd[1]: Starting Clean php session files...
Mar  4 19:09:02 mail systemd[1]: Started Clean php session files.
Mar  4 19:31:55 mail freshclam[24880]: Wed Mar  4 19:31:55 2020 -> Received signal: wake up
Mar  4 19:31:55 mail freshclam[24880]: Wed Mar  4 19:31:55 2020 -> ClamAV update process started at Wed Mar  4 19:31:55 2020
Mar  4 19:31:55 mail freshclam[24880]: Wed Mar  4 19:31:55 2020 -> ^Your ClamAV installation is OUTDATED!
Mar  4 19:31:55 mail freshclam[24880]: Wed Mar  4 19:31:55 2020 -> ^Local version: 0.100.2 Recommended version: 0.102.2
Mar  4 19:31:55 mail freshclam[24880]: Wed Mar  4 19:31:55 2020 -> DON'T PANIC! Read https://www.clamav.net/documents/upgrading-clamav
Mar  4 19:31:55 mail freshclam[24880]: Wed Mar  4 19:31:55 2020 -> main.cvd is up to date (version: 59, sigs: 4564902, f-level: 60, builder: sigmgr)
Mar  4 19:31:55 mail freshclam[24880]: Wed Mar  4 19:31:55 2020 -> daily.cld is up to date (version: 25741, sigs: 2206366, f-level: 63, builder: raynman)
Mar  4 19:31:55 mail freshclam[24880]: Wed Mar  4 19:31:55 2020 -> bytecode.cvd is up to date (version: 331, sigs: 94, f-level: 63, builder: anvilleg)
Mar  4 19:39:02 mail systemd[1]: Starting Clean php session files...
Mar  4 19:39:02 mail systemd[1]: Started Clean php session files.
Mar  4 20:09:01 mail systemd[1]: Starting Clean php session files...
Mar  4 20:09:02 mail systemd[1]: Started Clean php session files.
Mar  4 20:31:55 mail freshclam[24880]: Wed Mar  4 20:31:55 2020 -> Received signal: wake up
Mar  4 20:31:55 mail freshclam[24880]: Wed Mar  4 20:31:55 2020 -> ClamAV update process started at Wed Mar  4 20:31:55 2020
Mar  4 20:31:55 mail freshclam[24880]: Wed Mar  4 20:31:55 2020 -> ^Your ClamAV installation is OUTDATED!
Mar  4 20:31:55 mail freshclam[24880]: Wed Mar  4 20:31:55 2020 -> ^Local version: 0.100.2 Recommended version: 0.102.2
Mar  4 20:31:55 mail freshclam[24880]: Wed Mar  4 20:31:55 2020 -> DON'T PANIC! Read https://www.clamav.net/documents/upgrading-clamav
Mar  4 20:31:55 mail freshclam[24880]: Wed Mar  4 20:31:55 2020 -> main.cvd is up to date (version: 59, sigs: 4564902, f-level: 60, builder: sigmgr)
Mar  4 20:31:55 mail freshclam[24880]: Wed Mar  4 20:31:55 2020 -> daily.cld is up to date (version: 25741, sigs: 2206366, f-level: 63, builder: raynman)
Mar  4 20:31:55 mail freshclam[24880]: Wed Mar  4 20:31:55 2020 -> bytecode.cvd is up to date (version: 331, sigs: 94, f-level: 63, builder: anvilleg)
Mar  4 20:39:01 mail systemd[1]: Starting Clean php session files...
Mar  4 20:39:02 mail systemd[1]: Started Clean php session files.
Mar  4 21:09:02 mail systemd[1]: Starting Clean php session files...
Mar  4 21:09:02 mail systemd[1]: Started Clean php session files.
Mar  4 21:31:55 mail freshclam[24880]: Wed Mar  4 21:31:55 2020 -> Received signal: wake up
Mar  4 21:31:55 mail freshclam[24880]: Wed Mar  4 21:31:55 2020 -> ClamAV update process started at Wed Mar  4 21:31:55 2020
Mar  4 21:31:55 mail freshclam[24880]: Wed Mar  4 21:31:55 2020 -> ^Your ClamAV installation is OUTDATED!
Mar  4 21:31:55 mail freshclam[24880]: Wed Mar  4 21:31:55 2020 -> ^Local version: 0.100.2 Recommended version: 0.102.2
Mar  4 21:31:55 mail freshclam[24880]: Wed Mar  4 21:31:55 2020 -> DON'T PANIC! Read https://www.clamav.net/documents/upgrading-clamav
Mar  4 21:31:55 mail freshclam[24880]: Wed Mar  4 21:31:55 2020 -> main.cvd is up to date (version: 59, sigs: 4564902, f-level: 60, builder: sigmgr)
Mar  4 21:31:55 mail freshclam[24880]: Wed Mar  4 21:31:55 2020 -> daily.cld is up to date (version: 25741, sigs: 2206366, f-level: 63, builder: raynman)
Mar  4 21:31:55 mail freshclam[24880]: Wed Mar  4 21:31:55 2020 -> bytecode.cvd is up to date (version: 331, sigs: 94, f-level: 63, builder: anvilleg)
Mar  4 21:39:01 mail systemd[1]: Starting Clean php session files...
Mar  4 21:39:02 mail systemd[1]: Started Clean php session files.
Mar  4 22:09:01 mail systemd[1]: Starting Clean php session files...
Mar  4 22:09:02 mail systemd[1]: Started Clean php session files.
Mar  4 22:31:55 mail freshclam[24880]: Wed Mar  4 22:31:55 2020 -> Received signal: wake up
Mar  4 22:31:55 mail freshclam[24880]: Wed Mar  4 22:31:55 2020 -> ClamAV update process started at Wed Mar  4 22:31:55 2020
Mar  4 22:31:55 mail freshclam[24880]: Wed Mar  4 22:31:55 2020 -> ^Your ClamAV installation is OUTDATED!
Mar  4 22:31:55 mail freshclam[24880]: Wed Mar  4 22:31:55 2020 -> ^Local version: 0.100.2 Recommended version: 0.102.2
Mar  4 22:31:55 mail freshclam[24880]: Wed Mar  4 22:31:55 2020 -> DON'T PANIC! Read https://www.clamav.net/documents/upgrading-clamav
Mar  4 22:31:55 mail freshclam[24880]: Wed Mar  4 22:31:55 2020 -> main.cvd is up to date (version: 59, sigs: 4564902, f-level: 60, builder: sigmgr)
Mar  4 22:31:55 mail freshclam[24880]: Wed Mar  4 22:31:55 2020 -> daily.cld is up to date (version: 25741, sigs: 2206366, f-level: 63, builder: raynman)
Mar  4 22:31:55 mail freshclam[24880]: Wed Mar  4 22:31:55 2020 -> bytecode.cvd is up to date (version: 331, sigs: 94, f-level: 63, builder: anvilleg)
Mar  4 22:39:01 mail systemd[1]: Starting Clean php session files...
Mar  4 22:39:02 mail systemd[1]: Started Clean php session files.
Mar  4 23:09:01 mail systemd[1]: Starting Clean php session files...
Mar  4 23:09:02 mail systemd[1]: Started Clean php session files.
Mar  4 23:31:55 mail freshclam[24880]: Wed Mar  4 23:31:55 2020 -> Received signal: wake up
Mar  4 23:31:55 mail freshclam[24880]: Wed Mar  4 23:31:55 2020 -> ClamAV update process started at Wed Mar  4 23:31:55 2020
Mar  4 23:31:55 mail freshclam[24880]: Wed Mar  4 23:31:55 2020 -> ^Your ClamAV installation is OUTDATED!
Mar  4 23:31:55 mail freshclam[24880]: Wed Mar  4 23:31:55 2020 -> ^Local version: 0.100.2 Recommended version: 0.102.2
Mar  4 23:31:55 mail freshclam[24880]: Wed Mar  4 23:31:55 2020 -> DON'T PANIC! Read https://www.clamav.net/documents/upgrading-clamav
Mar  4 23:31:55 mail freshclam[24880]: Wed Mar  4 23:31:55 2020 -> main.cvd is up to date (version: 59, sigs: 4564902, f-level: 60, builder: sigmgr)
Mar  4 23:31:55 mail freshclam[24880]: Wed Mar  4 23:31:55 2020 -> daily.cld is up to date (version: 25741, sigs: 2206366, f-level: 63, builder: raynman)
Mar  4 23:31:55 mail freshclam[24880]: Wed Mar  4 23:31:55 2020 -> bytecode.cvd is up to date (version: 331, sigs: 94, f-level: 63, builder: anvilleg)
Mar  4 23:39:01 mail systemd[1]: Starting Clean php session files...
Mar  4 23:39:02 mail systemd[1]: Started Clean php session files.
