Mar  9 10:40:57 Client01 useradd[1136]: new group: name=jdoe, GID=1000
Mar  9 10:40:57 Client01 useradd[1136]: new user: name=jdoe, UID=1000, GID=1000, home=/home/jdoe, shell=/bin/bash
Mar  9 10:40:57 Client01 useradd[1136]: add 'jdoe' to group 'adm'
Mar  9 10:40:57 Client01 useradd[1136]: add 'jdoe' to group 'dialout'
Mar  9 10:40:57 Client01 useradd[1136]: add 'jdoe' to group 'cdrom'
Mar  9 10:40:57 Client01 useradd[1136]: add 'jdoe' to group 'floppy'
Mar  9 10:40:57 Client01 useradd[1136]: add 'jdoe' to group 'sudo'
Mar  9 10:40:57 Client01 useradd[1136]: add 'jdoe' to group 'audio'
Mar  9 10:40:57 Client01 useradd[1136]: add 'jdoe' to group 'dip'
Mar  9 10:40:57 Client01 useradd[1136]: add 'jdoe' to group 'video'
Mar  9 10:40:57 Client01 useradd[1136]: add 'jdoe' to group 'plugdev'
Mar  9 10:40:57 Client01 useradd[1136]: add 'jdoe' to group 'lxd'
Mar  9 10:40:57 Client01 useradd[1136]: add 'jdoe' to group 'netdev'
Mar  9 10:40:57 Client01 useradd[1136]: add 'jdoe' to shadow group 'adm'
Mar  9 10:40:57 Client01 useradd[1136]: add 'jdoe' to shadow group 'dialout'
Mar  9 10:40:57 Client01 useradd[1136]: add 'jdoe' to shadow group 'cdrom'
Mar  9 10:40:57 Client01 useradd[1136]: add 'jdoe' to shadow group 'floppy'
Mar  9 10:40:57 Client01 useradd[1136]: add 'jdoe' to shadow group 'sudo'
Mar  9 10:40:57 Client01 useradd[1136]: add 'jdoe' to shadow group 'audio'
Mar  9 10:40:57 Client01 useradd[1136]: add 'jdoe' to shadow group 'dip'
Mar  9 10:40:57 Client01 useradd[1136]: add 'jdoe' to shadow group 'video'
Mar  9 10:40:57 Client01 useradd[1136]: add 'jdoe' to shadow group 'plugdev'
Mar  9 10:40:57 Client01 useradd[1136]: add 'jdoe' to shadow group 'lxd'
Mar  9 10:40:57 Client01 useradd[1136]: add 'jdoe' to shadow group 'netdev'
Mar  9 10:40:57 Client01 systemd-logind[1214]: New seat seat0.
Mar  9 10:40:57 Client01 systemd-logind[1214]: Watching system buttons on /dev/input/event0 (Power Button)
Mar  9 10:40:57 Client01 systemd-logind[1214]: Watching system buttons on /dev/input/event2 (AT Translated Set 2 keyboard)
Mar  9 10:40:57 Client01 systemd-logind[1214]: Watching system buttons on /dev/input/event1 (AT Translated Set 2 keyboard)
Mar  9 10:40:58 Client01 sshd[1441]: Server listening on 0.0.0.0 port 22.
Mar  9 10:40:58 Client01 sshd[1441]: Server listening on :: port 22.
Mar  9 10:41:01 Client01 sshd[1441]: Received signal 15; terminating.
Mar  9 10:41:01 Client01 sshd[1730]: Server listening on 0.0.0.0 port 22.
Mar  9 10:41:01 Client01 sshd[1730]: Server listening on :: port 22.
Mar  9 10:51:37 Client01 sshd[2415]: Accepted password for jdoe from 185.81.215.145 port 51031 ssh2
Mar  9 10:51:37 Client01 sshd[2415]: pam_unix(sshd:session): session opened for user jdoe by (uid=0)
Mar  9 10:51:37 Client01 systemd: pam_unix(systemd-user:session): session opened for user jdoe by (uid=0)
Mar  9 10:51:37 Client01 systemd-logind[1214]: New session 1 of user jdoe.
Mar  9 10:55:58 Client01 sudo:     jdoe : TTY=pts/0 ; PWD=/home/jdoe ; USER=root ; COMMAND=/usr/bin/apt-get -y install xrdp
Mar  9 10:55:58 Client01 sudo: pam_unix(sudo:session): session opened for user root by jdoe(uid=0)
Mar  9 10:55:58 Client01 sudo: pam_unix(sudo:session): session closed for user root
Mar  9 10:56:26 Client01 sudo:     jdoe : TTY=pts/0 ; PWD=/home/jdoe ; USER=root ; COMMAND=/usr/bin/apt update
Mar  9 10:56:26 Client01 sudo: pam_unix(sudo:session): session opened for user root by jdoe(uid=0)
Mar  9 10:56:35 Client01 sudo: pam_unix(sudo:session): session closed for user root
Mar  9 10:56:51 Client01 sudo:     jdoe : TTY=pts/0 ; PWD=/home/jdoe ; USER=root ; COMMAND=/usr/bin/apt-get install xfce4
Mar  9 10:56:51 Client01 sudo: pam_unix(sudo:session): session opened for user root by jdoe(uid=0)
Mar  9 10:59:18 Client01 groupadd[7271]: group added to /etc/group: name=rtkit, GID=115
Mar  9 10:59:18 Client01 groupadd[7271]: group added to /etc/gshadow: name=rtkit
Mar  9 10:59:18 Client01 groupadd[7271]: new group: name=rtkit, GID=115
Mar  9 10:59:18 Client01 useradd[7275]: new user: name=rtkit, UID=111, GID=115, home=/proc, shell=/usr/sbin/nologin
Mar  9 10:59:18 Client01 usermod[7281]: change user 'rtkit' password
Mar  9 10:59:18 Client01 chage[7286]: changed password expiry for rtkit
Mar  9 10:59:18 Client01 chfn[7289]: changed user 'rtkit' information
Mar  9 10:59:23 Client01 useradd[7465]: new user: name=usbmux, UID=112, GID=46, home=/var/lib/usbmux, shell=/usr/sbin/nologin
Mar  9 10:59:23 Client01 usermod[7471]: change user 'usbmux' password
Mar  9 10:59:23 Client01 chage[7476]: changed password expiry for usbmux
Mar  9 10:59:23 Client01 chfn[7479]: changed user 'usbmux' information
Mar  9 10:59:37 Client01 groupadd[7824]: group added to /etc/group: name=pulse, GID=116
Mar  9 10:59:37 Client01 groupadd[7824]: group added to /etc/gshadow: name=pulse
Mar  9 10:59:37 Client01 groupadd[7824]: new group: name=pulse, GID=116
Mar  9 10:59:37 Client01 useradd[7828]: new user: name=pulse, UID=113, GID=116, home=/var/run/pulse, shell=/usr/sbin/nologin
Mar  9 10:59:38 Client01 usermod[7834]: change user 'pulse' password
Mar  9 10:59:38 Client01 chage[7839]: changed password expiry for pulse
Mar  9 10:59:38 Client01 chfn[7842]: changed user 'pulse' information
Mar  9 10:59:38 Client01 gpasswd[7847]: user pulse added by root to group audio
Mar  9 10:59:38 Client01 groupadd[7853]: group added to /etc/group: name=pulse-access, GID=117
Mar  9 10:59:38 Client01 groupadd[7853]: group added to /etc/gshadow: name=pulse-access
Mar  9 10:59:38 Client01 groupadd[7853]: new group: name=pulse-access, GID=117
Mar  9 11:00:47 Client01 sudo: pam_unix(sudo:session): session closed for user root
Mar  9 11:17:01 Client01 CRON[26953]: pam_unix(cron:session): session opened for user root by (uid=0)
Mar  9 11:17:01 Client01 CRON[26953]: pam_unix(cron:session): session closed for user root
Mar  9 11:40:15 Client01 sudo:     jdoe : TTY=pts/0 ; PWD=/home/jdoe ; USER=root ; COMMAND=/usr/bin/apt-get -y install xrdp
Mar  9 11:40:15 Client01 sudo: pam_unix(sudo:session): session opened for user root by jdoe(uid=0)
Mar  9 11:40:17 Client01 groupadd[28359]: group added to /etc/group: name=ssl-cert, GID=118
Mar  9 11:40:17 Client01 groupadd[28359]: group added to /etc/gshadow: name=ssl-cert
Mar  9 11:40:17 Client01 groupadd[28359]: new group: name=ssl-cert, GID=118
Mar  9 11:40:18 Client01 groupadd[28383]: group added to /etc/group: name=xrdp, GID=119
Mar  9 11:40:18 Client01 groupadd[28383]: group added to /etc/gshadow: name=xrdp
Mar  9 11:40:18 Client01 groupadd[28383]: new group: name=xrdp, GID=119
Mar  9 11:40:18 Client01 useradd[28387]: new user: name=xrdp, UID=114, GID=119, home=/var/run/xrdp, shell=/usr/sbin/nologin
Mar  9 11:40:18 Client01 chage[28393]: changed password expiry for xrdp
Mar  9 11:40:23 Client01 sudo: pam_unix(sudo:session): session closed for user root
Mar  9 11:42:22 Client01 sudo:     jdoe : TTY=pts/0 ; PWD=/home/jdoe ; USER=root ; COMMAND=/bin/systemctl enable xrdp
Mar  9 11:42:22 Client01 sudo: pam_unix(sudo:session): session opened for user root by jdoe(uid=0)
Mar  9 11:42:22 Client01 sudo: pam_unix(sudo:session): session closed for user root
Mar  9 11:42:37 Client01 sudo:     jdoe : TTY=pts/0 ; PWD=/home/jdoe ; USER=root ; COMMAND=/usr/sbin/service xrdp restart
Mar  9 11:42:37 Client01 sudo: pam_unix(sudo:session): session opened for user root by jdoe(uid=0)
Mar  9 11:42:38 Client01 sudo: pam_unix(sudo:session): session closed for user root
Mar  9 11:49:06 Client01 xrdp-sesman[29496]: pam_unix(xrdp-sesman:session): session opened for user jdoe by (uid=0)
Mar  9 11:49:07 Client01 systemd-logind[1214]: New session c1 of user jdoe.
Mar  9 11:50:48 Client01 sudo:     jdoe : TTY=pts/1 ; PWD=/home/jdoe ; USER=root ; COMMAND=/usr/bin/apt install firefox
Mar  9 11:50:48 Client01 sudo: pam_unix(sudo:session): session opened for user root by (uid=0)
Mar  9 11:51:19 Client01 sudo: pam_unix(sudo:session): session closed for user root
Mar  9 11:55:20 Client01 sudo:     jdoe : TTY=pts/1 ; PWD=/home/jdoe ; USER=root ; COMMAND=/bin/nano /etc/hosts
Mar  9 11:55:20 Client01 sudo: pam_unix(sudo:session): session opened for user root by (uid=0)
Mar  9 11:55:49 Client01 sudo: pam_unix(sudo:session): session closed for user root
Mar  9 12:17:01 Client01 CRON[31884]: pam_unix(cron:session): session opened for user root by (uid=0)
Mar  9 12:17:01 Client01 CRON[31884]: pam_unix(cron:session): session closed for user root
Mar  9 12:47:37 Client01 sudo:     jdoe : TTY=pts/2 ; PWD=/home/jdoe ; USER=root ; COMMAND=/usr/bin/apt install auditd
Mar  9 12:47:37 Client01 sudo: pam_unix(sudo:session): session opened for user root by (uid=0)
Mar  9 12:47:45 Client01 sudo: pam_unix(sudo:session): session closed for user root
Mar  9 12:50:02 Client01 sshd[34065]: Connection closed by 170.80.224.60 port 35539 [preauth]
Mar  9 12:51:50 Client01 sshd[1730]: Received signal 15; terminating.
Mar  9 20:19:06 Client01 systemd-logind[1260]: New seat seat0.
Mar  9 20:19:06 Client01 systemd-logind[1260]: Watching system buttons on /dev/input/event0 (Power Button)
Mar  9 20:19:06 Client01 systemd-logind[1260]: Watching system buttons on /dev/input/event2 (AT Translated Set 2 keyboard)
Mar  9 20:19:06 Client01 systemd-logind[1260]: Watching system buttons on /dev/input/event1 (AT Translated Set 2 keyboard)
Mar  9 20:19:08 Client01 sshd[1443]: Server listening on 0.0.0.0 port 22.
Mar  9 20:19:08 Client01 sshd[1443]: Server listening on :: port 22.
Mar  9 20:20:27 Client01 xrdp-sesman[1870]: pam_unix(xrdp-sesman:session): session opened for user jdoe by (uid=0)
Mar  9 20:20:27 Client01 systemd-logind[1260]: New session c1 of user jdoe.
Mar  9 20:20:27 Client01 systemd: pam_unix(systemd-user:session): session opened for user jdoe by (uid=0)
Mar  9 20:25:40 Client01 sudo:     jdoe : TTY=pts/0 ; PWD=/home/jdoe ; USER=root ; COMMAND=/usr/bin/apt-get install auditd -y
Mar  9 20:25:40 Client01 sudo: pam_unix(sudo:session): session opened for user root by (uid=0)
Mar  9 20:25:42 Client01 sudo: pam_unix(sudo:session): session closed for user root
Mar  9 20:25:59 Client01 sudo:     jdoe : TTY=pts/0 ; PWD=/home/jdoe ; USER=root ; COMMAND=/bin/systemctl start auditd
Mar  9 20:25:59 Client01 sudo: pam_unix(sudo:session): session opened for user root by (uid=0)
Mar  9 20:25:59 Client01 sudo: pam_unix(sudo:session): session closed for user root
Mar  9 20:26:20 Client01 sudo:     jdoe : TTY=pts/0 ; PWD=/home/jdoe ; USER=root ; COMMAND=/bin/systemctl enable auditd
Mar  9 20:26:20 Client01 sudo: pam_unix(sudo:session): session opened for user root by (uid=0)
Mar  9 20:26:21 Client01 sudo: pam_unix(sudo:session): session closed for user root
Mar  9 20:27:10 Client01 sudo:     jdoe : TTY=pts/0 ; PWD=/home/jdoe ; USER=root ; COMMAND=/sbin/auditctl -l
Mar  9 20:27:10 Client01 sudo: pam_unix(sudo:session): session opened for user root by (uid=0)
Mar  9 20:27:10 Client01 sudo: pam_unix(sudo:session): session closed for user root
Mar  9 20:27:42 Client01 sudo:     jdoe : TTY=pts/0 ; PWD=/home/jdoe ; USER=root ; COMMAND=/bin/nano /etc/audit/rules.d/audit.rules
Mar  9 20:27:42 Client01 sudo: pam_unix(sudo:session): session opened for user root by (uid=0)
Mar  9 20:36:40 Client01 sudo: pam_unix(sudo:session): session closed for user root
Mar  9 20:37:03 Client01 sudo:     jdoe : TTY=pts/0 ; PWD=/home/jdoe ; USER=root ; COMMAND=/bin/systemctl restart aduitd
Mar  9 20:37:03 Client01 sudo: pam_unix(sudo:session): session opened for user root by (uid=0)
Mar  9 20:37:03 Client01 sudo: pam_unix(sudo:session): session closed for user root
Mar  9 20:37:46 Client01 sudo:     jdoe : TTY=pts/0 ; PWD=/home/jdoe ; USER=root ; COMMAND=/sbin/auditctl -l
Mar  9 20:37:46 Client01 sudo: pam_unix(sudo:session): session opened for user root by (uid=0)
Mar  9 20:37:46 Client01 sudo: pam_unix(sudo:session): session closed for user root
Mar  9 20:38:36 Client01 sudo:     jdoe : TTY=pts/0 ; PWD=/home/jdoe ; USER=root ; COMMAND=/bin/systemctl restart auditd
Mar  9 20:38:36 Client01 sudo: pam_unix(sudo:session): session opened for user root by (uid=0)
Mar  9 20:38:36 Client01 sudo: pam_unix(sudo:session): session closed for user root
Mar  9 20:38:46 Client01 sudo:     jdoe : TTY=pts/0 ; PWD=/home/jdoe ; USER=root ; COMMAND=/sbin/auditctl -l
Mar  9 20:38:46 Client01 sudo: pam_unix(sudo:session): session opened for user root by (uid=0)
Mar  9 20:38:46 Client01 sudo: pam_unix(sudo:session): session closed for user root
Mar  9 21:06:06 Client01 sshd[5144]: Did not receive identification string from 103.232.207.15 port 46286
Mar  9 21:06:33 Client01 sshd[1443]: Received signal 15; terminating.
Mar 14 10:37:35 Client01 systemd-logind[1206]: New seat seat0.
Mar 14 10:37:35 Client01 systemd-logind[1206]: Watching system buttons on /dev/input/event0 (Power Button)
Mar 14 10:37:35 Client01 systemd-logind[1206]: Watching system buttons on /dev/input/event3 (AT Translated Set 2 keyboard)
Mar 14 10:37:35 Client01 systemd-logind[1206]: Watching system buttons on /dev/input/event1 (AT Translated Set 2 keyboard)
Mar 14 10:37:36 Client01 sshd[1423]: Server listening on 0.0.0.0 port 22.
Mar 14 10:37:36 Client01 sshd[1423]: Server listening on :: port 22.
Mar 14 10:42:59 Client01 xrdp-sesman[3406]: pam_unix(xrdp-sesman:session): session opened for user jdoe by (uid=0)
Mar 14 10:42:59 Client01 systemd-logind[1206]: New session c1 of user jdoe.
Mar 14 10:42:59 Client01 systemd: pam_unix(systemd-user:session): session opened for user jdoe by (uid=0)
Mar 14 10:47:07 Client01 sudo:     jdoe : TTY=pts/0 ; PWD=/home/jdoe ; USER=root ; COMMAND=/sbin/auditctl -l
Mar 14 10:47:07 Client01 sudo: pam_unix(sudo:session): session opened for user root by (uid=0)
Mar 14 10:47:07 Client01 sudo: pam_unix(sudo:session): session closed for user root
Mar 14 11:00:22 Client01 sudo:     jdoe : TTY=pts/0 ; PWD=/home/jdoe ; USER=root ; COMMAND=/usr/bin/apt install filezilla
Mar 14 11:00:22 Client01 sudo: pam_unix(sudo:session): session opened for user root by (uid=0)
Mar 14 11:00:53 Client01 sudo: pam_unix(sudo:session): session closed for user root
Mar 14 11:17:01 Client01 CRON[6529]: pam_unix(cron:session): session opened for user root by (uid=0)
Mar 14 11:17:01 Client01 CRON[6529]: pam_unix(cron:session): session closed for user root
Mar 14 11:42:40 Client01 sshd[8080]: Invalid user pi from 113.190.216.72 port 38310
Mar 14 11:42:40 Client01 sshd[8073]: Invalid user pi from 113.190.216.72 port 38306
Mar 14 11:42:41 Client01 sshd[8080]: pam_unix(sshd:auth): check pass; user unknown
Mar 14 11:42:41 Client01 sshd[8080]: pam_unix(sshd:auth): authentication failure; logname= uid=0 euid=0 tty=ssh ruser= rhost=113.190.216.72
Mar 14 11:42:41 Client01 sshd[8073]: pam_unix(sshd:auth): check pass; user unknown
Mar 14 11:42:41 Client01 sshd[8073]: pam_unix(sshd:auth): authentication failure; logname= uid=0 euid=0 tty=ssh ruser= rhost=113.190.216.72
Mar 14 11:42:43 Client01 sshd[8080]: Failed password for invalid user pi from 113.190.216.72 port 38310 ssh2
Mar 14 11:42:43 Client01 sshd[8073]: Failed password for invalid user pi from 113.190.216.72 port 38306 ssh2
Mar 14 11:42:43 Client01 sshd[8080]: Connection closed by invalid user pi 113.190.216.72 port 38310 [preauth]
Mar 14 11:42:43 Client01 sshd[8073]: Connection closed by invalid user pi 113.190.216.72 port 38306 [preauth]
Mar 14 12:07:46 Client01 sshd[9497]: Connection reset by 196.52.43.52 port 36051 [preauth]
Mar 14 12:17:01 Client01 CRON[10026]: pam_unix(cron:session): session opened for user root by (uid=0)
Mar 14 12:17:01 Client01 CRON[10026]: pam_unix(cron:session): session closed for user root
Mar 14 13:17:01 Client01 CRON[13377]: pam_unix(cron:session): session opened for user root by (uid=0)
Mar 14 13:17:01 Client01 CRON[13377]: pam_unix(cron:session): session closed for user root
Mar 14 13:45:42 Client01 sshd[14965]: Did not receive identification string from 162.243.133.44 port 42892
Mar 14 13:59:59 Client01 sshd[15779]: Did not receive identification string from 24.100.79.217 port 57874
Mar 14 14:08:02 Client01 sshd[16228]: Connection closed by 24.100.79.217 port 58739 [preauth]
Mar 14 14:10:10 Client01 sshd[16350]: Did not receive identification string from 34.87.136.134 port 40104
Mar 14 14:17:01 Client01 CRON[16730]: pam_unix(cron:session): session opened for user root by (uid=0)
Mar 14 14:17:01 Client01 CRON[16730]: pam_unix(cron:session): session closed for user root
Mar 14 14:18:24 Client01 sshd[16802]: Connection closed by 24.100.79.217 port 59717 [preauth]
Mar 14 14:23:01 Client01 sshd[17063]: Connection closed by 24.100.79.217 port 60312 [preauth]
Mar 14 14:27:53 Client01 sshd[17333]: Connection closed by 24.100.79.217 port 60931 [preauth]
Mar 14 14:32:30 Client01 sshd[17596]: Connection closed by 24.100.79.217 port 33299 [preauth]
Mar 14 14:37:06 Client01 sshd[17854]: Connection closed by 24.100.79.217 port 33907 [preauth]
Mar 14 14:41:57 Client01 sshd[18133]: Connection closed by 24.100.79.217 port 34508 [preauth]
Mar 14 14:58:41 Client01 sshd[19085]: Received disconnect from 188.138.121.60 port 57371:11: Bye Bye [preauth]
Mar 14 14:58:41 Client01 sshd[19085]: Disconnected from 188.138.121.60 port 57371 [preauth]
Mar 14 15:17:01 Client01 CRON[20124]: pam_unix(cron:session): session opened for user root by (uid=0)
Mar 14 15:17:01 Client01 CRON[20124]: pam_unix(cron:session): session closed for user root
Mar 14 16:17:01 Client01 CRON[23582]: pam_unix(cron:session): session opened for user root by (uid=0)
Mar 14 16:17:01 Client01 CRON[23582]: pam_unix(cron:session): session closed for user root
