Client03 type=PATH msg=audit(1584200382.303:4286): item=1 name="/home/akep/Downloads/Report_2020.sh" inode=516676 dev=08:01 mode=0100644 ouid=1000 ogid=1000 rdev=00:00 nametype=CREATE cap_fp=0 cap_fi=0 cap_fe=0 cap_fver=0
Client03 type=PROCTITLE msg=audit(1584200382.303:4286): proctitle="/usr/lib/firefox/firefox"
Client03 type=SYSCALL msg=audit(1584200382.499:4287): arch=c000003e syscall=257 success=yes exit=165 a0=ffffff9c a1=7f23b43a3308 a2=242 a3=180 items=2 ppid=2144 pid=2467 auid=1000 uid=1000 gid=1000 euid=1000 suid=1000 fsuid=1000 egid=1000 sgid=1000 fsgid=1000 tty=pts0 ses=1 comm=43616368653220492F4F exe="/usr/lib/firefox/firefox" key="home"
Client03 type=CWD msg=audit(1584200382.499:4287): cwd="/home/akep"
Client03 type=PATH msg=audit(1584200382.499:4287): item=0 name="/home/akep/.cache/mozilla/firefox/xq5ngiu3.default-release/cache2/entries/" inode=516506 dev=08:01 mode=040700 ouid=1000 ogid=1000 rdev=00:00 nametype=PARENT cap_fp=0 cap_fi=0 cap_fe=0 cap_fver=0
Client03 type=PATH msg=audit(1584200382.499:4287): item=1 name="/home/akep/.cache/mozilla/firefox/xq5ngiu3.default-release/cache2/entries/FAD342589D1512AB182D6ACCA0436E1A84BFD2E6" inode=516706 dev=08:01 mode=0100600 ouid=1000 ogid=1000 rdev=00:00 nametype=CREATE cap_fp=0 cap_fi=0 cap_fe=0 cap_fver=0
Client03 type=PROCTITLE msg=audit(1584200382.499:4287): proctitle="/usr/lib/firefox/firefox"
Client03 type=SYSCALL msg=audit(1584200382.535:4288): arch=c000003e syscall=257 success=yes exit=165 a0=ffffff9c a1=7f23b4332e08 a2=242 a3=180 items=2 ppid=2144 pid=2467 auid=1000 uid=1000 gid=1000 euid=1000 suid=1000 fsuid=1000 egid=1000 sgid=1000 fsgid=1000 tty=pts0 ses=1 comm=43616368653220492F4F exe="/usr/lib/firefox/firefox" key="home"
Client03 type=CWD msg=audit(1584200382.535:4288): cwd="/home/akep"
Client03 type=PATH msg=audit(1584200382.535:4288): item=0 name="/home/akep/.cache/mozilla/firefox/xq5ngiu3.default-release/cache2/entries/" inode=516506 dev=08:01 mode=040700 ouid=1000 ogid=1000 rdev=00:00 nametype=PARENT cap_fp=0 cap_fi=0 cap_fe=0 cap_fver=0
Client03 type=PATH msg=audit(1584200382.535:4288): item=1 name="/home/akep/.cache/mozilla/firefox/xq5ngiu3.default-release/cache2/entries/75C134F3F0F5E5D355C0F20F503317D530BDEB0A" inode=516710 dev=08:01 mode=0100600 ouid=1000 ogid=1000 rdev=00:00 nametype=CREATE cap_fp=0 cap_fi=0 cap_fe=0 cap_fver=0
Client03 type=PROCTITLE msg=audit(1584200382.535:4288): proctitle="/usr/lib/firefox/firefox"
Client03 type=SYSCALL msg=audit(1584200382.539:4289): arch=c000003e syscall=82 success=yes exit=0 a0=7f23b64fb340 a1=7f23b64fb370 a2=7f23c57fb9e8 a3=7f23c57fb060 items=5 ppid=2144 pid=2467 auid=1000 uid=1000 gid=1000 euid=1000 suid=1000 fsuid=1000 egid=1000 sgid=1000 fsgid=1000 tty=pts0 ses=1 comm=444F4D20576F726B6572 exe="/usr/lib/firefox/firefox" key="home"
Client03 type=CWD msg=audit(1584200382.539:4289): cwd="/home/akep"
Client03 type=PATH msg=audit(1584200382.539:4289): item=0 name="/tmp/mozilla_akep0/" inode=516589 dev=08:01 mode=040700 ouid=1000 ogid=1000 rdev=00:00 nametype=PARENT cap_fp=0 cap_fi=0 cap_fe=0 cap_fver=0
Client03 type=PATH msg=audit(1584200382.539:4289): item=1 name="/home/akep/Downloads/" inode=516310 dev=08:01 mode=040755 ouid=1000 ogid=1000 rdev=00:00 nametype=PARENT cap_fp=0 cap_fi=0 cap_fe=0 cap_fver=0
Client03 type=PATH msg=audit(1584200382.539:4289): item=2 name="/tmp/mozilla_akep0/oyQumUfu.sh.part" inode=516686 dev=08:01 mode=0100600 ouid=1000 ogid=1000 rdev=00:00 nametype=DELETE cap_fp=0 cap_fi=0 cap_fe=0 cap_fver=0
Client03 type=PATH msg=audit(1584200382.539:4289): item=3 name="/home/akep/Downloads/Report_2020.sh" inode=516676 dev=08:01 mode=0100644 ouid=1000 ogid=1000 rdev=00:00 nametype=DELETE cap_fp=0 cap_fi=0 cap_fe=0 cap_fver=0
Client03 type=PATH msg=audit(1584200382.539:4289): item=4 name="/home/akep/Downloads/Report_2020.sh" inode=516686 dev=08:01 mode=0100600 ouid=1000 ogid=1000 rdev=00:00 nametype=CREATE cap_fp=0 cap_fi=0 cap_fe=0 cap_fver=0
Client03 type=PROCTITLE msg=audit(1584200382.539:4289): proctitle="/usr/lib/firefox/firefox"
Client03 type=SYSCALL msg=audit(1584200382.587:4290): arch=c000003e syscall=83 success=yes exit=0 a0=56430be56610 a1=1c0 a2=ffffffffffffff80 a3=0 items=2 ppid=1832 pid=2056 auid=1000 uid=1000 gid=1000 euid=1000 suid=1000 fsuid=1000 egid=1000 sgid=1000 fsgid=1000 tty=(none) ses=1 comm="gvfsd-metadata" exe="/usr/lib/gvfs/gvfsd-metadata" key="home"
Client03 type=CWD msg=audit(1584200382.587:4290): cwd="/home/akep"
Client03 type=PATH msg=audit(1584200382.587:4290): item=0 name="/home/akep/.local/share/" inode=516294 dev=08:01 mode=040700 ouid=1000 ogid=1000 rdev=00:00 nametype=PARENT cap_fp=0 cap_fi=0 cap_fe=0 cap_fver=0
Client03 type=PATH msg=audit(1584200382.587:4290): item=1 name="/home/akep/.local/share/gvfs-metadata" inode=516676 dev=08:01 mode=040700 ouid=1000 ogid=1000 rdev=00:00 nametype=CREATE cap_fp=0 cap_fi=0 cap_fe=0 cap_fver=0
Client03 type=PROCTITLE msg=audit(1584200382.587:4290): proctitle="/usr/lib/gvfs/gvfsd-metadata"
Client03 type=SYSCALL msg=audit(1584200382.591:4291): arch=c000003e syscall=257 success=yes exit=9 a0=ffffff9c a1=7fc03c00b8f0 a2=c2 a3=180 items=2 ppid=1832 pid=2056 auid=1000 uid=1000 gid=1000 euid=1000 suid=1000 fsuid=1000 egid=1000 sgid=1000 fsgid=1000 tty=(none) ses=1 comm="gvfsd-metadata" exe="/usr/lib/gvfs/gvfsd-metadata" key="home"
Client03 type=CWD msg=audit(1584200382.591:4291): cwd="/home/akep"
Client03 type=PATH msg=audit(1584200382.591:4291): item=0 name="/home/akep/.local/share/gvfs-metadata/" inode=516676 dev=08:01 mode=040700 ouid=1000 ogid=1000 rdev=00:00 nametype=PARENT cap_fp=0 cap_fi=0 cap_fe=0 cap_fver=0
Client03 type=PATH msg=audit(1584200382.591:4291): item=1 name="/home/akep/.local/share/gvfs-metadata/home.42B7G0" inode=516713 dev=08:01 mode=0100600 ouid=1000 ogid=1000 rdev=00:00 nametype=CREATE cap_fp=0 cap_fi=0 cap_fe=0 cap_fver=0
Client03 type=PROCTITLE msg=audit(1584200382.591:4291): proctitle="/usr/lib/gvfs/gvfsd-metadata"
Client03 type=SYSCALL msg=audit(1584200382.623:4292): arch=c000003e syscall=257 success=yes exit=9 a0=ffffff9c a1=56430be58670 a2=c2 a3=1b6 items=2 ppid=1832 pid=2056 auid=1000 uid=1000 gid=1000 euid=1000 suid=1000 fsuid=1000 egid=1000 sgid=1000 fsgid=1000 tty=(none) ses=1 comm="gvfsd-metadata" exe="/usr/lib/gvfs/gvfsd-metadata" key="home"
Client03 type=CWD msg=audit(1584200382.623:4292): cwd="/home/akep"
Client03 type=PATH msg=audit(1584200382.623:4292): item=0 name="/home/akep/.local/share/gvfs-metadata/" inode=516676 dev=08:01 mode=040700 ouid=1000 ogid=1000 rdev=00:00 nametype=PARENT cap_fp=0 cap_fi=0 cap_fe=0 cap_fver=0
Client03 type=PATH msg=audit(1584200382.623:4292): item=1 name="/home/akep/.local/share/gvfs-metadata/home-2f0477ff.log.7AN6G0" inode=517922 dev=08:01 mode=0100644 ouid=1000 ogid=1000 rdev=00:00 nametype=CREATE cap_fp=0 cap_fi=0 cap_fe=0 cap_fver=0
Client03 type=PROCTITLE msg=audit(1584200382.623:4292): proctitle="/usr/lib/gvfs/gvfsd-metadata"
Client03 type=SYSCALL msg=audit(1584200382.623:4293): arch=c000003e syscall=82 success=yes exit=0 a0=56430be56a40 a1=7fc03c00b680 a2=56430be23010 a3=8000 items=4 ppid=1832 pid=2056 auid=1000 uid=1000 gid=1000 euid=1000 suid=1000 fsuid=1000 egid=1000 sgid=1000 fsgid=1000 tty=(none) ses=1 comm="gvfsd-metadata" exe="/usr/lib/gvfs/gvfsd-metadata" key="home"
Client03 type=CWD msg=audit(1584200382.623:4293): cwd="/home/akep"
Client03 type=PATH msg=audit(1584200382.623:4293): item=0 name="/home/akep/.local/share/gvfs-metadata/" inode=516676 dev=08:01 mode=040700 ouid=1000 ogid=1000 rdev=00:00 nametype=PARENT cap_fp=0 cap_fi=0 cap_fe=0 cap_fver=0
Client03 type=PATH msg=audit(1584200382.623:4293): item=1 name="/home/akep/.local/share/gvfs-metadata/" inode=516676 dev=08:01 mode=040700 ouid=1000 ogid=1000 rdev=00:00 nametype=PARENT cap_fp=0 cap_fi=0 cap_fe=0 cap_fver=0
Client03 type=PATH msg=audit(1584200382.623:4293): item=2 name="/home/akep/.local/share/gvfs-metadata/home-2f0477ff.log.7AN6G0" inode=517922 dev=08:01 mode=0100644 ouid=1000 ogid=1000 rdev=00:00 nametype=DELETE cap_fp=0 cap_fi=0 cap_fe=0 cap_fver=0
Client03 type=PATH msg=audit(1584200382.623:4293): item=3 name="/home/akep/.local/share/gvfs-metadata/home-2f0477ff.log" inode=517922 dev=08:01 mode=0100644 ouid=1000 ogid=1000 rdev=00:00 nametype=CREATE cap_fp=0 cap_fi=0 cap_fe=0 cap_fver=0
Client03 type=PROCTITLE msg=audit(1584200382.623:4293): proctitle="/usr/lib/gvfs/gvfsd-metadata"
Client03 type=SYSCALL msg=audit(1584200382.623:4294): arch=c000003e syscall=82 success=yes exit=0 a0=7fc03c00b8f0 a1=7fc03c00b8b0 a2=ffffffffffffff80 a3=0 items=4 ppid=1832 pid=2056 auid=1000 uid=1000 gid=1000 euid=1000 suid=1000 fsuid=1000 egid=1000 sgid=1000 fsgid=1000 tty=(none) ses=1 comm="gvfsd-metadata" exe="/usr/lib/gvfs/gvfsd-metadata" key="home"
Client03 type=CWD msg=audit(1584200382.623:4294): cwd="/home/akep"
Client03 type=PATH msg=audit(1584200382.623:4294): item=0 name="/home/akep/.local/share/gvfs-metadata/" inode=516676 dev=08:01 mode=040700 ouid=1000 ogid=1000 rdev=00:00 nametype=PARENT cap_fp=0 cap_fi=0 cap_fe=0 cap_fver=0
Client03 type=PATH msg=audit(1584200382.623:4294): item=1 name="/home/akep/.local/share/gvfs-metadata/" inode=516676 dev=08:01 mode=040700 ouid=1000 ogid=1000 rdev=00:00 nametype=PARENT cap_fp=0 cap_fi=0 cap_fe=0 cap_fver=0
Client03 type=PATH msg=audit(1584200382.623:4294): item=2 name="/home/akep/.local/share/gvfs-metadata/home.42B7G0" inode=516713 dev=08:01 mode=0100600 ouid=1000 ogid=1000 rdev=00:00 nametype=DELETE cap_fp=0 cap_fi=0 cap_fe=0 cap_fver=0
Client03 type=PATH msg=audit(1584200382.623:4294): item=3 name="/home/akep/.local/share/gvfs-metadata/home" inode=516713 dev=08:01 mode=0100600 ouid=1000 ogid=1000 rdev=00:00 nametype=CREATE cap_fp=0 cap_fi=0 cap_fe=0 cap_fver=0
Client03 type=PROCTITLE msg=audit(1584200382.623:4294): proctitle="/usr/lib/gvfs/gvfsd-metadata"
Client03 type=SYSCALL msg=audit(1584200382.631:4295): arch=c000003e syscall=257 success=yes exit=10 a0=ffffff9c a1=7fc03c00b8f0 a2=2 a3=0 items=1 ppid=1832 pid=2056 auid=1000 uid=1000 gid=1000 euid=1000 suid=1000 fsuid=1000 egid=1000 sgid=1000 fsgid=1000 tty=(none) ses=1 comm="gvfsd-metadata" exe="/usr/lib/gvfs/gvfsd-metadata" key="home"
Client03 type=CWD msg=audit(1584200382.631:4295): cwd="/home/akep"
Client03 type=PATH msg=audit(1584200382.631:4295): item=0 name="/home/akep/.local/share/gvfs-metadata/home-2f0477ff.log" inode=517922 dev=08:01 mode=0100644 ouid=1000 ogid=1000 rdev=00:00 nametype=NORMAL cap_fp=0 cap_fi=0 cap_fe=0 cap_fver=0
Client03 type=PROCTITLE msg=audit(1584200382.631:4295): proctitle="/usr/lib/gvfs/gvfsd-metadata"
Client03 type=SYSCALL msg=audit(1584200382.839:4296): arch=c000003e syscall=257 success=yes exit=165 a0=ffffff9c a1=7f23afb53300 a2=c2 a3=1b6 items=2 ppid=2144 pid=2467 auid=1000 uid=1000 gid=1000 euid=1000 suid=1000 fsuid=1000 egid=1000 sgid=1000 fsgid=1000 tty=pts0 ses=1 comm="firefox" exe="/usr/lib/firefox/firefox" key="home"
Client03 type=CWD msg=audit(1584200382.839:4296): cwd="/home/akep"
Client03 type=PATH msg=audit(1584200382.839:4296): item=0 name="/home/akep/.local/share/" inode=516294 dev=08:01 mode=040700 ouid=1000 ogid=1000 rdev=00:00 nametype=PARENT cap_fp=0 cap_fi=0 cap_fe=0 cap_fver=0
Client03 type=PATH msg=audit(1584200382.839:4296): item=1 name="/home/akep/.local/share/recently-used.xbel.FL7YG0" inode=517930 dev=08:01 mode=0100644 ouid=1000 ogid=1000 rdev=00:00 nametype=CREATE cap_fp=0 cap_fi=0 cap_fe=0 cap_fver=0
Client03 type=PROCTITLE msg=audit(1584200382.839:4296): proctitle="/usr/lib/firefox/firefox"
Client03 type=SYSCALL msg=audit(1584200382.839:4297): arch=c000003e syscall=82 success=yes exit=0 a0=7f23afb5e800 a1=7f23bc86fb40 a2=7f23e0300018 a3=2d9 items=4 ppid=2144 pid=2467 auid=1000 uid=1000 gid=1000 euid=1000 suid=1000 fsuid=1000 egid=1000 sgid=1000 fsgid=1000 tty=pts0 ses=1 comm="firefox" exe="/usr/lib/firefox/firefox" key="home"
Client03 type=CWD msg=audit(1584200382.839:4297): cwd="/home/akep"
Client03 type=PATH msg=audit(1584200382.839:4297): item=0 name="/home/akep/.local/share/" inode=516294 dev=08:01 mode=040700 ouid=1000 ogid=1000 rdev=00:00 nametype=PARENT cap_fp=0 cap_fi=0 cap_fe=0 cap_fver=0
Client03 type=PATH msg=audit(1584200382.839:4297): item=1 name="/home/akep/.local/share/" inode=516294 dev=08:01 mode=040700 ouid=1000 ogid=1000 rdev=00:00 nametype=PARENT cap_fp=0 cap_fi=0 cap_fe=0 cap_fver=0
Client03 type=PATH msg=audit(1584200382.839:4297): item=2 name="/home/akep/.local/share/recently-used.xbel.FL7YG0" inode=517930 dev=08:01 mode=0100644 ouid=1000 ogid=1000 rdev=00:00 nametype=DELETE cap_fp=0 cap_fi=0 cap_fe=0 cap_fver=0
Client03 type=PATH msg=audit(1584200382.839:4297): item=3 name="/home/akep/.local/share/recently-used.xbel" inode=517930 dev=08:01 mode=0100644 ouid=1000 ogid=1000 rdev=00:00 nametype=CREATE cap_fp=0 cap_fi=0 cap_fe=0 cap_fver=0
Client03 type=PROCTITLE msg=audit(1584200382.839:4297): proctitle="/usr/lib/firefox/firefox"
Client03 type=SYSCALL msg=audit(1584200383.043:4298): arch=c000003e syscall=257 success=no exit=-17 a0=ffffff9c a1=7f23bc8bd788 a2=2c1 a3=180 items=2 ppid=2144 pid=2467 auid=1000 uid=1000 gid=1000 euid=1000 suid=1000 fsuid=1000 egid=1000 sgid=1000 fsgid=1000 tty=pts0 ses=1 comm=53747265616D547E6E732023323639 exe="/usr/lib/firefox/firefox" key="home"
Client03 type=CWD msg=audit(1584200383.043:4298): cwd="/home/akep"
Client03 type=PATH msg=audit(1584200383.043:4298): item=0 name="/home/akep/.mozilla/firefox/xq5ngiu3.default-release/" inode=516486 dev=08:01 mode=040700 ouid=1000 ogid=1000 rdev=00:00 nametype=PARENT cap_fp=0 cap_fi=0 cap_fe=0 cap_fver=0
Client03 type=PATH msg=audit(1584200383.043:4298): item=1 name="/home/akep/.mozilla/firefox/xq5ngiu3.default-release/prefs.js" inode=516685 dev=08:01 mode=0100600 ouid=1000 ogid=1000 rdev=00:00 nametype=NORMAL cap_fp=0 cap_fi=0 cap_fe=0 cap_fver=0
Client03 type=PROCTITLE msg=audit(1584200383.043:4298): proctitle="/usr/lib/firefox/firefox"
Client03 type=SYSCALL msg=audit(1584200383.043:4299): arch=c000003e syscall=257 success=yes exit=165 a0=ffffff9c a1=7f23bc8bd808 a2=2c1 a3=180 items=2 ppid=2144 pid=2467 auid=1000 uid=1000 gid=1000 euid=1000 suid=1000 fsuid=1000 egid=1000 sgid=1000 fsgid=1000 tty=pts0 ses=1 comm=53747265616D547E6E732023323639 exe="/usr/lib/firefox/firefox" key="home"
Client03 type=CWD msg=audit(1584200383.043:4299): cwd="/home/akep"
Client03 type=PATH msg=audit(1584200383.043:4299): item=0 name="/home/akep/.mozilla/firefox/xq5ngiu3.default-release/" inode=516486 dev=08:01 mode=040700 ouid=1000 ogid=1000 rdev=00:00 nametype=PARENT cap_fp=0 cap_fi=0 cap_fe=0 cap_fver=0
Client03 type=PATH msg=audit(1584200383.043:4299): item=1 name="/home/akep/.mozilla/firefox/xq5ngiu3.default-release/prefs-1.js" inode=517931 dev=08:01 mode=0100600 ouid=1000 ogid=1000 rdev=00:00 nametype=CREATE cap_fp=0 cap_fi=0 cap_fe=0 cap_fver=0
Client03 type=PROCTITLE msg=audit(1584200383.043:4299): proctitle="/usr/lib/firefox/firefox"
Client03 type=SYSCALL msg=audit(1584200383.043:4300): arch=c000003e syscall=83 success=no exit=-17 a0=7f23b0d9cc88 a1=1ed a2=1ed a3=0 items=1 ppid=2144 pid=2467 auid=1000 uid=1000 gid=1000 euid=1000 suid=1000 fsuid=1000 egid=1000 sgid=1000 fsgid=1000 tty=pts0 ses=1 comm=53747265616D547E6E732023323639 exe="/usr/lib/firefox/firefox" key="home"
Client03 type=CWD msg=audit(1584200383.043:4300): cwd="/home/akep"
Client03 type=PATH msg=audit(1584200383.043:4300): item=0 name="/home/akep/.mozilla/firefox/" inode=516476 dev=08:01 mode=040700 ouid=1000 ogid=1000 rdev=00:00 nametype=PARENT cap_fp=0 cap_fi=0 cap_fe=0 cap_fver=0
Client03 type=PROCTITLE msg=audit(1584200383.043:4300): proctitle="/usr/lib/firefox/firefox"
Client03 type=SYSCALL msg=audit(1584200383.043:4301): arch=c000003e syscall=257 success=yes exit=165 a0=ffffff9c a1=7f23bc8bd808 a2=241 a3=180 items=2 ppid=2144 pid=2467 auid=1000 uid=1000 gid=1000 euid=1000 suid=1000 fsuid=1000 egid=1000 sgid=1000 fsgid=1000 tty=pts0 ses=1 comm=53747265616D547E6E732023323639 exe="/usr/lib/firefox/firefox" key="home"
Client03 type=CWD msg=audit(1584200383.043:4301): cwd="/home/akep"
Client03 type=PATH msg=audit(1584200383.043:4301): item=0 name="/home/akep/.mozilla/firefox/xq5ngiu3.default-release/" inode=516486 dev=08:01 mode=040700 ouid=1000 ogid=1000 rdev=00:00 nametype=PARENT cap_fp=0 cap_fi=0 cap_fe=0 cap_fver=0
Client03 type=PATH msg=audit(1584200383.043:4301): item=1 name="/home/akep/.mozilla/firefox/xq5ngiu3.default-release/prefs-1.js" inode=517931 dev=08:01 mode=0100600 ouid=1000 ogid=1000 rdev=00:00 nametype=NORMAL cap_fp=0 cap_fi=0 cap_fe=0 cap_fver=0
Client03 type=PROCTITLE msg=audit(1584200383.043:4301): proctitle="/usr/lib/firefox/firefox"
Client03 type=SYSCALL msg=audit(1584200383.055:4302): arch=c000003e syscall=82 success=yes exit=0 a0=7f23bc8bd808 a1=7f23bff7e79c a2=7f23e0300018 a3=0 items=5 ppid=2144 pid=2467 auid=1000 uid=1000 gid=1000 euid=1000 suid=1000 fsuid=1000 egid=1000 sgid=1000 fsgid=1000 tty=pts0 ses=1 comm=53747265616D547E6E732023323639 exe="/usr/lib/firefox/firefox" key="home"
Client03 type=CWD msg=audit(1584200383.055:4302): cwd="/home/akep"
Client03 type=PATH msg=audit(1584200383.055:4302): item=0 name="/home/akep/.mozilla/firefox/xq5ngiu3.default-release/" inode=516486 dev=08:01 mode=040700 ouid=1000 ogid=1000 rdev=00:00 nametype=PARENT cap_fp=0 cap_fi=0 cap_fe=0 cap_fver=0
Client03 type=PATH msg=audit(1584200383.055:4302): item=1 name="/home/akep/.mozilla/firefox/xq5ngiu3.default-release/" inode=516486 dev=08:01 mode=040700 ouid=1000 ogid=1000 rdev=00:00 nametype=PARENT cap_fp=0 cap_fi=0 cap_fe=0 cap_fver=0
Client03 type=PATH msg=audit(1584200383.055:4302): item=2 name="/home/akep/.mozilla/firefox/xq5ngiu3.default-release/prefs-1.js" inode=517931 dev=08:01 mode=0100600 ouid=1000 ogid=1000 rdev=00:00 nametype=DELETE cap_fp=0 cap_fi=0 cap_fe=0 cap_fver=0
Client03 type=PATH msg=audit(1584200383.055:4302): item=3 name="/home/akep/.mozilla/firefox/xq5ngiu3.default-release/prefs.js" inode=516685 dev=08:01 mode=0100600 ouid=1000 ogid=1000 rdev=00:00 nametype=DELETE cap_fp=0 cap_fi=0 cap_fe=0 cap_fver=0
Client03 type=PATH msg=audit(1584200383.055:4302): item=4 name="/home/akep/.mozilla/firefox/xq5ngiu3.default-release/prefs.js" inode=517931 dev=08:01 mode=0100600 ouid=1000 ogid=1000 rdev=00:00 nametype=CREATE cap_fp=0 cap_fi=0 cap_fe=0 cap_fver=0
Client03 type=PROCTITLE msg=audit(1584200383.055:4302): proctitle="/usr/lib/firefox/firefox"
Client03 type=SYSCALL msg=audit(1584200383.815:4303): arch=c000003e syscall=87 success=no exit=-2 a0=7f23c459e380 a1=7f23c5ddc000 a2=7f23c57fbcb0 a3=7f23c57fb330 items=1 ppid=2144 pid=2467 auid=1000 uid=1000 gid=1000 euid=1000 suid=1000 fsuid=1000 egid=1000 sgid=1000 fsgid=1000 tty=pts0 ses=1 comm=444F4D20576F726B6572 exe="/usr/lib/firefox/firefox" key="home"
Client03 type=CWD msg=audit(1584200383.815:4303): cwd="/home/akep"
Client03 type=PATH msg=audit(1584200383.815:4303): item=0 name="/home/akep/.mozilla/firefox/xq5ngiu3.default-release/" inode=516486 dev=08:01 mode=040700 ouid=1000 ogid=1000 rdev=00:00 nametype=PARENT cap_fp=0 cap_fi=0 cap_fe=0 cap_fver=0
Client03 type=PROCTITLE msg=audit(1584200383.815:4303): proctitle="/usr/lib/firefox/firefox"
Client03 type=SYSCALL msg=audit(1584200387.535:4304): arch=c000003e syscall=257 success=yes exit=165 a0=ffffff9c a1=7f23b4332e08 a2=2 a3=0 items=1 ppid=2144 pid=2467 auid=1000 uid=1000 gid=1000 euid=1000 suid=1000 fsuid=1000 egid=1000 sgid=1000 fsgid=1000 tty=pts0 ses=1 comm=43616368653220492F4F exe="/usr/lib/firefox/firefox" key="home"
Client03 type=CWD msg=audit(1584200387.535:4304): cwd="/home/akep"
Client03 type=PATH msg=audit(1584200387.535:4304): item=0 name="/home/akep/.cache/mozilla/firefox/xq5ngiu3.default-release/cache2/entries/75C134F3F0F5E5D355C0F20F503317D530BDEB0A" inode=516710 dev=08:01 mode=0100600 ouid=1000 ogid=1000 rdev=00:00 nametype=NORMAL cap_fp=0 cap_fi=0 cap_fe=0 cap_fver=0
Client03 type=PROCTITLE msg=audit(1584200387.535:4304): proctitle="/usr/lib/firefox/firefox"
Client03 type=SYSCALL msg=audit(1584200407.875:4305): arch=c000003e syscall=257 success=yes exit=165 a0=ffffff9c a1=7f23afb3be08 a2=241 a3=180 items=2 ppid=2144 pid=2467 auid=1000 uid=1000 gid=1000 euid=1000 suid=1000 fsuid=1000 egid=1000 sgid=1000 fsgid=1000 tty=pts0 ses=1 comm=53747265616D547E6E732023323639 exe="/usr/lib/firefox/firefox" key="home"
Client03 type=CWD msg=audit(1584200407.875:4305): cwd="/home/akep"
Client03 type=PATH msg=audit(1584200407.875:4305): item=0 name="/home/akep/.mozilla/firefox/xq5ngiu3.default-release/" inode=516486 dev=08:01 mode=040700 ouid=1000 ogid=1000 rdev=00:00 nametype=PARENT cap_fp=0 cap_fi=0 cap_fe=0 cap_fver=0
Client03 type=PATH msg=audit(1584200407.875:4305): item=1 name="/home/akep/.mozilla/firefox/xq5ngiu3.default-release/xulstore.json.tmp" inode=516685 dev=08:01 mode=0100600 ouid=1000 ogid=1000 rdev=00:00 nametype=CREATE cap_fp=0 cap_fi=0 cap_fe=0 cap_fver=0
Client03 type=PROCTITLE msg=audit(1584200407.875:4305): proctitle="/usr/lib/firefox/firefox"
Client03 type=SYSCALL msg=audit(1584200407.875:4306): arch=c000003e syscall=87 success=yes exit=0 a0=7f23afb3bd08 a1=1 a2=7f23bff7fa30 a3=0 items=2 ppid=2144 pid=2467 auid=1000 uid=1000 gid=1000 euid=1000 suid=1000 fsuid=1000 egid=1000 sgid=1000 fsgid=1000 tty=pts0 ses=1 comm=53747265616D547E6E732023323639 exe="/usr/lib/firefox/firefox" key="home"
Client03 type=CWD msg=audit(1584200407.875:4306): cwd="/home/akep"
Client03 type=PATH msg=audit(1584200407.875:4306): item=0 name="/home/akep/.mozilla/firefox/xq5ngiu3.default-release/" inode=516486 dev=08:01 mode=040700 ouid=1000 ogid=1000 rdev=00:00 nametype=PARENT cap_fp=0 cap_fi=0 cap_fe=0 cap_fver=0
Client03 type=PATH msg=audit(1584200407.875:4306): item=1 name="/home/akep/.mozilla/firefox/xq5ngiu3.default-release/xulstore.json" inode=516665 dev=08:01 mode=0100600 ouid=1000 ogid=1000 rdev=00:00 nametype=DELETE cap_fp=0 cap_fi=0 cap_fe=0 cap_fver=0
Client03 type=PROCTITLE msg=audit(1584200407.875:4306): proctitle="/usr/lib/firefox/firefox"
Client03 type=SYSCALL msg=audit(1584200407.879:4307): arch=c000003e syscall=82 success=yes exit=0 a0=7f23afb3be08 a1=7f23afb3bd08 a2=ffffffffffffff48 a3=0 items=4 ppid=2144 pid=2467 auid=1000 uid=1000 gid=1000 euid=1000 suid=1000 fsuid=1000 egid=1000 sgid=1000 fsgid=1000 tty=pts0 ses=1 comm=53747265616D547E6E732023323639 exe="/usr/lib/firefox/firefox" key="home"
Client03 type=CWD msg=audit(1584200407.879:4307): cwd="/home/akep"
Client03 type=PATH msg=audit(1584200407.879:4307): item=0 name="/home/akep/.mozilla/firefox/xq5ngiu3.default-release/" inode=516486 dev=08:01 mode=040700 ouid=1000 ogid=1000 rdev=00:00 nametype=PARENT cap_fp=0 cap_fi=0 cap_fe=0 cap_fver=0
Client03 type=PATH msg=audit(1584200407.879:4307): item=1 name="/home/akep/.mozilla/firefox/xq5ngiu3.default-release/" inode=516486 dev=08:01 mode=040700 ouid=1000 ogid=1000 rdev=00:00 nametype=PARENT cap_fp=0 cap_fi=0 cap_fe=0 cap_fver=0
Client03 type=PATH msg=audit(1584200407.879:4307): item=2 name="/home/akep/.mozilla/firefox/xq5ngiu3.default-release/xulstore.json.tmp" inode=516685 dev=08:01 mode=0100600 ouid=1000 ogid=1000 rdev=00:00 nametype=DELETE cap_fp=0 cap_fi=0 cap_fe=0 cap_fver=0
Client03 type=PATH msg=audit(1584200407.879:4307): item=3 name="/home/akep/.mozilla/firefox/xq5ngiu3.default-release/xulstore.json" inode=516685 dev=08:01 mode=0100600 ouid=1000 ogid=1000 rdev=00:00 nametype=CREATE cap_fp=0 cap_fi=0 cap_fe=0 cap_fver=0
Client03 type=PROCTITLE msg=audit(1584200407.879:4307): proctitle="/usr/lib/firefox/firefox"
Client03 type=SYSCALL msg=audit(1584200436.803:4308): arch=c000003e syscall=257 success=yes exit=15 a0=ffffff9c a1=5623ae3e39b0 a2=c2 a3=1b6 items=2 ppid=1 pid=1952 auid=4294967295 uid=1000 gid=1000 euid=1000 suid=1000 fsuid=1000 egid=1000 sgid=1000 fsgid=1000 tty=(none) ses=4294967295 comm="Thunar" exe="/usr/bin/thunar" key="home"
Client03 type=CWD msg=audit(1584200436.803:4308): cwd="/home/akep/Downloads"
Client03 type=PATH msg=audit(1584200436.803:4308): item=0 name="/home/akep/.config/" inode=516303 dev=08:01 mode=040700 ouid=1000 ogid=1000 rdev=00:00 nametype=PARENT cap_fp=0 cap_fi=0 cap_fe=0 cap_fver=0
Client03 type=PATH msg=audit(1584200436.803:4308): item=1 name="/home/akep/.config/mimeapps.list.8JXZG0" inode=516665 dev=08:01 mode=0100664 ouid=1000 ogid=1000 rdev=00:00 nametype=CREATE cap_fp=0 cap_fi=0 cap_fe=0 cap_fver=0
Client03 type=PROCTITLE msg=audit(1584200436.803:4308): proctitle=5468756E6172002D2D6461656D6F6E
Client03 type=SYSCALL msg=audit(1584200436.827:4309): arch=c000003e syscall=82 success=yes exit=0 a0=5623ae36fbc0 a1=5623ae3ce3b0 a2=5623adf98010 a3=52 items=5 ppid=1 pid=1952 auid=4294967295 uid=1000 gid=1000 euid=1000 suid=1000 fsuid=1000 egid=1000 sgid=1000 fsgid=1000 tty=(none) ses=4294967295 comm="Thunar" exe="/usr/bin/thunar" key="home"
Client03 type=CWD msg=audit(1584200436.827:4309): cwd="/home/akep/Downloads"
Client03 type=PATH msg=audit(1584200436.827:4309): item=0 name="/home/akep/.config/" inode=516303 dev=08:01 mode=040700 ouid=1000 ogid=1000 rdev=00:00 nametype=PARENT cap_fp=0 cap_fi=0 cap_fe=0 cap_fver=0
Client03 type=PATH msg=audit(1584200436.827:4309): item=1 name="/home/akep/.config/" inode=516303 dev=08:01 mode=040700 ouid=1000 ogid=1000 rdev=00:00 nametype=PARENT cap_fp=0 cap_fi=0 cap_fe=0 cap_fver=0
Client03 type=PATH msg=audit(1584200436.827:4309): item=2 name="/home/akep/.config/mimeapps.list.8JXZG0" inode=516665 dev=08:01 mode=0100664 ouid=1000 ogid=1000 rdev=00:00 nametype=DELETE cap_fp=0 cap_fi=0 cap_fe=0 cap_fver=0
Client03 type=PATH msg=audit(1584200436.827:4309): item=3 name="/home/akep/.config/mimeapps.list" inode=516680 dev=08:01 mode=0100664 ouid=1000 ogid=1000 rdev=00:00 nametype=DELETE cap_fp=0 cap_fi=0 cap_fe=0 cap_fver=0
Client03 type=PATH msg=audit(1584200436.827:4309): item=4 name="/home/akep/.config/mimeapps.list" inode=516665 dev=08:01 mode=0100664 ouid=1000 ogid=1000 rdev=00:00 nametype=CREATE cap_fp=0 cap_fi=0 cap_fe=0 cap_fver=0
Client03 type=PROCTITLE msg=audit(1584200436.827:4309): proctitle=5468756E6172002D2D6461656D6F6E
Client03 type=SYSCALL msg=audit(1584200436.979:4310): arch=c000003e syscall=257 success=yes exit=4 a0=ffffff9c a1=55ec4b69bdc0 a2=c2 a3=180 items=2 ppid=2137 pid=19313 auid=1000 uid=1000 gid=1000 euid=1000 suid=1000 fsuid=1000 egid=1000 sgid=1000 fsgid=1000 tty=pts3 ses=1 comm="vim" exe="/usr/bin/vim.basic" key="home"
Client03 type=CWD msg=audit(1584200436.979:4310): cwd="/home/akep/Downloads"
Client03 type=PATH msg=audit(1584200436.979:4310): item=0 name="/home/akep/Downloads/" inode=516310 dev=08:01 mode=040755 ouid=1000 ogid=1000 rdev=00:00 nametype=PARENT cap_fp=0 cap_fi=0 cap_fe=0 cap_fver=0
Client03 type=PATH msg=audit(1584200436.979:4310): item=1 name="/home/akep/Downloads/.Report_2020.sh.swp" inode=516680 dev=08:01 mode=0100600 ouid=1000 ogid=1000 rdev=00:00 nametype=CREATE cap_fp=0 cap_fi=0 cap_fe=0 cap_fver=0
Client03 type=PROCTITLE msg=audit(1584200436.979:4310): proctitle=76696D002F686F6D652F616B65702F446F776E6C6F6164732F5265706F72745F323032302E7368
Client03 type=SYSCALL msg=audit(1584200436.983:4311): arch=c000003e syscall=257 success=yes exit=5 a0=ffffff9c a1=55ec4b69bd80 a2=c2 a3=180 items=2 ppid=2137 pid=19313 auid=1000 uid=1000 gid=1000 euid=1000 suid=1000 fsuid=1000 egid=1000 sgid=1000 fsgid=1000 tty=pts3 ses=1 comm="vim" exe="/usr/bin/vim.basic" key="home"
Client03 type=CWD msg=audit(1584200436.983:4311): cwd="/home/akep/Downloads"
Client03 type=PATH msg=audit(1584200436.983:4311): item=0 name="/home/akep/Downloads/" inode=516310 dev=08:01 mode=040755 ouid=1000 ogid=1000 rdev=00:00 nametype=PARENT cap_fp=0 cap_fi=0 cap_fe=0 cap_fver=0
Client03 type=PATH msg=audit(1584200436.983:4311): item=1 name="/home/akep/Downloads/.Report_2020.sh.swx" inode=517932 dev=08:01 mode=0100600 ouid=1000 ogid=1000 rdev=00:00 nametype=CREATE cap_fp=0 cap_fi=0 cap_fe=0 cap_fver=0
Client03 type=PROCTITLE msg=audit(1584200436.983:4311): proctitle=76696D002F686F6D652F616B65702F446F776E6C6F6164732F5265706F72745F323032302E7368
Client03 type=SYSCALL msg=audit(1584200436.983:4312): arch=c000003e syscall=87 success=yes exit=0 a0=55ec4b69bd80 a1=7ffcae3e9f10 a2=0 a3=180 items=2 ppid=2137 pid=19313 auid=1000 uid=1000 gid=1000 euid=1000 suid=1000 fsuid=1000 egid=1000 sgid=1000 fsgid=1000 tty=pts3 ses=1 comm="vim" exe="/usr/bin/vim.basic" key="home"
Client03 type=CWD msg=audit(1584200436.983:4312): cwd="/home/akep/Downloads"
Client03 type=PATH msg=audit(1584200436.983:4312): item=0 name="/home/akep/Downloads/" inode=516310 dev=08:01 mode=040755 ouid=1000 ogid=1000 rdev=00:00 nametype=PARENT cap_fp=0 cap_fi=0 cap_fe=0 cap_fver=0
Client03 type=PATH msg=audit(1584200436.983:4312): item=1 name="/home/akep/Downloads/.Report_2020.sh.swx" inode=517932 dev=08:01 mode=0100600 ouid=1000 ogid=1000 rdev=00:00 nametype=DELETE cap_fp=0 cap_fi=0 cap_fe=0 cap_fver=0
Client03 type=PROCTITLE msg=audit(1584200436.983:4312): proctitle=76696D002F686F6D652F616B65702F446F776E6C6F6164732F5265706F72745F323032302E7368
Client03 type=SYSCALL msg=audit(1584200436.983:4313): arch=c000003e syscall=87 success=yes exit=0 a0=55ec4b69bdc0 a1=7ffcae3e9f10 a2=0 a3=180 items=2 ppid=2137 pid=19313 auid=1000 uid=1000 gid=1000 euid=1000 suid=1000 fsuid=1000 egid=1000 sgid=1000 fsgid=1000 tty=pts3 ses=1 comm="vim" exe="/usr/bin/vim.basic" key="home"
Client03 type=CWD msg=audit(1584200436.983:4313): cwd="/home/akep/Downloads"
Client03 type=PATH msg=audit(1584200436.983:4313): item=0 name="/home/akep/Downloads/" inode=516310 dev=08:01 mode=040755 ouid=1000 ogid=1000 rdev=00:00 nametype=PARENT cap_fp=0 cap_fi=0 cap_fe=0 cap_fver=0
Client03 type=PATH msg=audit(1584200436.983:4313): item=1 name="/home/akep/Downloads/.Report_2020.sh.swp" inode=516680 dev=08:01 mode=0100600 ouid=1000 ogid=1000 rdev=00:00 nametype=DELETE cap_fp=0 cap_fi=0 cap_fe=0 cap_fver=0
Client03 type=PROCTITLE msg=audit(1584200436.983:4313): proctitle=76696D002F686F6D652F616B65702F446F776E6C6F6164732F5265706F72745F323032302E7368
Client03 type=SYSCALL msg=audit(1584200436.987:4314): arch=c000003e syscall=257 success=yes exit=4 a0=ffffff9c a1=55ec4b69bdc0 a2=200c2 a3=180 items=2 ppid=2137 pid=19313 auid=1000 uid=1000 gid=1000 euid=1000 suid=1000 fsuid=1000 egid=1000 sgid=1000 fsgid=1000 tty=pts3 ses=1 comm="vim" exe="/usr/bin/vim.basic" key="home"
Client03 type=CWD msg=audit(1584200436.987:4314): cwd="/home/akep/Downloads"
Client03 type=PATH msg=audit(1584200436.987:4314): item=0 name="/home/akep/Downloads/" inode=516310 dev=08:01 mode=040755 ouid=1000 ogid=1000 rdev=00:00 nametype=PARENT cap_fp=0 cap_fi=0 cap_fe=0 cap_fver=0
Client03 type=PATH msg=audit(1584200436.987:4314): item=1 name="/home/akep/Downloads/.Report_2020.sh.swp" inode=516680 dev=08:01 mode=0100600 ouid=1000 ogid=1000 rdev=00:00 nametype=CREATE cap_fp=0 cap_fi=0 cap_fe=0 cap_fver=0
Client03 type=PROCTITLE msg=audit(1584200436.987:4314): proctitle=76696D002F686F6D652F616B65702F446F776E6C6F6164732F5265706F72745F323032302E7368
Client03 type=SYSCALL msg=audit(1584200440.215:4315): arch=c000003e syscall=87 success=yes exit=0 a0=55ec4b69bd80 a1=1 a2=0 a3=0 items=2 ppid=2137 pid=19313 auid=1000 uid=1000 gid=1000 euid=1000 suid=1000 fsuid=1000 egid=1000 sgid=1000 fsgid=1000 tty=(none) ses=1 comm="vim" exe="/usr/bin/vim.basic" key="home"
Client03 type=CWD msg=audit(1584200440.215:4315): cwd="/home/akep/Downloads"
Client03 type=PATH msg=audit(1584200440.215:4315): item=0 name="/home/akep/Downloads/" inode=516310 dev=08:01 mode=040755 ouid=1000 ogid=1000 rdev=00:00 nametype=PARENT cap_fp=0 cap_fi=0 cap_fe=0 cap_fver=0
Client03 type=PATH msg=audit(1584200440.215:4315): item=1 name="/home/akep/Downloads/.Report_2020.sh.swp" inode=516680 dev=08:01 mode=0100644 ouid=1000 ogid=1000 rdev=00:00 nametype=DELETE cap_fp=0 cap_fi=0 cap_fe=0 cap_fver=0
Client03 type=PROCTITLE msg=audit(1584200440.215:4315): proctitle=76696D002F686F6D652F616B65702F446F776E6C6F6164732F5265706F72745F323032302E7368
Client03 type=SYSCALL msg=audit(1584200440.215:4316): arch=c000003e syscall=257 success=yes exit=4 a0=ffffff9c a1=55ec4b69db80 a2=200c1 a3=180 items=2 ppid=2137 pid=19313 auid=1000 uid=1000 gid=1000 euid=1000 suid=1000 fsuid=1000 egid=1000 sgid=1000 fsgid=1000 tty=(none) ses=1 comm="vim" exe="/usr/bin/vim.basic" key="home"
Client03 type=CWD msg=audit(1584200440.215:4316): cwd="/home/akep/Downloads"
Client03 type=PATH msg=audit(1584200440.215:4316): item=0 name="/home/akep/" inode=258049 dev=08:01 mode=040755 ouid=1000 ogid=1000 rdev=00:00 nametype=PARENT cap_fp=0 cap_fi=0 cap_fe=0 cap_fver=0
Client03 type=PATH msg=audit(1584200440.215:4316): item=1 name="/home/akep/.viminfo.tmp" inode=258259 dev=08:01 mode=0100600 ouid=1000 ogid=1000 rdev=00:00 nametype=CREATE cap_fp=0 cap_fi=0 cap_fe=0 cap_fver=0
Client03 type=PROCTITLE msg=audit(1584200440.215:4316): proctitle=76696D002F686F6D652F616B65702F446F776E6C6F6164732F5265706F72745F323032302E7368
Client03 type=SYSCALL msg=audit(1584200440.215:4317): arch=c000003e syscall=87 success=yes exit=0 a0=55ec4b6b3930 a1=55ec4b4890b0 a2=55ec4b4890b0 a3=7f95e0e1df40 items=2 ppid=2137 pid=19313 auid=1000 uid=1000 gid=1000 euid=1000 suid=1000 fsuid=1000 egid=1000 sgid=1000 fsgid=1000 tty=(none) ses=1 comm="vim" exe="/usr/bin/vim.basic" key="home"
Client03 type=CWD msg=audit(1584200440.215:4317): cwd="/home/akep/Downloads"
Client03 type=PATH msg=audit(1584200440.215:4317): item=0 name="/home/akep/" inode=258049 dev=08:01 mode=040755 ouid=1000 ogid=1000 rdev=00:00 nametype=PARENT cap_fp=0 cap_fi=0 cap_fe=0 cap_fver=0
Client03 type=PATH msg=audit(1584200440.215:4317): item=1 name="/home/akep/.viminfo" inode=258258 dev=08:01 mode=0100600 ouid=1000 ogid=1000 rdev=00:00 nametype=DELETE cap_fp=0 cap_fi=0 cap_fe=0 cap_fver=0
Client03 type=PROCTITLE msg=audit(1584200440.215:4317): proctitle=76696D002F686F6D652F616B65702F446F776E6C6F6164732F5265706F72745F323032302E7368
Client03 type=SYSCALL msg=audit(1584200440.215:4318): arch=c000003e syscall=82 success=yes exit=0 a0=55ec4b69db80 a1=55ec4b6b3930 a2=55ec4b4890b0 a3=7f95e0e1df40 items=4 ppid=2137 pid=19313 auid=1000 uid=1000 gid=1000 euid=1000 suid=1000 fsuid=1000 egid=1000 sgid=1000 fsgid=1000 tty=(none) ses=1 comm="vim" exe="/usr/bin/vim.basic" key="home"
Client03 type=CWD msg=audit(1584200440.215:4318): cwd="/home/akep/Downloads"
Client03 type=PATH msg=audit(1584200440.215:4318): item=0 name="/home/akep/" inode=258049 dev=08:01 mode=040755 ouid=1000 ogid=1000 rdev=00:00 nametype=PARENT cap_fp=0 cap_fi=0 cap_fe=0 cap_fver=0
Client03 type=PATH msg=audit(1584200440.215:4318): item=1 name="/home/akep/" inode=258049 dev=08:01 mode=040755 ouid=1000 ogid=1000 rdev=00:00 nametype=PARENT cap_fp=0 cap_fi=0 cap_fe=0 cap_fver=0
Client03 type=PATH msg=audit(1584200440.215:4318): item=2 name="/home/akep/.viminfo.tmp" inode=258259 dev=08:01 mode=0100600 ouid=1000 ogid=1000 rdev=00:00 nametype=DELETE cap_fp=0 cap_fi=0 cap_fe=0 cap_fver=0
Client03 type=PATH msg=audit(1584200440.215:4318): item=3 name="/home/akep/.viminfo" inode=258259 dev=08:01 mode=0100600 ouid=1000 ogid=1000 rdev=00:00 nametype=CREATE cap_fp=0 cap_fi=0 cap_fe=0 cap_fver=0
Client03 type=PROCTITLE msg=audit(1584200440.215:4318): proctitle=76696D002F686F6D652F616B65702F446F776E6C6F6164732F5265706F72745F323032302E7368
Client03 type=SYSCALL msg=audit(1584200443.359:4319): arch=c000003e syscall=257 success=yes exit=11 a0=ffffff9c a1=56430be56dc0 a2=c2 a3=180 items=2 ppid=1832 pid=2056 auid=1000 uid=1000 gid=1000 euid=1000 suid=1000 fsuid=1000 egid=1000 sgid=1000 fsgid=1000 tty=(none) ses=1 comm="gvfsd-metadata" exe="/usr/lib/gvfs/gvfsd-metadata" key="home"
Client03 type=CWD msg=audit(1584200443.359:4319): cwd="/home/akep"
Client03 type=PATH msg=audit(1584200443.359:4319): item=0 name="/home/akep/.local/share/gvfs-metadata/" inode=516676 dev=08:01 mode=040700 ouid=1000 ogid=1000 rdev=00:00 nametype=PARENT cap_fp=0 cap_fi=0 cap_fe=0 cap_fver=0
Client03 type=PATH msg=audit(1584200443.359:4319): item=1 name="/home/akep/.local/share/gvfs-metadata/home.1Y9BH0" inode=516680 dev=08:01 mode=0100600 ouid=1000 ogid=1000 rdev=00:00 nametype=CREATE cap_fp=0 cap_fi=0 cap_fe=0 cap_fver=0
Client03 type=PROCTITLE msg=audit(1584200443.359:4319): proctitle="/usr/lib/gvfs/gvfsd-metadata"
Client03 type=SYSCALL msg=audit(1584200443.407:4320): arch=c000003e syscall=257 success=yes exit=11 a0=ffffff9c a1=56430be59110 a2=c2 a3=1b6 items=2 ppid=1832 pid=2056 auid=1000 uid=1000 gid=1000 euid=1000 suid=1000 fsuid=1000 egid=1000 sgid=1000 fsgid=1000 tty=(none) ses=1 comm="gvfsd-metadata" exe="/usr/lib/gvfs/gvfsd-metadata" key="home"
Client03 type=CWD msg=audit(1584200443.407:4320): cwd="/home/akep"
Client03 type=PATH msg=audit(1584200443.407:4320): item=0 name="/home/akep/.local/share/gvfs-metadata/" inode=516676 dev=08:01 mode=040700 ouid=1000 ogid=1000 rdev=00:00 nametype=PARENT cap_fp=0 cap_fi=0 cap_fe=0 cap_fver=0
Client03 type=PATH msg=audit(1584200443.407:4320): item=1 name="/home/akep/.local/share/gvfs-metadata/home-f374c674.log.XA3DH0" inode=517932 dev=08:01 mode=0100644 ouid=1000 ogid=1000 rdev=00:00 nametype=CREATE cap_fp=0 cap_fi=0 cap_fe=0 cap_fver=0
Client03 type=PROCTITLE msg=audit(1584200443.407:4320): proctitle="/usr/lib/gvfs/gvfsd-metadata"
Client03 type=SYSCALL msg=audit(1584200443.407:4321): arch=c000003e syscall=82 success=yes exit=0 a0=56430be56c00 a1=56430be543c0 a2=56430be23010 a3=8000 items=4 ppid=1832 pid=2056 auid=1000 uid=1000 gid=1000 euid=1000 suid=1000 fsuid=1000 egid=1000 sgid=1000 fsgid=1000 tty=(none) ses=1 comm="gvfsd-metadata" exe="/usr/lib/gvfs/gvfsd-metadata" key="home"
Client03 type=CWD msg=audit(1584200443.407:4321): cwd="/home/akep"
Client03 type=PATH msg=audit(1584200443.407:4321): item=0 name="/home/akep/.local/share/gvfs-metadata/" inode=516676 dev=08:01 mode=040700 ouid=1000 ogid=1000 rdev=00:00 nametype=PARENT cap_fp=0 cap_fi=0 cap_fe=0 cap_fver=0
Client03 type=PATH msg=audit(1584200443.407:4321): item=1 name="/home/akep/.local/share/gvfs-metadata/" inode=516676 dev=08:01 mode=040700 ouid=1000 ogid=1000 rdev=00:00 nametype=PARENT cap_fp=0 cap_fi=0 cap_fe=0 cap_fver=0
Client03 type=PATH msg=audit(1584200443.407:4321): item=2 name="/home/akep/.local/share/gvfs-metadata/home-f374c674.log.XA3DH0" inode=517932 dev=08:01 mode=0100644 ouid=1000 ogid=1000 rdev=00:00 nametype=DELETE cap_fp=0 cap_fi=0 cap_fe=0 cap_fver=0
Client03 type=PATH msg=audit(1584200443.407:4321): item=3 name="/home/akep/.local/share/gvfs-metadata/home-f374c674.log" inode=517932 dev=08:01 mode=0100644 ouid=1000 ogid=1000 rdev=00:00 nametype=CREATE cap_fp=0 cap_fi=0 cap_fe=0 cap_fver=0
Client03 type=PROCTITLE msg=audit(1584200443.407:4321): proctitle="/usr/lib/gvfs/gvfsd-metadata"
Client03 type=SYSCALL msg=audit(1584200443.407:4322): arch=c000003e syscall=257 success=yes exit=11 a0=ffffff9c a1=7fc03c00b8b0 a2=2 a3=0 items=1 ppid=1832 pid=2056 auid=1000 uid=1000 gid=1000 euid=1000 suid=1000 fsuid=1000 egid=1000 sgid=1000 fsgid=1000 tty=(none) ses=1 comm="gvfsd-metadata" exe="/usr/lib/gvfs/gvfsd-metadata" key="home"
Client03 type=CWD msg=audit(1584200443.407:4322): cwd="/home/akep"
Client03 type=PATH msg=audit(1584200443.407:4322): item=0 name="/home/akep/.local/share/gvfs-metadata/home" inode=516713 dev=08:01 mode=0100600 ouid=1000 ogid=1000 rdev=00:00 nametype=NORMAL cap_fp=0 cap_fi=0 cap_fe=0 cap_fver=0
Client03 type=PROCTITLE msg=audit(1584200443.407:4322): proctitle="/usr/lib/gvfs/gvfsd-metadata"
Client03 type=SYSCALL msg=audit(1584200443.407:4323): arch=c000003e syscall=82 success=yes exit=0 a0=56430be56dc0 a1=7fc03c00b8b0 a2=2 a3=0 items=5 ppid=1832 pid=2056 auid=1000 uid=1000 gid=1000 euid=1000 suid=1000 fsuid=1000 egid=1000 sgid=1000 fsgid=1000 tty=(none) ses=1 comm="gvfsd-metadata" exe="/usr/lib/gvfs/gvfsd-metadata" key="home"
Client03 type=CWD msg=audit(1584200443.407:4323): cwd="/home/akep"
Client03 type=PATH msg=audit(1584200443.407:4323): item=0 name="/home/akep/.local/share/gvfs-metadata/" inode=516676 dev=08:01 mode=040700 ouid=1000 ogid=1000 rdev=00:00 nametype=PARENT cap_fp=0 cap_fi=0 cap_fe=0 cap_fver=0
Client03 type=PATH msg=audit(1584200443.407:4323): item=1 name="/home/akep/.local/share/gvfs-metadata/" inode=516676 dev=08:01 mode=040700 ouid=1000 ogid=1000 rdev=00:00 nametype=PARENT cap_fp=0 cap_fi=0 cap_fe=0 cap_fver=0
Client03 type=PATH msg=audit(1584200443.407:4323): item=2 name="/home/akep/.local/share/gvfs-metadata/home.1Y9BH0" inode=516680 dev=08:01 mode=0100600 ouid=1000 ogid=1000 rdev=00:00 nametype=DELETE cap_fp=0 cap_fi=0 cap_fe=0 cap_fver=0
Client03 type=PATH msg=audit(1584200443.407:4323): item=3 name="/home/akep/.local/share/gvfs-metadata/home" inode=516713 dev=08:01 mode=0100600 ouid=1000 ogid=1000 rdev=00:00 nametype=DELETE cap_fp=0 cap_fi=0 cap_fe=0 cap_fver=0
Client03 type=PATH msg=audit(1584200443.407:4323): item=4 name="/home/akep/.local/share/gvfs-metadata/home" inode=516680 dev=08:01 mode=0100600 ouid=1000 ogid=1000 rdev=00:00 nametype=CREATE cap_fp=0 cap_fi=0 cap_fe=0 cap_fver=0
Client03 type=PROCTITLE msg=audit(1584200443.407:4323): proctitle="/usr/lib/gvfs/gvfsd-metadata"
Client03 type=SYSCALL msg=audit(1584200443.415:4324): arch=c000003e syscall=87 success=yes exit=0 a0=56430be543c0 a1=0 a2=28 a3=1 items=2 ppid=1832 pid=2056 auid=1000 uid=1000 gid=1000 euid=1000 suid=1000 fsuid=1000 egid=1000 sgid=1000 fsgid=1000 tty=(none) ses=1 comm="gvfsd-metadata" exe="/usr/lib/gvfs/gvfsd-metadata" key="home"
Client03 type=CWD msg=audit(1584200443.415:4324): cwd="/home/akep"
Client03 type=PATH msg=audit(1584200443.415:4324): item=0 name="/home/akep/.local/share/gvfs-metadata/" inode=516676 dev=08:01 mode=040700 ouid=1000 ogid=1000 rdev=00:00 nametype=PARENT cap_fp=0 cap_fi=0 cap_fe=0 cap_fver=0
Client03 type=PATH msg=audit(1584200443.415:4324): item=1 name="/home/akep/.local/share/gvfs-metadata/home-2f0477ff.log" inode=517922 dev=08:01 mode=0100644 ouid=1000 ogid=1000 rdev=00:00 nametype=DELETE cap_fp=0 cap_fi=0 cap_fe=0 cap_fver=0
Client03 type=PROCTITLE msg=audit(1584200443.415:4324): proctitle="/usr/lib/gvfs/gvfsd-metadata"
Client03 type=SYSCALL msg=audit(1584200443.415:4325): arch=c000003e syscall=257 success=yes exit=10 a0=ffffff9c a1=7fc03c00b8f0 a2=2 a3=0 items=1 ppid=1832 pid=2056 auid=1000 uid=1000 gid=1000 euid=1000 suid=1000 fsuid=1000 egid=1000 sgid=1000 fsgid=1000 tty=(none) ses=1 comm="gvfsd-metadata" exe="/usr/lib/gvfs/gvfsd-metadata" key="home"
Client03 type=CWD msg=audit(1584200443.415:4325): cwd="/home/akep"
Client03 type=PATH msg=audit(1584200443.415:4325): item=0 name="/home/akep/.local/share/gvfs-metadata/home-f374c674.log" inode=517932 dev=08:01 mode=0100644 ouid=1000 ogid=1000 rdev=00:00 nametype=NORMAL cap_fp=0 cap_fi=0 cap_fe=0 cap_fver=0
Client03 type=PROCTITLE msg=audit(1584200443.415:4325): proctitle="/usr/lib/gvfs/gvfsd-metadata"
Client03 type=SYSCALL msg=audit(1584200461.711:4326): arch=c000003e syscall=83 success=no exit=-17 a0=7ffd45ce37b0 a1=1ff a2=0 a3=20 items=1 ppid=1 pid=19349 auid=4294967295 uid=1000 gid=1000 euid=1000 suid=1000 fsuid=1000 egid=1000 sgid=1000 fsgid=1000 tty=(none) ses=4294967295 comm="exo-helper-1" exe="/usr/lib/x86_64-linux-gnu/xfce4/exo-1/exo-helper-1" key="home"
Client03 type=CWD msg=audit(1584200461.711:4326): cwd="/home/akep"
Client03 type=PATH msg=audit(1584200461.711:4326): item=0 name="/home/" inode=1618 dev=08:01 mode=040755 ouid=0 ogid=0 rdev=00:00 nametype=PARENT cap_fp=0 cap_fi=0 cap_fe=0 cap_fver=0
Client03 type=PROCTITLE msg=audit(1584200461.711:4326): proctitle=2F7573722F6C69622F7838365F36342D6C696E75782D676E752F78666365342F65786F2D312F65786F2D68656C7065722D31002D2D6C61756E6368005465726D696E616C456D756C61746F72
Client03 type=SYSCALL msg=audit(1584200461.711:4327): arch=c000003e syscall=83 success=no exit=-17 a0=7ffd45ce37b0 a1=1c0 a2=0 a3=20 items=1 ppid=1 pid=19349 auid=4294967295 uid=1000 gid=1000 euid=1000 suid=1000 fsuid=1000 egid=1000 sgid=1000 fsgid=1000 tty=(none) ses=4294967295 comm="exo-helper-1" exe="/usr/lib/x86_64-linux-gnu/xfce4/exo-1/exo-helper-1" key="home"
Client03 type=CWD msg=audit(1584200461.711:4327): cwd="/home/akep"
Client03 type=PATH msg=audit(1584200461.711:4327): item=0 name="/home/akep/" inode=258049 dev=08:01 mode=040755 ouid=1000 ogid=1000 rdev=00:00 nametype=PARENT cap_fp=0 cap_fi=0 cap_fe=0 cap_fver=0
Client03 type=PROCTITLE msg=audit(1584200461.711:4327): proctitle=2F7573722F6C69622F7838365F36342D6C696E75782D676E752F78666365342F65786F2D312F65786F2D68656C7065722D31002D2D6C61756E6368005465726D696E616C456D756C61746F72
Client03 type=SYSCALL msg=audit(1584200461.711:4328): arch=c000003e syscall=83 success=no exit=-17 a0=7ffd45ce37b0 a1=1ff a2=0 a3=55a518ec1010 items=1 ppid=1 pid=19349 auid=4294967295 uid=1000 gid=1000 euid=1000 suid=1000 fsuid=1000 egid=1000 sgid=1000 fsgid=1000 tty=(none) ses=4294967295 comm="exo-helper-1" exe="/usr/lib/x86_64-linux-gnu/xfce4/exo-1/exo-helper-1" key="home"
Client03 type=CWD msg=audit(1584200461.711:4328): cwd="/home/akep"
Client03 type=PATH msg=audit(1584200461.711:4328): item=0 name="/home/" inode=1618 dev=08:01 mode=040755 ouid=0 ogid=0 rdev=00:00 nametype=PARENT cap_fp=0 cap_fi=0 cap_fe=0 cap_fver=0
Client03 type=PROCTITLE msg=audit(1584200461.711:4328): proctitle=2F7573722F6C69622F7838365F36342D6C696E75782D676E752F78666365342F65786F2D312F65786F2D68656C7065722D31002D2D6C61756E6368005465726D696E616C456D756C61746F72
Client03 type=SYSCALL msg=audit(1584200461.711:4329): arch=c000003e syscall=83 success=no exit=-17 a0=7ffd45ce37b0 a1=1ff a2=0 a3=55a518ec1010 items=1 ppid=1 pid=19349 auid=4294967295 uid=1000 gid=1000 euid=1000 suid=1000 fsuid=1000 egid=1000 sgid=1000 fsgid=1000 tty=(none) ses=4294967295 comm="exo-helper-1" exe="/usr/lib/x86_64-linux-gnu/xfce4/exo-1/exo-helper-1" key="home"
Client03 type=CWD msg=audit(1584200461.711:4329): cwd="/home/akep"
Client03 type=PATH msg=audit(1584200461.711:4329): item=0 name="/home/akep/" inode=258049 dev=08:01 mode=040755 ouid=1000 ogid=1000 rdev=00:00 nametype=PARENT cap_fp=0 cap_fi=0 cap_fe=0 cap_fver=0
Client03 type=PROCTITLE msg=audit(1584200461.711:4329): proctitle=2F7573722F6C69622F7838365F36342D6C696E75782D676E752F78666365342F65786F2D312F65786F2D68656C7065722D31002D2D6C61756E6368005465726D696E616C456D756C61746F72
Client03 type=SYSCALL msg=audit(1584200461.711:4330): arch=c000003e syscall=83 success=no exit=-17 a0=7ffd45ce37b0 a1=1c0 a2=0 a3=55a518ec1010 items=1 ppid=1 pid=19349 auid=4294967295 uid=1000 gid=1000 euid=1000 suid=1000 fsuid=1000 egid=1000 sgid=1000 fsgid=1000 tty=(none) ses=4294967295 comm="exo-helper-1" exe="/usr/lib/x86_64-linux-gnu/xfce4/exo-1/exo-helper-1" key="home"
Client03 type=CWD msg=audit(1584200461.711:4330): cwd="/home/akep"
Client03 type=PATH msg=audit(1584200461.711:4330): item=0 name="/home/akep/.local/" inode=258252 dev=08:01 mode=040700 ouid=1000 ogid=1000 rdev=00:00 nametype=PARENT cap_fp=0 cap_fi=0 cap_fe=0 cap_fver=0
Client03 type=PROCTITLE msg=audit(1584200461.711:4330): proctitle=2F7573722F6C69622F7838365F36342D6C696E75782D676E752F78666365342F65786F2D312F65786F2D68656C7065722D31002D2D6C61756E6368005465726D696E616C456D756C61746F72
Client03 type=SYSCALL msg=audit(1584200461.711:4331): arch=c000003e syscall=83 success=no exit=-17 a0=7ffd45ce37b0 a1=1ff a2=0 a3=55a518ec1010 items=1 ppid=1 pid=19349 auid=4294967295 uid=1000 gid=1000 euid=1000 suid=1000 fsuid=1000 egid=1000 sgid=1000 fsgid=1000 tty=(none) ses=4294967295 comm="exo-helper-1" exe="/usr/lib/x86_64-linux-gnu/xfce4/exo-1/exo-helper-1" key="home"
Client03 type=CWD msg=audit(1584200461.711:4331): cwd="/home/akep"
Client03 type=PATH msg=audit(1584200461.711:4331): item=0 name="/home/" inode=1618 dev=08:01 mode=040755 ouid=0 ogid=0 rdev=00:00 nametype=PARENT cap_fp=0 cap_fi=0 cap_fe=0 cap_fver=0
Client03 type=PROCTITLE msg=audit(1584200461.711:4331): proctitle=2F7573722F6C69622F7838365F36342D6C696E75782D676E752F78666365342F65786F2D312F65786F2D68656C7065722D31002D2D6C61756E6368005465726D696E616C456D756C61746F72
Client03 type=SYSCALL msg=audit(1584200461.711:4332): arch=c000003e syscall=83 success=no exit=-17 a0=7ffd45ce37b0 a1=1c0 a2=0 a3=55a518ec1010 items=1 ppid=1 pid=19349 auid=4294967295 uid=1000 gid=1000 euid=1000 suid=1000 fsuid=1000 egid=1000 sgid=1000 fsgid=1000 tty=(none) ses=4294967295 comm="exo-helper-1" exe="/usr/lib/x86_64-linux-gnu/xfce4/exo-1/exo-helper-1" key="home"
Client03 type=CWD msg=audit(1584200461.711:4332): cwd="/home/akep"
Client03 type=PATH msg=audit(1584200461.711:4332): item=0 name="/home/akep/" inode=258049 dev=08:01 mode=040755 ouid=1000 ogid=1000 rdev=00:00 nametype=PARENT cap_fp=0 cap_fi=0 cap_fe=0 cap_fver=0
Client03 type=PROCTITLE msg=audit(1584200461.711:4332): proctitle=2F7573722F6C69622F7838365F36342D6C696E75782D676E752F78666365342F65786F2D312F65786F2D68656C7065722D31002D2D6C61756E6368005465726D696E616C456D756C61746F72
Client03 type=SYSCALL msg=audit(1584200524.947:4333): arch=c000003e syscall=257 success=yes exit=6 a0=ffffff9c a1=7f23b0b7e788 a2=241 a3=180 items=2 ppid=2144 pid=2467 auid=1000 uid=1000 gid=1000 euid=1000 suid=1000 fsuid=1000 egid=1000 sgid=1000 fsgid=1000 tty=pts0 ses=1 comm=53747265616D547E6E732023323732 exe="/usr/lib/firefox/firefox" key="home"
Client03 type=CWD msg=audit(1584200524.947:4333): cwd="/home/akep"
Client03 type=PATH msg=audit(1584200524.947:4333): item=0 name="/home/akep/.mozilla/firefox/xq5ngiu3.default-release/" inode=516486 dev=08:01 mode=040700 ouid=1000 ogid=1000 rdev=00:00 nametype=PARENT cap_fp=0 cap_fi=0 cap_fe=0 cap_fver=0
Client03 type=PATH msg=audit(1584200524.947:4333): item=1 name="/home/akep/.mozilla/firefox/xq5ngiu3.default-release/logins.json.tmp" inode=517934 dev=08:01 mode=0100600 ouid=1000 ogid=1000 rdev=00:00 nametype=CREATE cap_fp=0 cap_fi=0 cap_fe=0 cap_fver=0
Client03 type=PROCTITLE msg=audit(1584200524.947:4333): proctitle="/usr/lib/firefox/firefox"
Client03 type=SYSCALL msg=audit(1584200524.947:4334): arch=c000003e syscall=87 success=yes exit=0 a0=7f23b86f1308 a1=1 a2=7f23be575a30 a3=180 items=2 ppid=2144 pid=2467 auid=1000 uid=1000 gid=1000 euid=1000 suid=1000 fsuid=1000 egid=1000 sgid=1000 fsgid=1000 tty=pts0 ses=1 comm=53747265616D547E6E732023323732 exe="/usr/lib/firefox/firefox" key="home"
Client03 type=CWD msg=audit(1584200524.947:4334): cwd="/home/akep"
Client03 type=PATH msg=audit(1584200524.947:4334): item=0 name="/home/akep/.mozilla/firefox/xq5ngiu3.default-release/" inode=516486 dev=08:01 mode=040700 ouid=1000 ogid=1000 rdev=00:00 nametype=PARENT cap_fp=0 cap_fi=0 cap_fe=0 cap_fver=0
Client03 type=PATH msg=audit(1584200524.947:4334): item=1 name="/home/akep/.mozilla/firefox/xq5ngiu3.default-release/logins.json" inode=516413 dev=08:01 mode=0100600 ouid=1000 ogid=1000 rdev=00:00 nametype=DELETE cap_fp=0 cap_fi=0 cap_fe=0 cap_fver=0
Client03 type=PROCTITLE msg=audit(1584200524.947:4334): proctitle="/usr/lib/firefox/firefox"
Client03 type=SYSCALL msg=audit(1584200524.947:4335): arch=c000003e syscall=82 success=yes exit=0 a0=7f23b0b7e788 a1=7f23b86f1308 a2=ffffffffffffff48 a3=180 items=4 ppid=2144 pid=2467 auid=1000 uid=1000 gid=1000 euid=1000 suid=1000 fsuid=1000 egid=1000 sgid=1000 fsgid=1000 tty=pts0 ses=1 comm=53747265616D547E6E732023323732 exe="/usr/lib/firefox/firefox" key="home"
Client03 type=CWD msg=audit(1584200524.947:4335): cwd="/home/akep"
Client03 type=PATH msg=audit(1584200524.947:4335): item=0 name="/home/akep/.mozilla/firefox/xq5ngiu3.default-release/" inode=516486 dev=08:01 mode=040700 ouid=1000 ogid=1000 rdev=00:00 nametype=PARENT cap_fp=0 cap_fi=0 cap_fe=0 cap_fver=0
Client03 type=PATH msg=audit(1584200524.947:4335): item=1 name="/home/akep/.mozilla/firefox/xq5ngiu3.default-release/" inode=516486 dev=08:01 mode=040700 ouid=1000 ogid=1000 rdev=00:00 nametype=PARENT cap_fp=0 cap_fi=0 cap_fe=0 cap_fver=0
Client03 type=PATH msg=audit(1584200524.947:4335): item=2 name="/home/akep/.mozilla/firefox/xq5ngiu3.default-release/logins.json.tmp" inode=517934 dev=08:01 mode=0100600 ouid=1000 ogid=1000 rdev=00:00 nametype=DELETE cap_fp=0 cap_fi=0 cap_fe=0 cap_fver=0
Client03 type=PATH msg=audit(1584200524.947:4335): item=3 name="/home/akep/.mozilla/firefox/xq5ngiu3.default-release/logins.json" inode=517934 dev=08:01 mode=0100600 ouid=1000 ogid=1000 rdev=00:00 nametype=CREATE cap_fp=0 cap_fi=0 cap_fe=0 cap_fver=0
Client03 type=PROCTITLE msg=audit(1584200524.947:4335): proctitle="/usr/lib/firefox/firefox"
Client03 type=SYSCALL msg=audit(1584200551.059:4336): arch=c000003e syscall=257 success=yes exit=6 a0=ffffff9c a1=7f23b0bd0b5c a2=a0042 a3=1a4 items=2 ppid=2144 pid=2467 auid=1000 uid=1000 gid=1000 euid=1000 suid=1000 fsuid=1000 egid=1000 sgid=1000 fsgid=1000 tty=pts0 ses=1 comm=51756F74614D616E6167657220494F exe="/usr/lib/firefox/firefox" key="home"
Client03 type=CWD msg=audit(1584200551.059:4336): cwd="/home/akep"
Client03 type=PATH msg=audit(1584200551.059:4336): item=0 name="/home/akep/.mozilla/firefox/xq5ngiu3.default-release/storage/permanent/chrome/idb/" inode=516515 dev=08:01 mode=040755 ouid=1000 ogid=1000 rdev=00:00 nametype=PARENT cap_fp=0 cap_fi=0 cap_fe=0 cap_fver=0
Client03 type=PATH msg=audit(1584200551.059:4336): item=1 name="/home/akep/.mozilla/firefox/xq5ngiu3.default-release/storage/permanent/chrome/idb/3870112724rsegmnoittet-es.sqlite" inode=516516 dev=08:01 mode=0100644 ouid=1000 ogid=1000 rdev=00:00 nametype=NORMAL cap_fp=0 cap_fi=0 cap_fe=0 cap_fver=0
Client03 type=PROCTITLE msg=audit(1584200551.059:4336): proctitle="/usr/lib/firefox/firefox"
Client03 type=SYSCALL msg=audit(1584200551.059:4337): arch=c000003e syscall=257 success=yes exit=51 a0=ffffff9c a1=7f23b0bd0c6d a2=a0042 a3=1a4 items=2 ppid=2144 pid=2467 auid=1000 uid=1000 gid=1000 euid=1000 suid=1000 fsuid=1000 egid=1000 sgid=1000 fsgid=1000 tty=pts0 ses=1 comm=51756F74614D616E6167657220494F exe="/usr/lib/firefox/firefox" key="home"
Client03 type=CWD msg=audit(1584200551.059:4337): cwd="/home/akep"
Client03 type=PATH msg=audit(1584200551.059:4337): item=0 name="/home/akep/.mozilla/firefox/xq5ngiu3.default-release/storage/permanent/chrome/idb/" inode=516515 dev=08:01 mode=040755 ouid=1000 ogid=1000 rdev=00:00 nametype=PARENT cap_fp=0 cap_fi=0 cap_fe=0 cap_fver=0
Client03 type=PATH msg=audit(1584200551.059:4337): item=1 name="/home/akep/.mozilla/firefox/xq5ngiu3.default-release/storage/permanent/chrome/idb/3870112724rsegmnoittet-es.sqlite-wal" inode=516413 dev=08:01 mode=0100644 ouid=1000 ogid=1000 rdev=00:00 nametype=CREATE cap_fp=0 cap_fi=0 cap_fe=0 cap_fver=0
Client03 type=PROCTITLE msg=audit(1584200551.059:4337): proctitle="/usr/lib/firefox/firefox"
Client03 type=SYSCALL msg=audit(1584200551.059:4338): arch=c000003e syscall=87 success=yes exit=0 a0=7f23b0bd0c6d a1=7f23b0bd0c6d a2=0 a3=0 items=2 ppid=2144 pid=2467 auid=1000 uid=1000 gid=1000 euid=1000 suid=1000 fsuid=1000 egid=1000 sgid=1000 fsgid=1000 tty=pts0 ses=1 comm=51756F74614D616E6167657220494F exe="/usr/lib/firefox/firefox" key="home"
Client03 type=CWD msg=audit(1584200551.059:4338): cwd="/home/akep"
Client03 type=PATH msg=audit(1584200551.059:4338): item=0 name="/home/akep/.mozilla/firefox/xq5ngiu3.default-release/storage/permanent/chrome/idb/" inode=516515 dev=08:01 mode=040755 ouid=1000 ogid=1000 rdev=00:00 nametype=PARENT cap_fp=0 cap_fi=0 cap_fe=0 cap_fver=0
Client03 type=PATH msg=audit(1584200551.059:4338): item=1 name="/home/akep/.mozilla/firefox/xq5ngiu3.default-release/storage/permanent/chrome/idb/3870112724rsegmnoittet-es.sqlite-wal" inode=516413 dev=08:01 mode=0100644 ouid=1000 ogid=1000 rdev=00:00 nametype=DELETE cap_fp=0 cap_fi=0 cap_fe=0 cap_fver=0
Client03 type=PROCTITLE msg=audit(1584200551.059:4338): proctitle="/usr/lib/firefox/firefox"
Client03 type=SYSCALL msg=audit(1584200551.063:4339): arch=c000003e syscall=257 success=yes exit=6 a0=ffffff9c a1=7f23b0bcf35c a2=a0042 a3=1a4 items=2 ppid=2144 pid=2467 auid=1000 uid=1000 gid=1000 euid=1000 suid=1000 fsuid=1000 egid=1000 sgid=1000 fsgid=1000 tty=pts0 ses=1 comm=496E646578656444422023313437 exe="/usr/lib/firefox/firefox" key="home"
Client03 type=CWD msg=audit(1584200551.063:4339): cwd="/home/akep"
Client03 type=PATH msg=audit(1584200551.063:4339): item=0 name="/home/akep/.mozilla/firefox/xq5ngiu3.default-release/storage/permanent/chrome/idb/" inode=516515 dev=08:01 mode=040755 ouid=1000 ogid=1000 rdev=00:00 nametype=PARENT cap_fp=0 cap_fi=0 cap_fe=0 cap_fver=0
Client03 type=PATH msg=audit(1584200551.063:4339): item=1 name="/home/akep/.mozilla/firefox/xq5ngiu3.default-release/storage/permanent/chrome/idb/1657114595AmcateirvtiSty.sqlite" inode=516539 dev=08:01 mode=0100644 ouid=1000 ogid=1000 rdev=00:00 nametype=NORMAL cap_fp=0 cap_fi=0 cap_fe=0 cap_fver=0
Client03 type=PROCTITLE msg=audit(1584200551.063:4339): proctitle="/usr/lib/firefox/firefox"
Client03 type=SYSCALL msg=audit(1584200551.063:4340): arch=c000003e syscall=257 success=yes exit=51 a0=ffffff9c a1=7f23b0bcf469 a2=a0042 a3=1a4 items=2 ppid=2144 pid=2467 auid=1000 uid=1000 gid=1000 euid=1000 suid=1000 fsuid=1000 egid=1000 sgid=1000 fsgid=1000 tty=pts0 ses=1 comm=496E646578656444422023313437 exe="/usr/lib/firefox/firefox" key="home"
Client03 type=CWD msg=audit(1584200551.063:4340): cwd="/home/akep"
Client03 type=PATH msg=audit(1584200551.063:4340): item=0 name="/home/akep/.mozilla/firefox/xq5ngiu3.default-release/storage/permanent/chrome/idb/" inode=516515 dev=08:01 mode=040755 ouid=1000 ogid=1000 rdev=00:00 nametype=PARENT cap_fp=0 cap_fi=0 cap_fe=0 cap_fver=0
Client03 type=PATH msg=audit(1584200551.063:4340): item=1 name="/home/akep/.mozilla/firefox/xq5ngiu3.default-release/storage/permanent/chrome/idb/1657114595AmcateirvtiSty.sqlite-wal" inode=516413 dev=08:01 mode=0100644 ouid=1000 ogid=1000 rdev=00:00 nametype=CREATE cap_fp=0 cap_fi=0 cap_fe=0 cap_fver=0
Client03 type=PROCTITLE msg=audit(1584200551.063:4340): proctitle="/usr/lib/firefox/firefox"
Client03 type=SYSCALL msg=audit(1584200551.063:4341): arch=c000003e syscall=257 success=yes exit=165 a0=ffffff9c a1=7f23b0bd335c a2=a0042 a3=1a4 items=2 ppid=2144 pid=2467 auid=1000 uid=1000 gid=1000 euid=1000 suid=1000 fsuid=1000 egid=1000 sgid=1000 fsgid=1000 tty=pts0 ses=1 comm=496E646578656444422023313438 exe="/usr/lib/firefox/firefox" key="home"
Client03 type=CWD msg=audit(1584200551.063:4341): cwd="/home/akep"
Client03 type=PATH msg=audit(1584200551.063:4341): item=0 name="/home/akep/.mozilla/firefox/xq5ngiu3.default-release/storage/permanent/chrome/idb/" inode=516515 dev=08:01 mode=040755 ouid=1000 ogid=1000 rdev=00:00 nametype=PARENT cap_fp=0 cap_fi=0 cap_fe=0 cap_fver=0
Client03 type=PATH msg=audit(1584200551.063:4341): item=1 name="/home/akep/.mozilla/firefox/xq5ngiu3.default-release/storage/permanent/chrome/idb/3870112724rsegmnoittet-es.sqlite" inode=516516 dev=08:01 mode=0100644 ouid=1000 ogid=1000 rdev=00:00 nametype=NORMAL cap_fp=0 cap_fi=0 cap_fe=0 cap_fver=0
Client03 type=PROCTITLE msg=audit(1584200551.063:4341): proctitle="/usr/lib/firefox/firefox"
Client03 type=SYSCALL msg=audit(1584200551.067:4342): arch=c000003e syscall=257 success=yes exit=166 a0=ffffff9c a1=7f23b0bd346d a2=a0042 a3=1a4 items=2 ppid=2144 pid=2467 auid=1000 uid=1000 gid=1000 euid=1000 suid=1000 fsuid=1000 egid=1000 sgid=1000 fsgid=1000 tty=pts0 ses=1 comm=496E646578656444422023313438 exe="/usr/lib/firefox/firefox" key="home"
Client03 type=CWD msg=audit(1584200551.067:4342): cwd="/home/akep"
Client03 type=PATH msg=audit(1584200551.067:4342): item=0 name="/home/akep/.mozilla/firefox/xq5ngiu3.default-release/storage/permanent/chrome/idb/" inode=516515 dev=08:01 mode=040755 ouid=1000 ogid=1000 rdev=00:00 nametype=PARENT cap_fp=0 cap_fi=0 cap_fe=0 cap_fver=0
Client03 type=PATH msg=audit(1584200551.067:4342): item=1 name="/home/akep/.mozilla/firefox/xq5ngiu3.default-release/storage/permanent/chrome/idb/3870112724rsegmnoittet-es.sqlite-wal" inode=517935 dev=08:01 mode=0100644 ouid=1000 ogid=1000 rdev=00:00 nametype=CREATE cap_fp=0 cap_fi=0 cap_fe=0 cap_fver=0
Client03 type=PROCTITLE msg=audit(1584200551.067:4342): proctitle="/usr/lib/firefox/firefox"
Client03 type=SYSCALL msg=audit(1584200563.067:4343): arch=c000003e syscall=87 success=yes exit=0 a0=7f23b0bd346d a1=7f23b0bd346d a2=0 a3=0 items=2 ppid=2144 pid=2467 auid=1000 uid=1000 gid=1000 euid=1000 suid=1000 fsuid=1000 egid=1000 sgid=1000 fsgid=1000 tty=pts0 ses=1 comm=496E646578656444422023313438 exe="/usr/lib/firefox/firefox" key="home"
Client03 type=CWD msg=audit(1584200563.067:4343): cwd="/home/akep"
Client03 type=PATH msg=audit(1584200563.067:4343): item=0 name="/home/akep/.mozilla/firefox/xq5ngiu3.default-release/storage/permanent/chrome/idb/" inode=516515 dev=08:01 mode=040755 ouid=1000 ogid=1000 rdev=00:00 nametype=PARENT cap_fp=0 cap_fi=0 cap_fe=0 cap_fver=0
Client03 type=PATH msg=audit(1584200563.067:4343): item=1 name="/home/akep/.mozilla/firefox/xq5ngiu3.default-release/storage/permanent/chrome/idb/3870112724rsegmnoittet-es.sqlite-wal" inode=517935 dev=08:01 mode=0100644 ouid=1000 ogid=1000 rdev=00:00 nametype=DELETE cap_fp=0 cap_fi=0 cap_fe=0 cap_fver=0
Client03 type=PROCTITLE msg=audit(1584200563.067:4343): proctitle="/usr/lib/firefox/firefox"
Client03 type=SYSCALL msg=audit(1584200563.067:4344): arch=c000003e syscall=87 success=yes exit=0 a0=7f23b0bcf469 a1=7f23b0bcf469 a2=0 a3=0 items=2 ppid=2144 pid=2467 auid=1000 uid=1000 gid=1000 euid=1000 suid=1000 fsuid=1000 egid=1000 sgid=1000 fsgid=1000 tty=pts0 ses=1 comm=496E646578656444422023313437 exe="/usr/lib/firefox/firefox" key="home"
Client03 type=CWD msg=audit(1584200563.067:4344): cwd="/home/akep"
Client03 type=PATH msg=audit(1584200563.067:4344): item=0 name="/home/akep/.mozilla/firefox/xq5ngiu3.default-release/storage/permanent/chrome/idb/" inode=516515 dev=08:01 mode=040755 ouid=1000 ogid=1000 rdev=00:00 nametype=PARENT cap_fp=0 cap_fi=0 cap_fe=0 cap_fver=0
Client03 type=PATH msg=audit(1584200563.067:4344): item=1 name="/home/akep/.mozilla/firefox/xq5ngiu3.default-release/storage/permanent/chrome/idb/1657114595AmcateirvtiSty.sqlite-wal" inode=516413 dev=08:01 mode=0100644 ouid=1000 ogid=1000 rdev=00:00 nametype=DELETE cap_fp=0 cap_fi=0 cap_fe=0 cap_fver=0
Client03 type=PROCTITLE msg=audit(1584200563.067:4344): proctitle="/usr/lib/firefox/firefox"
Client03 type=SYSCALL msg=audit(1584200575.019:4345): arch=c000003e syscall=257 success=yes exit=55 a0=ffffff9c a1=7f23b0bd135c a2=a0042 a3=1a4 items=2 ppid=2144 pid=2467 auid=1000 uid=1000 gid=1000 euid=1000 suid=1000 fsuid=1000 egid=1000 sgid=1000 fsgid=1000 tty=pts0 ses=1 comm=496E646578656444422023313437 exe="/usr/lib/firefox/firefox" key="home"
Client03 type=CWD msg=audit(1584200575.019:4345): cwd="/home/akep"
Client03 type=PATH msg=audit(1584200575.019:4345): item=0 name="/home/akep/.mozilla/firefox/xq5ngiu3.default-release/storage/permanent/chrome/idb/" inode=516515 dev=08:01 mode=040755 ouid=1000 ogid=1000 rdev=00:00 nametype=PARENT cap_fp=0 cap_fi=0 cap_fe=0 cap_fver=0
Client03 type=PATH msg=audit(1584200575.019:4345): item=1 name="/home/akep/.mozilla/firefox/xq5ngiu3.default-release/storage/permanent/chrome/idb/2918063365piupsah.sqlite" inode=516595 dev=08:01 mode=0100644 ouid=1000 ogid=1000 rdev=00:00 nametype=NORMAL cap_fp=0 cap_fi=0 cap_fe=0 cap_fver=0
Client03 type=PROCTITLE msg=audit(1584200575.019:4345): proctitle="/usr/lib/firefox/firefox"
Client03 type=SYSCALL msg=audit(1584200575.019:4346): arch=c000003e syscall=257 success=yes exit=165 a0=ffffff9c a1=7f23b0bd145c a2=a0042 a3=1a4 items=2 ppid=2144 pid=2467 auid=1000 uid=1000 gid=1000 euid=1000 suid=1000 fsuid=1000 egid=1000 sgid=1000 fsgid=1000 tty=pts0 ses=1 comm=496E646578656444422023313437 exe="/usr/lib/firefox/firefox" key="home"
Client03 type=CWD msg=audit(1584200575.019:4346): cwd="/home/akep"
Client03 type=PATH msg=audit(1584200575.019:4346): item=0 name="/home/akep/.mozilla/firefox/xq5ngiu3.default-release/storage/permanent/chrome/idb/" inode=516515 dev=08:01 mode=040755 ouid=1000 ogid=1000 rdev=00:00 nametype=PARENT cap_fp=0 cap_fi=0 cap_fe=0 cap_fver=0
Client03 type=PATH msg=audit(1584200575.019:4346): item=1 name="/home/akep/.mozilla/firefox/xq5ngiu3.default-release/storage/permanent/chrome/idb/2918063365piupsah.sqlite-wal" inode=516413 dev=08:01 mode=0100644 ouid=1000 ogid=1000 rdev=00:00 nametype=CREATE cap_fp=0 cap_fi=0 cap_fe=0 cap_fver=0
Client03 type=PROCTITLE msg=audit(1584200575.019:4346): proctitle="/usr/lib/firefox/firefox"
Client03 type=SYSCALL msg=audit(1584200575.575:4347): arch=c000003e syscall=257 success=no exit=-17 a0=ffffff9c a1=7f23b44c5788 a2=2c1 a3=180 items=2 ppid=2144 pid=2467 auid=1000 uid=1000 gid=1000 euid=1000 suid=1000 fsuid=1000 egid=1000 sgid=1000 fsgid=1000 tty=pts0 ses=1 comm=53747265616D547E6E732023323734 exe="/usr/lib/firefox/firefox" key="home"
Client03 type=CWD msg=audit(1584200575.575:4347): cwd="/home/akep"
Client03 type=PATH msg=audit(1584200575.575:4347): item=0 name="/home/akep/.mozilla/firefox/xq5ngiu3.default-release/" inode=516486 dev=08:01 mode=040700 ouid=1000 ogid=1000 rdev=00:00 nametype=PARENT cap_fp=0 cap_fi=0 cap_fe=0 cap_fver=0
Client03 type=PATH msg=audit(1584200575.575:4347): item=1 name="/home/akep/.mozilla/firefox/xq5ngiu3.default-release/prefs.js" inode=517931 dev=08:01 mode=0100600 ouid=1000 ogid=1000 rdev=00:00 nametype=NORMAL cap_fp=0 cap_fi=0 cap_fe=0 cap_fver=0
Client03 type=PROCTITLE msg=audit(1584200575.575:4347): proctitle="/usr/lib/firefox/firefox"
Client03 type=SYSCALL msg=audit(1584200575.575:4348): arch=c000003e syscall=257 success=yes exit=49 a0=ffffff9c a1=7f23b44c5888 a2=2c1 a3=180 items=2 ppid=2144 pid=2467 auid=1000 uid=1000 gid=1000 euid=1000 suid=1000 fsuid=1000 egid=1000 sgid=1000 fsgid=1000 tty=pts0 ses=1 comm=53747265616D547E6E732023323734 exe="/usr/lib/firefox/firefox" key="home"
Client03 type=CWD msg=audit(1584200575.575:4348): cwd="/home/akep"
Client03 type=PATH msg=audit(1584200575.575:4348): item=0 name="/home/akep/.mozilla/firefox/xq5ngiu3.default-release/" inode=516486 dev=08:01 mode=040700 ouid=1000 ogid=1000 rdev=00:00 nametype=PARENT cap_fp=0 cap_fi=0 cap_fe=0 cap_fver=0
Client03 type=PATH msg=audit(1584200575.575:4348): item=1 name="/home/akep/.mozilla/firefox/xq5ngiu3.default-release/prefs-1.js" inode=517935 dev=08:01 mode=0100600 ouid=1000 ogid=1000 rdev=00:00 nametype=CREATE cap_fp=0 cap_fi=0 cap_fe=0 cap_fver=0
Client03 type=PROCTITLE msg=audit(1584200575.575:4348): proctitle="/usr/lib/firefox/firefox"
Client03 type=SYSCALL msg=audit(1584200575.575:4349): arch=c000003e syscall=83 success=no exit=-17 a0=7f23bc8bb1c8 a1=1ed a2=1ed a3=0 items=1 ppid=2144 pid=2467 auid=1000 uid=1000 gid=1000 euid=1000 suid=1000 fsuid=1000 egid=1000 sgid=1000 fsgid=1000 tty=pts0 ses=1 comm=53747265616D547E6E732023323734 exe="/usr/lib/firefox/firefox" key="home"
Client03 type=CWD msg=audit(1584200575.575:4349): cwd="/home/akep"
Client03 type=PATH msg=audit(1584200575.575:4349): item=0 name="/home/akep/.mozilla/firefox/" inode=516476 dev=08:01 mode=040700 ouid=1000 ogid=1000 rdev=00:00 nametype=PARENT cap_fp=0 cap_fi=0 cap_fe=0 cap_fver=0
Client03 type=PROCTITLE msg=audit(1584200575.575:4349): proctitle="/usr/lib/firefox/firefox"
Client03 type=SYSCALL msg=audit(1584200575.575:4350): arch=c000003e syscall=257 success=yes exit=49 a0=ffffff9c a1=7f23b44c5888 a2=241 a3=180 items=2 ppid=2144 pid=2467 auid=1000 uid=1000 gid=1000 euid=1000 suid=1000 fsuid=1000 egid=1000 sgid=1000 fsgid=1000 tty=pts0 ses=1 comm=53747265616D547E6E732023323734 exe="/usr/lib/firefox/firefox" key="home"
Client03 type=CWD msg=audit(1584200575.575:4350): cwd="/home/akep"
Client03 type=PATH msg=audit(1584200575.575:4350): item=0 name="/home/akep/.mozilla/firefox/xq5ngiu3.default-release/" inode=516486 dev=08:01 mode=040700 ouid=1000 ogid=1000 rdev=00:00 nametype=PARENT cap_fp=0 cap_fi=0 cap_fe=0 cap_fver=0
Client03 type=PATH msg=audit(1584200575.575:4350): item=1 name="/home/akep/.mozilla/firefox/xq5ngiu3.default-release/prefs-1.js" inode=517935 dev=08:01 mode=0100600 ouid=1000 ogid=1000 rdev=00:00 nametype=NORMAL cap_fp=0 cap_fi=0 cap_fe=0 cap_fver=0
Client03 type=PROCTITLE msg=audit(1584200575.575:4350): proctitle="/usr/lib/firefox/firefox"
Client03 type=SYSCALL msg=audit(1584200575.583:4351): arch=c000003e syscall=82 success=yes exit=0 a0=7f23b44c5888 a1=7f23abe7579c a2=7f23e0300018 a3=0 items=5 ppid=2144 pid=2467 auid=1000 uid=1000 gid=1000 euid=1000 suid=1000 fsuid=1000 egid=1000 sgid=1000 fsgid=1000 tty=pts0 ses=1 comm=53747265616D547E6E732023323734 exe="/usr/lib/firefox/firefox" key="home"
Client03 type=CWD msg=audit(1584200575.583:4351): cwd="/home/akep"
Client03 type=PATH msg=audit(1584200575.583:4351): item=0 name="/home/akep/.mozilla/firefox/xq5ngiu3.default-release/" inode=516486 dev=08:01 mode=040700 ouid=1000 ogid=1000 rdev=00:00 nametype=PARENT cap_fp=0 cap_fi=0 cap_fe=0 cap_fver=0
Client03 type=PATH msg=audit(1584200575.583:4351): item=1 name="/home/akep/.mozilla/firefox/xq5ngiu3.default-release/" inode=516486 dev=08:01 mode=040700 ouid=1000 ogid=1000 rdev=00:00 nametype=PARENT cap_fp=0 cap_fi=0 cap_fe=0 cap_fver=0
Client03 type=PATH msg=audit(1584200575.583:4351): item=2 name="/home/akep/.mozilla/firefox/xq5ngiu3.default-release/prefs-1.js" inode=517935 dev=08:01 mode=0100600 ouid=1000 ogid=1000 rdev=00:00 nametype=DELETE cap_fp=0 cap_fi=0 cap_fe=0 cap_fver=0
Client03 type=PATH msg=audit(1584200575.583:4351): item=3 name="/home/akep/.mozilla/firefox/xq5ngiu3.default-release/prefs.js" inode=517931 dev=08:01 mode=0100600 ouid=1000 ogid=1000 rdev=00:00 nametype=DELETE cap_fp=0 cap_fi=0 cap_fe=0 cap_fver=0
Client03 type=PATH msg=audit(1584200575.583:4351): item=4 name="/home/akep/.mozilla/firefox/xq5ngiu3.default-release/prefs.js" inode=517935 dev=08:01 mode=0100600 ouid=1000 ogid=1000 rdev=00:00 nametype=CREATE cap_fp=0 cap_fi=0 cap_fe=0 cap_fver=0
Client03 type=PROCTITLE msg=audit(1584200575.583:4351): proctitle="/usr/lib/firefox/firefox"
Client03 type=SYSCALL msg=audit(1584200587.019:4352): arch=c000003e syscall=87 success=yes exit=0 a0=7f23b0bd145c a1=7f23b0bd145c a2=0 a3=0 items=2 ppid=2144 pid=2467 auid=1000 uid=1000 gid=1000 euid=1000 suid=1000 fsuid=1000 egid=1000 sgid=1000 fsgid=1000 tty=pts0 ses=1 comm=496E646578656444422023313437 exe="/usr/lib/firefox/firefox" key="home"
Client03 type=CWD msg=audit(1584200587.019:4352): cwd="/home/akep"
Client03 type=PATH msg=audit(1584200587.019:4352): item=0 name="/home/akep/.mozilla/firefox/xq5ngiu3.default-release/storage/permanent/chrome/idb/" inode=516515 dev=08:01 mode=040755 ouid=1000 ogid=1000 rdev=00:00 nametype=PARENT cap_fp=0 cap_fi=0 cap_fe=0 cap_fver=0
Client03 type=PATH msg=audit(1584200587.019:4352): item=1 name="/home/akep/.mozilla/firefox/xq5ngiu3.default-release/storage/permanent/chrome/idb/2918063365piupsah.sqlite-wal" inode=516413 dev=08:01 mode=0100644 ouid=1000 ogid=1000 rdev=00:00 nametype=DELETE cap_fp=0 cap_fi=0 cap_fe=0 cap_fver=0
Client03 type=PROCTITLE msg=audit(1584200587.019:4352): proctitle="/usr/lib/firefox/firefox"
Client03 type=SYSCALL msg=audit(1584200678.599:4353): arch=c000003e syscall=83 success=no exit=-17 a0=7f23b6304970 a1=1c0 a2=7f23c57fbcd8 a3=7f23c57fb350 items=1 ppid=2144 pid=2467 auid=1000 uid=1000 gid=1000 euid=1000 suid=1000 fsuid=1000 egid=1000 sgid=1000 fsgid=1000 tty=pts0 ses=1 comm=444F4D20576F726B6572 exe="/usr/lib/firefox/firefox" key="home"
Client03 type=CWD msg=audit(1584200678.599:4353): cwd="/home/akep"
Client03 type=PATH msg=audit(1584200678.599:4353): item=0 name="/home/akep/.mozilla/firefox/xq5ngiu3.default-release/" inode=516486 dev=08:01 mode=040700 ouid=1000 ogid=1000 rdev=00:00 nametype=PARENT cap_fp=0 cap_fi=0 cap_fe=0 cap_fver=0
Client03 type=PROCTITLE msg=audit(1584200678.599:4353): proctitle="/usr/lib/firefox/firefox"
Client03 type=SYSCALL msg=audit(1584200678.603:4354): arch=c000003e syscall=257 success=yes exit=49 a0=ffffff9c a1=7f23b0bc0188 a2=241 a3=180 items=2 ppid=2144 pid=2467 auid=1000 uid=1000 gid=1000 euid=1000 suid=1000 fsuid=1000 egid=1000 sgid=1000 fsgid=1000 tty=pts0 ses=1 comm=53747265616D547E6E732023323735 exe="/usr/lib/firefox/firefox" key="home"
Client03 type=CWD msg=audit(1584200678.603:4354): cwd="/home/akep"
Client03 type=PATH msg=audit(1584200678.603:4354): item=0 name="/home/akep/.mozilla/firefox/xq5ngiu3.default-release/datareporting/" inode=516590 dev=08:01 mode=040700 ouid=1000 ogid=1000 rdev=00:00 nametype=PARENT cap_fp=0 cap_fi=0 cap_fe=0 cap_fver=0
Client03 type=PATH msg=audit(1584200678.603:4354): item=1 name="/home/akep/.mozilla/firefox/xq5ngiu3.default-release/datareporting/aborted-session-ping.tmp" inode=516413 dev=08:01 mode=0100600 ouid=1000 ogid=1000 rdev=00:00 nametype=CREATE cap_fp=0 cap_fi=0 cap_fe=0 cap_fver=0
Client03 type=PROCTITLE msg=audit(1584200678.603:4354): proctitle="/usr/lib/firefox/firefox"
Client03 type=SYSCALL msg=audit(1584200678.603:4355): arch=c000003e syscall=87 success=yes exit=0 a0=7f23b0b87e08 a1=1 a2=7f23c4e34a30 a3=180 items=2 ppid=2144 pid=2467 auid=1000 uid=1000 gid=1000 euid=1000 suid=1000 fsuid=1000 egid=1000 sgid=1000 fsgid=1000 tty=pts0 ses=1 comm=53747265616D547E6E732023323735 exe="/usr/lib/firefox/firefox" key="home"
Client03 type=CWD msg=audit(1584200678.603:4355): cwd="/home/akep"
Client03 type=PATH msg=audit(1584200678.603:4355): item=0 name="/home/akep/.mozilla/firefox/xq5ngiu3.default-release/datareporting/" inode=516590 dev=08:01 mode=040700 ouid=1000 ogid=1000 rdev=00:00 nametype=PARENT cap_fp=0 cap_fi=0 cap_fe=0 cap_fver=0
Client03 type=PATH msg=audit(1584200678.603:4355): item=1 name="/home/akep/.mozilla/firefox/xq5ngiu3.default-release/datareporting/aborted-session-ping" inode=516700 dev=08:01 mode=0100600 ouid=1000 ogid=1000 rdev=00:00 nametype=DELETE cap_fp=0 cap_fi=0 cap_fe=0 cap_fver=0
Client03 type=PROCTITLE msg=audit(1584200678.603:4355): proctitle="/usr/lib/firefox/firefox"
Client03 type=SYSCALL msg=audit(1584200678.603:4356): arch=c000003e syscall=82 success=yes exit=0 a0=7f23b0bc0188 a1=7f23b0b87e08 a2=ffffffffffffff48 a3=180 items=4 ppid=2144 pid=2467 auid=1000 uid=1000 gid=1000 euid=1000 suid=1000 fsuid=1000 egid=1000 sgid=1000 fsgid=1000 tty=pts0 ses=1 comm=53747265616D547E6E732023323735 exe="/usr/lib/firefox/firefox" key="home"
Client03 type=CWD msg=audit(1584200678.603:4356): cwd="/home/akep"
Client03 type=PATH msg=audit(1584200678.603:4356): item=0 name="/home/akep/.mozilla/firefox/xq5ngiu3.default-release/datareporting/" inode=516590 dev=08:01 mode=040700 ouid=1000 ogid=1000 rdev=00:00 nametype=PARENT cap_fp=0 cap_fi=0 cap_fe=0 cap_fver=0
Client03 type=PATH msg=audit(1584200678.603:4356): item=1 name="/home/akep/.mozilla/firefox/xq5ngiu3.default-release/datareporting/" inode=516590 dev=08:01 mode=040700 ouid=1000 ogid=1000 rdev=00:00 nametype=PARENT cap_fp=0 cap_fi=0 cap_fe=0 cap_fver=0
Client03 type=PATH msg=audit(1584200678.603:4356): item=2 name="/home/akep/.mozilla/firefox/xq5ngiu3.default-release/datareporting/aborted-session-ping.tmp" inode=516413 dev=08:01 mode=0100600 ouid=1000 ogid=1000 rdev=00:00 nametype=DELETE cap_fp=0 cap_fi=0 cap_fe=0 cap_fver=0
Client03 type=PATH msg=audit(1584200678.603:4356): item=3 name="/home/akep/.mozilla/firefox/xq5ngiu3.default-release/datareporting/aborted-session-ping" inode=516413 dev=08:01 mode=0100600 ouid=1000 ogid=1000 rdev=00:00 nametype=CREATE cap_fp=0 cap_fi=0 cap_fe=0 cap_fver=0
Client03 type=PROCTITLE msg=audit(1584200678.603:4356): proctitle="/usr/lib/firefox/firefox"
Client03 type=NETFILTER_CFG msg=audit(1584200690.795:4357): table=security family=2 entries=6
Client03 type=SYSCALL msg=audit(1584200690.795:4357): arch=c000003e syscall=54 success=yes exit=0 a0=4 a1=0 a2=40 a3=55cbc8c6efe0 items=0 ppid=19624 pid=19625 auid=4294967295 uid=0 gid=0 euid=0 suid=0 fsuid=0 egid=0 sgid=0 fsgid=0 tty=(none) ses=4294967295 comm="iptables" exe="/sbin/xtables-multi" key=(null)
Client03 type=PROCTITLE msg=audit(1584200690.795:4357): proctitle=69707461626C6573002D77002D74007365637572697479002D4C004F5554505554002D2D7A65726F004F5554505554002D6E7876
Client03 type=SYSCALL msg=audit(1584200738.291:4358): arch=c000003e syscall=59 success=no exit=-13 a0=564af0ad9c30 a1=564af0aea750 a2=564af0ac8b50 a3=8 items=1 ppid=19358 pid=19684 auid=1000 uid=1000 gid=1000 euid=1000 suid=1000 fsuid=1000 egid=1000 sgid=1000 fsgid=1000 tty=pts3 ses=1 comm="bash" exe="/bin/bash" key="home"
Client03 type=CWD msg=audit(1584200738.291:4358): cwd="/home/akep/Downloads"
Client03 type=PATH msg=audit(1584200738.291:4358): item=0 name="./Report_2020.sh" inode=516686 dev=08:01 mode=0100644 ouid=1000 ogid=1000 rdev=00:00 nametype=NORMAL cap_fp=0 cap_fi=0 cap_fe=0 cap_fver=0
Client03 type=PROCTITLE msg=audit(1584200738.291:4358): proctitle="bash"
Client03 type=SYSCALL msg=audit(1584200747.987:4359): arch=c000003e syscall=257 success=no exit=-17 a0=ffffff9c a1=7fff08994330 a2=8c1 a3=1a4 items=2 ppid=19358 pid=19694 auid=1000 uid=1000 gid=1000 euid=1000 suid=0 fsuid=1000 egid=1000 sgid=1000 fsgid=1000 tty=pts3 ses=1 comm="sudo" exe="/usr/bin/sudo" key="home"
Client03 type=CWD msg=audit(1584200747.987:4359): cwd="/home/akep/Downloads"
Client03 type=PATH msg=audit(1584200747.987:4359): item=0 name="/home/akep/" inode=258049 dev=08:01 mode=040755 ouid=1000 ogid=1000 rdev=00:00 nametype=PARENT cap_fp=0 cap_fi=0 cap_fe=0 cap_fver=0
Client03 type=PATH msg=audit(1584200747.987:4359): item=1 name="/home/akep/.sudo_as_admin_successful" inode=258124 dev=08:01 mode=0100644 ouid=1000 ogid=1000 rdev=00:00 nametype=NORMAL cap_fp=0 cap_fi=0 cap_fe=0 cap_fver=0
Client03 type=PROCTITLE msg=audit(1584200747.987:4359): proctitle=7375646F002E2F5265706F72745F323032302E7368
Client03 type=USER_CMD msg=audit(1584200747.987:4360): pid=19694 uid=1000 auid=1000 ses=1 msg='cwd="/home/akep/Downloads" cmd="./Report_2020.sh" terminal=pts/3 res=failed'