Mar  3 00:09:03 mail systemd[1]: Starting Clean php session files...
Mar  3 00:09:03 mail systemd[1]: Started Clean php session files.
Mar  3 00:28:11 mail freshclam[22090]: Tue Mar  3 00:28:11 2020 -> Received signal: wake up
Mar  3 00:28:11 mail freshclam[22090]: Tue Mar  3 00:28:11 2020 -> ClamAV update process started at Tue Mar  3 00:28:11 2020
Mar  3 00:28:11 mail freshclam[22090]: Tue Mar  3 00:28:11 2020 -> ^Your ClamAV installation is OUTDATED!
Mar  3 00:28:11 mail freshclam[22090]: Tue Mar  3 00:28:11 2020 -> ^Local version: 0.100.2 Recommended version: 0.102.2
Mar  3 00:28:11 mail freshclam[22090]: Tue Mar  3 00:28:11 2020 -> DON'T PANIC! Read https://www.clamav.net/documents/upgrading-clamav
Mar  3 00:28:11 mail freshclam[22090]: Tue Mar  3 00:28:11 2020 -> main.cvd is up to date (version: 59, sigs: 4564902, f-level: 60, builder: sigmgr)
Mar  3 00:28:11 mail freshclam[22090]: Tue Mar  3 00:28:11 2020 -> daily.cld is up to date (version: 25739, sigs: 2203033, f-level: 63, builder: raynman)
Mar  3 00:28:11 mail freshclam[22090]: Tue Mar  3 00:28:11 2020 -> bytecode.cvd is up to date (version: 331, sigs: 94, f-level: 63, builder: anvilleg)
Mar  3 00:39:04 mail systemd[1]: Starting Clean php session files...
Mar  3 00:39:04 mail systemd[1]: Started Clean php session files.
Mar  3 00:49:08 mail dhclient[387]: DHCPREQUEST of 192.168.10.21 on eth0 to 192.168.10.2 port 67
Mar  3 00:49:08 mail dhclient[387]: DHCPACK of 192.168.10.21 from 192.168.10.2
Mar  3 00:49:08 mail dhclient[387]: bound to 192.168.10.21 -- renewal in 34663 seconds.
Mar  3 01:09:04 mail systemd[1]: Starting Clean php session files...
Mar  3 01:09:04 mail systemd[1]: Started Clean php session files.
Mar  3 01:28:11 mail freshclam[22090]: Tue Mar  3 01:28:11 2020 -> Received signal: wake up
Mar  3 01:28:11 mail freshclam[22090]: Tue Mar  3 01:28:11 2020 -> ClamAV update process started at Tue Mar  3 01:28:11 2020
Mar  3 01:28:11 mail freshclam[22090]: Tue Mar  3 01:28:11 2020 -> ^Your ClamAV installation is OUTDATED!
Mar  3 01:28:11 mail freshclam[22090]: Tue Mar  3 01:28:11 2020 -> ^Local version: 0.100.2 Recommended version: 0.102.2
Mar  3 01:28:11 mail freshclam[22090]: Tue Mar  3 01:28:11 2020 -> DON'T PANIC! Read https://www.clamav.net/documents/upgrading-clamav
Mar  3 01:28:11 mail freshclam[22090]: Tue Mar  3 01:28:11 2020 -> main.cvd is up to date (version: 59, sigs: 4564902, f-level: 60, builder: sigmgr)
Mar  3 01:28:11 mail freshclam[22090]: Tue Mar  3 01:28:11 2020 -> daily.cld is up to date (version: 25739, sigs: 2203033, f-level: 63, builder: raynman)
Mar  3 01:28:11 mail freshclam[22090]: Tue Mar  3 01:28:11 2020 -> bytecode.cvd is up to date (version: 331, sigs: 94, f-level: 63, builder: anvilleg)
Mar  3 01:39:04 mail systemd[1]: Starting Clean php session files...
Mar  3 01:39:04 mail systemd[1]: Started Clean php session files.
Mar  3 02:09:03 mail systemd[1]: Starting Clean php session files...
Mar  3 02:09:03 mail systemd[1]: Started Clean php session files.
Mar  3 02:28:11 mail freshclam[22090]: Tue Mar  3 02:28:11 2020 -> Received signal: wake up
Mar  3 02:28:11 mail freshclam[22090]: Tue Mar  3 02:28:11 2020 -> ClamAV update process started at Tue Mar  3 02:28:11 2020
Mar  3 02:28:11 mail freshclam[22090]: Tue Mar  3 02:28:11 2020 -> ^Your ClamAV installation is OUTDATED!
Mar  3 02:28:11 mail freshclam[22090]: Tue Mar  3 02:28:11 2020 -> ^Local version: 0.100.2 Recommended version: 0.102.2
Mar  3 02:28:11 mail freshclam[22090]: Tue Mar  3 02:28:11 2020 -> DON'T PANIC! Read https://www.clamav.net/documents/upgrading-clamav
Mar  3 02:28:11 mail freshclam[22090]: Tue Mar  3 02:28:11 2020 -> main.cvd is up to date (version: 59, sigs: 4564902, f-level: 60, builder: sigmgr)
Mar  3 02:28:11 mail freshclam[22090]: Tue Mar  3 02:28:11 2020 -> daily.cld is up to date (version: 25739, sigs: 2203033, f-level: 63, builder: raynman)
Mar  3 02:28:11 mail freshclam[22090]: Tue Mar  3 02:28:11 2020 -> bytecode.cvd is up to date (version: 331, sigs: 94, f-level: 63, builder: anvilleg)
Mar  3 02:39:03 mail systemd[1]: Starting Clean php session files...
Mar  3 02:39:04 mail systemd[1]: Started Clean php session files.
Mar  3 02:50:03 mail systemd[1]: Starting Daily apt download activities...
Mar  3 02:50:04 mail systemd[1]: Started Daily apt download activities.
Mar  3 02:50:04 mail systemd[1]: apt-daily.timer: Adding 33min 10.556007s random time.
Mar  3 02:50:04 mail systemd[1]: apt-daily.timer: Adding 8h 20min 53.545983s random time.
Mar  3 03:09:04 mail systemd[1]: Starting Clean php session files...
Mar  3 03:09:04 mail systemd[1]: Started Clean php session files.
Mar  3 03:28:11 mail freshclam[22090]: Tue Mar  3 03:28:11 2020 -> Received signal: wake up
Mar  3 03:28:11 mail freshclam[22090]: Tue Mar  3 03:28:11 2020 -> ClamAV update process started at Tue Mar  3 03:28:11 2020
Mar  3 03:28:11 mail freshclam[22090]: Tue Mar  3 03:28:11 2020 -> ^Your ClamAV installation is OUTDATED!
Mar  3 03:28:11 mail freshclam[22090]: Tue Mar  3 03:28:11 2020 -> ^Local version: 0.100.2 Recommended version: 0.102.2
Mar  3 03:28:11 mail freshclam[22090]: Tue Mar  3 03:28:11 2020 -> DON'T PANIC! Read https://www.clamav.net/documents/upgrading-clamav
Mar  3 03:28:11 mail freshclam[22090]: Tue Mar  3 03:28:11 2020 -> main.cvd is up to date (version: 59, sigs: 4564902, f-level: 60, builder: sigmgr)
Mar  3 03:28:11 mail freshclam[22090]: Tue Mar  3 03:28:11 2020 -> daily.cld is up to date (version: 25739, sigs: 2203033, f-level: 63, builder: raynman)
Mar  3 03:28:11 mail freshclam[22090]: Tue Mar  3 03:28:11 2020 -> bytecode.cvd is up to date (version: 331, sigs: 94, f-level: 63, builder: anvilleg)
Mar  3 03:39:03 mail systemd[1]: Starting Clean php session files...
Mar  3 03:39:04 mail systemd[1]: Started Clean php session files.
Mar  3 04:09:03 mail systemd[1]: Starting Clean php session files...
Mar  3 04:09:03 mail systemd[1]: Started Clean php session files.
Mar  3 04:28:11 mail freshclam[22090]: Tue Mar  3 04:28:11 2020 -> Received signal: wake up
Mar  3 04:28:11 mail freshclam[22090]: Tue Mar  3 04:28:11 2020 -> ClamAV update process started at Tue Mar  3 04:28:11 2020
Mar  3 04:28:11 mail freshclam[22090]: Tue Mar  3 04:28:11 2020 -> ^Your ClamAV installation is OUTDATED!
Mar  3 04:28:11 mail freshclam[22090]: Tue Mar  3 04:28:11 2020 -> ^Local version: 0.100.2 Recommended version: 0.102.2
Mar  3 04:28:11 mail freshclam[22090]: Tue Mar  3 04:28:11 2020 -> DON'T PANIC! Read https://www.clamav.net/documents/upgrading-clamav
Mar  3 04:28:11 mail freshclam[22090]: Tue Mar  3 04:28:11 2020 -> main.cvd is up to date (version: 59, sigs: 4564902, f-level: 60, builder: sigmgr)
Mar  3 04:28:11 mail freshclam[22090]: Tue Mar  3 04:28:11 2020 -> daily.cld is up to date (version: 25739, sigs: 2203033, f-level: 63, builder: raynman)
Mar  3 04:28:11 mail freshclam[22090]: Tue Mar  3 04:28:11 2020 -> bytecode.cvd is up to date (version: 331, sigs: 94, f-level: 63, builder: anvilleg)
Mar  3 04:39:03 mail systemd[1]: Starting Clean php session files...
Mar  3 04:39:04 mail systemd[1]: Started Clean php session files.
Mar  3 04:47:43 mail dhclient[418]: DHCPREQUEST of 192.168.10.21 on eth0 to 192.168.10.2 port 67
Mar  3 04:47:43 mail dhclient[418]: DHCPACK of 192.168.10.21 from 192.168.10.2
Mar  3 04:47:43 mail dhclient[418]: bound to 192.168.10.21 -- renewal in 37794 seconds.
Mar  3 05:09:03 mail systemd[1]: Starting Clean php session files...
Mar  3 05:09:04 mail systemd[1]: Started Clean php session files.
Mar  3 05:28:11 mail freshclam[22090]: Tue Mar  3 05:28:11 2020 -> Received signal: wake up
Mar  3 05:28:11 mail freshclam[22090]: Tue Mar  3 05:28:11 2020 -> ClamAV update process started at Tue Mar  3 05:28:11 2020
Mar  3 05:28:11 mail freshclam[22090]: Tue Mar  3 05:28:11 2020 -> ^Your ClamAV installation is OUTDATED!
Mar  3 05:28:11 mail freshclam[22090]: Tue Mar  3 05:28:11 2020 -> ^Local version: 0.100.2 Recommended version: 0.102.2
Mar  3 05:28:11 mail freshclam[22090]: Tue Mar  3 05:28:11 2020 -> DON'T PANIC! Read https://www.clamav.net/documents/upgrading-clamav
Mar  3 05:28:11 mail freshclam[22090]: Tue Mar  3 05:28:11 2020 -> main.cvd is up to date (version: 59, sigs: 4564902, f-level: 60, builder: sigmgr)
Mar  3 05:28:11 mail freshclam[22090]: Tue Mar  3 05:28:11 2020 -> daily.cld is up to date (version: 25739, sigs: 2203033, f-level: 63, builder: raynman)
Mar  3 05:28:11 mail freshclam[22090]: Tue Mar  3 05:28:11 2020 -> bytecode.cvd is up to date (version: 331, sigs: 94, f-level: 63, builder: anvilleg)
Mar  3 05:39:03 mail systemd[1]: Starting Clean php session files...
Mar  3 05:39:04 mail systemd[1]: Started Clean php session files.
Mar  3 06:09:03 mail systemd[1]: Starting Clean php session files...
Mar  3 06:09:04 mail systemd[1]: Started Clean php session files.
Mar  3 06:25:28 mail systemd[1]: Reloading The Apache HTTP Server.
Mar  3 06:25:28 mail systemd[1]: Reloaded The Apache HTTP Server.
Mar  3 06:28:11 mail freshclam[22090]: Tue Mar  3 06:28:11 2020 -> Received signal: wake up
Mar  3 06:28:11 mail freshclam[22090]: Tue Mar  3 06:28:11 2020 -> ClamAV update process started at Tue Mar  3 06:28:11 2020
Mar  3 06:28:11 mail freshclam[22090]: Tue Mar  3 06:28:11 2020 -> ^Your ClamAV installation is OUTDATED!
Mar  3 06:28:11 mail freshclam[22090]: Tue Mar  3 06:28:11 2020 -> ^Local version: 0.100.2 Recommended version: 0.102.2
Mar  3 06:28:11 mail freshclam[22090]: Tue Mar  3 06:28:11 2020 -> DON'T PANIC! Read https://www.clamav.net/documents/upgrading-clamav
Mar  3 06:28:11 mail freshclam[22090]: Tue Mar  3 06:28:11 2020 -> main.cvd is up to date (version: 59, sigs: 4564902, f-level: 60, builder: sigmgr)
Mar  3 06:28:11 mail freshclam[22090]: Tue Mar  3 06:28:11 2020 -> daily.cld is up to date (version: 25739, sigs: 2203033, f-level: 63, builder: raynman)
Mar  3 06:28:11 mail freshclam[22090]: Tue Mar  3 06:28:11 2020 -> bytecode.cvd is up to date (version: 331, sigs: 94, f-level: 63, builder: anvilleg)
Mar  3 06:28:41 mail systemd[1]: Stopping Security Auditing Service...
Mar  3 06:28:41 mail auditd[16076]: The audit daemon is exiting.
Mar  3 06:28:41 mail systemd[1]: Stopped Security Auditing Service.
Mar  3 06:28:41 mail systemd[1]: Starting Security Auditing Service...
Mar  3 06:28:41 mail augenrules[11172]: /sbin/augenrules: No change
Mar  3 06:28:41 mail auditd[11171]: Started dispatcher: /sbin/audispd pid: 11176
Mar  3 06:28:41 mail systemd[1]: Started Security Auditing Service.
Mar  3 06:28:41 mail augenrules[11172]: No rules
Mar  3 06:28:41 mail augenrules[11172]: enabled 1
Mar  3 06:28:41 mail augenrules[11172]: failure 1
Mar  3 06:28:41 mail augenrules[11172]: pid 11171
Mar  3 06:28:41 mail augenrules[11172]: rate_limit 0
Mar  3 06:28:41 mail augenrules[11172]: backlog_limit 81920
Mar  3 06:28:41 mail augenrules[11172]: lost 2224
Mar  3 06:28:41 mail augenrules[11172]: backlog 12
Mar  3 06:28:41 mail augenrules[11172]: backlog_wait_time 0
Mar  3 06:28:41 mail augenrules[11172]: enabled 1
Mar  3 06:28:41 mail augenrules[11172]: failure 1
Mar  3 06:28:41 mail augenrules[11172]: pid 11171
Mar  3 06:28:41 mail augenrules[11172]: rate_limit 0
Mar  3 06:28:41 mail augenrules[11172]: backlog_limit 81920
Mar  3 06:28:41 mail augenrules[11172]: lost 2224
Mar  3 06:28:41 mail augenrules[11172]: backlog 13
Mar  3 06:28:41 mail augenrules[11172]: backlog_wait_time 0
Mar  3 06:28:41 mail auditd[11171]: Init complete, auditd 2.6.7 listening for events (startup state enable)
Mar  3 06:39:03 mail systemd[1]: Starting Clean php session files...
Mar  3 06:39:04 mail systemd[1]: Started Clean php session files.
Mar  3 06:50:03 mail systemd[1]: Starting Daily apt upgrade and clean activities...
Mar  3 06:50:04 mail systemd[1]: Started Daily apt upgrade and clean activities.
Mar  3 06:50:04 mail systemd[1]: apt-daily-upgrade.timer: Adding 26min 17.974016s random time.
Mar  3 06:50:04 mail systemd[1]: apt-daily-upgrade.timer: Adding 8min 54.257802s random time.
Mar  3 07:09:04 mail systemd[1]: Starting Clean php session files...
Mar  3 07:09:04 mail systemd[1]: Started Clean php session files.
Mar  3 07:28:11 mail freshclam[22090]: Tue Mar  3 07:28:11 2020 -> Received signal: wake up
Mar  3 07:28:11 mail freshclam[22090]: Tue Mar  3 07:28:11 2020 -> ClamAV update process started at Tue Mar  3 07:28:11 2020
Mar  3 07:28:11 mail freshclam[22090]: Tue Mar  3 07:28:11 2020 -> ^Your ClamAV installation is OUTDATED!
Mar  3 07:28:11 mail freshclam[22090]: Tue Mar  3 07:28:11 2020 -> ^Local version: 0.100.2 Recommended version: 0.102.2
Mar  3 07:28:11 mail freshclam[22090]: Tue Mar  3 07:28:11 2020 -> DON'T PANIC! Read https://www.clamav.net/documents/upgrading-clamav
Mar  3 07:28:11 mail freshclam[22090]: Tue Mar  3 07:28:11 2020 -> main.cvd is up to date (version: 59, sigs: 4564902, f-level: 60, builder: sigmgr)
Mar  3 07:28:11 mail freshclam[22090]: Tue Mar  3 07:28:11 2020 -> daily.cld is up to date (version: 25739, sigs: 2203033, f-level: 63, builder: raynman)
Mar  3 07:28:11 mail freshclam[22090]: Tue Mar  3 07:28:11 2020 -> bytecode.cvd is up to date (version: 331, sigs: 94, f-level: 63, builder: anvilleg)
Mar  3 07:39:04 mail systemd[1]: Starting Clean php session files...
Mar  3 07:39:04 mail systemd[1]: Started Clean php session files.
Mar  3 08:09:04 mail systemd[1]: Starting Clean php session files...
Mar  3 08:09:04 mail systemd[1]: Started Clean php session files.
Mar  3 08:28:11 mail freshclam[22090]: Tue Mar  3 08:28:11 2020 -> Received signal: wake up
Mar  3 08:28:11 mail freshclam[22090]: Tue Mar  3 08:28:11 2020 -> ClamAV update process started at Tue Mar  3 08:28:11 2020
Mar  3 08:28:11 mail freshclam[22090]: Tue Mar  3 08:28:11 2020 -> ^Your ClamAV installation is OUTDATED!
Mar  3 08:28:11 mail freshclam[22090]: Tue Mar  3 08:28:11 2020 -> ^Local version: 0.100.2 Recommended version: 0.102.2
Mar  3 08:28:11 mail freshclam[22090]: Tue Mar  3 08:28:11 2020 -> DON'T PANIC! Read https://www.clamav.net/documents/upgrading-clamav
Mar  3 08:28:11 mail freshclam[22090]: Tue Mar  3 08:28:11 2020 -> main.cvd is up to date (version: 59, sigs: 4564902, f-level: 60, builder: sigmgr)
Mar  3 08:28:11 mail freshclam[22090]: Tue Mar  3 08:28:11 2020 -> daily.cld is up to date (version: 25739, sigs: 2203033, f-level: 63, builder: raynman)
Mar  3 08:28:11 mail freshclam[22090]: Tue Mar  3 08:28:11 2020 -> bytecode.cvd is up to date (version: 331, sigs: 94, f-level: 63, builder: anvilleg)
Mar  3 08:39:03 mail systemd[1]: Starting Clean php session files...
Mar  3 08:39:03 mail systemd[1]: Started Clean php session files.
Mar  3 09:09:03 mail systemd[1]: Starting Clean php session files...
Mar  3 09:09:04 mail systemd[1]: Started Clean php session files.
Mar  3 09:28:11 mail freshclam[22090]: Tue Mar  3 09:28:11 2020 -> Received signal: wake up
Mar  3 09:28:11 mail freshclam[22090]: Tue Mar  3 09:28:11 2020 -> ClamAV update process started at Tue Mar  3 09:28:11 2020
Mar  3 09:28:11 mail freshclam[22090]: Tue Mar  3 09:28:11 2020 -> ^Your ClamAV installation is OUTDATED!
Mar  3 09:28:11 mail freshclam[22090]: Tue Mar  3 09:28:11 2020 -> ^Local version: 0.100.2 Recommended version: 0.102.2
Mar  3 09:28:11 mail freshclam[22090]: Tue Mar  3 09:28:11 2020 -> DON'T PANIC! Read https://www.clamav.net/documents/upgrading-clamav
Mar  3 09:28:11 mail freshclam[22090]: Tue Mar  3 09:28:11 2020 -> main.cvd is up to date (version: 59, sigs: 4564902, f-level: 60, builder: sigmgr)
Mar  3 09:28:11 mail freshclam[22090]: Tue Mar  3 09:28:11 2020 -> daily.cld is up to date (version: 25739, sigs: 2203033, f-level: 63, builder: raynman)
Mar  3 09:28:11 mail freshclam[22090]: Tue Mar  3 09:28:11 2020 -> bytecode.cvd is up to date (version: 331, sigs: 94, f-level: 63, builder: anvilleg)
Mar  3 09:39:04 mail systemd[1]: Starting Clean php session files...
Mar  3 09:39:04 mail systemd[1]: Started Clean php session files.
Mar  3 10:09:04 mail systemd[1]: Starting Clean php session files...
Mar  3 10:09:04 mail systemd[1]: Started Clean php session files.
Mar  3 10:26:51 mail dhclient[387]: DHCPREQUEST of 192.168.10.21 on eth0 to 192.168.10.2 port 67
Mar  3 10:26:51 mail dhclient[387]: DHCPACK of 192.168.10.21 from 192.168.10.2
Mar  3 10:26:51 mail dhclient[387]: bound to 192.168.10.21 -- renewal in 36081 seconds.
Mar  3 10:28:11 mail freshclam[22090]: Tue Mar  3 10:28:11 2020 -> Received signal: wake up
Mar  3 10:28:11 mail freshclam[22090]: Tue Mar  3 10:28:11 2020 -> ClamAV update process started at Tue Mar  3 10:28:11 2020
Mar  3 10:28:11 mail freshclam[22090]: Tue Mar  3 10:28:11 2020 -> ^Your ClamAV installation is OUTDATED!
Mar  3 10:28:11 mail freshclam[22090]: Tue Mar  3 10:28:11 2020 -> ^Local version: 0.100.2 Recommended version: 0.102.2
Mar  3 10:28:11 mail freshclam[22090]: Tue Mar  3 10:28:11 2020 -> DON'T PANIC! Read https://www.clamav.net/documents/upgrading-clamav
Mar  3 10:28:11 mail freshclam[22090]: Tue Mar  3 10:28:11 2020 -> main.cvd is up to date (version: 59, sigs: 4564902, f-level: 60, builder: sigmgr)
Mar  3 10:28:11 mail freshclam[22090]: Tue Mar  3 10:28:11 2020 -> daily.cld is up to date (version: 25739, sigs: 2203033, f-level: 63, builder: raynman)
Mar  3 10:28:11 mail freshclam[22090]: Tue Mar  3 10:28:11 2020 -> bytecode.cvd is up to date (version: 331, sigs: 94, f-level: 63, builder: anvilleg)
Mar  3 10:39:03 mail systemd[1]: Starting Clean php session files...
Mar  3 10:39:03 mail systemd[1]: Started Clean php session files.
Mar  3 11:09:03 mail systemd[1]: Starting Clean php session files...
Mar  3 11:09:03 mail systemd[1]: Started Clean php session files.
Mar  3 11:28:11 mail freshclam[22090]: Tue Mar  3 11:28:11 2020 -> Received signal: wake up
Mar  3 11:28:11 mail freshclam[22090]: Tue Mar  3 11:28:11 2020 -> ClamAV update process started at Tue Mar  3 11:28:11 2020
Mar  3 11:28:11 mail freshclam[22090]: Tue Mar  3 11:28:11 2020 -> ^Your ClamAV installation is OUTDATED!
Mar  3 11:28:11 mail freshclam[22090]: Tue Mar  3 11:28:11 2020 -> ^Local version: 0.100.2 Recommended version: 0.102.2
Mar  3 11:28:11 mail freshclam[22090]: Tue Mar  3 11:28:11 2020 -> DON'T PANIC! Read https://www.clamav.net/documents/upgrading-clamav
Mar  3 11:28:11 mail freshclam[22090]: Tue Mar  3 11:28:11 2020 -> main.cvd is up to date (version: 59, sigs: 4564902, f-level: 60, builder: sigmgr)
Mar  3 11:28:11 mail freshclam[22090]: Tue Mar  3 11:28:11 2020 -> daily.cld is up to date (version: 25739, sigs: 2203033, f-level: 63, builder: raynman)
Mar  3 11:28:11 mail freshclam[22090]: Tue Mar  3 11:28:11 2020 -> bytecode.cvd is up to date (version: 331, sigs: 94, f-level: 63, builder: anvilleg)
Mar  3 11:39:03 mail systemd[1]: Starting Clean php session files...
Mar  3 11:39:03 mail systemd[1]: Started Clean php session files.
Mar  3 12:09:03 mail systemd[1]: Starting Clean php session files...
Mar  3 12:09:03 mail systemd[1]: Started Clean php session files.
Mar  3 12:28:11 mail freshclam[22090]: Tue Mar  3 12:28:11 2020 -> Received signal: wake up
Mar  3 12:28:11 mail freshclam[22090]: Tue Mar  3 12:28:11 2020 -> ClamAV update process started at Tue Mar  3 12:28:11 2020
Mar  3 12:28:11 mail freshclam[22090]: Tue Mar  3 12:28:11 2020 -> ^Your ClamAV installation is OUTDATED!
Mar  3 12:28:11 mail freshclam[22090]: Tue Mar  3 12:28:11 2020 -> ^Local version: 0.100.2 Recommended version: 0.102.2
Mar  3 12:28:11 mail freshclam[22090]: Tue Mar  3 12:28:11 2020 -> DON'T PANIC! Read https://www.clamav.net/documents/upgrading-clamav
Mar  3 12:28:11 mail freshclam[22090]: Tue Mar  3 12:28:11 2020 -> main.cvd is up to date (version: 59, sigs: 4564902, f-level: 60, builder: sigmgr)
Mar  3 12:28:12 mail freshclam[22090]: Tue Mar  3 12:28:12 2020 -> Downloading daily-25740.cdiff [100%]
Mar  3 12:29:13 mail freshclam[22090]: Tue Mar  3 12:29:13 2020 -> daily.cld updated (version: 25740, sigs: 2204413, f-level: 63, builder: raynman)
Mar  3 12:29:38 mail freshclam[22090]: Tue Mar  3 12:29:38 2020 -> *Can't query daily.25740.93.1.0.6810DB54.ping.clamav.net
Mar  3 12:29:38 mail freshclam[22090]: Tue Mar  3 12:29:38 2020 -> bytecode.cvd is up to date (version: 331, sigs: 94, f-level: 63, builder: anvilleg)
Mar  3 12:29:43 mail freshclam[22090]: Tue Mar  3 12:29:43 2020 -> Database updated (6769409 signatures) from db.local.clamav.net (IP: 104.16.219.84)
Mar  3 12:29:43 mail freshclam[22090]: Tue Mar  3 12:29:43 2020 -> !NotifyClamd: Can't find or parse configuration file /etc/clamav/clamd.conf
Mar  3 12:39:04 mail systemd[1]: Starting Clean php session files...
Mar  3 12:39:04 mail systemd[1]: Started Clean php session files.
Mar  3 13:09:03 mail systemd[1]: Starting Clean php session files...
Mar  3 13:09:03 mail systemd[1]: Started Clean php session files.
Mar  3 13:29:43 mail freshclam[22090]: Tue Mar  3 13:29:43 2020 -> Received signal: wake up
Mar  3 13:29:43 mail freshclam[22090]: Tue Mar  3 13:29:43 2020 -> ClamAV update process started at Tue Mar  3 13:29:43 2020
Mar  3 13:29:43 mail freshclam[22090]: Tue Mar  3 13:29:43 2020 -> ^Your ClamAV installation is OUTDATED!
Mar  3 13:29:43 mail freshclam[22090]: Tue Mar  3 13:29:43 2020 -> ^Local version: 0.100.2 Recommended version: 0.102.2
Mar  3 13:29:43 mail freshclam[22090]: Tue Mar  3 13:29:43 2020 -> DON'T PANIC! Read https://www.clamav.net/documents/upgrading-clamav
Mar  3 13:29:43 mail freshclam[22090]: Tue Mar  3 13:29:43 2020 -> main.cvd is up to date (version: 59, sigs: 4564902, f-level: 60, builder: sigmgr)
Mar  3 13:29:43 mail freshclam[22090]: Tue Mar  3 13:29:43 2020 -> daily.cld is up to date (version: 25740, sigs: 2204413, f-level: 63, builder: raynman)
Mar  3 13:29:43 mail freshclam[22090]: Tue Mar  3 13:29:43 2020 -> bytecode.cvd is up to date (version: 331, sigs: 94, f-level: 63, builder: anvilleg)
Mar  3 13:39:03 mail systemd[1]: Starting Clean php session files...
Mar  3 13:39:03 mail systemd[1]: Started Clean php session files.
Mar  3 14:09:03 mail systemd[1]: Starting Clean php session files...
Mar  3 14:09:03 mail systemd[1]: Started Clean php session files.
Mar  3 14:20:59 mail systemd[1]: Starting Daily apt download activities...
Mar  3 14:20:59 mail systemd[1]: Started Daily apt download activities.
Mar  3 14:20:59 mail systemd[1]: apt-daily.timer: Adding 42min 22.144024s random time.
Mar  3 14:20:59 mail systemd[1]: apt-daily.timer: Adding 31min 17.960104s random time.
Mar  3 14:29:43 mail freshclam[22090]: Tue Mar  3 14:29:43 2020 -> Received signal: wake up
Mar  3 14:29:43 mail freshclam[22090]: Tue Mar  3 14:29:43 2020 -> ClamAV update process started at Tue Mar  3 14:29:43 2020
Mar  3 14:29:43 mail freshclam[22090]: Tue Mar  3 14:29:43 2020 -> ^Your ClamAV installation is OUTDATED!
Mar  3 14:29:43 mail freshclam[22090]: Tue Mar  3 14:29:43 2020 -> ^Local version: 0.100.2 Recommended version: 0.102.2
Mar  3 14:29:43 mail freshclam[22090]: Tue Mar  3 14:29:43 2020 -> DON'T PANIC! Read https://www.clamav.net/documents/upgrading-clamav
Mar  3 14:29:43 mail freshclam[22090]: Tue Mar  3 14:29:43 2020 -> main.cvd is up to date (version: 59, sigs: 4564902, f-level: 60, builder: sigmgr)
Mar  3 14:29:43 mail freshclam[22090]: Tue Mar  3 14:29:43 2020 -> daily.cld is up to date (version: 25740, sigs: 2204413, f-level: 63, builder: raynman)
Mar  3 14:29:43 mail freshclam[22090]: Tue Mar  3 14:29:43 2020 -> bytecode.cvd is up to date (version: 331, sigs: 94, f-level: 63, builder: anvilleg)
Mar  3 14:39:04 mail systemd[1]: Starting Clean php session files...
Mar  3 14:39:04 mail systemd[1]: Started Clean php session files.
Mar  3 15:09:03 mail systemd[1]: Starting Clean php session files...
Mar  3 15:09:03 mail systemd[1]: Started Clean php session files.
Mar  3 15:17:37 mail dhclient[418]: DHCPREQUEST of 192.168.10.21 on eth0 to 192.168.10.2 port 67
Mar  3 15:17:37 mail dhclient[418]: DHCPACK of 192.168.10.21 from 192.168.10.2
Mar  3 15:17:37 mail dhclient[418]: bound to 192.168.10.21 -- renewal in 31762 seconds.
Mar  3 15:29:43 mail freshclam[22090]: Tue Mar  3 15:29:43 2020 -> Received signal: wake up
Mar  3 15:29:43 mail freshclam[22090]: Tue Mar  3 15:29:43 2020 -> ClamAV update process started at Tue Mar  3 15:29:43 2020
Mar  3 15:29:43 mail freshclam[22090]: Tue Mar  3 15:29:43 2020 -> ^Your ClamAV installation is OUTDATED!
Mar  3 15:29:43 mail freshclam[22090]: Tue Mar  3 15:29:43 2020 -> ^Local version: 0.100.2 Recommended version: 0.102.2
Mar  3 15:29:43 mail freshclam[22090]: Tue Mar  3 15:29:43 2020 -> DON'T PANIC! Read https://www.clamav.net/documents/upgrading-clamav
Mar  3 15:29:43 mail freshclam[22090]: Tue Mar  3 15:29:43 2020 -> main.cvd is up to date (version: 59, sigs: 4564902, f-level: 60, builder: sigmgr)
Mar  3 15:29:43 mail freshclam[22090]: Tue Mar  3 15:29:43 2020 -> daily.cld is up to date (version: 25740, sigs: 2204413, f-level: 63, builder: raynman)
Mar  3 15:29:43 mail freshclam[22090]: Tue Mar  3 15:29:43 2020 -> bytecode.cvd is up to date (version: 331, sigs: 94, f-level: 63, builder: anvilleg)
Mar  3 15:39:03 mail systemd[1]: Starting Clean php session files...
Mar  3 15:39:03 mail systemd[1]: Started Clean php session files.
Mar  3 16:09:03 mail systemd[1]: Starting Clean php session files...
Mar  3 16:09:03 mail systemd[1]: Started Clean php session files.
Mar  3 16:29:43 mail freshclam[22090]: Tue Mar  3 16:29:43 2020 -> Received signal: wake up
Mar  3 16:29:43 mail freshclam[22090]: Tue Mar  3 16:29:43 2020 -> ClamAV update process started at Tue Mar  3 16:29:43 2020
Mar  3 16:29:43 mail freshclam[22090]: Tue Mar  3 16:29:43 2020 -> ^Your ClamAV installation is OUTDATED!
Mar  3 16:29:43 mail freshclam[22090]: Tue Mar  3 16:29:43 2020 -> ^Local version: 0.100.2 Recommended version: 0.102.2
Mar  3 16:29:43 mail freshclam[22090]: Tue Mar  3 16:29:43 2020 -> DON'T PANIC! Read https://www.clamav.net/documents/upgrading-clamav
Mar  3 16:29:43 mail freshclam[22090]: Tue Mar  3 16:29:43 2020 -> main.cvd is up to date (version: 59, sigs: 4564902, f-level: 60, builder: sigmgr)
Mar  3 16:29:43 mail freshclam[22090]: Tue Mar  3 16:29:43 2020 -> daily.cld is up to date (version: 25740, sigs: 2204413, f-level: 63, builder: raynman)
Mar  3 16:29:43 mail freshclam[22090]: Tue Mar  3 16:29:43 2020 -> bytecode.cvd is up to date (version: 331, sigs: 94, f-level: 63, builder: anvilleg)
Mar  3 16:39:03 mail systemd[1]: Starting Clean php session files...
Mar  3 16:39:04 mail systemd[1]: Started Clean php session files.
Mar  3 17:09:03 mail systemd[1]: Starting Clean php session files...
Mar  3 17:09:03 mail systemd[1]: Started Clean php session files.
Mar  3 17:29:43 mail freshclam[22090]: Tue Mar  3 17:29:43 2020 -> Received signal: wake up
Mar  3 17:29:43 mail freshclam[22090]: Tue Mar  3 17:29:43 2020 -> ClamAV update process started at Tue Mar  3 17:29:43 2020
Mar  3 17:29:43 mail freshclam[22090]: Tue Mar  3 17:29:43 2020 -> ^Your ClamAV installation is OUTDATED!
Mar  3 17:29:43 mail freshclam[22090]: Tue Mar  3 17:29:43 2020 -> ^Local version: 0.100.2 Recommended version: 0.102.2
Mar  3 17:29:43 mail freshclam[22090]: Tue Mar  3 17:29:43 2020 -> DON'T PANIC! Read https://www.clamav.net/documents/upgrading-clamav
Mar  3 17:29:43 mail freshclam[22090]: Tue Mar  3 17:29:43 2020 -> main.cvd is up to date (version: 59, sigs: 4564902, f-level: 60, builder: sigmgr)
Mar  3 17:29:43 mail freshclam[22090]: Tue Mar  3 17:29:43 2020 -> daily.cld is up to date (version: 25740, sigs: 2204413, f-level: 63, builder: raynman)
Mar  3 17:29:43 mail freshclam[22090]: Tue Mar  3 17:29:43 2020 -> bytecode.cvd is up to date (version: 331, sigs: 94, f-level: 63, builder: anvilleg)
Mar  3 17:39:03 mail systemd[1]: Starting Clean php session files...
Mar  3 17:39:04 mail systemd[1]: Started Clean php session files.
Mar  3 18:09:04 mail systemd[1]: Starting Clean php session files...
Mar  3 18:09:04 mail systemd[1]: Started Clean php session files.
Mar  3 18:24:04 mail systemd[1]: Starting Cleanup of Temporary Directories...
Mar  3 18:24:04 mail systemd[1]: Started Cleanup of Temporary Directories.
Mar  3 18:29:43 mail freshclam[22090]: Tue Mar  3 18:29:43 2020 -> Received signal: wake up
Mar  3 18:29:43 mail freshclam[22090]: Tue Mar  3 18:29:43 2020 -> ClamAV update process started at Tue Mar  3 18:29:43 2020
Mar  3 18:29:43 mail freshclam[22090]: Tue Mar  3 18:29:43 2020 -> ^Your ClamAV installation is OUTDATED!
Mar  3 18:29:43 mail freshclam[22090]: Tue Mar  3 18:29:43 2020 -> ^Local version: 0.100.2 Recommended version: 0.102.2
Mar  3 18:29:43 mail freshclam[22090]: Tue Mar  3 18:29:43 2020 -> DON'T PANIC! Read https://www.clamav.net/documents/upgrading-clamav
Mar  3 18:29:43 mail freshclam[22090]: Tue Mar  3 18:29:43 2020 -> main.cvd is up to date (version: 59, sigs: 4564902, f-level: 60, builder: sigmgr)
Mar  3 18:29:43 mail freshclam[22090]: Tue Mar  3 18:29:43 2020 -> daily.cld is up to date (version: 25740, sigs: 2204413, f-level: 63, builder: raynman)
Mar  3 18:29:43 mail freshclam[22090]: Tue Mar  3 18:29:43 2020 -> bytecode.cvd is up to date (version: 331, sigs: 94, f-level: 63, builder: anvilleg)
Mar  3 18:31:27 mail systemd[1]: Starting Daily apt download activities...
Mar  3 18:31:28 mail systemd[1]: Started Daily apt download activities.
Mar  3 18:31:28 mail systemd[1]: apt-daily.timer: Adding 10h 1min 25.464291s random time.
Mar  3 18:31:28 mail systemd[1]: apt-daily.timer: Adding 9h 6min 3.925673s random time.
Mar  3 18:39:03 mail systemd[1]: Starting Clean php session files...
Mar  3 18:39:03 mail systemd[1]: Started Clean php session files.
Mar  3 19:09:03 mail systemd[1]: Starting Clean php session files...
Mar  3 19:09:03 mail systemd[1]: Started Clean php session files.
Mar  3 19:29:43 mail freshclam[22090]: Tue Mar  3 19:29:43 2020 -> Received signal: wake up
Mar  3 19:29:43 mail freshclam[22090]: Tue Mar  3 19:29:43 2020 -> ClamAV update process started at Tue Mar  3 19:29:43 2020
Mar  3 19:29:43 mail freshclam[22090]: Tue Mar  3 19:29:43 2020 -> ^Your ClamAV installation is OUTDATED!
Mar  3 19:29:43 mail freshclam[22090]: Tue Mar  3 19:29:43 2020 -> ^Local version: 0.100.2 Recommended version: 0.102.2
Mar  3 19:29:43 mail freshclam[22090]: Tue Mar  3 19:29:43 2020 -> DON'T PANIC! Read https://www.clamav.net/documents/upgrading-clamav
Mar  3 19:29:43 mail freshclam[22090]: Tue Mar  3 19:29:43 2020 -> main.cvd is up to date (version: 59, sigs: 4564902, f-level: 60, builder: sigmgr)
Mar  3 19:29:43 mail freshclam[22090]: Tue Mar  3 19:29:43 2020 -> daily.cld is up to date (version: 25740, sigs: 2204413, f-level: 63, builder: raynman)
Mar  3 19:29:43 mail freshclam[22090]: Tue Mar  3 19:29:43 2020 -> bytecode.cvd is up to date (version: 331, sigs: 94, f-level: 63, builder: anvilleg)
Mar  3 19:39:03 mail systemd[1]: Starting Clean php session files...
Mar  3 19:39:03 mail systemd[1]: Started Clean php session files.
Mar  3 20:09:03 mail systemd[1]: Starting Clean php session files...
Mar  3 20:09:03 mail systemd[1]: Started Clean php session files.
Mar  3 20:28:12 mail dhclient[387]: DHCPREQUEST of 192.168.10.21 on eth0 to 192.168.10.2 port 67
Mar  3 20:28:12 mail dhclient[387]: DHCPACK of 192.168.10.21 from 192.168.10.2
Mar  3 20:28:12 mail dhclient[387]: bound to 192.168.10.21 -- renewal in 31684 seconds.
Mar  3 20:29:43 mail freshclam[22090]: Tue Mar  3 20:29:43 2020 -> Received signal: wake up
Mar  3 20:29:43 mail freshclam[22090]: Tue Mar  3 20:29:43 2020 -> ClamAV update process started at Tue Mar  3 20:29:43 2020
Mar  3 20:29:43 mail freshclam[22090]: Tue Mar  3 20:29:43 2020 -> ^Your ClamAV installation is OUTDATED!
Mar  3 20:29:43 mail freshclam[22090]: Tue Mar  3 20:29:43 2020 -> ^Local version: 0.100.2 Recommended version: 0.102.2
Mar  3 20:29:43 mail freshclam[22090]: Tue Mar  3 20:29:43 2020 -> DON'T PANIC! Read https://www.clamav.net/documents/upgrading-clamav
Mar  3 20:29:43 mail freshclam[22090]: Tue Mar  3 20:29:43 2020 -> main.cvd is up to date (version: 59, sigs: 4564902, f-level: 60, builder: sigmgr)
Mar  3 20:29:43 mail freshclam[22090]: Tue Mar  3 20:29:43 2020 -> daily.cld is up to date (version: 25740, sigs: 2204413, f-level: 63, builder: raynman)
Mar  3 20:29:43 mail freshclam[22090]: Tue Mar  3 20:29:43 2020 -> bytecode.cvd is up to date (version: 331, sigs: 94, f-level: 63, builder: anvilleg)
Mar  3 20:39:03 mail systemd[1]: Starting Clean php session files...
Mar  3 20:39:04 mail systemd[1]: Started Clean php session files.
Mar  3 21:09:04 mail systemd[1]: Starting Clean php session files...
Mar  3 21:09:04 mail systemd[1]: Started Clean php session files.
Mar  3 21:29:43 mail freshclam[22090]: Tue Mar  3 21:29:43 2020 -> Received signal: wake up
Mar  3 21:29:43 mail freshclam[22090]: Tue Mar  3 21:29:43 2020 -> ClamAV update process started at Tue Mar  3 21:29:43 2020
Mar  3 21:29:43 mail freshclam[22090]: Tue Mar  3 21:29:43 2020 -> ^Your ClamAV installation is OUTDATED!
Mar  3 21:29:43 mail freshclam[22090]: Tue Mar  3 21:29:43 2020 -> ^Local version: 0.100.2 Recommended version: 0.102.2
Mar  3 21:29:43 mail freshclam[22090]: Tue Mar  3 21:29:43 2020 -> DON'T PANIC! Read https://www.clamav.net/documents/upgrading-clamav
Mar  3 21:29:43 mail freshclam[22090]: Tue Mar  3 21:29:43 2020 -> main.cvd is up to date (version: 59, sigs: 4564902, f-level: 60, builder: sigmgr)
Mar  3 21:29:43 mail freshclam[22090]: Tue Mar  3 21:29:43 2020 -> daily.cld is up to date (version: 25740, sigs: 2204413, f-level: 63, builder: raynman)
Mar  3 21:29:43 mail freshclam[22090]: Tue Mar  3 21:29:43 2020 -> bytecode.cvd is up to date (version: 331, sigs: 94, f-level: 63, builder: anvilleg)
Mar  3 21:39:03 mail systemd[1]: Starting Clean php session files...
Mar  3 21:39:04 mail systemd[1]: Started Clean php session files.
Mar  3 22:09:03 mail systemd[1]: Starting Clean php session files...
Mar  3 22:09:04 mail systemd[1]: Started Clean php session files.
Mar  3 22:29:43 mail freshclam[22090]: Tue Mar  3 22:29:43 2020 -> Received signal: wake up
Mar  3 22:29:43 mail freshclam[22090]: Tue Mar  3 22:29:43 2020 -> ClamAV update process started at Tue Mar  3 22:29:43 2020
Mar  3 22:29:43 mail freshclam[22090]: Tue Mar  3 22:29:43 2020 -> ^Your ClamAV installation is OUTDATED!
Mar  3 22:29:43 mail freshclam[22090]: Tue Mar  3 22:29:43 2020 -> ^Local version: 0.100.2 Recommended version: 0.102.2
Mar  3 22:29:43 mail freshclam[22090]: Tue Mar  3 22:29:43 2020 -> DON'T PANIC! Read https://www.clamav.net/documents/upgrading-clamav
Mar  3 22:29:43 mail freshclam[22090]: Tue Mar  3 22:29:43 2020 -> main.cvd is up to date (version: 59, sigs: 4564902, f-level: 60, builder: sigmgr)
Mar  3 22:29:43 mail freshclam[22090]: Tue Mar  3 22:29:43 2020 -> daily.cld is up to date (version: 25740, sigs: 2204413, f-level: 63, builder: raynman)
Mar  3 22:29:43 mail freshclam[22090]: Tue Mar  3 22:29:43 2020 -> bytecode.cvd is up to date (version: 331, sigs: 94, f-level: 63, builder: anvilleg)
Mar  3 22:39:03 mail systemd[1]: Starting Clean php session files...
Mar  3 22:39:03 mail systemd[1]: Started Clean php session files.
Mar  3 23:09:03 mail systemd[1]: Starting Clean php session files...
Mar  3 23:09:04 mail systemd[1]: Started Clean php session files.
Mar  3 23:29:43 mail freshclam[22090]: Tue Mar  3 23:29:43 2020 -> Received signal: wake up
Mar  3 23:29:43 mail freshclam[22090]: Tue Mar  3 23:29:43 2020 -> ClamAV update process started at Tue Mar  3 23:29:43 2020
Mar  3 23:29:43 mail freshclam[22090]: Tue Mar  3 23:29:43 2020 -> ^Your ClamAV installation is OUTDATED!
Mar  3 23:29:43 mail freshclam[22090]: Tue Mar  3 23:29:43 2020 -> ^Local version: 0.100.2 Recommended version: 0.102.2
Mar  3 23:29:43 mail freshclam[22090]: Tue Mar  3 23:29:43 2020 -> DON'T PANIC! Read https://www.clamav.net/documents/upgrading-clamav
Mar  3 23:29:43 mail freshclam[22090]: Tue Mar  3 23:29:43 2020 -> main.cvd is up to date (version: 59, sigs: 4564902, f-level: 60, builder: sigmgr)
Mar  3 23:29:43 mail freshclam[22090]: Tue Mar  3 23:29:43 2020 -> daily.cld is up to date (version: 25740, sigs: 2204413, f-level: 63, builder: raynman)
Mar  3 23:29:43 mail freshclam[22090]: Tue Mar  3 23:29:43 2020 -> bytecode.cvd is up to date (version: 331, sigs: 94, f-level: 63, builder: anvilleg)
Mar  3 23:39:04 mail systemd[1]: Starting Clean php session files...
Mar  3 23:39:04 mail systemd[1]: Started Clean php session files.
Mar  4 00:06:59 mail dhclient[418]: DHCPREQUEST of 192.168.10.21 on eth0 to 192.168.10.2 port 67
Mar  4 00:06:59 mail dhclient[418]: DHCPACK of 192.168.10.21 from 192.168.10.2
Mar  4 00:06:59 mail dhclient[418]: bound to 192.168.10.21 -- renewal in 34396 seconds.
Mar  4 00:09:03 mail systemd[1]: Starting Clean php session files...
Mar  4 00:09:04 mail systemd[1]: Started Clean php session files.
Mar  4 00:29:43 mail freshclam[22090]: Wed Mar  4 00:29:43 2020 -> Received signal: wake up
Mar  4 00:29:43 mail freshclam[22090]: Wed Mar  4 00:29:43 2020 -> ClamAV update process started at Wed Mar  4 00:29:43 2020
Mar  4 00:29:43 mail freshclam[22090]: Wed Mar  4 00:29:43 2020 -> ^Your ClamAV installation is OUTDATED!
Mar  4 00:29:43 mail freshclam[22090]: Wed Mar  4 00:29:43 2020 -> ^Local version: 0.100.2 Recommended version: 0.102.2
Mar  4 00:29:43 mail freshclam[22090]: Wed Mar  4 00:29:43 2020 -> DON'T PANIC! Read https://www.clamav.net/documents/upgrading-clamav
Mar  4 00:29:43 mail freshclam[22090]: Wed Mar  4 00:29:43 2020 -> main.cvd is up to date (version: 59, sigs: 4564902, f-level: 60, builder: sigmgr)
Mar  4 00:29:43 mail freshclam[22090]: Wed Mar  4 00:29:43 2020 -> daily.cld is up to date (version: 25740, sigs: 2204413, f-level: 63, builder: raynman)
Mar  4 00:29:43 mail freshclam[22090]: Wed Mar  4 00:29:43 2020 -> bytecode.cvd is up to date (version: 331, sigs: 94, f-level: 63, builder: anvilleg)
Mar  4 00:39:04 mail systemd[1]: Starting Clean php session files...
Mar  4 00:39:04 mail systemd[1]: Started Clean php session files.
Mar  4 01:09:03 mail systemd[1]: Starting Clean php session files...
Mar  4 01:09:04 mail systemd[1]: Started Clean php session files.
Mar  4 01:29:43 mail freshclam[22090]: Wed Mar  4 01:29:43 2020 -> Received signal: wake up
Mar  4 01:29:43 mail freshclam[22090]: Wed Mar  4 01:29:43 2020 -> ClamAV update process started at Wed Mar  4 01:29:43 2020
Mar  4 01:29:43 mail freshclam[22090]: Wed Mar  4 01:29:43 2020 -> ^Your ClamAV installation is OUTDATED!
Mar  4 01:29:43 mail freshclam[22090]: Wed Mar  4 01:29:43 2020 -> ^Local version: 0.100.2 Recommended version: 0.102.2
Mar  4 01:29:43 mail freshclam[22090]: Wed Mar  4 01:29:43 2020 -> DON'T PANIC! Read https://www.clamav.net/documents/upgrading-clamav
Mar  4 01:29:43 mail freshclam[22090]: Wed Mar  4 01:29:43 2020 -> main.cvd is up to date (version: 59, sigs: 4564902, f-level: 60, builder: sigmgr)
Mar  4 01:29:43 mail freshclam[22090]: Wed Mar  4 01:29:43 2020 -> daily.cld is up to date (version: 25740, sigs: 2204413, f-level: 63, builder: raynman)
Mar  4 01:29:43 mail freshclam[22090]: Wed Mar  4 01:29:43 2020 -> bytecode.cvd is up to date (version: 331, sigs: 94, f-level: 63, builder: anvilleg)
Mar  4 01:39:04 mail systemd[1]: Starting Clean php session files...
Mar  4 01:39:04 mail systemd[1]: Started Clean php session files.
Mar  4 02:09:03 mail systemd[1]: Starting Clean php session files...
Mar  4 02:09:04 mail systemd[1]: Started Clean php session files.
Mar  4 02:29:43 mail freshclam[22090]: Wed Mar  4 02:29:43 2020 -> Received signal: wake up
Mar  4 02:29:43 mail freshclam[22090]: Wed Mar  4 02:29:43 2020 -> ClamAV update process started at Wed Mar  4 02:29:43 2020
Mar  4 02:29:43 mail freshclam[22090]: Wed Mar  4 02:29:43 2020 -> ^Your ClamAV installation is OUTDATED!
Mar  4 02:29:43 mail freshclam[22090]: Wed Mar  4 02:29:43 2020 -> ^Local version: 0.100.2 Recommended version: 0.102.2
Mar  4 02:29:43 mail freshclam[22090]: Wed Mar  4 02:29:43 2020 -> DON'T PANIC! Read https://www.clamav.net/documents/upgrading-clamav
Mar  4 02:29:43 mail freshclam[22090]: Wed Mar  4 02:29:43 2020 -> main.cvd is up to date (version: 59, sigs: 4564902, f-level: 60, builder: sigmgr)
Mar  4 02:29:43 mail freshclam[22090]: Wed Mar  4 02:29:43 2020 -> daily.cld is up to date (version: 25740, sigs: 2204413, f-level: 63, builder: raynman)
Mar  4 02:29:43 mail freshclam[22090]: Wed Mar  4 02:29:43 2020 -> bytecode.cvd is up to date (version: 331, sigs: 94, f-level: 63, builder: anvilleg)
Mar  4 02:39:04 mail systemd[1]: Starting Clean php session files...
Mar  4 02:39:04 mail systemd[1]: Started Clean php session files.
Mar  4 03:09:03 mail systemd[1]: Starting Clean php session files...
Mar  4 03:09:04 mail systemd[1]: Started Clean php session files.
Mar  4 03:29:43 mail freshclam[22090]: Wed Mar  4 03:29:43 2020 -> Received signal: wake up
Mar  4 03:29:43 mail freshclam[22090]: Wed Mar  4 03:29:43 2020 -> ClamAV update process started at Wed Mar  4 03:29:43 2020
Mar  4 03:29:43 mail freshclam[22090]: Wed Mar  4 03:29:43 2020 -> ^Your ClamAV installation is OUTDATED!
Mar  4 03:29:43 mail freshclam[22090]: Wed Mar  4 03:29:43 2020 -> ^Local version: 0.100.2 Recommended version: 0.102.2
Mar  4 03:29:43 mail freshclam[22090]: Wed Mar  4 03:29:43 2020 -> DON'T PANIC! Read https://www.clamav.net/documents/upgrading-clamav
Mar  4 03:29:43 mail freshclam[22090]: Wed Mar  4 03:29:43 2020 -> main.cvd is up to date (version: 59, sigs: 4564902, f-level: 60, builder: sigmgr)
Mar  4 03:29:43 mail freshclam[22090]: Wed Mar  4 03:29:43 2020 -> daily.cld is up to date (version: 25740, sigs: 2204413, f-level: 63, builder: raynman)
Mar  4 03:29:43 mail freshclam[22090]: Wed Mar  4 03:29:43 2020 -> bytecode.cvd is up to date (version: 331, sigs: 94, f-level: 63, builder: anvilleg)
Mar  4 03:39:03 mail systemd[1]: Starting Clean php session files...
Mar  4 03:39:04 mail systemd[1]: Started Clean php session files.
Mar  4 04:09:03 mail systemd[1]: Starting Clean php session files...
Mar  4 04:09:03 mail systemd[1]: Started Clean php session files.
Mar  4 04:29:43 mail freshclam[22090]: Wed Mar  4 04:29:43 2020 -> Received signal: wake up
Mar  4 04:29:43 mail freshclam[22090]: Wed Mar  4 04:29:43 2020 -> ClamAV update process started at Wed Mar  4 04:29:43 2020
Mar  4 04:29:43 mail freshclam[22090]: Wed Mar  4 04:29:43 2020 -> ^Your ClamAV installation is OUTDATED!
Mar  4 04:29:43 mail freshclam[22090]: Wed Mar  4 04:29:43 2020 -> ^Local version: 0.100.2 Recommended version: 0.102.2
Mar  4 04:29:43 mail freshclam[22090]: Wed Mar  4 04:29:43 2020 -> DON'T PANIC! Read https://www.clamav.net/documents/upgrading-clamav
Mar  4 04:29:43 mail freshclam[22090]: Wed Mar  4 04:29:43 2020 -> main.cvd is up to date (version: 59, sigs: 4564902, f-level: 60, builder: sigmgr)
Mar  4 04:29:43 mail freshclam[22090]: Wed Mar  4 04:29:43 2020 -> daily.cld is up to date (version: 25740, sigs: 2204413, f-level: 63, builder: raynman)
Mar  4 04:29:43 mail freshclam[22090]: Wed Mar  4 04:29:43 2020 -> bytecode.cvd is up to date (version: 331, sigs: 94, f-level: 63, builder: anvilleg)
Mar  4 04:39:03 mail systemd[1]: Starting Clean php session files...
Mar  4 04:39:04 mail systemd[1]: Started Clean php session files.
Mar  4 05:09:03 mail systemd[1]: Starting Clean php session files...
Mar  4 05:09:03 mail systemd[1]: Started Clean php session files.
Mar  4 05:16:16 mail dhclient[387]: DHCPREQUEST of 192.168.10.21 on eth0 to 192.168.10.2 port 67
Mar  4 05:16:16 mail dhclient[387]: DHCPACK of 192.168.10.21 from 192.168.10.2
Mar  4 05:16:16 mail dhclient[387]: bound to 192.168.10.21 -- renewal in 31060 seconds.
Mar  4 05:29:43 mail freshclam[22090]: Wed Mar  4 05:29:43 2020 -> Received signal: wake up
Mar  4 05:29:43 mail freshclam[22090]: Wed Mar  4 05:29:43 2020 -> ClamAV update process started at Wed Mar  4 05:29:43 2020
Mar  4 05:29:43 mail freshclam[22090]: Wed Mar  4 05:29:43 2020 -> ^Your ClamAV installation is OUTDATED!
Mar  4 05:29:43 mail freshclam[22090]: Wed Mar  4 05:29:43 2020 -> ^Local version: 0.100.2 Recommended version: 0.102.2
Mar  4 05:29:43 mail freshclam[22090]: Wed Mar  4 05:29:43 2020 -> DON'T PANIC! Read https://www.clamav.net/documents/upgrading-clamav
Mar  4 05:29:43 mail freshclam[22090]: Wed Mar  4 05:29:43 2020 -> main.cvd is up to date (version: 59, sigs: 4564902, f-level: 60, builder: sigmgr)
Mar  4 05:29:43 mail freshclam[22090]: Wed Mar  4 05:29:43 2020 -> daily.cld is up to date (version: 25740, sigs: 2204413, f-level: 63, builder: raynman)
Mar  4 05:29:43 mail freshclam[22090]: Wed Mar  4 05:29:43 2020 -> bytecode.cvd is up to date (version: 331, sigs: 94, f-level: 63, builder: anvilleg)
Mar  4 05:39:03 mail systemd[1]: Starting Clean php session files...
Mar  4 05:39:04 mail systemd[1]: Started Clean php session files.
Mar  4 06:08:59 mail systemd[1]: Starting Daily apt upgrade and clean activities...
Mar  4 06:08:59 mail systemd[1]: Started Daily apt upgrade and clean activities.
Mar  4 06:08:59 mail systemd[1]: apt-daily-upgrade.timer: Adding 7min 44.042594s random time.
Mar  4 06:08:59 mail systemd[1]: apt-daily-upgrade.timer: Adding 39min 31.464493s random time.
Mar  4 06:09:04 mail systemd[1]: Starting Clean php session files...
Mar  4 06:09:04 mail systemd[1]: Started Clean php session files.
Mar  4 06:25:26 mail systemd[1]: Reloading The Apache HTTP Server.
Mar  4 06:25:26 mail systemd[1]: Reloaded The Apache HTTP Server.
Mar  4 06:28:44 mail systemd[1]: Stopping Security Auditing Service...
Mar  4 06:28:44 mail auditd[11171]: The audit daemon is exiting.
Mar  4 06:28:44 mail systemd[1]: Stopped Security Auditing Service.
Mar  4 06:28:44 mail augenrules[2300]: /sbin/augenrules: No change
Mar  4 06:28:44 mail systemd[1]: Starting Security Auditing Service...
Mar  4 06:28:44 mail auditd[2299]: Started dispatcher: /sbin/audispd pid: 2303
Mar  4 06:28:44 mail augenrules[2300]: No rules
Mar  4 06:28:44 mail augenrules[2300]: enabled 1
Mar  4 06:28:44 mail augenrules[2300]: failure 1
Mar  4 06:28:44 mail augenrules[2300]: pid 2299
Mar  4 06:28:44 mail augenrules[2300]: rate_limit 0
Mar  4 06:28:44 mail augenrules[2300]: backlog_limit 81920
Mar  4 06:28:44 mail augenrules[2300]: lost 2735
Mar  4 06:28:44 mail augenrules[2300]: backlog 0
Mar  4 06:28:44 mail augenrules[2300]: backlog_wait_time 0
Mar  4 06:28:44 mail augenrules[2300]: enabled 1
Mar  4 06:28:44 mail augenrules[2300]: failure 1
Mar  4 06:28:44 mail augenrules[2300]: pid 2299
Mar  4 06:28:44 mail augenrules[2300]: rate_limit 0
Mar  4 06:28:44 mail augenrules[2300]: backlog_limit 81920
Mar  4 06:28:44 mail augenrules[2300]: lost 2735
Mar  4 06:28:44 mail augenrules[2300]: backlog 0
Mar  4 06:28:44 mail augenrules[2300]: backlog_wait_time 0
Mar  4 06:28:44 mail systemd[1]: Started Security Auditing Service.
Mar  4 06:28:44 mail auditd[2299]: Init complete, auditd 2.6.7 listening for events (startup state enable)
Mar  4 06:29:43 mail freshclam[22090]: Wed Mar  4 06:29:43 2020 -> Received signal: wake up
Mar  4 06:29:43 mail freshclam[22090]: Wed Mar  4 06:29:43 2020 -> ClamAV update process started at Wed Mar  4 06:29:43 2020
Mar  4 06:29:43 mail freshclam[22090]: Wed Mar  4 06:29:43 2020 -> ^Your ClamAV installation is OUTDATED!
Mar  4 06:29:43 mail freshclam[22090]: Wed Mar  4 06:29:43 2020 -> ^Local version: 0.100.2 Recommended version: 0.102.2
Mar  4 06:29:43 mail freshclam[22090]: Wed Mar  4 06:29:43 2020 -> DON'T PANIC! Read https://www.clamav.net/documents/upgrading-clamav
Mar  4 06:29:43 mail freshclam[22090]: Wed Mar  4 06:29:43 2020 -> main.cvd is up to date (version: 59, sigs: 4564902, f-level: 60, builder: sigmgr)
Mar  4 06:29:43 mail freshclam[22090]: Wed Mar  4 06:29:43 2020 -> daily.cld is up to date (version: 25740, sigs: 2204413, f-level: 63, builder: raynman)
Mar  4 06:29:43 mail freshclam[22090]: Wed Mar  4 06:29:43 2020 -> bytecode.cvd is up to date (version: 331, sigs: 94, f-level: 63, builder: anvilleg)
Mar  4 06:39:03 mail systemd[1]: Starting Clean php session files...
Mar  4 06:39:04 mail systemd[1]: Started Clean php session files.
Mar  4 07:09:04 mail systemd[1]: Starting Clean php session files...
Mar  4 07:09:04 mail systemd[1]: Started Clean php session files.
Mar  4 07:29:43 mail freshclam[22090]: Wed Mar  4 07:29:43 2020 -> Received signal: wake up
Mar  4 07:29:43 mail freshclam[22090]: Wed Mar  4 07:29:43 2020 -> ClamAV update process started at Wed Mar  4 07:29:43 2020
Mar  4 07:29:43 mail freshclam[22090]: Wed Mar  4 07:29:43 2020 -> ^Your ClamAV installation is OUTDATED!
Mar  4 07:29:43 mail freshclam[22090]: Wed Mar  4 07:29:43 2020 -> ^Local version: 0.100.2 Recommended version: 0.102.2
Mar  4 07:29:43 mail freshclam[22090]: Wed Mar  4 07:29:43 2020 -> DON'T PANIC! Read https://www.clamav.net/documents/upgrading-clamav
Mar  4 07:29:43 mail freshclam[22090]: Wed Mar  4 07:29:43 2020 -> main.cvd is up to date (version: 59, sigs: 4564902, f-level: 60, builder: sigmgr)
Mar  4 07:29:43 mail freshclam[22090]: Wed Mar  4 07:29:43 2020 -> daily.cld is up to date (version: 25740, sigs: 2204413, f-level: 63, builder: raynman)
Mar  4 07:29:43 mail freshclam[22090]: Wed Mar  4 07:29:43 2020 -> bytecode.cvd is up to date (version: 331, sigs: 94, f-level: 63, builder: anvilleg)
Mar  4 07:39:04 mail systemd[1]: Starting Clean php session files...
Mar  4 07:39:04 mail systemd[1]: Started Clean php session files.
Mar  4 08:09:03 mail systemd[1]: Starting Clean php session files...
Mar  4 08:09:03 mail systemd[1]: Started Clean php session files.
Mar  4 08:29:43 mail freshclam[22090]: Wed Mar  4 08:29:43 2020 -> Received signal: wake up
Mar  4 08:29:43 mail freshclam[22090]: Wed Mar  4 08:29:43 2020 -> ClamAV update process started at Wed Mar  4 08:29:43 2020
Mar  4 08:29:43 mail freshclam[22090]: Wed Mar  4 08:29:43 2020 -> ^Your ClamAV installation is OUTDATED!
Mar  4 08:29:43 mail freshclam[22090]: Wed Mar  4 08:29:43 2020 -> ^Local version: 0.100.2 Recommended version: 0.102.2
Mar  4 08:29:43 mail freshclam[22090]: Wed Mar  4 08:29:43 2020 -> DON'T PANIC! Read https://www.clamav.net/documents/upgrading-clamav
Mar  4 08:29:43 mail freshclam[22090]: Wed Mar  4 08:29:43 2020 -> main.cvd is up to date (version: 59, sigs: 4564902, f-level: 60, builder: sigmgr)
Mar  4 08:29:43 mail freshclam[22090]: Wed Mar  4 08:29:43 2020 -> daily.cld is up to date (version: 25740, sigs: 2204413, f-level: 63, builder: raynman)
Mar  4 08:29:43 mail freshclam[22090]: Wed Mar  4 08:29:43 2020 -> bytecode.cvd is up to date (version: 331, sigs: 94, f-level: 63, builder: anvilleg)
Mar  4 08:39:04 mail systemd[1]: Starting Clean php session files...
Mar  4 08:39:04 mail systemd[1]: Started Clean php session files.
Mar  4 09:09:03 mail systemd[1]: Starting Clean php session files...
Mar  4 09:09:03 mail systemd[1]: Started Clean php session files.
Mar  4 09:29:43 mail freshclam[22090]: Wed Mar  4 09:29:43 2020 -> Received signal: wake up
Mar  4 09:29:43 mail freshclam[22090]: Wed Mar  4 09:29:43 2020 -> ClamAV update process started at Wed Mar  4 09:29:43 2020
Mar  4 09:29:43 mail freshclam[22090]: Wed Mar  4 09:29:43 2020 -> ^Your ClamAV installation is OUTDATED!
Mar  4 09:29:43 mail freshclam[22090]: Wed Mar  4 09:29:43 2020 -> ^Local version: 0.100.2 Recommended version: 0.102.2
Mar  4 09:29:43 mail freshclam[22090]: Wed Mar  4 09:29:43 2020 -> DON'T PANIC! Read https://www.clamav.net/documents/upgrading-clamav
Mar  4 09:29:43 mail freshclam[22090]: Wed Mar  4 09:29:43 2020 -> main.cvd is up to date (version: 59, sigs: 4564902, f-level: 60, builder: sigmgr)
Mar  4 09:29:43 mail freshclam[22090]: Wed Mar  4 09:29:43 2020 -> daily.cld is up to date (version: 25740, sigs: 2204413, f-level: 63, builder: raynman)
Mar  4 09:29:43 mail freshclam[22090]: Wed Mar  4 09:29:43 2020 -> bytecode.cvd is up to date (version: 331, sigs: 94, f-level: 63, builder: anvilleg)
Mar  4 09:39:03 mail systemd[1]: Starting Clean php session files...
Mar  4 09:39:04 mail systemd[1]: Started Clean php session files.
Mar  4 09:40:15 mail dhclient[418]: DHCPREQUEST of 192.168.10.21 on eth0 to 192.168.10.2 port 67
Mar  4 09:40:15 mail dhclient[418]: DHCPACK of 192.168.10.21 from 192.168.10.2
Mar  4 09:40:15 mail dhclient[418]: bound to 192.168.10.21 -- renewal in 31215 seconds.
Mar  4 10:09:03 mail systemd[1]: Starting Clean php session files...
Mar  4 10:09:03 mail systemd[1]: Started Clean php session files.
Mar  4 10:29:43 mail freshclam[22090]: Wed Mar  4 10:29:43 2020 -> Received signal: wake up
Mar  4 10:29:43 mail freshclam[22090]: Wed Mar  4 10:29:43 2020 -> ClamAV update process started at Wed Mar  4 10:29:43 2020
Mar  4 10:29:43 mail freshclam[22090]: Wed Mar  4 10:29:43 2020 -> ^Your ClamAV installation is OUTDATED!
Mar  4 10:29:43 mail freshclam[22090]: Wed Mar  4 10:29:43 2020 -> ^Local version: 0.100.2 Recommended version: 0.102.2
Mar  4 10:29:43 mail freshclam[22090]: Wed Mar  4 10:29:43 2020 -> DON'T PANIC! Read https://www.clamav.net/documents/upgrading-clamav
Mar  4 10:29:43 mail freshclam[22090]: Wed Mar  4 10:29:43 2020 -> main.cvd is up to date (version: 59, sigs: 4564902, f-level: 60, builder: sigmgr)
Mar  4 10:29:43 mail freshclam[22090]: Wed Mar  4 10:29:43 2020 -> daily.cld is up to date (version: 25740, sigs: 2204413, f-level: 63, builder: raynman)
Mar  4 10:29:43 mail freshclam[22090]: Wed Mar  4 10:29:43 2020 -> bytecode.cvd is up to date (version: 331, sigs: 94, f-level: 63, builder: anvilleg)
Mar  4 10:39:03 mail systemd[1]: Starting Clean php session files...
Mar  4 10:39:03 mail systemd[1]: Started Clean php session files.
Mar  4 11:09:03 mail systemd[1]: Starting Clean php session files...
Mar  4 11:09:04 mail systemd[1]: Started Clean php session files.
Mar  4 11:29:43 mail freshclam[22090]: Wed Mar  4 11:29:43 2020 -> Received signal: wake up
Mar  4 11:29:43 mail freshclam[22090]: Wed Mar  4 11:29:43 2020 -> ClamAV update process started at Wed Mar  4 11:29:43 2020
Mar  4 11:29:43 mail freshclam[22090]: Wed Mar  4 11:29:43 2020 -> ^Your ClamAV installation is OUTDATED!
Mar  4 11:29:43 mail freshclam[22090]: Wed Mar  4 11:29:43 2020 -> ^Local version: 0.100.2 Recommended version: 0.102.2
Mar  4 11:29:43 mail freshclam[22090]: Wed Mar  4 11:29:43 2020 -> DON'T PANIC! Read https://www.clamav.net/documents/upgrading-clamav
Mar  4 11:29:43 mail freshclam[22090]: Wed Mar  4 11:29:43 2020 -> main.cvd is up to date (version: 59, sigs: 4564902, f-level: 60, builder: sigmgr)
Mar  4 11:29:43 mail freshclam[22090]: Wed Mar  4 11:29:43 2020 -> daily.cld is up to date (version: 25740, sigs: 2204413, f-level: 63, builder: raynman)
Mar  4 11:29:43 mail freshclam[22090]: Wed Mar  4 11:29:43 2020 -> bytecode.cvd is up to date (version: 331, sigs: 94, f-level: 63, builder: anvilleg)
Mar  4 11:39:03 mail systemd[1]: Starting Clean php session files...
Mar  4 11:39:03 mail systemd[1]: Started Clean php session files.
Mar  4 12:09:03 mail systemd[1]: Starting Clean php session files...
Mar  4 12:09:04 mail systemd[1]: Started Clean php session files.
Mar  4 12:29:43 mail freshclam[22090]: Wed Mar  4 12:29:43 2020 -> Received signal: wake up
Mar  4 12:29:43 mail freshclam[22090]: Wed Mar  4 12:29:43 2020 -> ClamAV update process started at Wed Mar  4 12:29:43 2020
Mar  4 12:29:43 mail freshclam[22090]: Wed Mar  4 12:29:43 2020 -> ^Your ClamAV installation is OUTDATED!
Mar  4 12:29:43 mail freshclam[22090]: Wed Mar  4 12:29:43 2020 -> ^Local version: 0.100.2 Recommended version: 0.102.2
Mar  4 12:29:43 mail freshclam[22090]: Wed Mar  4 12:29:43 2020 -> DON'T PANIC! Read https://www.clamav.net/documents/upgrading-clamav
Mar  4 12:29:43 mail freshclam[22090]: Wed Mar  4 12:29:43 2020 -> main.cvd is up to date (version: 59, sigs: 4564902, f-level: 60, builder: sigmgr)
Mar  4 12:29:43 mail freshclam[22090]: Wed Mar  4 12:29:43 2020 -> daily.cld is up to date (version: 25740, sigs: 2204413, f-level: 63, builder: raynman)
Mar  4 12:29:43 mail freshclam[22090]: Wed Mar  4 12:29:43 2020 -> bytecode.cvd is up to date (version: 331, sigs: 94, f-level: 63, builder: anvilleg)
Mar  4 12:39:03 mail systemd[1]: Starting Clean php session files...
Mar  4 12:39:04 mail systemd[1]: Started Clean php session files.
Mar  4 13:09:03 mail systemd[1]: Starting Clean php session files...
Mar  4 13:09:04 mail systemd[1]: Started Clean php session files.
Mar  4 13:29:43 mail freshclam[22090]: Wed Mar  4 13:29:43 2020 -> Received signal: wake up
Mar  4 13:29:43 mail freshclam[22090]: Wed Mar  4 13:29:43 2020 -> ClamAV update process started at Wed Mar  4 13:29:43 2020
Mar  4 13:29:43 mail freshclam[22090]: Wed Mar  4 13:29:43 2020 -> ^Your ClamAV installation is OUTDATED!
Mar  4 13:29:43 mail freshclam[22090]: Wed Mar  4 13:29:43 2020 -> ^Local version: 0.100.2 Recommended version: 0.102.2
Mar  4 13:29:43 mail freshclam[22090]: Wed Mar  4 13:29:43 2020 -> DON'T PANIC! Read https://www.clamav.net/documents/upgrading-clamav
Mar  4 13:29:43 mail freshclam[22090]: Wed Mar  4 13:29:43 2020 -> main.cvd is up to date (version: 59, sigs: 4564902, f-level: 60, builder: sigmgr)
Mar  4 13:29:43 mail freshclam[22090]: Wed Mar  4 13:29:43 2020 -> daily.cld is up to date (version: 25740, sigs: 2204413, f-level: 63, builder: raynman)
Mar  4 13:29:43 mail freshclam[22090]: Wed Mar  4 13:29:43 2020 -> bytecode.cvd is up to date (version: 331, sigs: 94, f-level: 63, builder: anvilleg)
Mar  4 13:39:03 mail systemd[1]: Starting Clean php session files...
Mar  4 13:39:03 mail systemd[1]: Started Clean php session files.
Mar  4 13:53:56 mail dhclient[387]: DHCPREQUEST of 192.168.10.21 on eth0 to 192.168.10.2 port 67
Mar  4 13:53:56 mail dhclient[387]: DHCPACK of 192.168.10.21 from 192.168.10.2
Mar  4 13:53:56 mail dhclient[387]: bound to 192.168.10.21 -- renewal in 36848 seconds.
Mar  4 14:09:04 mail systemd[1]: Starting Clean php session files...
Mar  4 14:09:04 mail systemd[1]: Started Clean php session files.
Mar  4 14:29:43 mail freshclam[22090]: Wed Mar  4 14:29:43 2020 -> Received signal: wake up
Mar  4 14:29:43 mail freshclam[22090]: Wed Mar  4 14:29:43 2020 -> ClamAV update process started at Wed Mar  4 14:29:43 2020
Mar  4 14:29:43 mail freshclam[22090]: Wed Mar  4 14:29:43 2020 -> ^Your ClamAV installation is OUTDATED!
Mar  4 14:29:43 mail freshclam[22090]: Wed Mar  4 14:29:43 2020 -> ^Local version: 0.100.2 Recommended version: 0.102.2
Mar  4 14:29:43 mail freshclam[22090]: Wed Mar  4 14:29:43 2020 -> DON'T PANIC! Read https://www.clamav.net/documents/upgrading-clamav
Mar  4 14:29:43 mail freshclam[22090]: Wed Mar  4 14:29:43 2020 -> main.cvd is up to date (version: 59, sigs: 4564902, f-level: 60, builder: sigmgr)
Mar  4 14:29:43 mail freshclam[22090]: Wed Mar  4 14:29:43 2020 -> daily.cld is up to date (version: 25740, sigs: 2204413, f-level: 63, builder: raynman)
Mar  4 14:29:43 mail freshclam[22090]: Wed Mar  4 14:29:43 2020 -> bytecode.cvd is up to date (version: 331, sigs: 94, f-level: 63, builder: anvilleg)
Mar  4 14:39:03 mail systemd[1]: Starting Clean php session files...
Mar  4 14:39:04 mail systemd[1]: Started Clean php session files.
Mar  4 15:06:59 mail systemd[1]: Starting Daily apt download activities...
Mar  4 15:06:59 mail systemd[1]: Started Daily apt download activities.
Mar  4 15:06:59 mail systemd[1]: apt-daily.timer: Adding 3h 9min 29.228524s random time.
Mar  4 15:06:59 mail systemd[1]: apt-daily.timer: Adding 3h 8min 42.987142s random time.
Mar  4 15:09:03 mail systemd[1]: Starting Clean php session files...
Mar  4 15:09:04 mail systemd[1]: Started Clean php session files.
Mar  4 15:29:43 mail freshclam[22090]: Wed Mar  4 15:29:43 2020 -> Received signal: wake up
Mar  4 15:29:43 mail freshclam[22090]: Wed Mar  4 15:29:43 2020 -> ClamAV update process started at Wed Mar  4 15:29:43 2020
Mar  4 15:29:43 mail freshclam[22090]: Wed Mar  4 15:29:43 2020 -> ^Your ClamAV installation is OUTDATED!
Mar  4 15:29:43 mail freshclam[22090]: Wed Mar  4 15:29:43 2020 -> ^Local version: 0.100.2 Recommended version: 0.102.2
Mar  4 15:29:43 mail freshclam[22090]: Wed Mar  4 15:29:43 2020 -> DON'T PANIC! Read https://www.clamav.net/documents/upgrading-clamav
Mar  4 15:29:43 mail freshclam[22090]: Wed Mar  4 15:29:43 2020 -> main.cvd is up to date (version: 59, sigs: 4564902, f-level: 60, builder: sigmgr)
Mar  4 15:29:44 mail freshclam[22090]: Wed Mar  4 15:29:44 2020 -> Downloading daily-25741.cdiff [100%]
Mar  4 15:31:07 mail freshclam[22090]: Wed Mar  4 15:31:07 2020 -> daily.cld updated (version: 25741, sigs: 2206366, f-level: 63, builder: raynman)
Mar  4 15:31:18 mail freshclam[22090]: Wed Mar  4 15:31:18 2020 -> *Can't query daily.25741.93.1.0.6810DB54.ping.clamav.net
Mar  4 15:31:18 mail freshclam[22090]: Wed Mar  4 15:31:18 2020 -> bytecode.cvd is up to date (version: 331, sigs: 94, f-level: 63, builder: anvilleg)
Mar  4 15:31:22 mail freshclam[22090]: Wed Mar  4 15:31:22 2020 -> Database updated (6771362 signatures) from db.local.clamav.net (IP: 104.16.219.84)
Mar  4 15:31:22 mail freshclam[22090]: Wed Mar  4 15:31:22 2020 -> !NotifyClamd: Can't find or parse configuration file /etc/clamav/clamd.conf
Mar  4 15:39:04 mail systemd[1]: Starting Clean php session files...
Mar  4 15:39:04 mail systemd[1]: Started Clean php session files.
Mar  4 16:09:03 mail systemd[1]: Starting Clean php session files...
Mar  4 16:09:04 mail systemd[1]: Started Clean php session files.
Mar  4 16:31:22 mail freshclam[22090]: Wed Mar  4 16:31:22 2020 -> Received signal: wake up
Mar  4 16:31:22 mail freshclam[22090]: Wed Mar  4 16:31:22 2020 -> ClamAV update process started at Wed Mar  4 16:31:22 2020
Mar  4 16:31:22 mail freshclam[22090]: Wed Mar  4 16:31:22 2020 -> ^Your ClamAV installation is OUTDATED!
Mar  4 16:31:22 mail freshclam[22090]: Wed Mar  4 16:31:22 2020 -> ^Local version: 0.100.2 Recommended version: 0.102.2
Mar  4 16:31:22 mail freshclam[22090]: Wed Mar  4 16:31:22 2020 -> DON'T PANIC! Read https://www.clamav.net/documents/upgrading-clamav
Mar  4 16:31:22 mail freshclam[22090]: Wed Mar  4 16:31:22 2020 -> main.cvd is up to date (version: 59, sigs: 4564902, f-level: 60, builder: sigmgr)
Mar  4 16:31:22 mail freshclam[22090]: Wed Mar  4 16:31:22 2020 -> daily.cld is up to date (version: 25741, sigs: 2206366, f-level: 63, builder: raynman)
Mar  4 16:31:22 mail freshclam[22090]: Wed Mar  4 16:31:22 2020 -> bytecode.cvd is up to date (version: 331, sigs: 94, f-level: 63, builder: anvilleg)
Mar  4 16:39:03 mail systemd[1]: Starting Clean php session files...
Mar  4 16:39:04 mail systemd[1]: Started Clean php session files.
Mar  4 17:09:03 mail systemd[1]: Starting Clean php session files...
Mar  4 17:09:04 mail systemd[1]: Started Clean php session files.
Mar  4 17:31:22 mail freshclam[22090]: Wed Mar  4 17:31:22 2020 -> Received signal: wake up
Mar  4 17:31:22 mail freshclam[22090]: Wed Mar  4 17:31:22 2020 -> ClamAV update process started at Wed Mar  4 17:31:22 2020
Mar  4 17:31:22 mail freshclam[22090]: Wed Mar  4 17:31:22 2020 -> ^Your ClamAV installation is OUTDATED!
Mar  4 17:31:22 mail freshclam[22090]: Wed Mar  4 17:31:22 2020 -> ^Local version: 0.100.2 Recommended version: 0.102.2
Mar  4 17:31:22 mail freshclam[22090]: Wed Mar  4 17:31:22 2020 -> DON'T PANIC! Read https://www.clamav.net/documents/upgrading-clamav
Mar  4 17:31:22 mail freshclam[22090]: Wed Mar  4 17:31:22 2020 -> main.cvd is up to date (version: 59, sigs: 4564902, f-level: 60, builder: sigmgr)
Mar  4 17:31:22 mail freshclam[22090]: Wed Mar  4 17:31:22 2020 -> daily.cld is up to date (version: 25741, sigs: 2206366, f-level: 63, builder: raynman)
Mar  4 17:31:22 mail freshclam[22090]: Wed Mar  4 17:31:22 2020 -> bytecode.cvd is up to date (version: 331, sigs: 94, f-level: 63, builder: anvilleg)
Mar  4 17:39:03 mail systemd[1]: Starting Clean php session files...
Mar  4 17:39:03 mail systemd[1]: Started Clean php session files.
Mar  4 18:09:03 mail systemd[1]: Starting Clean php session files...
Mar  4 18:09:04 mail systemd[1]: Started Clean php session files.
Mar  4 18:20:30 mail dhclient[418]: DHCPREQUEST of 192.168.10.21 on eth0 to 192.168.10.2 port 67
Mar  4 18:20:30 mail dhclient[418]: DHCPACK of 192.168.10.21 from 192.168.10.2
Mar  4 18:20:30 mail dhclient[418]: bound to 192.168.10.21 -- renewal in 38239 seconds.
Mar  4 18:24:59 mail systemd[1]: Starting Cleanup of Temporary Directories...
Mar  4 18:24:59 mail systemd[1]: Started Cleanup of Temporary Directories.
Mar  4 18:31:22 mail freshclam[22090]: Wed Mar  4 18:31:22 2020 -> Received signal: wake up
Mar  4 18:31:22 mail freshclam[22090]: Wed Mar  4 18:31:22 2020 -> ClamAV update process started at Wed Mar  4 18:31:22 2020
Mar  4 18:31:22 mail freshclam[22090]: Wed Mar  4 18:31:22 2020 -> ^Your ClamAV installation is OUTDATED!
Mar  4 18:31:22 mail freshclam[22090]: Wed Mar  4 18:31:22 2020 -> ^Local version: 0.100.2 Recommended version: 0.102.2
Mar  4 18:31:22 mail freshclam[22090]: Wed Mar  4 18:31:22 2020 -> DON'T PANIC! Read https://www.clamav.net/documents/upgrading-clamav
Mar  4 18:31:22 mail freshclam[22090]: Wed Mar  4 18:31:22 2020 -> main.cvd is up to date (version: 59, sigs: 4564902, f-level: 60, builder: sigmgr)
Mar  4 18:31:22 mail freshclam[22090]: Wed Mar  4 18:31:22 2020 -> daily.cld is up to date (version: 25741, sigs: 2206366, f-level: 63, builder: raynman)
Mar  4 18:31:22 mail freshclam[22090]: Wed Mar  4 18:31:22 2020 -> bytecode.cvd is up to date (version: 331, sigs: 94, f-level: 63, builder: anvilleg)
Mar  4 18:39:03 mail systemd[1]: Starting Clean php session files...
Mar  4 18:39:04 mail systemd[1]: Started Clean php session files.
Mar  4 19:09:03 mail systemd[1]: Starting Clean php session files...
Mar  4 19:09:04 mail systemd[1]: Started Clean php session files.
Mar  4 19:31:22 mail freshclam[22090]: Wed Mar  4 19:31:22 2020 -> Received signal: wake up
Mar  4 19:31:22 mail freshclam[22090]: Wed Mar  4 19:31:22 2020 -> ClamAV update process started at Wed Mar  4 19:31:22 2020
Mar  4 19:31:22 mail freshclam[22090]: Wed Mar  4 19:31:22 2020 -> ^Your ClamAV installation is OUTDATED!
Mar  4 19:31:22 mail freshclam[22090]: Wed Mar  4 19:31:22 2020 -> ^Local version: 0.100.2 Recommended version: 0.102.2
Mar  4 19:31:22 mail freshclam[22090]: Wed Mar  4 19:31:22 2020 -> DON'T PANIC! Read https://www.clamav.net/documents/upgrading-clamav
Mar  4 19:31:22 mail freshclam[22090]: Wed Mar  4 19:31:22 2020 -> main.cvd is up to date (version: 59, sigs: 4564902, f-level: 60, builder: sigmgr)
Mar  4 19:31:22 mail freshclam[22090]: Wed Mar  4 19:31:22 2020 -> daily.cld is up to date (version: 25741, sigs: 2206366, f-level: 63, builder: raynman)
Mar  4 19:31:22 mail freshclam[22090]: Wed Mar  4 19:31:22 2020 -> bytecode.cvd is up to date (version: 331, sigs: 94, f-level: 63, builder: anvilleg)
Mar  4 19:39:03 mail systemd[1]: Starting Clean php session files...
Mar  4 19:39:03 mail systemd[1]: Started Clean php session files.
Mar  4 20:09:03 mail systemd[1]: Starting Clean php session files...
Mar  4 20:09:03 mail systemd[1]: Started Clean php session files.
Mar  4 20:31:22 mail freshclam[22090]: Wed Mar  4 20:31:22 2020 -> Received signal: wake up
Mar  4 20:31:22 mail freshclam[22090]: Wed Mar  4 20:31:22 2020 -> ClamAV update process started at Wed Mar  4 20:31:22 2020
Mar  4 20:31:22 mail freshclam[22090]: Wed Mar  4 20:31:22 2020 -> ^Your ClamAV installation is OUTDATED!
Mar  4 20:31:22 mail freshclam[22090]: Wed Mar  4 20:31:22 2020 -> ^Local version: 0.100.2 Recommended version: 0.102.2
Mar  4 20:31:22 mail freshclam[22090]: Wed Mar  4 20:31:22 2020 -> DON'T PANIC! Read https://www.clamav.net/documents/upgrading-clamav
Mar  4 20:31:22 mail freshclam[22090]: Wed Mar  4 20:31:22 2020 -> main.cvd is up to date (version: 59, sigs: 4564902, f-level: 60, builder: sigmgr)
Mar  4 20:31:22 mail freshclam[22090]: Wed Mar  4 20:31:22 2020 -> daily.cld is up to date (version: 25741, sigs: 2206366, f-level: 63, builder: raynman)
Mar  4 20:31:22 mail freshclam[22090]: Wed Mar  4 20:31:22 2020 -> bytecode.cvd is up to date (version: 331, sigs: 94, f-level: 63, builder: anvilleg)
Mar  4 20:39:03 mail systemd[1]: Starting Clean php session files...
Mar  4 20:39:03 mail systemd[1]: Started Clean php session files.
Mar  4 21:08:59 mail systemd[1]: Starting Daily apt download activities...
Mar  4 21:08:59 mail systemd[1]: Started Daily apt download activities.
Mar  4 21:08:59 mail systemd[1]: apt-daily.timer: Adding 10h 42min 27.230382s random time.
Mar  4 21:08:59 mail systemd[1]: apt-daily.timer: Adding 3h 45min 49.262608s random time.
Mar  4 21:09:03 mail systemd[1]: Starting Clean php session files...
Mar  4 21:09:04 mail systemd[1]: Started Clean php session files.
Mar  4 21:31:22 mail freshclam[22090]: Wed Mar  4 21:31:22 2020 -> Received signal: wake up
Mar  4 21:31:22 mail freshclam[22090]: Wed Mar  4 21:31:22 2020 -> ClamAV update process started at Wed Mar  4 21:31:22 2020
Mar  4 21:31:22 mail freshclam[22090]: Wed Mar  4 21:31:22 2020 -> ^Your ClamAV installation is OUTDATED!
Mar  4 21:31:22 mail freshclam[22090]: Wed Mar  4 21:31:22 2020 -> ^Local version: 0.100.2 Recommended version: 0.102.2
Mar  4 21:31:22 mail freshclam[22090]: Wed Mar  4 21:31:22 2020 -> DON'T PANIC! Read https://www.clamav.net/documents/upgrading-clamav
Mar  4 21:31:22 mail freshclam[22090]: Wed Mar  4 21:31:22 2020 -> main.cvd is up to date (version: 59, sigs: 4564902, f-level: 60, builder: sigmgr)
Mar  4 21:31:22 mail freshclam[22090]: Wed Mar  4 21:31:22 2020 -> daily.cld is up to date (version: 25741, sigs: 2206366, f-level: 63, builder: raynman)
Mar  4 21:31:22 mail freshclam[22090]: Wed Mar  4 21:31:22 2020 -> bytecode.cvd is up to date (version: 331, sigs: 94, f-level: 63, builder: anvilleg)
Mar  4 21:39:03 mail systemd[1]: Starting Clean php session files...
Mar  4 21:39:03 mail systemd[1]: Started Clean php session files.
Mar  4 22:09:03 mail systemd[1]: Starting Clean php session files...
Mar  4 22:09:03 mail systemd[1]: Started Clean php session files.
Mar  4 22:31:22 mail freshclam[22090]: Wed Mar  4 22:31:22 2020 -> Received signal: wake up
Mar  4 22:31:22 mail freshclam[22090]: Wed Mar  4 22:31:22 2020 -> ClamAV update process started at Wed Mar  4 22:31:22 2020
Mar  4 22:31:22 mail freshclam[22090]: Wed Mar  4 22:31:22 2020 -> ^Your ClamAV installation is OUTDATED!
Mar  4 22:31:22 mail freshclam[22090]: Wed Mar  4 22:31:22 2020 -> ^Local version: 0.100.2 Recommended version: 0.102.2
Mar  4 22:31:22 mail freshclam[22090]: Wed Mar  4 22:31:22 2020 -> DON'T PANIC! Read https://www.clamav.net/documents/upgrading-clamav
Mar  4 22:31:22 mail freshclam[22090]: Wed Mar  4 22:31:22 2020 -> main.cvd is up to date (version: 59, sigs: 4564902, f-level: 60, builder: sigmgr)
Mar  4 22:31:22 mail freshclam[22090]: Wed Mar  4 22:31:22 2020 -> daily.cld is up to date (version: 25741, sigs: 2206366, f-level: 63, builder: raynman)
Mar  4 22:31:22 mail freshclam[22090]: Wed Mar  4 22:31:22 2020 -> bytecode.cvd is up to date (version: 331, sigs: 94, f-level: 63, builder: anvilleg)
Mar  4 22:39:03 mail systemd[1]: Starting Clean php session files...
Mar  4 22:39:03 mail systemd[1]: Started Clean php session files.
Mar  4 23:09:03 mail systemd[1]: Starting Clean php session files...
Mar  4 23:09:03 mail systemd[1]: Started Clean php session files.
Mar  4 23:31:22 mail freshclam[22090]: Wed Mar  4 23:31:22 2020 -> Received signal: wake up
Mar  4 23:31:22 mail freshclam[22090]: Wed Mar  4 23:31:22 2020 -> ClamAV update process started at Wed Mar  4 23:31:22 2020
Mar  4 23:31:22 mail freshclam[22090]: Wed Mar  4 23:31:22 2020 -> ^Your ClamAV installation is OUTDATED!
Mar  4 23:31:22 mail freshclam[22090]: Wed Mar  4 23:31:22 2020 -> ^Local version: 0.100.2 Recommended version: 0.102.2
Mar  4 23:31:22 mail freshclam[22090]: Wed Mar  4 23:31:22 2020 -> DON'T PANIC! Read https://www.clamav.net/documents/upgrading-clamav
Mar  4 23:31:22 mail freshclam[22090]: Wed Mar  4 23:31:22 2020 -> main.cvd is up to date (version: 59, sigs: 4564902, f-level: 60, builder: sigmgr)
Mar  4 23:31:22 mail freshclam[22090]: Wed Mar  4 23:31:22 2020 -> daily.cld is up to date (version: 25741, sigs: 2206366, f-level: 63, builder: raynman)
Mar  4 23:31:22 mail freshclam[22090]: Wed Mar  4 23:31:22 2020 -> bytecode.cvd is up to date (version: 331, sigs: 94, f-level: 63, builder: anvilleg)
Mar  4 23:39:03 mail systemd[1]: Starting Clean php session files...
Mar  4 23:39:03 mail systemd[1]: Started Clean php session files.
